Subgraph 5: prefill_8 (Total Nodes: 1588, Including Nested: 2155, STABLEHLO_COMPOSITE: 27)
  [0000] RESHAPE
  [0001] EMBEDDING_LOOKUP
  [0002] RESHAPE
  [0003] CAST
  [0004] RESHAPE
  [0005] MUL
  [0006] COS
  [0007] SIN
  [0008] LESS
  [0009] ADD
  [0010] SELECT
  [0011] RESHAPE
  [0012] CAST
  [0013] GREATER_EQUAL
  [0014] LESS_EQUAL
  [0015] LOGICAL_AND
  [0016] REDUCE_ALL
  [0017] GATHER_ND
  [0018] RESHAPE
  [0019] RESHAPE
  [0020] SELECT_V2
  [0021] MUL
  [0022] SUM
  [0023] MUL
  [0024] ADD
  [0025] RESHAPE
  [0026] RSQRT
  [0027] MUL
  [0028] MUL
  [0029] FULLY_CONNECTED
  [0030] RESHAPE
  [0031] SLICE
  [0032] SLICE
  [0033] SLICE
  [0034] RESHAPE
  [0035] TRANSPOSE
  [0036] SLICE
  [0037] SLICE
  [0038] MUL
  [0039] MUL
  [0040] SUB
  [0041] MUL
  [0042] MUL
  [0043] ADD
  [0044] CONCATENATION
  [0045] TRANSPOSE
  [0046] TRANSPOSE
  [0047] SLICE
  [0048] SLICE
  [0049] MUL
  [0050] MUL
  [0051] SUB
  [0052] MUL
  [0053] MUL
  [0054] ADD
  [0055] CONCATENATION
  [0056] TRANSPOSE
  [0057] SLICE
  [0058] RESHAPE
  [0059] PACK
  [0060] DYNAMIC_UPDATE_SLICE
  [0061] DYNAMIC_UPDATE_SLICE
  [0062] STABLEHLO_COMPOSITE  (→ Subgraph 154: odml.scaled_dot_product_attention.impl_147)
   --------------------------------
    Subgraph 154: odml.scaled_dot_product_attention.impl_147 (Total Nodes: 21, Including Nested: 21, STABLEHLO_COMPOSITE: 0)
      [0000] TRANSPOSE
      [0001] TRANSPOSE
      [0002] RESHAPE
      [0003] BROADCAST_TO
      [0004] RESHAPE
      [0005] RESHAPE
      [0006] BROADCAST_TO
      [0007] MUL
      [0008] TRANSPOSE
      [0009] MUL
      [0010] TRANSPOSE
      [0011] RESHAPE
      [0012] RESHAPE
      [0013] BATCH_MATMUL
      [0014] ADD
      [0015] SOFTMAX
      [0016] RESHAPE
      [0017] RESHAPE
      [0018] BATCH_MATMUL
      [0019] RESHAPE
      [0020] TRANSPOSE
   --------------------------------
  [0063] RESHAPE
  [0064] FULLY_CONNECTED
  [0065] ADD
  [0066] MUL
  [0067] SUM
  [0068] MUL
  [0069] ADD
  [0070] RESHAPE
  [0071] RSQRT
  [0072] MUL
  [0073] MUL
  [0074] FULLY_CONNECTED
  [0075] LOGISTIC
  [0076] MUL
  [0077] FULLY_CONNECTED
  [0078] MUL
  [0079] FULLY_CONNECTED
  [0080] ADD
  [0081] MUL
  [0082] SUM
  [0083] MUL
  [0084] ADD
  [0085] RESHAPE
  [0086] RSQRT
  [0087] MUL
  [0088] MUL
  [0089] FULLY_CONNECTED
  [0090] RESHAPE
  [0091] SLICE
  [0092] SLICE
  [0093] SLICE
  [0094] RESHAPE
  [0095] TRANSPOSE
  [0096] SLICE
  [0097] SLICE
  [0098] MUL
  [0099] MUL
  [0100] SUB
  [0101] MUL
  [0102] MUL
  [0103] ADD
  [0104] CONCATENATION
  [0105] TRANSPOSE
  [0106] TRANSPOSE
  [0107] SLICE
  [0108] SLICE
  [0109] MUL
  [0110] MUL
  [0111] SUB
  [0112] MUL
  [0113] MUL
  [0114] ADD
  [0115] CONCATENATION
  [0116] TRANSPOSE
  [0117] DYNAMIC_UPDATE_SLICE
  [0118] DYNAMIC_UPDATE_SLICE
  [0119] STABLEHLO_COMPOSITE  (→ Subgraph 156: odml.scaled_dot_product_attention.impl_149)
   --------------------------------
    Subgraph 156: odml.scaled_dot_product_attention.impl_149 (Total Nodes: 21, Including Nested: 21, STABLEHLO_COMPOSITE: 0)
      [0000] TRANSPOSE
      [0001] TRANSPOSE
      [0002] RESHAPE
      [0003] BROADCAST_TO
      [0004] RESHAPE
      [0005] RESHAPE
      [0006] BROADCAST_TO
      [0007] MUL
      [0008] TRANSPOSE
      [0009] MUL
      [0010] TRANSPOSE
      [0011] RESHAPE
      [0012] RESHAPE
      [0013] BATCH_MATMUL
      [0014] ADD
      [0015] SOFTMAX
      [0016] RESHAPE
      [0017] RESHAPE
      [0018] BATCH_MATMUL
      [0019] RESHAPE
      [0020] TRANSPOSE
   --------------------------------
  [0120] RESHAPE
  [0121] FULLY_CONNECTED
  [0122] ADD
  [0123] MUL
  [0124] SUM
  [0125] MUL
  [0126] ADD
  [0127] RESHAPE
  [0128] RSQRT
  [0129] MUL
  [0130] MUL
  [0131] FULLY_CONNECTED
  [0132] LOGISTIC
  [0133] MUL
  [0134] FULLY_CONNECTED
  [0135] MUL
  [0136] FULLY_CONNECTED
  [0137] ADD
  [0138] MUL
  [0139] SUM
  [0140] MUL
  [0141] ADD
  [0142] RESHAPE
  [0143] RSQRT
  [0144] MUL
  [0145] MUL
  [0146] FULLY_CONNECTED
  [0147] RESHAPE
  [0148] SLICE
  [0149] SLICE
  [0150] SLICE
  [0151] RESHAPE
  [0152] TRANSPOSE
  [0153] SLICE
  [0154] SLICE
  [0155] MUL
  [0156] MUL
  [0157] SUB
  [0158] MUL
  [0159] MUL
  [0160] ADD
  [0161] CONCATENATION
  [0162] TRANSPOSE
  [0163] TRANSPOSE
  [0164] SLICE
  [0165] SLICE
  [0166] MUL
  [0167] MUL
  [0168] SUB
  [0169] MUL
  [0170] MUL
  [0171] ADD
  [0172] CONCATENATION
  [0173] TRANSPOSE
  [0174] DYNAMIC_UPDATE_SLICE
  [0175] DYNAMIC_UPDATE_SLICE
  [0176] STABLEHLO_COMPOSITE  (→ Subgraph 162: odml.scaled_dot_product_attention.impl_155)
   --------------------------------
    Subgraph 162: odml.scaled_dot_product_attention.impl_155 (Total Nodes: 21, Including Nested: 21, STABLEHLO_COMPOSITE: 0)
      [0000] TRANSPOSE
      [0001] TRANSPOSE
      [0002] RESHAPE
      [0003] BROADCAST_TO
      [0004] RESHAPE
      [0005] RESHAPE
      [0006] BROADCAST_TO
      [0007] MUL
      [0008] TRANSPOSE
      [0009] MUL
      [0010] TRANSPOSE
      [0011] RESHAPE
      [0012] RESHAPE
      [0013] BATCH_MATMUL
      [0014] ADD
      [0015] SOFTMAX
      [0016] RESHAPE
      [0017] RESHAPE
      [0018] BATCH_MATMUL
      [0019] RESHAPE
      [0020] TRANSPOSE
   --------------------------------
  [0177] RESHAPE
  [0178] FULLY_CONNECTED
  [0179] ADD
  [0180] MUL
  [0181] SUM
  [0182] MUL
  [0183] ADD
  [0184] RESHAPE
  [0185] RSQRT
  [0186] MUL
  [0187] MUL
  [0188] FULLY_CONNECTED
  [0189] LOGISTIC
  [0190] MUL
  [0191] FULLY_CONNECTED
  [0192] MUL
  [0193] FULLY_CONNECTED
  [0194] ADD
  [0195] MUL
  [0196] SUM
  [0197] MUL
  [0198] ADD
  [0199] RESHAPE
  [0200] RSQRT
  [0201] MUL
  [0202] MUL
  [0203] FULLY_CONNECTED
  [0204] RESHAPE
  [0205] SLICE
  [0206] SLICE
  [0207] SLICE
  [0208] RESHAPE
  [0209] TRANSPOSE
  [0210] SLICE
  [0211] SLICE
  [0212] MUL
  [0213] MUL
  [0214] SUB
  [0215] MUL
  [0216] MUL
  [0217] ADD
  [0218] CONCATENATION
  [0219] TRANSPOSE
  [0220] TRANSPOSE
  [0221] SLICE
  [0222] SLICE
  [0223] MUL
  [0224] MUL
  [0225] SUB
  [0226] MUL
  [0227] MUL
  [0228] ADD
  [0229] CONCATENATION
  [0230] TRANSPOSE
  [0231] DYNAMIC_UPDATE_SLICE
  [0232] DYNAMIC_UPDATE_SLICE
  [0233] STABLEHLO_COMPOSITE  (→ Subgraph 163: odml.scaled_dot_product_attention.impl_156)
   --------------------------------
    Subgraph 163: odml.scaled_dot_product_attention.impl_156 (Total Nodes: 21, Including Nested: 21, STABLEHLO_COMPOSITE: 0)
      [0000] TRANSPOSE
      [0001] TRANSPOSE
      [0002] RESHAPE
      [0003] BROADCAST_TO
      [0004] RESHAPE
      [0005] RESHAPE
      [0006] BROADCAST_TO
      [0007] MUL
      [0008] TRANSPOSE
      [0009] MUL
      [0010] TRANSPOSE
      [0011] RESHAPE
      [0012] RESHAPE
      [0013] BATCH_MATMUL
      [0014] ADD
      [0015] SOFTMAX
      [0016] RESHAPE
      [0017] RESHAPE
      [0018] BATCH_MATMUL
      [0019] RESHAPE
      [0020] TRANSPOSE
   --------------------------------
  [0234] RESHAPE
  [0235] FULLY_CONNECTED
  [0236] ADD
  [0237] MUL
  [0238] SUM
  [0239] MUL
  [0240] ADD
  [0241] RESHAPE
  [0242] RSQRT
  [0243] MUL
  [0244] MUL
  [0245] FULLY_CONNECTED
  [0246] LOGISTIC
  [0247] MUL
  [0248] FULLY_CONNECTED
  [0249] MUL
  [0250] FULLY_CONNECTED
  [0251] ADD
  [0252] MUL
  [0253] SUM
  [0254] MUL
  [0255] ADD
  [0256] RESHAPE
  [0257] RSQRT
  [0258] MUL
  [0259] MUL
  [0260] FULLY_CONNECTED
  [0261] RESHAPE
  [0262] SLICE
  [0263] SLICE
  [0264] SLICE
  [0265] RESHAPE
  [0266] TRANSPOSE
  [0267] SLICE
  [0268] SLICE
  [0269] MUL
  [0270] MUL
  [0271] SUB
  [0272] MUL
  [0273] MUL
  [0274] ADD
  [0275] CONCATENATION
  [0276] TRANSPOSE
  [0277] TRANSPOSE
  [0278] SLICE
  [0279] SLICE
  [0280] MUL
  [0281] MUL
  [0282] SUB
  [0283] MUL
  [0284] MUL
  [0285] ADD
  [0286] CONCATENATION
  [0287] TRANSPOSE
  [0288] DYNAMIC_UPDATE_SLICE
  [0289] DYNAMIC_UPDATE_SLICE
  [0290] STABLEHLO_COMPOSITE  (→ Subgraph 164: odml.scaled_dot_product_attention.impl_157)
   --------------------------------
    Subgraph 164: odml.scaled_dot_product_attention.impl_157 (Total Nodes: 21, Including Nested: 21, STABLEHLO_COMPOSITE: 0)
      [0000] TRANSPOSE
      [0001] TRANSPOSE
      [0002] RESHAPE
      [0003] BROADCAST_TO
      [0004] RESHAPE
      [0005] RESHAPE
      [0006] BROADCAST_TO
      [0007] MUL
      [0008] TRANSPOSE
      [0009] MUL
      [0010] TRANSPOSE
      [0011] RESHAPE
      [0012] RESHAPE
      [0013] BATCH_MATMUL
      [0014] ADD
      [0015] SOFTMAX
      [0016] RESHAPE
      [0017] RESHAPE
      [0018] BATCH_MATMUL
      [0019] RESHAPE
      [0020] TRANSPOSE
   --------------------------------
  [0291] RESHAPE
  [0292] FULLY_CONNECTED
  [0293] ADD
  [0294] MUL
  [0295] SUM
  [0296] MUL
  [0297] ADD
  [0298] RESHAPE
  [0299] RSQRT
  [0300] MUL
  [0301] MUL
  [0302] FULLY_CONNECTED
  [0303] LOGISTIC
  [0304] MUL
  [0305] FULLY_CONNECTED
  [0306] MUL
  [0307] FULLY_CONNECTED
  [0308] ADD
  [0309] MUL
  [0310] SUM
  [0311] MUL
  [0312] ADD
  [0313] RESHAPE
  [0314] RSQRT
  [0315] MUL
  [0316] MUL
  [0317] FULLY_CONNECTED
  [0318] RESHAPE
  [0319] SLICE
  [0320] SLICE
  [0321] SLICE
  [0322] RESHAPE
  [0323] TRANSPOSE
  [0324] SLICE
  [0325] SLICE
  [0326] MUL
  [0327] MUL
  [0328] SUB
  [0329] MUL
  [0330] MUL
  [0331] ADD
  [0332] CONCATENATION
  [0333] TRANSPOSE
  [0334] TRANSPOSE
  [0335] SLICE
  [0336] SLICE
  [0337] MUL
  [0338] MUL
  [0339] SUB
  [0340] MUL
  [0341] MUL
  [0342] ADD
  [0343] CONCATENATION
  [0344] TRANSPOSE
  [0345] DYNAMIC_UPDATE_SLICE
  [0346] DYNAMIC_UPDATE_SLICE
  [0347] STABLEHLO_COMPOSITE  (→ Subgraph 165: odml.scaled_dot_product_attention.impl_158)
   --------------------------------
    Subgraph 165: odml.scaled_dot_product_attention.impl_158 (Total Nodes: 21, Including Nested: 21, STABLEHLO_COMPOSITE: 0)
      [0000] TRANSPOSE
      [0001] TRANSPOSE
      [0002] RESHAPE
      [0003] BROADCAST_TO
      [0004] RESHAPE
      [0005] RESHAPE
      [0006] BROADCAST_TO
      [0007] MUL
      [0008] TRANSPOSE
      [0009] MUL
      [0010] TRANSPOSE
      [0011] RESHAPE
      [0012] RESHAPE
      [0013] BATCH_MATMUL
      [0014] ADD
      [0015] SOFTMAX
      [0016] RESHAPE
      [0017] RESHAPE
      [0018] BATCH_MATMUL
      [0019] RESHAPE
      [0020] TRANSPOSE
   --------------------------------
  [0348] RESHAPE
  [0349] FULLY_CONNECTED
  [0350] ADD
  [0351] MUL
  [0352] SUM
  [0353] MUL
  [0354] ADD
  [0355] RESHAPE
  [0356] RSQRT
  [0357] MUL
  [0358] MUL
  [0359] FULLY_CONNECTED
  [0360] LOGISTIC
  [0361] MUL
  [0362] FULLY_CONNECTED
  [0363] MUL
  [0364] FULLY_CONNECTED
  [0365] ADD
  [0366] MUL
  [0367] SUM
  [0368] MUL
  [0369] ADD
  [0370] RESHAPE
  [0371] RSQRT
  [0372] MUL
  [0373] MUL
  [0374] FULLY_CONNECTED
  [0375] RESHAPE
  [0376] SLICE
  [0377] SLICE
  [0378] SLICE
  [0379] RESHAPE
  [0380] TRANSPOSE
  [0381] SLICE
  [0382] SLICE
  [0383] MUL
  [0384] MUL
  [0385] SUB
  [0386] MUL
  [0387] MUL
  [0388] ADD
  [0389] CONCATENATION
  [0390] TRANSPOSE
  [0391] TRANSPOSE
  [0392] SLICE
  [0393] SLICE
  [0394] MUL
  [0395] MUL
  [0396] SUB
  [0397] MUL
  [0398] MUL
  [0399] ADD
  [0400] CONCATENATION
  [0401] TRANSPOSE
  [0402] DYNAMIC_UPDATE_SLICE
  [0403] DYNAMIC_UPDATE_SLICE
  [0404] STABLEHLO_COMPOSITE  (→ Subgraph 157: odml.scaled_dot_product_attention.impl_150)
   --------------------------------
    Subgraph 157: odml.scaled_dot_product_attention.impl_150 (Total Nodes: 21, Including Nested: 21, STABLEHLO_COMPOSITE: 0)
      [0000] TRANSPOSE
      [0001] TRANSPOSE
      [0002] RESHAPE
      [0003] BROADCAST_TO
      [0004] RESHAPE
      [0005] RESHAPE
      [0006] BROADCAST_TO
      [0007] MUL
      [0008] TRANSPOSE
      [0009] MUL
      [0010] TRANSPOSE
      [0011] RESHAPE
      [0012] RESHAPE
      [0013] BATCH_MATMUL
      [0014] ADD
      [0015] SOFTMAX
      [0016] RESHAPE
      [0017] RESHAPE
      [0018] BATCH_MATMUL
      [0019] RESHAPE
      [0020] TRANSPOSE
   --------------------------------
  [0405] RESHAPE
  [0406] FULLY_CONNECTED
  [0407] ADD
  [0408] MUL
  [0409] SUM
  [0410] MUL
  [0411] ADD
  [0412] RESHAPE
  [0413] RSQRT
  [0414] MUL
  [0415] MUL
  [0416] FULLY_CONNECTED
  [0417] LOGISTIC
  [0418] MUL
  [0419] FULLY_CONNECTED
  [0420] MUL
  [0421] FULLY_CONNECTED
  [0422] ADD
  [0423] MUL
  [0424] SUM
  [0425] MUL
  [0426] ADD
  [0427] RESHAPE
  [0428] RSQRT
  [0429] MUL
  [0430] MUL
  [0431] FULLY_CONNECTED
  [0432] RESHAPE
  [0433] SLICE
  [0434] SLICE
  [0435] SLICE
  [0436] RESHAPE
  [0437] TRANSPOSE
  [0438] SLICE
  [0439] SLICE
  [0440] MUL
  [0441] MUL
  [0442] SUB
  [0443] MUL
  [0444] MUL
  [0445] ADD
  [0446] CONCATENATION
  [0447] TRANSPOSE
  [0448] TRANSPOSE
  [0449] SLICE
  [0450] SLICE
  [0451] MUL
  [0452] MUL
  [0453] SUB
  [0454] MUL
  [0455] MUL
  [0456] ADD
  [0457] CONCATENATION
  [0458] TRANSPOSE
  [0459] DYNAMIC_UPDATE_SLICE
  [0460] DYNAMIC_UPDATE_SLICE
  [0461] STABLEHLO_COMPOSITE  (→ Subgraph 159: odml.scaled_dot_product_attention.impl_152)
   --------------------------------
    Subgraph 159: odml.scaled_dot_product_attention.impl_152 (Total Nodes: 21, Including Nested: 21, STABLEHLO_COMPOSITE: 0)
      [0000] TRANSPOSE
      [0001] TRANSPOSE
      [0002] RESHAPE
      [0003] BROADCAST_TO
      [0004] RESHAPE
      [0005] RESHAPE
      [0006] BROADCAST_TO
      [0007] MUL
      [0008] TRANSPOSE
      [0009] MUL
      [0010] TRANSPOSE
      [0011] RESHAPE
      [0012] RESHAPE
      [0013] BATCH_MATMUL
      [0014] ADD
      [0015] SOFTMAX
      [0016] RESHAPE
      [0017] RESHAPE
      [0018] BATCH_MATMUL
      [0019] RESHAPE
      [0020] TRANSPOSE
   --------------------------------
  [0462] RESHAPE
  [0463] FULLY_CONNECTED
  [0464] ADD
  [0465] MUL
  [0466] SUM
  [0467] MUL
  [0468] ADD
  [0469] RESHAPE
  [0470] RSQRT
  [0471] MUL
  [0472] MUL
  [0473] FULLY_CONNECTED
  [0474] LOGISTIC
  [0475] MUL
  [0476] FULLY_CONNECTED
  [0477] MUL
  [0478] FULLY_CONNECTED
  [0479] ADD
  [0480] MUL
  [0481] SUM
  [0482] MUL
  [0483] ADD
  [0484] RESHAPE
  [0485] RSQRT
  [0486] MUL
  [0487] MUL
  [0488] FULLY_CONNECTED
  [0489] RESHAPE
  [0490] SLICE
  [0491] SLICE
  [0492] SLICE
  [0493] RESHAPE
  [0494] TRANSPOSE
  [0495] SLICE
  [0496] SLICE
  [0497] MUL
  [0498] MUL
  [0499] SUB
  [0500] MUL
  [0501] MUL
  [0502] ADD
  [0503] CONCATENATION
  [0504] TRANSPOSE
  [0505] TRANSPOSE
  [0506] SLICE
  [0507] SLICE
  [0508] MUL
  [0509] MUL
  [0510] SUB
  [0511] MUL
  [0512] MUL
  [0513] ADD
  [0514] CONCATENATION
  [0515] TRANSPOSE
  [0516] DYNAMIC_UPDATE_SLICE
  [0517] DYNAMIC_UPDATE_SLICE
  [0518] STABLEHLO_COMPOSITE  (→ Subgraph 167: odml.scaled_dot_product_attention.impl_160)
   --------------------------------
    Subgraph 167: odml.scaled_dot_product_attention.impl_160 (Total Nodes: 21, Including Nested: 21, STABLEHLO_COMPOSITE: 0)
      [0000] TRANSPOSE
      [0001] TRANSPOSE
      [0002] RESHAPE
      [0003] BROADCAST_TO
      [0004] RESHAPE
      [0005] RESHAPE
      [0006] BROADCAST_TO
      [0007] MUL
      [0008] TRANSPOSE
      [0009] MUL
      [0010] TRANSPOSE
      [0011] RESHAPE
      [0012] RESHAPE
      [0013] BATCH_MATMUL
      [0014] ADD
      [0015] SOFTMAX
      [0016] RESHAPE
      [0017] RESHAPE
      [0018] BATCH_MATMUL
      [0019] RESHAPE
      [0020] TRANSPOSE
   --------------------------------
  [0519] RESHAPE
  [0520] FULLY_CONNECTED
  [0521] ADD
  [0522] MUL
  [0523] SUM
  [0524] MUL
  [0525] ADD
  [0526] RESHAPE
  [0527] RSQRT
  [0528] MUL
  [0529] MUL
  [0530] FULLY_CONNECTED
  [0531] LOGISTIC
  [0532] MUL
  [0533] FULLY_CONNECTED
  [0534] MUL
  [0535] FULLY_CONNECTED
  [0536] ADD
  [0537] MUL
  [0538] SUM
  [0539] MUL
  [0540] ADD
  [0541] RESHAPE
  [0542] RSQRT
  [0543] MUL
  [0544] MUL
  [0545] FULLY_CONNECTED
  [0546] RESHAPE
  [0547] SLICE
  [0548] SLICE
  [0549] SLICE
  [0550] RESHAPE
  [0551] TRANSPOSE
  [0552] SLICE
  [0553] SLICE
  [0554] MUL
  [0555] MUL
  [0556] SUB
  [0557] MUL
  [0558] MUL
  [0559] ADD
  [0560] CONCATENATION
  [0561] TRANSPOSE
  [0562] TRANSPOSE
  [0563] SLICE
  [0564] SLICE
  [0565] MUL
  [0566] MUL
  [0567] SUB
  [0568] MUL
  [0569] MUL
  [0570] ADD
  [0571] CONCATENATION
  [0572] TRANSPOSE
  [0573] DYNAMIC_UPDATE_SLICE
  [0574] DYNAMIC_UPDATE_SLICE
  [0575] STABLEHLO_COMPOSITE  (→ Subgraph 168: odml.scaled_dot_product_attention.impl_161)
   --------------------------------
    Subgraph 168: odml.scaled_dot_product_attention.impl_161 (Total Nodes: 21, Including Nested: 21, STABLEHLO_COMPOSITE: 0)
      [0000] TRANSPOSE
      [0001] TRANSPOSE
      [0002] RESHAPE
      [0003] BROADCAST_TO
      [0004] RESHAPE
      [0005] RESHAPE
      [0006] BROADCAST_TO
      [0007] MUL
      [0008] TRANSPOSE
      [0009] MUL
      [0010] TRANSPOSE
      [0011] RESHAPE
      [0012] RESHAPE
      [0013] BATCH_MATMUL
      [0014] ADD
      [0015] SOFTMAX
      [0016] RESHAPE
      [0017] RESHAPE
      [0018] BATCH_MATMUL
      [0019] RESHAPE
      [0020] TRANSPOSE
   --------------------------------
  [0576] RESHAPE
  [0577] FULLY_CONNECTED
  [0578] ADD
  [0579] MUL
  [0580] SUM
  [0581] MUL
  [0582] ADD
  [0583] RESHAPE
  [0584] RSQRT
  [0585] MUL
  [0586] MUL
  [0587] FULLY_CONNECTED
  [0588] LOGISTIC
  [0589] MUL
  [0590] FULLY_CONNECTED
  [0591] MUL
  [0592] FULLY_CONNECTED
  [0593] ADD
  [0594] MUL
  [0595] SUM
  [0596] MUL
  [0597] ADD
  [0598] RESHAPE
  [0599] RSQRT
  [0600] MUL
  [0601] MUL
  [0602] FULLY_CONNECTED
  [0603] RESHAPE
  [0604] SLICE
  [0605] SLICE
  [0606] SLICE
  [0607] RESHAPE
  [0608] TRANSPOSE
  [0609] SLICE
  [0610] SLICE
  [0611] MUL
  [0612] MUL
  [0613] SUB
  [0614] MUL
  [0615] MUL
  [0616] ADD
  [0617] CONCATENATION
  [0618] TRANSPOSE
  [0619] TRANSPOSE
  [0620] SLICE
  [0621] SLICE
  [0622] MUL
  [0623] MUL
  [0624] SUB
  [0625] MUL
  [0626] MUL
  [0627] ADD
  [0628] CONCATENATION
  [0629] TRANSPOSE
  [0630] DYNAMIC_UPDATE_SLICE
  [0631] DYNAMIC_UPDATE_SLICE
  [0632] STABLEHLO_COMPOSITE  (→ Subgraph 153: odml.scaled_dot_product_attention.impl_146)
   --------------------------------
    Subgraph 153: odml.scaled_dot_product_attention.impl_146 (Total Nodes: 21, Including Nested: 21, STABLEHLO_COMPOSITE: 0)
      [0000] TRANSPOSE
      [0001] TRANSPOSE
      [0002] RESHAPE
      [0003] BROADCAST_TO
      [0004] RESHAPE
      [0005] RESHAPE
      [0006] BROADCAST_TO
      [0007] MUL
      [0008] TRANSPOSE
      [0009] MUL
      [0010] TRANSPOSE
      [0011] RESHAPE
      [0012] RESHAPE
      [0013] BATCH_MATMUL
      [0014] ADD
      [0015] SOFTMAX
      [0016] RESHAPE
      [0017] RESHAPE
      [0018] BATCH_MATMUL
      [0019] RESHAPE
      [0020] TRANSPOSE
   --------------------------------
  [0633] RESHAPE
  [0634] FULLY_CONNECTED
  [0635] ADD
  [0636] MUL
  [0637] SUM
  [0638] MUL
  [0639] ADD
  [0640] RESHAPE
  [0641] RSQRT
  [0642] MUL
  [0643] MUL
  [0644] FULLY_CONNECTED
  [0645] LOGISTIC
  [0646] MUL
  [0647] FULLY_CONNECTED
  [0648] MUL
  [0649] FULLY_CONNECTED
  [0650] ADD
  [0651] MUL
  [0652] SUM
  [0653] MUL
  [0654] ADD
  [0655] RESHAPE
  [0656] RSQRT
  [0657] MUL
  [0658] MUL
  [0659] FULLY_CONNECTED
  [0660] RESHAPE
  [0661] SLICE
  [0662] SLICE
  [0663] SLICE
  [0664] RESHAPE
  [0665] TRANSPOSE
  [0666] SLICE
  [0667] SLICE
  [0668] MUL
  [0669] MUL
  [0670] SUB
  [0671] MUL
  [0672] MUL
  [0673] ADD
  [0674] CONCATENATION
  [0675] TRANSPOSE
  [0676] TRANSPOSE
  [0677] SLICE
  [0678] SLICE
  [0679] MUL
  [0680] MUL
  [0681] SUB
  [0682] MUL
  [0683] MUL
  [0684] ADD
  [0685] CONCATENATION
  [0686] TRANSPOSE
  [0687] DYNAMIC_UPDATE_SLICE
  [0688] DYNAMIC_UPDATE_SLICE
  [0689] STABLEHLO_COMPOSITE  (→ Subgraph 161: odml.scaled_dot_product_attention.impl_154)
   --------------------------------
    Subgraph 161: odml.scaled_dot_product_attention.impl_154 (Total Nodes: 21, Including Nested: 21, STABLEHLO_COMPOSITE: 0)
      [0000] TRANSPOSE
      [0001] TRANSPOSE
      [0002] RESHAPE
      [0003] BROADCAST_TO
      [0004] RESHAPE
      [0005] RESHAPE
      [0006] BROADCAST_TO
      [0007] MUL
      [0008] TRANSPOSE
      [0009] MUL
      [0010] TRANSPOSE
      [0011] RESHAPE
      [0012] RESHAPE
      [0013] BATCH_MATMUL
      [0014] ADD
      [0015] SOFTMAX
      [0016] RESHAPE
      [0017] RESHAPE
      [0018] BATCH_MATMUL
      [0019] RESHAPE
      [0020] TRANSPOSE
   --------------------------------
  [0690] RESHAPE
  [0691] FULLY_CONNECTED
  [0692] ADD
  [0693] MUL
  [0694] SUM
  [0695] MUL
  [0696] ADD
  [0697] RESHAPE
  [0698] RSQRT
  [0699] MUL
  [0700] MUL
  [0701] FULLY_CONNECTED
  [0702] LOGISTIC
  [0703] MUL
  [0704] FULLY_CONNECTED
  [0705] MUL
  [0706] FULLY_CONNECTED
  [0707] ADD
  [0708] MUL
  [0709] SUM
  [0710] MUL
  [0711] ADD
  [0712] RESHAPE
  [0713] RSQRT
  [0714] MUL
  [0715] MUL
  [0716] FULLY_CONNECTED
  [0717] RESHAPE
  [0718] SLICE
  [0719] SLICE
  [0720] SLICE
  [0721] RESHAPE
  [0722] TRANSPOSE
  [0723] SLICE
  [0724] SLICE
  [0725] MUL
  [0726] MUL
  [0727] SUB
  [0728] MUL
  [0729] MUL
  [0730] ADD
  [0731] CONCATENATION
  [0732] TRANSPOSE
  [0733] TRANSPOSE
  [0734] SLICE
  [0735] SLICE
  [0736] MUL
  [0737] MUL
  [0738] SUB
  [0739] MUL
  [0740] MUL
  [0741] ADD
  [0742] CONCATENATION
  [0743] TRANSPOSE
  [0744] DYNAMIC_UPDATE_SLICE
  [0745] DYNAMIC_UPDATE_SLICE
  [0746] STABLEHLO_COMPOSITE  (→ Subgraph 152: odml.scaled_dot_product_attention.impl_145)
   --------------------------------
    Subgraph 152: odml.scaled_dot_product_attention.impl_145 (Total Nodes: 21, Including Nested: 21, STABLEHLO_COMPOSITE: 0)
      [0000] TRANSPOSE
      [0001] TRANSPOSE
      [0002] RESHAPE
      [0003] BROADCAST_TO
      [0004] RESHAPE
      [0005] RESHAPE
      [0006] BROADCAST_TO
      [0007] MUL
      [0008] TRANSPOSE
      [0009] MUL
      [0010] TRANSPOSE
      [0011] RESHAPE
      [0012] RESHAPE
      [0013] BATCH_MATMUL
      [0014] ADD
      [0015] SOFTMAX
      [0016] RESHAPE
      [0017] RESHAPE
      [0018] BATCH_MATMUL
      [0019] RESHAPE
      [0020] TRANSPOSE
   --------------------------------
  [0747] RESHAPE
  [0748] FULLY_CONNECTED
  [0749] ADD
  [0750] MUL
  [0751] SUM
  [0752] MUL
  [0753] ADD
  [0754] RESHAPE
  [0755] RSQRT
  [0756] MUL
  [0757] MUL
  [0758] FULLY_CONNECTED
  [0759] LOGISTIC
  [0760] MUL
  [0761] FULLY_CONNECTED
  [0762] MUL
  [0763] FULLY_CONNECTED
  [0764] ADD
  [0765] MUL
  [0766] SUM
  [0767] MUL
  [0768] ADD
  [0769] RESHAPE
  [0770] RSQRT
  [0771] MUL
  [0772] MUL
  [0773] FULLY_CONNECTED
  [0774] RESHAPE
  [0775] SLICE
  [0776] SLICE
  [0777] SLICE
  [0778] RESHAPE
  [0779] TRANSPOSE
  [0780] SLICE
  [0781] SLICE
  [0782] MUL
  [0783] MUL
  [0784] SUB
  [0785] MUL
  [0786] MUL
  [0787] ADD
  [0788] CONCATENATION
  [0789] TRANSPOSE
  [0790] TRANSPOSE
  [0791] SLICE
  [0792] SLICE
  [0793] MUL
  [0794] MUL
  [0795] SUB
  [0796] MUL
  [0797] MUL
  [0798] ADD
  [0799] CONCATENATION
  [0800] TRANSPOSE
  [0801] DYNAMIC_UPDATE_SLICE
  [0802] DYNAMIC_UPDATE_SLICE
  [0803] STABLEHLO_COMPOSITE  (→ Subgraph 149: odml.scaled_dot_product_attention.impl_142)
   --------------------------------
    Subgraph 149: odml.scaled_dot_product_attention.impl_142 (Total Nodes: 21, Including Nested: 21, STABLEHLO_COMPOSITE: 0)
      [0000] TRANSPOSE
      [0001] TRANSPOSE
      [0002] RESHAPE
      [0003] BROADCAST_TO
      [0004] RESHAPE
      [0005] RESHAPE
      [0006] BROADCAST_TO
      [0007] MUL
      [0008] TRANSPOSE
      [0009] MUL
      [0010] TRANSPOSE
      [0011] RESHAPE
      [0012] RESHAPE
      [0013] BATCH_MATMUL
      [0014] ADD
      [0015] SOFTMAX
      [0016] RESHAPE
      [0017] RESHAPE
      [0018] BATCH_MATMUL
      [0019] RESHAPE
      [0020] TRANSPOSE
   --------------------------------
  [0804] RESHAPE
  [0805] FULLY_CONNECTED
  [0806] ADD
  [0807] MUL
  [0808] SUM
  [0809] MUL
  [0810] ADD
  [0811] RESHAPE
  [0812] RSQRT
  [0813] MUL
  [0814] MUL
  [0815] FULLY_CONNECTED
  [0816] LOGISTIC
  [0817] MUL
  [0818] FULLY_CONNECTED
  [0819] MUL
  [0820] FULLY_CONNECTED
  [0821] ADD
  [0822] MUL
  [0823] SUM
  [0824] MUL
  [0825] ADD
  [0826] RESHAPE
  [0827] RSQRT
  [0828] MUL
  [0829] MUL
  [0830] FULLY_CONNECTED
  [0831] RESHAPE
  [0832] SLICE
  [0833] SLICE
  [0834] SLICE
  [0835] RESHAPE
  [0836] TRANSPOSE
  [0837] SLICE
  [0838] SLICE
  [0839] MUL
  [0840] MUL
  [0841] SUB
  [0842] MUL
  [0843] MUL
  [0844] ADD
  [0845] CONCATENATION
  [0846] TRANSPOSE
  [0847] TRANSPOSE
  [0848] SLICE
  [0849] SLICE
  [0850] MUL
  [0851] MUL
  [0852] SUB
  [0853] MUL
  [0854] MUL
  [0855] ADD
  [0856] CONCATENATION
  [0857] TRANSPOSE
  [0858] DYNAMIC_UPDATE_SLICE
  [0859] DYNAMIC_UPDATE_SLICE
  [0860] STABLEHLO_COMPOSITE  (→ Subgraph 151: odml.scaled_dot_product_attention.impl_144)
   --------------------------------
    Subgraph 151: odml.scaled_dot_product_attention.impl_144 (Total Nodes: 21, Including Nested: 21, STABLEHLO_COMPOSITE: 0)
      [0000] TRANSPOSE
      [0001] TRANSPOSE
      [0002] RESHAPE
      [0003] BROADCAST_TO
      [0004] RESHAPE
      [0005] RESHAPE
      [0006] BROADCAST_TO
      [0007] MUL
      [0008] TRANSPOSE
      [0009] MUL
      [0010] TRANSPOSE
      [0011] RESHAPE
      [0012] RESHAPE
      [0013] BATCH_MATMUL
      [0014] ADD
      [0015] SOFTMAX
      [0016] RESHAPE
      [0017] RESHAPE
      [0018] BATCH_MATMUL
      [0019] RESHAPE
      [0020] TRANSPOSE
   --------------------------------
  [0861] RESHAPE
  [0862] FULLY_CONNECTED
  [0863] ADD
  [0864] MUL
  [0865] SUM
  [0866] MUL
  [0867] ADD
  [0868] RESHAPE
  [0869] RSQRT
  [0870] MUL
  [0871] MUL
  [0872] FULLY_CONNECTED
  [0873] LOGISTIC
  [0874] MUL
  [0875] FULLY_CONNECTED
  [0876] MUL
  [0877] FULLY_CONNECTED
  [0878] ADD
  [0879] MUL
  [0880] SUM
  [0881] MUL
  [0882] ADD
  [0883] RESHAPE
  [0884] RSQRT
  [0885] MUL
  [0886] MUL
  [0887] FULLY_CONNECTED
  [0888] RESHAPE
  [0889] SLICE
  [0890] SLICE
  [0891] SLICE
  [0892] RESHAPE
  [0893] TRANSPOSE
  [0894] SLICE
  [0895] SLICE
  [0896] MUL
  [0897] MUL
  [0898] SUB
  [0899] MUL
  [0900] MUL
  [0901] ADD
  [0902] CONCATENATION
  [0903] TRANSPOSE
  [0904] TRANSPOSE
  [0905] SLICE
  [0906] SLICE
  [0907] MUL
  [0908] MUL
  [0909] SUB
  [0910] MUL
  [0911] MUL
  [0912] ADD
  [0913] CONCATENATION
  [0914] TRANSPOSE
  [0915] DYNAMIC_UPDATE_SLICE
  [0916] DYNAMIC_UPDATE_SLICE
  [0917] STABLEHLO_COMPOSITE  (→ Subgraph 158: odml.scaled_dot_product_attention.impl_151)
   --------------------------------
    Subgraph 158: odml.scaled_dot_product_attention.impl_151 (Total Nodes: 21, Including Nested: 21, STABLEHLO_COMPOSITE: 0)
      [0000] TRANSPOSE
      [0001] TRANSPOSE
      [0002] RESHAPE
      [0003] BROADCAST_TO
      [0004] RESHAPE
      [0005] RESHAPE
      [0006] BROADCAST_TO
      [0007] MUL
      [0008] TRANSPOSE
      [0009] MUL
      [0010] TRANSPOSE
      [0011] RESHAPE
      [0012] RESHAPE
      [0013] BATCH_MATMUL
      [0014] ADD
      [0015] SOFTMAX
      [0016] RESHAPE
      [0017] RESHAPE
      [0018] BATCH_MATMUL
      [0019] RESHAPE
      [0020] TRANSPOSE
   --------------------------------
  [0918] RESHAPE
  [0919] FULLY_CONNECTED
  [0920] ADD
  [0921] MUL
  [0922] SUM
  [0923] MUL
  [0924] ADD
  [0925] RESHAPE
  [0926] RSQRT
  [0927] MUL
  [0928] MUL
  [0929] FULLY_CONNECTED
  [0930] LOGISTIC
  [0931] MUL
  [0932] FULLY_CONNECTED
  [0933] MUL
  [0934] FULLY_CONNECTED
  [0935] ADD
  [0936] MUL
  [0937] SUM
  [0938] MUL
  [0939] ADD
  [0940] RESHAPE
  [0941] RSQRT
  [0942] MUL
  [0943] MUL
  [0944] FULLY_CONNECTED
  [0945] RESHAPE
  [0946] SLICE
  [0947] SLICE
  [0948] SLICE
  [0949] RESHAPE
  [0950] TRANSPOSE
  [0951] SLICE
  [0952] SLICE
  [0953] MUL
  [0954] MUL
  [0955] SUB
  [0956] MUL
  [0957] MUL
  [0958] ADD
  [0959] CONCATENATION
  [0960] TRANSPOSE
  [0961] TRANSPOSE
  [0962] SLICE
  [0963] SLICE
  [0964] MUL
  [0965] MUL
  [0966] SUB
  [0967] MUL
  [0968] MUL
  [0969] ADD
  [0970] CONCATENATION
  [0971] TRANSPOSE
  [0972] DYNAMIC_UPDATE_SLICE
  [0973] DYNAMIC_UPDATE_SLICE
  [0974] STABLEHLO_COMPOSITE  (→ Subgraph 148: odml.scaled_dot_product_attention.impl_141)
   --------------------------------
    Subgraph 148: odml.scaled_dot_product_attention.impl_141 (Total Nodes: 21, Including Nested: 21, STABLEHLO_COMPOSITE: 0)
      [0000] TRANSPOSE
      [0001] TRANSPOSE
      [0002] RESHAPE
      [0003] BROADCAST_TO
      [0004] RESHAPE
      [0005] RESHAPE
      [0006] BROADCAST_TO
      [0007] MUL
      [0008] TRANSPOSE
      [0009] MUL
      [0010] TRANSPOSE
      [0011] RESHAPE
      [0012] RESHAPE
      [0013] BATCH_MATMUL
      [0014] ADD
      [0015] SOFTMAX
      [0016] RESHAPE
      [0017] RESHAPE
      [0018] BATCH_MATMUL
      [0019] RESHAPE
      [0020] TRANSPOSE
   --------------------------------
  [0975] RESHAPE
  [0976] FULLY_CONNECTED
  [0977] ADD
  [0978] MUL
  [0979] SUM
  [0980] MUL
  [0981] ADD
  [0982] RESHAPE
  [0983] RSQRT
  [0984] MUL
  [0985] MUL
  [0986] FULLY_CONNECTED
  [0987] LOGISTIC
  [0988] MUL
  [0989] FULLY_CONNECTED
  [0990] MUL
  [0991] FULLY_CONNECTED
  [0992] ADD
  [0993] MUL
  [0994] SUM
  [0995] MUL
  [0996] ADD
  [0997] RESHAPE
  [0998] RSQRT
  [0999] MUL
  [1000] MUL
  [1001] FULLY_CONNECTED
  [1002] RESHAPE
  [1003] SLICE
  [1004] SLICE
  [1005] SLICE
  [1006] RESHAPE
  [1007] TRANSPOSE
  [1008] SLICE
  [1009] SLICE
  [1010] MUL
  [1011] MUL
  [1012] SUB
  [1013] MUL
  [1014] MUL
  [1015] ADD
  [1016] CONCATENATION
  [1017] TRANSPOSE
  [1018] TRANSPOSE
  [1019] SLICE
  [1020] SLICE
  [1021] MUL
  [1022] MUL
  [1023] SUB
  [1024] MUL
  [1025] MUL
  [1026] ADD
  [1027] CONCATENATION
  [1028] TRANSPOSE
  [1029] DYNAMIC_UPDATE_SLICE
  [1030] DYNAMIC_UPDATE_SLICE
  [1031] STABLEHLO_COMPOSITE  (→ Subgraph 147: odml.scaled_dot_product_attention.impl_140)
   --------------------------------
    Subgraph 147: odml.scaled_dot_product_attention.impl_140 (Total Nodes: 21, Including Nested: 21, STABLEHLO_COMPOSITE: 0)
      [0000] TRANSPOSE
      [0001] TRANSPOSE
      [0002] RESHAPE
      [0003] BROADCAST_TO
      [0004] RESHAPE
      [0005] RESHAPE
      [0006] BROADCAST_TO
      [0007] MUL
      [0008] TRANSPOSE
      [0009] MUL
      [0010] TRANSPOSE
      [0011] RESHAPE
      [0012] RESHAPE
      [0013] BATCH_MATMUL
      [0014] ADD
      [0015] SOFTMAX
      [0016] RESHAPE
      [0017] RESHAPE
      [0018] BATCH_MATMUL
      [0019] RESHAPE
      [0020] TRANSPOSE
   --------------------------------
  [1032] RESHAPE
  [1033] FULLY_CONNECTED
  [1034] ADD
  [1035] MUL
  [1036] SUM
  [1037] MUL
  [1038] ADD
  [1039] RESHAPE
  [1040] RSQRT
  [1041] MUL
  [1042] MUL
  [1043] FULLY_CONNECTED
  [1044] LOGISTIC
  [1045] MUL
  [1046] FULLY_CONNECTED
  [1047] MUL
  [1048] FULLY_CONNECTED
  [1049] ADD
  [1050] MUL
  [1051] SUM
  [1052] MUL
  [1053] ADD
  [1054] RESHAPE
  [1055] RSQRT
  [1056] MUL
  [1057] MUL
  [1058] FULLY_CONNECTED
  [1059] RESHAPE
  [1060] SLICE
  [1061] SLICE
  [1062] SLICE
  [1063] RESHAPE
  [1064] TRANSPOSE
  [1065] SLICE
  [1066] SLICE
  [1067] MUL
  [1068] MUL
  [1069] SUB
  [1070] MUL
  [1071] MUL
  [1072] ADD
  [1073] CONCATENATION
  [1074] TRANSPOSE
  [1075] TRANSPOSE
  [1076] SLICE
  [1077] SLICE
  [1078] MUL
  [1079] MUL
  [1080] SUB
  [1081] MUL
  [1082] MUL
  [1083] ADD
  [1084] CONCATENATION
  [1085] TRANSPOSE
  [1086] DYNAMIC_UPDATE_SLICE
  [1087] DYNAMIC_UPDATE_SLICE
  [1088] STABLEHLO_COMPOSITE  (→ Subgraph 155: odml.scaled_dot_product_attention.impl_148)
   --------------------------------
    Subgraph 155: odml.scaled_dot_product_attention.impl_148 (Total Nodes: 21, Including Nested: 21, STABLEHLO_COMPOSITE: 0)
      [0000] TRANSPOSE
      [0001] TRANSPOSE
      [0002] RESHAPE
      [0003] BROADCAST_TO
      [0004] RESHAPE
      [0005] RESHAPE
      [0006] BROADCAST_TO
      [0007] MUL
      [0008] TRANSPOSE
      [0009] MUL
      [0010] TRANSPOSE
      [0011] RESHAPE
      [0012] RESHAPE
      [0013] BATCH_MATMUL
      [0014] ADD
      [0015] SOFTMAX
      [0016] RESHAPE
      [0017] RESHAPE
      [0018] BATCH_MATMUL
      [0019] RESHAPE
      [0020] TRANSPOSE
   --------------------------------
  [1089] RESHAPE
  [1090] FULLY_CONNECTED
  [1091] ADD
  [1092] MUL
  [1093] SUM
  [1094] MUL
  [1095] ADD
  [1096] RESHAPE
  [1097] RSQRT
  [1098] MUL
  [1099] MUL
  [1100] FULLY_CONNECTED
  [1101] LOGISTIC
  [1102] MUL
  [1103] FULLY_CONNECTED
  [1104] MUL
  [1105] FULLY_CONNECTED
  [1106] ADD
  [1107] MUL
  [1108] SUM
  [1109] MUL
  [1110] ADD
  [1111] RESHAPE
  [1112] RSQRT
  [1113] MUL
  [1114] MUL
  [1115] FULLY_CONNECTED
  [1116] RESHAPE
  [1117] SLICE
  [1118] SLICE
  [1119] SLICE
  [1120] RESHAPE
  [1121] TRANSPOSE
  [1122] SLICE
  [1123] SLICE
  [1124] MUL
  [1125] MUL
  [1126] SUB
  [1127] MUL
  [1128] MUL
  [1129] ADD
  [1130] CONCATENATION
  [1131] TRANSPOSE
  [1132] TRANSPOSE
  [1133] SLICE
  [1134] SLICE
  [1135] MUL
  [1136] MUL
  [1137] SUB
  [1138] MUL
  [1139] MUL
  [1140] ADD
  [1141] CONCATENATION
  [1142] TRANSPOSE
  [1143] DYNAMIC_UPDATE_SLICE
  [1144] DYNAMIC_UPDATE_SLICE
  [1145] STABLEHLO_COMPOSITE  (→ Subgraph 150: odml.scaled_dot_product_attention.impl_143)
   --------------------------------
    Subgraph 150: odml.scaled_dot_product_attention.impl_143 (Total Nodes: 21, Including Nested: 21, STABLEHLO_COMPOSITE: 0)
      [0000] TRANSPOSE
      [0001] TRANSPOSE
      [0002] RESHAPE
      [0003] BROADCAST_TO
      [0004] RESHAPE
      [0005] RESHAPE
      [0006] BROADCAST_TO
      [0007] MUL
      [0008] TRANSPOSE
      [0009] MUL
      [0010] TRANSPOSE
      [0011] RESHAPE
      [0012] RESHAPE
      [0013] BATCH_MATMUL
      [0014] ADD
      [0015] SOFTMAX
      [0016] RESHAPE
      [0017] RESHAPE
      [0018] BATCH_MATMUL
      [0019] RESHAPE
      [0020] TRANSPOSE
   --------------------------------
  [1146] RESHAPE
  [1147] FULLY_CONNECTED
  [1148] ADD
  [1149] MUL
  [1150] SUM
  [1151] MUL
  [1152] ADD
  [1153] RESHAPE
  [1154] RSQRT
  [1155] MUL
  [1156] MUL
  [1157] FULLY_CONNECTED
  [1158] LOGISTIC
  [1159] MUL
  [1160] FULLY_CONNECTED
  [1161] MUL
  [1162] FULLY_CONNECTED
  [1163] ADD
  [1164] MUL
  [1165] SUM
  [1166] MUL
  [1167] ADD
  [1168] RESHAPE
  [1169] RSQRT
  [1170] MUL
  [1171] MUL
  [1172] FULLY_CONNECTED
  [1173] RESHAPE
  [1174] SLICE
  [1175] SLICE
  [1176] SLICE
  [1177] RESHAPE
  [1178] TRANSPOSE
  [1179] SLICE
  [1180] SLICE
  [1181] MUL
  [1182] MUL
  [1183] SUB
  [1184] MUL
  [1185] MUL
  [1186] ADD
  [1187] CONCATENATION
  [1188] TRANSPOSE
  [1189] TRANSPOSE
  [1190] SLICE
  [1191] SLICE
  [1192] MUL
  [1193] MUL
  [1194] SUB
  [1195] MUL
  [1196] MUL
  [1197] ADD
  [1198] CONCATENATION
  [1199] TRANSPOSE
  [1200] DYNAMIC_UPDATE_SLICE
  [1201] DYNAMIC_UPDATE_SLICE
  [1202] STABLEHLO_COMPOSITE  (→ Subgraph 160: odml.scaled_dot_product_attention.impl_153)
   --------------------------------
    Subgraph 160: odml.scaled_dot_product_attention.impl_153 (Total Nodes: 21, Including Nested: 21, STABLEHLO_COMPOSITE: 0)
      [0000] TRANSPOSE
      [0001] TRANSPOSE
      [0002] RESHAPE
      [0003] BROADCAST_TO
      [0004] RESHAPE
      [0005] RESHAPE
      [0006] BROADCAST_TO
      [0007] MUL
      [0008] TRANSPOSE
      [0009] MUL
      [0010] TRANSPOSE
      [0011] RESHAPE
      [0012] RESHAPE
      [0013] BATCH_MATMUL
      [0014] ADD
      [0015] SOFTMAX
      [0016] RESHAPE
      [0017] RESHAPE
      [0018] BATCH_MATMUL
      [0019] RESHAPE
      [0020] TRANSPOSE
   --------------------------------
  [1203] RESHAPE
  [1204] FULLY_CONNECTED
  [1205] ADD
  [1206] MUL
  [1207] SUM
  [1208] MUL
  [1209] ADD
  [1210] RESHAPE
  [1211] RSQRT
  [1212] MUL
  [1213] MUL
  [1214] FULLY_CONNECTED
  [1215] LOGISTIC
  [1216] MUL
  [1217] FULLY_CONNECTED
  [1218] MUL
  [1219] FULLY_CONNECTED
  [1220] ADD
  [1221] MUL
  [1222] SUM
  [1223] MUL
  [1224] ADD
  [1225] RESHAPE
  [1226] RSQRT
  [1227] MUL
  [1228] MUL
  [1229] FULLY_CONNECTED
  [1230] RESHAPE
  [1231] SLICE
  [1232] SLICE
  [1233] SLICE
  [1234] RESHAPE
  [1235] TRANSPOSE
  [1236] SLICE
  [1237] SLICE
  [1238] MUL
  [1239] MUL
  [1240] SUB
  [1241] MUL
  [1242] MUL
  [1243] ADD
  [1244] CONCATENATION
  [1245] TRANSPOSE
  [1246] TRANSPOSE
  [1247] SLICE
  [1248] SLICE
  [1249] MUL
  [1250] MUL
  [1251] SUB
  [1252] MUL
  [1253] MUL
  [1254] ADD
  [1255] CONCATENATION
  [1256] TRANSPOSE
  [1257] DYNAMIC_UPDATE_SLICE
  [1258] DYNAMIC_UPDATE_SLICE
  [1259] STABLEHLO_COMPOSITE  (→ Subgraph 166: odml.scaled_dot_product_attention.impl_159)
   --------------------------------
    Subgraph 166: odml.scaled_dot_product_attention.impl_159 (Total Nodes: 21, Including Nested: 21, STABLEHLO_COMPOSITE: 0)
      [0000] TRANSPOSE
      [0001] TRANSPOSE
      [0002] RESHAPE
      [0003] BROADCAST_TO
      [0004] RESHAPE
      [0005] RESHAPE
      [0006] BROADCAST_TO
      [0007] MUL
      [0008] TRANSPOSE
      [0009] MUL
      [0010] TRANSPOSE
      [0011] RESHAPE
      [0012] RESHAPE
      [0013] BATCH_MATMUL
      [0014] ADD
      [0015] SOFTMAX
      [0016] RESHAPE
      [0017] RESHAPE
      [0018] BATCH_MATMUL
      [0019] RESHAPE
      [0020] TRANSPOSE
   --------------------------------
  [1260] RESHAPE
  [1261] FULLY_CONNECTED
  [1262] ADD
  [1263] MUL
  [1264] SUM
  [1265] MUL
  [1266] ADD
  [1267] RESHAPE
  [1268] RSQRT
  [1269] MUL
  [1270] MUL
  [1271] FULLY_CONNECTED
  [1272] LOGISTIC
  [1273] MUL
  [1274] FULLY_CONNECTED
  [1275] MUL
  [1276] FULLY_CONNECTED
  [1277] ADD
  [1278] MUL
  [1279] SUM
  [1280] MUL
  [1281] ADD
  [1282] RESHAPE
  [1283] RSQRT
  [1284] MUL
  [1285] MUL
  [1286] FULLY_CONNECTED
  [1287] RESHAPE
  [1288] SLICE
  [1289] SLICE
  [1290] SLICE
  [1291] RESHAPE
  [1292] TRANSPOSE
  [1293] SLICE
  [1294] SLICE
  [1295] MUL
  [1296] MUL
  [1297] SUB
  [1298] MUL
  [1299] MUL
  [1300] ADD
  [1301] CONCATENATION
  [1302] TRANSPOSE
  [1303] TRANSPOSE
  [1304] SLICE
  [1305] SLICE
  [1306] MUL
  [1307] MUL
  [1308] SUB
  [1309] MUL
  [1310] MUL
  [1311] ADD
  [1312] CONCATENATION
  [1313] TRANSPOSE
  [1314] DYNAMIC_UPDATE_SLICE
  [1315] DYNAMIC_UPDATE_SLICE
  [1316] STABLEHLO_COMPOSITE  (→ Subgraph 146: odml.scaled_dot_product_attention.impl_139)
   --------------------------------
    Subgraph 146: odml.scaled_dot_product_attention.impl_139 (Total Nodes: 21, Including Nested: 21, STABLEHLO_COMPOSITE: 0)
      [0000] TRANSPOSE
      [0001] TRANSPOSE
      [0002] RESHAPE
      [0003] BROADCAST_TO
      [0004] RESHAPE
      [0005] RESHAPE
      [0006] BROADCAST_TO
      [0007] MUL
      [0008] TRANSPOSE
      [0009] MUL
      [0010] TRANSPOSE
      [0011] RESHAPE
      [0012] RESHAPE
      [0013] BATCH_MATMUL
      [0014] ADD
      [0015] SOFTMAX
      [0016] RESHAPE
      [0017] RESHAPE
      [0018] BATCH_MATMUL
      [0019] RESHAPE
      [0020] TRANSPOSE
   --------------------------------
  [1317] RESHAPE
  [1318] FULLY_CONNECTED
  [1319] ADD
  [1320] MUL
  [1321] SUM
  [1322] MUL
  [1323] ADD
  [1324] RESHAPE
  [1325] RSQRT
  [1326] MUL
  [1327] MUL
  [1328] FULLY_CONNECTED
  [1329] LOGISTIC
  [1330] MUL
  [1331] FULLY_CONNECTED
  [1332] MUL
  [1333] FULLY_CONNECTED
  [1334] ADD
  [1335] MUL
  [1336] SUM
  [1337] MUL
  [1338] ADD
  [1339] RESHAPE
  [1340] RSQRT
  [1341] MUL
  [1342] MUL
  [1343] FULLY_CONNECTED
  [1344] RESHAPE
  [1345] SLICE
  [1346] SLICE
  [1347] SLICE
  [1348] RESHAPE
  [1349] TRANSPOSE
  [1350] SLICE
  [1351] SLICE
  [1352] MUL
  [1353] MUL
  [1354] SUB
  [1355] MUL
  [1356] MUL
  [1357] ADD
  [1358] CONCATENATION
  [1359] TRANSPOSE
  [1360] TRANSPOSE
  [1361] SLICE
  [1362] SLICE
  [1363] MUL
  [1364] MUL
  [1365] SUB
  [1366] MUL
  [1367] MUL
  [1368] ADD
  [1369] CONCATENATION
  [1370] TRANSPOSE
  [1371] DYNAMIC_UPDATE_SLICE
  [1372] DYNAMIC_UPDATE_SLICE
  [1373] STABLEHLO_COMPOSITE  (→ Subgraph 145: odml.scaled_dot_product_attention.impl_138)
   --------------------------------
    Subgraph 145: odml.scaled_dot_product_attention.impl_138 (Total Nodes: 21, Including Nested: 21, STABLEHLO_COMPOSITE: 0)
      [0000] TRANSPOSE
      [0001] TRANSPOSE
      [0002] RESHAPE
      [0003] BROADCAST_TO
      [0004] RESHAPE
      [0005] RESHAPE
      [0006] BROADCAST_TO
      [0007] MUL
      [0008] TRANSPOSE
      [0009] MUL
      [0010] TRANSPOSE
      [0011] RESHAPE
      [0012] RESHAPE
      [0013] BATCH_MATMUL
      [0014] ADD
      [0015] SOFTMAX
      [0016] RESHAPE
      [0017] RESHAPE
      [0018] BATCH_MATMUL
      [0019] RESHAPE
      [0020] TRANSPOSE
   --------------------------------
  [1374] RESHAPE
  [1375] FULLY_CONNECTED
  [1376] ADD
  [1377] MUL
  [1378] SUM
  [1379] MUL
  [1380] ADD
  [1381] RESHAPE
  [1382] RSQRT
  [1383] MUL
  [1384] MUL
  [1385] FULLY_CONNECTED
  [1386] LOGISTIC
  [1387] MUL
  [1388] FULLY_CONNECTED
  [1389] MUL
  [1390] FULLY_CONNECTED
  [1391] ADD
  [1392] MUL
  [1393] SUM
  [1394] MUL
  [1395] ADD
  [1396] RESHAPE
  [1397] RSQRT
  [1398] MUL
  [1399] MUL
  [1400] FULLY_CONNECTED
  [1401] RESHAPE
  [1402] SLICE
  [1403] SLICE
  [1404] SLICE
  [1405] RESHAPE
  [1406] TRANSPOSE
  [1407] SLICE
  [1408] SLICE
  [1409] MUL
  [1410] MUL
  [1411] SUB
  [1412] MUL
  [1413] MUL
  [1414] ADD
  [1415] CONCATENATION
  [1416] TRANSPOSE
  [1417] TRANSPOSE
  [1418] SLICE
  [1419] SLICE
  [1420] MUL
  [1421] MUL
  [1422] SUB
  [1423] MUL
  [1424] MUL
  [1425] ADD
  [1426] CONCATENATION
  [1427] TRANSPOSE
  [1428] DYNAMIC_UPDATE_SLICE
  [1429] DYNAMIC_UPDATE_SLICE
  [1430] STABLEHLO_COMPOSITE  (→ Subgraph 144: odml.scaled_dot_product_attention.impl_137)
   --------------------------------
    Subgraph 144: odml.scaled_dot_product_attention.impl_137 (Total Nodes: 21, Including Nested: 21, STABLEHLO_COMPOSITE: 0)
      [0000] TRANSPOSE
      [0001] TRANSPOSE
      [0002] RESHAPE
      [0003] BROADCAST_TO
      [0004] RESHAPE
      [0005] RESHAPE
      [0006] BROADCAST_TO
      [0007] MUL
      [0008] TRANSPOSE
      [0009] MUL
      [0010] TRANSPOSE
      [0011] RESHAPE
      [0012] RESHAPE
      [0013] BATCH_MATMUL
      [0014] ADD
      [0015] SOFTMAX
      [0016] RESHAPE
      [0017] RESHAPE
      [0018] BATCH_MATMUL
      [0019] RESHAPE
      [0020] TRANSPOSE
   --------------------------------
  [1431] RESHAPE
  [1432] FULLY_CONNECTED
  [1433] ADD
  [1434] MUL
  [1435] SUM
  [1436] MUL
  [1437] ADD
  [1438] RESHAPE
  [1439] RSQRT
  [1440] MUL
  [1441] MUL
  [1442] FULLY_CONNECTED
  [1443] LOGISTIC
  [1444] MUL
  [1445] FULLY_CONNECTED
  [1446] MUL
  [1447] FULLY_CONNECTED
  [1448] ADD
  [1449] MUL
  [1450] SUM
  [1451] MUL
  [1452] ADD
  [1453] RESHAPE
  [1454] RSQRT
  [1455] MUL
  [1456] MUL
  [1457] FULLY_CONNECTED
  [1458] RESHAPE
  [1459] SLICE
  [1460] SLICE
  [1461] SLICE
  [1462] RESHAPE
  [1463] TRANSPOSE
  [1464] SLICE
  [1465] SLICE
  [1466] MUL
  [1467] MUL
  [1468] SUB
  [1469] MUL
  [1470] MUL
  [1471] ADD
  [1472] CONCATENATION
  [1473] TRANSPOSE
  [1474] TRANSPOSE
  [1475] SLICE
  [1476] SLICE
  [1477] MUL
  [1478] MUL
  [1479] SUB
  [1480] MUL
  [1481] MUL
  [1482] ADD
  [1483] CONCATENATION
  [1484] TRANSPOSE
  [1485] DYNAMIC_UPDATE_SLICE
  [1486] DYNAMIC_UPDATE_SLICE
  [1487] STABLEHLO_COMPOSITE  (→ Subgraph 143: odml.scaled_dot_product_attention.impl_136)
   --------------------------------
    Subgraph 143: odml.scaled_dot_product_attention.impl_136 (Total Nodes: 21, Including Nested: 21, STABLEHLO_COMPOSITE: 0)
      [0000] TRANSPOSE
      [0001] TRANSPOSE
      [0002] RESHAPE
      [0003] BROADCAST_TO
      [0004] RESHAPE
      [0005] RESHAPE
      [0006] BROADCAST_TO
      [0007] MUL
      [0008] TRANSPOSE
      [0009] MUL
      [0010] TRANSPOSE
      [0011] RESHAPE
      [0012] RESHAPE
      [0013] BATCH_MATMUL
      [0014] ADD
      [0015] SOFTMAX
      [0016] RESHAPE
      [0017] RESHAPE
      [0018] BATCH_MATMUL
      [0019] RESHAPE
      [0020] TRANSPOSE
   --------------------------------
  [1488] RESHAPE
  [1489] FULLY_CONNECTED
  [1490] ADD
  [1491] MUL
  [1492] SUM
  [1493] MUL
  [1494] ADD
  [1495] RESHAPE
  [1496] RSQRT
  [1497] MUL
  [1498] MUL
  [1499] FULLY_CONNECTED
  [1500] LOGISTIC
  [1501] MUL
  [1502] FULLY_CONNECTED
  [1503] MUL
  [1504] FULLY_CONNECTED
  [1505] ADD
  [1506] MUL
  [1507] SUM
  [1508] MUL
  [1509] ADD
  [1510] RESHAPE
  [1511] RSQRT
  [1512] MUL
  [1513] MUL
  [1514] FULLY_CONNECTED
  [1515] RESHAPE
  [1516] SLICE
  [1517] SLICE
  [1518] SLICE
  [1519] RESHAPE
  [1520] TRANSPOSE
  [1521] SLICE
  [1522] SLICE
  [1523] MUL
  [1524] MUL
  [1525] SUB
  [1526] MUL
  [1527] MUL
  [1528] ADD
  [1529] CONCATENATION
  [1530] TRANSPOSE
  [1531] TRANSPOSE
  [1532] SLICE
  [1533] SLICE
  [1534] MUL
  [1535] MUL
  [1536] SUB
  [1537] MUL
  [1538] MUL
  [1539] ADD
  [1540] CONCATENATION
  [1541] TRANSPOSE
  [1542] DYNAMIC_UPDATE_SLICE
  [1543] DYNAMIC_UPDATE_SLICE
  [1544] STABLEHLO_COMPOSITE  (→ Subgraph 142: odml.scaled_dot_product_attention.impl_135)
   --------------------------------
    Subgraph 142: odml.scaled_dot_product_attention.impl_135 (Total Nodes: 21, Including Nested: 21, STABLEHLO_COMPOSITE: 0)
      [0000] TRANSPOSE
      [0001] TRANSPOSE
      [0002] RESHAPE
      [0003] BROADCAST_TO
      [0004] RESHAPE
      [0005] RESHAPE
      [0006] BROADCAST_TO
      [0007] MUL
      [0008] TRANSPOSE
      [0009] MUL
      [0010] TRANSPOSE
      [0011] RESHAPE
      [0012] RESHAPE
      [0013] BATCH_MATMUL
      [0014] ADD
      [0015] SOFTMAX
      [0016] RESHAPE
      [0017] RESHAPE
      [0018] BATCH_MATMUL
      [0019] RESHAPE
      [0020] TRANSPOSE
   --------------------------------
  [1545] RESHAPE
  [1546] FULLY_CONNECTED
  [1547] ADD
  [1548] MUL
  [1549] SUM
  [1550] MUL
  [1551] ADD
  [1552] RESHAPE
  [1553] RSQRT
  [1554] MUL
  [1555] MUL
  [1556] FULLY_CONNECTED
  [1557] LOGISTIC
  [1558] MUL
  [1559] FULLY_CONNECTED
  [1560] MUL
  [1561] FULLY_CONNECTED
  [1562] ADD
  [1563] MUL
  [1564] SUM
  [1565] MUL
  [1566] ADD
  [1567] RESHAPE
  [1568] RSQRT
  [1569] MUL
  [1570] MUL
  [1571] FULLY_CONNECTED
  [1572] RESHAPE
  [1573] SLICE
  [1574] SLICE
  [1575] TRANSPOSE
  [1576] SLICE
  [1577] SLICE
  [1578] MUL
  [1579] MUL
  [1580] SUB
  [1581] MUL
  [1582] MUL
  [1583] ADD
  [1584] CONCATENATION
  [1585] TRANSPOSE
  [1586] DYNAMIC_UPDATE_SLICE
  [1587] DYNAMIC_UPDATE_SLICE
