Subgraph 0: decode (Total Nodes: 1542, Including Nested: 2074, STABLEHLO_COMPOSITE: 28)
  [0000] RESHAPE
  [0001] EMBEDDING_LOOKUP
  [0002] RESHAPE
  [0003] CAST
  [0004] RESHAPE
  [0005] MUL
  [0006] COS
  [0007] SIN
  [0008] LESS
  [0009] ADD
  [0010] SELECT
  [0011] RESHAPE
  [0012] CAST
  [0013] GREATER_EQUAL
  [0014] LESS_EQUAL
  [0015] LOGICAL_AND
  [0016] REDUCE_ALL
  [0017] GATHER_ND
  [0018] RESHAPE
  [0019] SELECT_V2
  [0020] MUL
  [0021] SUM
  [0022] MUL
  [0023] ADD
  [0024] RSQRT
  [0025] MUL
  [0026] MUL
  [0027] FULLY_CONNECTED
  [0028] RESHAPE
  [0029] SLICE
  [0030] SLICE
  [0031] SLICE
  [0032] RESHAPE
  [0033] SLICE
  [0034] SLICE
  [0035] MUL
  [0036] MUL
  [0037] SUB
  [0038] MUL
  [0039] MUL
  [0040] ADD
  [0041] CONCATENATION
  [0042] RESHAPE
  [0043] RESHAPE
  [0044] SLICE
  [0045] SLICE
  [0046] MUL
  [0047] MUL
  [0048] SUB
  [0049] MUL
  [0050] MUL
  [0051] ADD
  [0052] CONCATENATION
  [0053] RESHAPE
  [0054] RESHAPE
  [0055] PACK
  [0056] DYNAMIC_UPDATE_SLICE
  [0057] DYNAMIC_UPDATE_SLICE
  [0058] STABLEHLO_COMPOSITE  (→ Subgraph 20: odml.scaled_dot_product_attention.impl_13)
   --------------------------------
    Subgraph 20: odml.scaled_dot_product_attention.impl_13 (Total Nodes: 19, Including Nested: 19, STABLEHLO_COMPOSITE: 0)
      [0000] TRANSPOSE
      [0001] TRANSPOSE
      [0002] RESHAPE
      [0003] BROADCAST_TO
      [0004] RESHAPE
      [0005] RESHAPE
      [0006] BROADCAST_TO
      [0007] MUL
      [0008] MUL
      [0009] TRANSPOSE
      [0010] RESHAPE
      [0011] RESHAPE
      [0012] BATCH_MATMUL
      [0013] ADD
      [0014] SOFTMAX
      [0015] RESHAPE
      [0016] RESHAPE
      [0017] BATCH_MATMUL
      [0018] RESHAPE
   --------------------------------
  [0059] RESHAPE
  [0060] FULLY_CONNECTED
  [0061] ADD
  [0062] MUL
  [0063] SUM
  [0064] MUL
  [0065] ADD
  [0066] RSQRT
  [0067] MUL
  [0068] MUL
  [0069] FULLY_CONNECTED
  [0070] LOGISTIC
  [0071] MUL
  [0072] FULLY_CONNECTED
  [0073] MUL
  [0074] FULLY_CONNECTED
  [0075] ADD
  [0076] MUL
  [0077] SUM
  [0078] MUL
  [0079] ADD
  [0080] RSQRT
  [0081] MUL
  [0082] MUL
  [0083] FULLY_CONNECTED
  [0084] RESHAPE
  [0085] SLICE
  [0086] SLICE
  [0087] SLICE
  [0088] RESHAPE
  [0089] SLICE
  [0090] SLICE
  [0091] MUL
  [0092] MUL
  [0093] SUB
  [0094] MUL
  [0095] MUL
  [0096] ADD
  [0097] CONCATENATION
  [0098] RESHAPE
  [0099] RESHAPE
  [0100] SLICE
  [0101] SLICE
  [0102] MUL
  [0103] MUL
  [0104] SUB
  [0105] MUL
  [0106] MUL
  [0107] ADD
  [0108] CONCATENATION
  [0109] RESHAPE
  [0110] DYNAMIC_UPDATE_SLICE
  [0111] DYNAMIC_UPDATE_SLICE
  [0112] STABLEHLO_COMPOSITE  (→ Subgraph 22: odml.scaled_dot_product_attention.impl_15)
   --------------------------------
    Subgraph 22: odml.scaled_dot_product_attention.impl_15 (Total Nodes: 19, Including Nested: 19, STABLEHLO_COMPOSITE: 0)
      [0000] TRANSPOSE
      [0001] TRANSPOSE
      [0002] RESHAPE
      [0003] BROADCAST_TO
      [0004] RESHAPE
      [0005] RESHAPE
      [0006] BROADCAST_TO
      [0007] MUL
      [0008] MUL
      [0009] TRANSPOSE
      [0010] RESHAPE
      [0011] RESHAPE
      [0012] BATCH_MATMUL
      [0013] ADD
      [0014] SOFTMAX
      [0015] RESHAPE
      [0016] RESHAPE
      [0017] BATCH_MATMUL
      [0018] RESHAPE
   --------------------------------
  [0113] RESHAPE
  [0114] FULLY_CONNECTED
  [0115] ADD
  [0116] MUL
  [0117] SUM
  [0118] MUL
  [0119] ADD
  [0120] RSQRT
  [0121] MUL
  [0122] MUL
  [0123] FULLY_CONNECTED
  [0124] LOGISTIC
  [0125] MUL
  [0126] FULLY_CONNECTED
  [0127] MUL
  [0128] FULLY_CONNECTED
  [0129] ADD
  [0130] MUL
  [0131] SUM
  [0132] MUL
  [0133] ADD
  [0134] RSQRT
  [0135] MUL
  [0136] MUL
  [0137] FULLY_CONNECTED
  [0138] RESHAPE
  [0139] SLICE
  [0140] SLICE
  [0141] SLICE
  [0142] RESHAPE
  [0143] SLICE
  [0144] SLICE
  [0145] MUL
  [0146] MUL
  [0147] SUB
  [0148] MUL
  [0149] MUL
  [0150] ADD
  [0151] CONCATENATION
  [0152] RESHAPE
  [0153] RESHAPE
  [0154] SLICE
  [0155] SLICE
  [0156] MUL
  [0157] MUL
  [0158] SUB
  [0159] MUL
  [0160] MUL
  [0161] ADD
  [0162] CONCATENATION
  [0163] RESHAPE
  [0164] DYNAMIC_UPDATE_SLICE
  [0165] DYNAMIC_UPDATE_SLICE
  [0166] STABLEHLO_COMPOSITE  (→ Subgraph 24: odml.scaled_dot_product_attention.impl_17)
   --------------------------------
    Subgraph 24: odml.scaled_dot_product_attention.impl_17 (Total Nodes: 19, Including Nested: 19, STABLEHLO_COMPOSITE: 0)
      [0000] TRANSPOSE
      [0001] TRANSPOSE
      [0002] RESHAPE
      [0003] BROADCAST_TO
      [0004] RESHAPE
      [0005] RESHAPE
      [0006] BROADCAST_TO
      [0007] MUL
      [0008] MUL
      [0009] TRANSPOSE
      [0010] RESHAPE
      [0011] RESHAPE
      [0012] BATCH_MATMUL
      [0013] ADD
      [0014] SOFTMAX
      [0015] RESHAPE
      [0016] RESHAPE
      [0017] BATCH_MATMUL
      [0018] RESHAPE
   --------------------------------
  [0167] RESHAPE
  [0168] FULLY_CONNECTED
  [0169] ADD
  [0170] MUL
  [0171] SUM
  [0172] MUL
  [0173] ADD
  [0174] RSQRT
  [0175] MUL
  [0176] MUL
  [0177] FULLY_CONNECTED
  [0178] LOGISTIC
  [0179] MUL
  [0180] FULLY_CONNECTED
  [0181] MUL
  [0182] FULLY_CONNECTED
  [0183] ADD
  [0184] MUL
  [0185] SUM
  [0186] MUL
  [0187] ADD
  [0188] RSQRT
  [0189] MUL
  [0190] MUL
  [0191] FULLY_CONNECTED
  [0192] RESHAPE
  [0193] SLICE
  [0194] SLICE
  [0195] SLICE
  [0196] RESHAPE
  [0197] SLICE
  [0198] SLICE
  [0199] MUL
  [0200] MUL
  [0201] SUB
  [0202] MUL
  [0203] MUL
  [0204] ADD
  [0205] CONCATENATION
  [0206] RESHAPE
  [0207] RESHAPE
  [0208] SLICE
  [0209] SLICE
  [0210] MUL
  [0211] MUL
  [0212] SUB
  [0213] MUL
  [0214] MUL
  [0215] ADD
  [0216] CONCATENATION
  [0217] RESHAPE
  [0218] DYNAMIC_UPDATE_SLICE
  [0219] DYNAMIC_UPDATE_SLICE
  [0220] STABLEHLO_COMPOSITE  (→ Subgraph 26: odml.scaled_dot_product_attention.impl_19)
   --------------------------------
    Subgraph 26: odml.scaled_dot_product_attention.impl_19 (Total Nodes: 19, Including Nested: 19, STABLEHLO_COMPOSITE: 0)
      [0000] TRANSPOSE
      [0001] TRANSPOSE
      [0002] RESHAPE
      [0003] BROADCAST_TO
      [0004] RESHAPE
      [0005] RESHAPE
      [0006] BROADCAST_TO
      [0007] MUL
      [0008] MUL
      [0009] TRANSPOSE
      [0010] RESHAPE
      [0011] RESHAPE
      [0012] BATCH_MATMUL
      [0013] ADD
      [0014] SOFTMAX
      [0015] RESHAPE
      [0016] RESHAPE
      [0017] BATCH_MATMUL
      [0018] RESHAPE
   --------------------------------
  [0221] RESHAPE
  [0222] FULLY_CONNECTED
  [0223] ADD
  [0224] MUL
  [0225] SUM
  [0226] MUL
  [0227] ADD
  [0228] RSQRT
  [0229] MUL
  [0230] MUL
  [0231] FULLY_CONNECTED
  [0232] LOGISTIC
  [0233] MUL
  [0234] FULLY_CONNECTED
  [0235] MUL
  [0236] FULLY_CONNECTED
  [0237] ADD
  [0238] MUL
  [0239] SUM
  [0240] MUL
  [0241] ADD
  [0242] RSQRT
  [0243] MUL
  [0244] MUL
  [0245] FULLY_CONNECTED
  [0246] RESHAPE
  [0247] SLICE
  [0248] SLICE
  [0249] SLICE
  [0250] RESHAPE
  [0251] SLICE
  [0252] SLICE
  [0253] MUL
  [0254] MUL
  [0255] SUB
  [0256] MUL
  [0257] MUL
  [0258] ADD
  [0259] CONCATENATION
  [0260] RESHAPE
  [0261] RESHAPE
  [0262] SLICE
  [0263] SLICE
  [0264] MUL
  [0265] MUL
  [0266] SUB
  [0267] MUL
  [0268] MUL
  [0269] ADD
  [0270] CONCATENATION
  [0271] RESHAPE
  [0272] DYNAMIC_UPDATE_SLICE
  [0273] DYNAMIC_UPDATE_SLICE
  [0274] STABLEHLO_COMPOSITE  (→ Subgraph 27: odml.scaled_dot_product_attention.impl_20)
   --------------------------------
    Subgraph 27: odml.scaled_dot_product_attention.impl_20 (Total Nodes: 19, Including Nested: 19, STABLEHLO_COMPOSITE: 0)
      [0000] TRANSPOSE
      [0001] TRANSPOSE
      [0002] RESHAPE
      [0003] BROADCAST_TO
      [0004] RESHAPE
      [0005] RESHAPE
      [0006] BROADCAST_TO
      [0007] MUL
      [0008] MUL
      [0009] TRANSPOSE
      [0010] RESHAPE
      [0011] RESHAPE
      [0012] BATCH_MATMUL
      [0013] ADD
      [0014] SOFTMAX
      [0015] RESHAPE
      [0016] RESHAPE
      [0017] BATCH_MATMUL
      [0018] RESHAPE
   --------------------------------
  [0275] RESHAPE
  [0276] FULLY_CONNECTED
  [0277] ADD
  [0278] MUL
  [0279] SUM
  [0280] MUL
  [0281] ADD
  [0282] RSQRT
  [0283] MUL
  [0284] MUL
  [0285] FULLY_CONNECTED
  [0286] LOGISTIC
  [0287] MUL
  [0288] FULLY_CONNECTED
  [0289] MUL
  [0290] FULLY_CONNECTED
  [0291] ADD
  [0292] MUL
  [0293] SUM
  [0294] MUL
  [0295] ADD
  [0296] RSQRT
  [0297] MUL
  [0298] MUL
  [0299] FULLY_CONNECTED
  [0300] RESHAPE
  [0301] SLICE
  [0302] SLICE
  [0303] SLICE
  [0304] RESHAPE
  [0305] SLICE
  [0306] SLICE
  [0307] MUL
  [0308] MUL
  [0309] SUB
  [0310] MUL
  [0311] MUL
  [0312] ADD
  [0313] CONCATENATION
  [0314] RESHAPE
  [0315] RESHAPE
  [0316] SLICE
  [0317] SLICE
  [0318] MUL
  [0319] MUL
  [0320] SUB
  [0321] MUL
  [0322] MUL
  [0323] ADD
  [0324] CONCATENATION
  [0325] RESHAPE
  [0326] DYNAMIC_UPDATE_SLICE
  [0327] DYNAMIC_UPDATE_SLICE
  [0328] STABLEHLO_COMPOSITE  (→ Subgraph 28: odml.scaled_dot_product_attention.impl_21)
   --------------------------------
    Subgraph 28: odml.scaled_dot_product_attention.impl_21 (Total Nodes: 19, Including Nested: 19, STABLEHLO_COMPOSITE: 0)
      [0000] TRANSPOSE
      [0001] TRANSPOSE
      [0002] RESHAPE
      [0003] BROADCAST_TO
      [0004] RESHAPE
      [0005] RESHAPE
      [0006] BROADCAST_TO
      [0007] MUL
      [0008] MUL
      [0009] TRANSPOSE
      [0010] RESHAPE
      [0011] RESHAPE
      [0012] BATCH_MATMUL
      [0013] ADD
      [0014] SOFTMAX
      [0015] RESHAPE
      [0016] RESHAPE
      [0017] BATCH_MATMUL
      [0018] RESHAPE
   --------------------------------
  [0329] RESHAPE
  [0330] FULLY_CONNECTED
  [0331] ADD
  [0332] MUL
  [0333] SUM
  [0334] MUL
  [0335] ADD
  [0336] RSQRT
  [0337] MUL
  [0338] MUL
  [0339] FULLY_CONNECTED
  [0340] LOGISTIC
  [0341] MUL
  [0342] FULLY_CONNECTED
  [0343] MUL
  [0344] FULLY_CONNECTED
  [0345] ADD
  [0346] MUL
  [0347] SUM
  [0348] MUL
  [0349] ADD
  [0350] RSQRT
  [0351] MUL
  [0352] MUL
  [0353] FULLY_CONNECTED
  [0354] RESHAPE
  [0355] SLICE
  [0356] SLICE
  [0357] SLICE
  [0358] RESHAPE
  [0359] SLICE
  [0360] SLICE
  [0361] MUL
  [0362] MUL
  [0363] SUB
  [0364] MUL
  [0365] MUL
  [0366] ADD
  [0367] CONCATENATION
  [0368] RESHAPE
  [0369] RESHAPE
  [0370] SLICE
  [0371] SLICE
  [0372] MUL
  [0373] MUL
  [0374] SUB
  [0375] MUL
  [0376] MUL
  [0377] ADD
  [0378] CONCATENATION
  [0379] RESHAPE
  [0380] DYNAMIC_UPDATE_SLICE
  [0381] DYNAMIC_UPDATE_SLICE
  [0382] STABLEHLO_COMPOSITE  (→ Subgraph 25: odml.scaled_dot_product_attention.impl_18)
   --------------------------------
    Subgraph 25: odml.scaled_dot_product_attention.impl_18 (Total Nodes: 19, Including Nested: 19, STABLEHLO_COMPOSITE: 0)
      [0000] TRANSPOSE
      [0001] TRANSPOSE
      [0002] RESHAPE
      [0003] BROADCAST_TO
      [0004] RESHAPE
      [0005] RESHAPE
      [0006] BROADCAST_TO
      [0007] MUL
      [0008] MUL
      [0009] TRANSPOSE
      [0010] RESHAPE
      [0011] RESHAPE
      [0012] BATCH_MATMUL
      [0013] ADD
      [0014] SOFTMAX
      [0015] RESHAPE
      [0016] RESHAPE
      [0017] BATCH_MATMUL
      [0018] RESHAPE
   --------------------------------
  [0383] RESHAPE
  [0384] FULLY_CONNECTED
  [0385] ADD
  [0386] MUL
  [0387] SUM
  [0388] MUL
  [0389] ADD
  [0390] RSQRT
  [0391] MUL
  [0392] MUL
  [0393] FULLY_CONNECTED
  [0394] LOGISTIC
  [0395] MUL
  [0396] FULLY_CONNECTED
  [0397] MUL
  [0398] FULLY_CONNECTED
  [0399] ADD
  [0400] MUL
  [0401] SUM
  [0402] MUL
  [0403] ADD
  [0404] RSQRT
  [0405] MUL
  [0406] MUL
  [0407] FULLY_CONNECTED
  [0408] RESHAPE
  [0409] SLICE
  [0410] SLICE
  [0411] SLICE
  [0412] RESHAPE
  [0413] SLICE
  [0414] SLICE
  [0415] MUL
  [0416] MUL
  [0417] SUB
  [0418] MUL
  [0419] MUL
  [0420] ADD
  [0421] CONCATENATION
  [0422] RESHAPE
  [0423] RESHAPE
  [0424] SLICE
  [0425] SLICE
  [0426] MUL
  [0427] MUL
  [0428] SUB
  [0429] MUL
  [0430] MUL
  [0431] ADD
  [0432] CONCATENATION
  [0433] RESHAPE
  [0434] DYNAMIC_UPDATE_SLICE
  [0435] DYNAMIC_UPDATE_SLICE
  [0436] STABLEHLO_COMPOSITE  (→ Subgraph 30: odml.scaled_dot_product_attention.impl_23)
   --------------------------------
    Subgraph 30: odml.scaled_dot_product_attention.impl_23 (Total Nodes: 19, Including Nested: 19, STABLEHLO_COMPOSITE: 0)
      [0000] TRANSPOSE
      [0001] TRANSPOSE
      [0002] RESHAPE
      [0003] BROADCAST_TO
      [0004] RESHAPE
      [0005] RESHAPE
      [0006] BROADCAST_TO
      [0007] MUL
      [0008] MUL
      [0009] TRANSPOSE
      [0010] RESHAPE
      [0011] RESHAPE
      [0012] BATCH_MATMUL
      [0013] ADD
      [0014] SOFTMAX
      [0015] RESHAPE
      [0016] RESHAPE
      [0017] BATCH_MATMUL
      [0018] RESHAPE
   --------------------------------
  [0437] RESHAPE
  [0438] FULLY_CONNECTED
  [0439] ADD
  [0440] MUL
  [0441] SUM
  [0442] MUL
  [0443] ADD
  [0444] RSQRT
  [0445] MUL
  [0446] MUL
  [0447] FULLY_CONNECTED
  [0448] LOGISTIC
  [0449] MUL
  [0450] FULLY_CONNECTED
  [0451] MUL
  [0452] FULLY_CONNECTED
  [0453] ADD
  [0454] MUL
  [0455] SUM
  [0456] MUL
  [0457] ADD
  [0458] RSQRT
  [0459] MUL
  [0460] MUL
  [0461] FULLY_CONNECTED
  [0462] RESHAPE
  [0463] SLICE
  [0464] SLICE
  [0465] SLICE
  [0466] RESHAPE
  [0467] SLICE
  [0468] SLICE
  [0469] MUL
  [0470] MUL
  [0471] SUB
  [0472] MUL
  [0473] MUL
  [0474] ADD
  [0475] CONCATENATION
  [0476] RESHAPE
  [0477] RESHAPE
  [0478] SLICE
  [0479] SLICE
  [0480] MUL
  [0481] MUL
  [0482] SUB
  [0483] MUL
  [0484] MUL
  [0485] ADD
  [0486] CONCATENATION
  [0487] RESHAPE
  [0488] DYNAMIC_UPDATE_SLICE
  [0489] DYNAMIC_UPDATE_SLICE
  [0490] STABLEHLO_COMPOSITE  (→ Subgraph 19: odml.scaled_dot_product_attention.impl_12)
   --------------------------------
    Subgraph 19: odml.scaled_dot_product_attention.impl_12 (Total Nodes: 19, Including Nested: 19, STABLEHLO_COMPOSITE: 0)
      [0000] TRANSPOSE
      [0001] TRANSPOSE
      [0002] RESHAPE
      [0003] BROADCAST_TO
      [0004] RESHAPE
      [0005] RESHAPE
      [0006] BROADCAST_TO
      [0007] MUL
      [0008] MUL
      [0009] TRANSPOSE
      [0010] RESHAPE
      [0011] RESHAPE
      [0012] BATCH_MATMUL
      [0013] ADD
      [0014] SOFTMAX
      [0015] RESHAPE
      [0016] RESHAPE
      [0017] BATCH_MATMUL
      [0018] RESHAPE
   --------------------------------
  [0491] RESHAPE
  [0492] FULLY_CONNECTED
  [0493] ADD
  [0494] MUL
  [0495] SUM
  [0496] MUL
  [0497] ADD
  [0498] RSQRT
  [0499] MUL
  [0500] MUL
  [0501] FULLY_CONNECTED
  [0502] LOGISTIC
  [0503] MUL
  [0504] FULLY_CONNECTED
  [0505] MUL
  [0506] FULLY_CONNECTED
  [0507] ADD
  [0508] MUL
  [0509] SUM
  [0510] MUL
  [0511] ADD
  [0512] RSQRT
  [0513] MUL
  [0514] MUL
  [0515] FULLY_CONNECTED
  [0516] RESHAPE
  [0517] SLICE
  [0518] SLICE
  [0519] SLICE
  [0520] RESHAPE
  [0521] SLICE
  [0522] SLICE
  [0523] MUL
  [0524] MUL
  [0525] SUB
  [0526] MUL
  [0527] MUL
  [0528] ADD
  [0529] CONCATENATION
  [0530] RESHAPE
  [0531] RESHAPE
  [0532] SLICE
  [0533] SLICE
  [0534] MUL
  [0535] MUL
  [0536] SUB
  [0537] MUL
  [0538] MUL
  [0539] ADD
  [0540] CONCATENATION
  [0541] RESHAPE
  [0542] DYNAMIC_UPDATE_SLICE
  [0543] DYNAMIC_UPDATE_SLICE
  [0544] STABLEHLO_COMPOSITE  (→ Subgraph 32: odml.scaled_dot_product_attention.impl_25)
   --------------------------------
    Subgraph 32: odml.scaled_dot_product_attention.impl_25 (Total Nodes: 19, Including Nested: 19, STABLEHLO_COMPOSITE: 0)
      [0000] TRANSPOSE
      [0001] TRANSPOSE
      [0002] RESHAPE
      [0003] BROADCAST_TO
      [0004] RESHAPE
      [0005] RESHAPE
      [0006] BROADCAST_TO
      [0007] MUL
      [0008] MUL
      [0009] TRANSPOSE
      [0010] RESHAPE
      [0011] RESHAPE
      [0012] BATCH_MATMUL
      [0013] ADD
      [0014] SOFTMAX
      [0015] RESHAPE
      [0016] RESHAPE
      [0017] BATCH_MATMUL
      [0018] RESHAPE
   --------------------------------
  [0545] RESHAPE
  [0546] FULLY_CONNECTED
  [0547] ADD
  [0548] MUL
  [0549] SUM
  [0550] MUL
  [0551] ADD
  [0552] RSQRT
  [0553] MUL
  [0554] MUL
  [0555] FULLY_CONNECTED
  [0556] LOGISTIC
  [0557] MUL
  [0558] FULLY_CONNECTED
  [0559] MUL
  [0560] FULLY_CONNECTED
  [0561] ADD
  [0562] MUL
  [0563] SUM
  [0564] MUL
  [0565] ADD
  [0566] RSQRT
  [0567] MUL
  [0568] MUL
  [0569] FULLY_CONNECTED
  [0570] RESHAPE
  [0571] SLICE
  [0572] SLICE
  [0573] SLICE
  [0574] RESHAPE
  [0575] SLICE
  [0576] SLICE
  [0577] MUL
  [0578] MUL
  [0579] SUB
  [0580] MUL
  [0581] MUL
  [0582] ADD
  [0583] CONCATENATION
  [0584] RESHAPE
  [0585] RESHAPE
  [0586] SLICE
  [0587] SLICE
  [0588] MUL
  [0589] MUL
  [0590] SUB
  [0591] MUL
  [0592] MUL
  [0593] ADD
  [0594] CONCATENATION
  [0595] RESHAPE
  [0596] DYNAMIC_UPDATE_SLICE
  [0597] DYNAMIC_UPDATE_SLICE
  [0598] STABLEHLO_COMPOSITE  (→ Subgraph 31: odml.scaled_dot_product_attention.impl_24)
   --------------------------------
    Subgraph 31: odml.scaled_dot_product_attention.impl_24 (Total Nodes: 19, Including Nested: 19, STABLEHLO_COMPOSITE: 0)
      [0000] TRANSPOSE
      [0001] TRANSPOSE
      [0002] RESHAPE
      [0003] BROADCAST_TO
      [0004] RESHAPE
      [0005] RESHAPE
      [0006] BROADCAST_TO
      [0007] MUL
      [0008] MUL
      [0009] TRANSPOSE
      [0010] RESHAPE
      [0011] RESHAPE
      [0012] BATCH_MATMUL
      [0013] ADD
      [0014] SOFTMAX
      [0015] RESHAPE
      [0016] RESHAPE
      [0017] BATCH_MATMUL
      [0018] RESHAPE
   --------------------------------
  [0599] RESHAPE
  [0600] FULLY_CONNECTED
  [0601] ADD
  [0602] MUL
  [0603] SUM
  [0604] MUL
  [0605] ADD
  [0606] RSQRT
  [0607] MUL
  [0608] MUL
  [0609] FULLY_CONNECTED
  [0610] LOGISTIC
  [0611] MUL
  [0612] FULLY_CONNECTED
  [0613] MUL
  [0614] FULLY_CONNECTED
  [0615] ADD
  [0616] MUL
  [0617] SUM
  [0618] MUL
  [0619] ADD
  [0620] RSQRT
  [0621] MUL
  [0622] MUL
  [0623] FULLY_CONNECTED
  [0624] RESHAPE
  [0625] SLICE
  [0626] SLICE
  [0627] SLICE
  [0628] RESHAPE
  [0629] SLICE
  [0630] SLICE
  [0631] MUL
  [0632] MUL
  [0633] SUB
  [0634] MUL
  [0635] MUL
  [0636] ADD
  [0637] CONCATENATION
  [0638] RESHAPE
  [0639] RESHAPE
  [0640] SLICE
  [0641] SLICE
  [0642] MUL
  [0643] MUL
  [0644] SUB
  [0645] MUL
  [0646] MUL
  [0647] ADD
  [0648] CONCATENATION
  [0649] RESHAPE
  [0650] DYNAMIC_UPDATE_SLICE
  [0651] DYNAMIC_UPDATE_SLICE
  [0652] STABLEHLO_COMPOSITE  (→ Subgraph 33: odml.scaled_dot_product_attention.impl_26)
   --------------------------------
    Subgraph 33: odml.scaled_dot_product_attention.impl_26 (Total Nodes: 19, Including Nested: 19, STABLEHLO_COMPOSITE: 0)
      [0000] TRANSPOSE
      [0001] TRANSPOSE
      [0002] RESHAPE
      [0003] BROADCAST_TO
      [0004] RESHAPE
      [0005] RESHAPE
      [0006] BROADCAST_TO
      [0007] MUL
      [0008] MUL
      [0009] TRANSPOSE
      [0010] RESHAPE
      [0011] RESHAPE
      [0012] BATCH_MATMUL
      [0013] ADD
      [0014] SOFTMAX
      [0015] RESHAPE
      [0016] RESHAPE
      [0017] BATCH_MATMUL
      [0018] RESHAPE
   --------------------------------
  [0653] RESHAPE
  [0654] FULLY_CONNECTED
  [0655] ADD
  [0656] MUL
  [0657] SUM
  [0658] MUL
  [0659] ADD
  [0660] RSQRT
  [0661] MUL
  [0662] MUL
  [0663] FULLY_CONNECTED
  [0664] LOGISTIC
  [0665] MUL
  [0666] FULLY_CONNECTED
  [0667] MUL
  [0668] FULLY_CONNECTED
  [0669] ADD
  [0670] MUL
  [0671] SUM
  [0672] MUL
  [0673] ADD
  [0674] RSQRT
  [0675] MUL
  [0676] MUL
  [0677] FULLY_CONNECTED
  [0678] RESHAPE
  [0679] SLICE
  [0680] SLICE
  [0681] SLICE
  [0682] RESHAPE
  [0683] SLICE
  [0684] SLICE
  [0685] MUL
  [0686] MUL
  [0687] SUB
  [0688] MUL
  [0689] MUL
  [0690] ADD
  [0691] CONCATENATION
  [0692] RESHAPE
  [0693] RESHAPE
  [0694] SLICE
  [0695] SLICE
  [0696] MUL
  [0697] MUL
  [0698] SUB
  [0699] MUL
  [0700] MUL
  [0701] ADD
  [0702] CONCATENATION
  [0703] RESHAPE
  [0704] DYNAMIC_UPDATE_SLICE
  [0705] DYNAMIC_UPDATE_SLICE
  [0706] STABLEHLO_COMPOSITE  (→ Subgraph 16: odml.scaled_dot_product_attention.impl_9)
   --------------------------------
    Subgraph 16: odml.scaled_dot_product_attention.impl_9 (Total Nodes: 19, Including Nested: 19, STABLEHLO_COMPOSITE: 0)
      [0000] TRANSPOSE
      [0001] TRANSPOSE
      [0002] RESHAPE
      [0003] BROADCAST_TO
      [0004] RESHAPE
      [0005] RESHAPE
      [0006] BROADCAST_TO
      [0007] MUL
      [0008] MUL
      [0009] TRANSPOSE
      [0010] RESHAPE
      [0011] RESHAPE
      [0012] BATCH_MATMUL
      [0013] ADD
      [0014] SOFTMAX
      [0015] RESHAPE
      [0016] RESHAPE
      [0017] BATCH_MATMUL
      [0018] RESHAPE
   --------------------------------
  [0707] RESHAPE
  [0708] FULLY_CONNECTED
  [0709] ADD
  [0710] MUL
  [0711] SUM
  [0712] MUL
  [0713] ADD
  [0714] RSQRT
  [0715] MUL
  [0716] MUL
  [0717] FULLY_CONNECTED
  [0718] LOGISTIC
  [0719] MUL
  [0720] FULLY_CONNECTED
  [0721] MUL
  [0722] FULLY_CONNECTED
  [0723] ADD
  [0724] MUL
  [0725] SUM
  [0726] MUL
  [0727] ADD
  [0728] RSQRT
  [0729] MUL
  [0730] MUL
  [0731] FULLY_CONNECTED
  [0732] RESHAPE
  [0733] SLICE
  [0734] SLICE
  [0735] SLICE
  [0736] RESHAPE
  [0737] SLICE
  [0738] SLICE
  [0739] MUL
  [0740] MUL
  [0741] SUB
  [0742] MUL
  [0743] MUL
  [0744] ADD
  [0745] CONCATENATION
  [0746] RESHAPE
  [0747] RESHAPE
  [0748] SLICE
  [0749] SLICE
  [0750] MUL
  [0751] MUL
  [0752] SUB
  [0753] MUL
  [0754] MUL
  [0755] ADD
  [0756] CONCATENATION
  [0757] RESHAPE
  [0758] DYNAMIC_UPDATE_SLICE
  [0759] DYNAMIC_UPDATE_SLICE
  [0760] STABLEHLO_COMPOSITE  (→ Subgraph 15: odml.scaled_dot_product_attention.impl_8)
   --------------------------------
    Subgraph 15: odml.scaled_dot_product_attention.impl_8 (Total Nodes: 19, Including Nested: 19, STABLEHLO_COMPOSITE: 0)
      [0000] TRANSPOSE
      [0001] TRANSPOSE
      [0002] RESHAPE
      [0003] BROADCAST_TO
      [0004] RESHAPE
      [0005] RESHAPE
      [0006] BROADCAST_TO
      [0007] MUL
      [0008] MUL
      [0009] TRANSPOSE
      [0010] RESHAPE
      [0011] RESHAPE
      [0012] BATCH_MATMUL
      [0013] ADD
      [0014] SOFTMAX
      [0015] RESHAPE
      [0016] RESHAPE
      [0017] BATCH_MATMUL
      [0018] RESHAPE
   --------------------------------
  [0761] RESHAPE
  [0762] FULLY_CONNECTED
  [0763] ADD
  [0764] MUL
  [0765] SUM
  [0766] MUL
  [0767] ADD
  [0768] RSQRT
  [0769] MUL
  [0770] MUL
  [0771] FULLY_CONNECTED
  [0772] LOGISTIC
  [0773] MUL
  [0774] FULLY_CONNECTED
  [0775] MUL
  [0776] FULLY_CONNECTED
  [0777] ADD
  [0778] MUL
  [0779] SUM
  [0780] MUL
  [0781] ADD
  [0782] RSQRT
  [0783] MUL
  [0784] MUL
  [0785] FULLY_CONNECTED
  [0786] RESHAPE
  [0787] SLICE
  [0788] SLICE
  [0789] SLICE
  [0790] RESHAPE
  [0791] SLICE
  [0792] SLICE
  [0793] MUL
  [0794] MUL
  [0795] SUB
  [0796] MUL
  [0797] MUL
  [0798] ADD
  [0799] CONCATENATION
  [0800] RESHAPE
  [0801] RESHAPE
  [0802] SLICE
  [0803] SLICE
  [0804] MUL
  [0805] MUL
  [0806] SUB
  [0807] MUL
  [0808] MUL
  [0809] ADD
  [0810] CONCATENATION
  [0811] RESHAPE
  [0812] DYNAMIC_UPDATE_SLICE
  [0813] DYNAMIC_UPDATE_SLICE
  [0814] STABLEHLO_COMPOSITE  (→ Subgraph 14: odml.scaled_dot_product_attention.impl_7)
   --------------------------------
    Subgraph 14: odml.scaled_dot_product_attention.impl_7 (Total Nodes: 19, Including Nested: 19, STABLEHLO_COMPOSITE: 0)
      [0000] TRANSPOSE
      [0001] TRANSPOSE
      [0002] RESHAPE
      [0003] BROADCAST_TO
      [0004] RESHAPE
      [0005] RESHAPE
      [0006] BROADCAST_TO
      [0007] MUL
      [0008] MUL
      [0009] TRANSPOSE
      [0010] RESHAPE
      [0011] RESHAPE
      [0012] BATCH_MATMUL
      [0013] ADD
      [0014] SOFTMAX
      [0015] RESHAPE
      [0016] RESHAPE
      [0017] BATCH_MATMUL
      [0018] RESHAPE
   --------------------------------
  [0815] RESHAPE
  [0816] FULLY_CONNECTED
  [0817] ADD
  [0818] MUL
  [0819] SUM
  [0820] MUL
  [0821] ADD
  [0822] RSQRT
  [0823] MUL
  [0824] MUL
  [0825] FULLY_CONNECTED
  [0826] LOGISTIC
  [0827] MUL
  [0828] FULLY_CONNECTED
  [0829] MUL
  [0830] FULLY_CONNECTED
  [0831] ADD
  [0832] MUL
  [0833] SUM
  [0834] MUL
  [0835] ADD
  [0836] RSQRT
  [0837] MUL
  [0838] MUL
  [0839] FULLY_CONNECTED
  [0840] RESHAPE
  [0841] SLICE
  [0842] SLICE
  [0843] SLICE
  [0844] RESHAPE
  [0845] SLICE
  [0846] SLICE
  [0847] MUL
  [0848] MUL
  [0849] SUB
  [0850] MUL
  [0851] MUL
  [0852] ADD
  [0853] CONCATENATION
  [0854] RESHAPE
  [0855] RESHAPE
  [0856] SLICE
  [0857] SLICE
  [0858] MUL
  [0859] MUL
  [0860] SUB
  [0861] MUL
  [0862] MUL
  [0863] ADD
  [0864] CONCATENATION
  [0865] RESHAPE
  [0866] DYNAMIC_UPDATE_SLICE
  [0867] DYNAMIC_UPDATE_SLICE
  [0868] STABLEHLO_COMPOSITE  (→ Subgraph 13: odml.scaled_dot_product_attention.impl_6)
   --------------------------------
    Subgraph 13: odml.scaled_dot_product_attention.impl_6 (Total Nodes: 19, Including Nested: 19, STABLEHLO_COMPOSITE: 0)
      [0000] TRANSPOSE
      [0001] TRANSPOSE
      [0002] RESHAPE
      [0003] BROADCAST_TO
      [0004] RESHAPE
      [0005] RESHAPE
      [0006] BROADCAST_TO
      [0007] MUL
      [0008] MUL
      [0009] TRANSPOSE
      [0010] RESHAPE
      [0011] RESHAPE
      [0012] BATCH_MATMUL
      [0013] ADD
      [0014] SOFTMAX
      [0015] RESHAPE
      [0016] RESHAPE
      [0017] BATCH_MATMUL
      [0018] RESHAPE
   --------------------------------
  [0869] RESHAPE
  [0870] FULLY_CONNECTED
  [0871] ADD
  [0872] MUL
  [0873] SUM
  [0874] MUL
  [0875] ADD
  [0876] RSQRT
  [0877] MUL
  [0878] MUL
  [0879] FULLY_CONNECTED
  [0880] LOGISTIC
  [0881] MUL
  [0882] FULLY_CONNECTED
  [0883] MUL
  [0884] FULLY_CONNECTED
  [0885] ADD
  [0886] MUL
  [0887] SUM
  [0888] MUL
  [0889] ADD
  [0890] RSQRT
  [0891] MUL
  [0892] MUL
  [0893] FULLY_CONNECTED
  [0894] RESHAPE
  [0895] SLICE
  [0896] SLICE
  [0897] SLICE
  [0898] RESHAPE
  [0899] SLICE
  [0900] SLICE
  [0901] MUL
  [0902] MUL
  [0903] SUB
  [0904] MUL
  [0905] MUL
  [0906] ADD
  [0907] CONCATENATION
  [0908] RESHAPE
  [0909] RESHAPE
  [0910] SLICE
  [0911] SLICE
  [0912] MUL
  [0913] MUL
  [0914] SUB
  [0915] MUL
  [0916] MUL
  [0917] ADD
  [0918] CONCATENATION
  [0919] RESHAPE
  [0920] DYNAMIC_UPDATE_SLICE
  [0921] DYNAMIC_UPDATE_SLICE
  [0922] STABLEHLO_COMPOSITE  (→ Subgraph 12: odml.scaled_dot_product_attention.impl_5)
   --------------------------------
    Subgraph 12: odml.scaled_dot_product_attention.impl_5 (Total Nodes: 19, Including Nested: 19, STABLEHLO_COMPOSITE: 0)
      [0000] TRANSPOSE
      [0001] TRANSPOSE
      [0002] RESHAPE
      [0003] BROADCAST_TO
      [0004] RESHAPE
      [0005] RESHAPE
      [0006] BROADCAST_TO
      [0007] MUL
      [0008] MUL
      [0009] TRANSPOSE
      [0010] RESHAPE
      [0011] RESHAPE
      [0012] BATCH_MATMUL
      [0013] ADD
      [0014] SOFTMAX
      [0015] RESHAPE
      [0016] RESHAPE
      [0017] BATCH_MATMUL
      [0018] RESHAPE
   --------------------------------
  [0923] RESHAPE
  [0924] FULLY_CONNECTED
  [0925] ADD
  [0926] MUL
  [0927] SUM
  [0928] MUL
  [0929] ADD
  [0930] RSQRT
  [0931] MUL
  [0932] MUL
  [0933] FULLY_CONNECTED
  [0934] LOGISTIC
  [0935] MUL
  [0936] FULLY_CONNECTED
  [0937] MUL
  [0938] FULLY_CONNECTED
  [0939] ADD
  [0940] MUL
  [0941] SUM
  [0942] MUL
  [0943] ADD
  [0944] RSQRT
  [0945] MUL
  [0946] MUL
  [0947] FULLY_CONNECTED
  [0948] RESHAPE
  [0949] SLICE
  [0950] SLICE
  [0951] SLICE
  [0952] RESHAPE
  [0953] SLICE
  [0954] SLICE
  [0955] MUL
  [0956] MUL
  [0957] SUB
  [0958] MUL
  [0959] MUL
  [0960] ADD
  [0961] CONCATENATION
  [0962] RESHAPE
  [0963] RESHAPE
  [0964] SLICE
  [0965] SLICE
  [0966] MUL
  [0967] MUL
  [0968] SUB
  [0969] MUL
  [0970] MUL
  [0971] ADD
  [0972] CONCATENATION
  [0973] RESHAPE
  [0974] DYNAMIC_UPDATE_SLICE
  [0975] DYNAMIC_UPDATE_SLICE
  [0976] STABLEHLO_COMPOSITE  (→ Subgraph 21: odml.scaled_dot_product_attention.impl_14)
   --------------------------------
    Subgraph 21: odml.scaled_dot_product_attention.impl_14 (Total Nodes: 19, Including Nested: 19, STABLEHLO_COMPOSITE: 0)
      [0000] TRANSPOSE
      [0001] TRANSPOSE
      [0002] RESHAPE
      [0003] BROADCAST_TO
      [0004] RESHAPE
      [0005] RESHAPE
      [0006] BROADCAST_TO
      [0007] MUL
      [0008] MUL
      [0009] TRANSPOSE
      [0010] RESHAPE
      [0011] RESHAPE
      [0012] BATCH_MATMUL
      [0013] ADD
      [0014] SOFTMAX
      [0015] RESHAPE
      [0016] RESHAPE
      [0017] BATCH_MATMUL
      [0018] RESHAPE
   --------------------------------
  [0977] RESHAPE
  [0978] FULLY_CONNECTED
  [0979] ADD
  [0980] MUL
  [0981] SUM
  [0982] MUL
  [0983] ADD
  [0984] RSQRT
  [0985] MUL
  [0986] MUL
  [0987] FULLY_CONNECTED
  [0988] LOGISTIC
  [0989] MUL
  [0990] FULLY_CONNECTED
  [0991] MUL
  [0992] FULLY_CONNECTED
  [0993] ADD
  [0994] MUL
  [0995] SUM
  [0996] MUL
  [0997] ADD
  [0998] RSQRT
  [0999] MUL
  [1000] MUL
  [1001] FULLY_CONNECTED
  [1002] RESHAPE
  [1003] SLICE
  [1004] SLICE
  [1005] SLICE
  [1006] RESHAPE
  [1007] SLICE
  [1008] SLICE
  [1009] MUL
  [1010] MUL
  [1011] SUB
  [1012] MUL
  [1013] MUL
  [1014] ADD
  [1015] CONCATENATION
  [1016] RESHAPE
  [1017] RESHAPE
  [1018] SLICE
  [1019] SLICE
  [1020] MUL
  [1021] MUL
  [1022] SUB
  [1023] MUL
  [1024] MUL
  [1025] ADD
  [1026] CONCATENATION
  [1027] RESHAPE
  [1028] DYNAMIC_UPDATE_SLICE
  [1029] DYNAMIC_UPDATE_SLICE
  [1030] STABLEHLO_COMPOSITE  (→ Subgraph 23: odml.scaled_dot_product_attention.impl_16)
   --------------------------------
    Subgraph 23: odml.scaled_dot_product_attention.impl_16 (Total Nodes: 19, Including Nested: 19, STABLEHLO_COMPOSITE: 0)
      [0000] TRANSPOSE
      [0001] TRANSPOSE
      [0002] RESHAPE
      [0003] BROADCAST_TO
      [0004] RESHAPE
      [0005] RESHAPE
      [0006] BROADCAST_TO
      [0007] MUL
      [0008] MUL
      [0009] TRANSPOSE
      [0010] RESHAPE
      [0011] RESHAPE
      [0012] BATCH_MATMUL
      [0013] ADD
      [0014] SOFTMAX
      [0015] RESHAPE
      [0016] RESHAPE
      [0017] BATCH_MATMUL
      [0018] RESHAPE
   --------------------------------
  [1031] RESHAPE
  [1032] FULLY_CONNECTED
  [1033] ADD
  [1034] MUL
  [1035] SUM
  [1036] MUL
  [1037] ADD
  [1038] RSQRT
  [1039] MUL
  [1040] MUL
  [1041] FULLY_CONNECTED
  [1042] LOGISTIC
  [1043] MUL
  [1044] FULLY_CONNECTED
  [1045] MUL
  [1046] FULLY_CONNECTED
  [1047] ADD
  [1048] MUL
  [1049] SUM
  [1050] MUL
  [1051] ADD
  [1052] RSQRT
  [1053] MUL
  [1054] MUL
  [1055] FULLY_CONNECTED
  [1056] RESHAPE
  [1057] SLICE
  [1058] SLICE
  [1059] SLICE
  [1060] RESHAPE
  [1061] SLICE
  [1062] SLICE
  [1063] MUL
  [1064] MUL
  [1065] SUB
  [1066] MUL
  [1067] MUL
  [1068] ADD
  [1069] CONCATENATION
  [1070] RESHAPE
  [1071] RESHAPE
  [1072] SLICE
  [1073] SLICE
  [1074] MUL
  [1075] MUL
  [1076] SUB
  [1077] MUL
  [1078] MUL
  [1079] ADD
  [1080] CONCATENATION
  [1081] RESHAPE
  [1082] DYNAMIC_UPDATE_SLICE
  [1083] DYNAMIC_UPDATE_SLICE
  [1084] STABLEHLO_COMPOSITE  (→ Subgraph 11: odml.scaled_dot_product_attention.impl_4)
   --------------------------------
    Subgraph 11: odml.scaled_dot_product_attention.impl_4 (Total Nodes: 19, Including Nested: 19, STABLEHLO_COMPOSITE: 0)
      [0000] TRANSPOSE
      [0001] TRANSPOSE
      [0002] RESHAPE
      [0003] BROADCAST_TO
      [0004] RESHAPE
      [0005] RESHAPE
      [0006] BROADCAST_TO
      [0007] MUL
      [0008] MUL
      [0009] TRANSPOSE
      [0010] RESHAPE
      [0011] RESHAPE
      [0012] BATCH_MATMUL
      [0013] ADD
      [0014] SOFTMAX
      [0015] RESHAPE
      [0016] RESHAPE
      [0017] BATCH_MATMUL
      [0018] RESHAPE
   --------------------------------
  [1085] RESHAPE
  [1086] FULLY_CONNECTED
  [1087] ADD
  [1088] MUL
  [1089] SUM
  [1090] MUL
  [1091] ADD
  [1092] RSQRT
  [1093] MUL
  [1094] MUL
  [1095] FULLY_CONNECTED
  [1096] LOGISTIC
  [1097] MUL
  [1098] FULLY_CONNECTED
  [1099] MUL
  [1100] FULLY_CONNECTED
  [1101] ADD
  [1102] MUL
  [1103] SUM
  [1104] MUL
  [1105] ADD
  [1106] RSQRT
  [1107] MUL
  [1108] MUL
  [1109] FULLY_CONNECTED
  [1110] RESHAPE
  [1111] SLICE
  [1112] SLICE
  [1113] SLICE
  [1114] RESHAPE
  [1115] SLICE
  [1116] SLICE
  [1117] MUL
  [1118] MUL
  [1119] SUB
  [1120] MUL
  [1121] MUL
  [1122] ADD
  [1123] CONCATENATION
  [1124] RESHAPE
  [1125] RESHAPE
  [1126] SLICE
  [1127] SLICE
  [1128] MUL
  [1129] MUL
  [1130] SUB
  [1131] MUL
  [1132] MUL
  [1133] ADD
  [1134] CONCATENATION
  [1135] RESHAPE
  [1136] DYNAMIC_UPDATE_SLICE
  [1137] DYNAMIC_UPDATE_SLICE
  [1138] STABLEHLO_COMPOSITE  (→ Subgraph 10: odml.scaled_dot_product_attention.impl_3)
   --------------------------------
    Subgraph 10: odml.scaled_dot_product_attention.impl_3 (Total Nodes: 19, Including Nested: 19, STABLEHLO_COMPOSITE: 0)
      [0000] TRANSPOSE
      [0001] TRANSPOSE
      [0002] RESHAPE
      [0003] BROADCAST_TO
      [0004] RESHAPE
      [0005] RESHAPE
      [0006] BROADCAST_TO
      [0007] MUL
      [0008] MUL
      [0009] TRANSPOSE
      [0010] RESHAPE
      [0011] RESHAPE
      [0012] BATCH_MATMUL
      [0013] ADD
      [0014] SOFTMAX
      [0015] RESHAPE
      [0016] RESHAPE
      [0017] BATCH_MATMUL
      [0018] RESHAPE
   --------------------------------
  [1139] RESHAPE
  [1140] FULLY_CONNECTED
  [1141] ADD
  [1142] MUL
  [1143] SUM
  [1144] MUL
  [1145] ADD
  [1146] RSQRT
  [1147] MUL
  [1148] MUL
  [1149] FULLY_CONNECTED
  [1150] LOGISTIC
  [1151] MUL
  [1152] FULLY_CONNECTED
  [1153] MUL
  [1154] FULLY_CONNECTED
  [1155] ADD
  [1156] MUL
  [1157] SUM
  [1158] MUL
  [1159] ADD
  [1160] RSQRT
  [1161] MUL
  [1162] MUL
  [1163] FULLY_CONNECTED
  [1164] RESHAPE
  [1165] SLICE
  [1166] SLICE
  [1167] SLICE
  [1168] RESHAPE
  [1169] SLICE
  [1170] SLICE
  [1171] MUL
  [1172] MUL
  [1173] SUB
  [1174] MUL
  [1175] MUL
  [1176] ADD
  [1177] CONCATENATION
  [1178] RESHAPE
  [1179] RESHAPE
  [1180] SLICE
  [1181] SLICE
  [1182] MUL
  [1183] MUL
  [1184] SUB
  [1185] MUL
  [1186] MUL
  [1187] ADD
  [1188] CONCATENATION
  [1189] RESHAPE
  [1190] DYNAMIC_UPDATE_SLICE
  [1191] DYNAMIC_UPDATE_SLICE
  [1192] STABLEHLO_COMPOSITE  (→ Subgraph 8: odml.scaled_dot_product_attention.impl_1)
   --------------------------------
    Subgraph 8: odml.scaled_dot_product_attention.impl_1 (Total Nodes: 19, Including Nested: 19, STABLEHLO_COMPOSITE: 0)
      [0000] TRANSPOSE
      [0001] TRANSPOSE
      [0002] RESHAPE
      [0003] BROADCAST_TO
      [0004] RESHAPE
      [0005] RESHAPE
      [0006] BROADCAST_TO
      [0007] MUL
      [0008] MUL
      [0009] TRANSPOSE
      [0010] RESHAPE
      [0011] RESHAPE
      [0012] BATCH_MATMUL
      [0013] ADD
      [0014] SOFTMAX
      [0015] RESHAPE
      [0016] RESHAPE
      [0017] BATCH_MATMUL
      [0018] RESHAPE
   --------------------------------
  [1193] RESHAPE
  [1194] FULLY_CONNECTED
  [1195] ADD
  [1196] MUL
  [1197] SUM
  [1198] MUL
  [1199] ADD
  [1200] RSQRT
  [1201] MUL
  [1202] MUL
  [1203] FULLY_CONNECTED
  [1204] LOGISTIC
  [1205] MUL
  [1206] FULLY_CONNECTED
  [1207] MUL
  [1208] FULLY_CONNECTED
  [1209] ADD
  [1210] MUL
  [1211] SUM
  [1212] MUL
  [1213] ADD
  [1214] RSQRT
  [1215] MUL
  [1216] MUL
  [1217] FULLY_CONNECTED
  [1218] RESHAPE
  [1219] SLICE
  [1220] SLICE
  [1221] SLICE
  [1222] RESHAPE
  [1223] SLICE
  [1224] SLICE
  [1225] MUL
  [1226] MUL
  [1227] SUB
  [1228] MUL
  [1229] MUL
  [1230] ADD
  [1231] CONCATENATION
  [1232] RESHAPE
  [1233] RESHAPE
  [1234] SLICE
  [1235] SLICE
  [1236] MUL
  [1237] MUL
  [1238] SUB
  [1239] MUL
  [1240] MUL
  [1241] ADD
  [1242] CONCATENATION
  [1243] RESHAPE
  [1244] DYNAMIC_UPDATE_SLICE
  [1245] DYNAMIC_UPDATE_SLICE
  [1246] STABLEHLO_COMPOSITE  (→ Subgraph 7: odml.scaled_dot_product_attention.impl_0)
   --------------------------------
    Subgraph 7: odml.scaled_dot_product_attention.impl_0 (Total Nodes: 19, Including Nested: 19, STABLEHLO_COMPOSITE: 0)
      [0000] TRANSPOSE
      [0001] TRANSPOSE
      [0002] RESHAPE
      [0003] BROADCAST_TO
      [0004] RESHAPE
      [0005] RESHAPE
      [0006] BROADCAST_TO
      [0007] MUL
      [0008] MUL
      [0009] TRANSPOSE
      [0010] RESHAPE
      [0011] RESHAPE
      [0012] BATCH_MATMUL
      [0013] ADD
      [0014] SOFTMAX
      [0015] RESHAPE
      [0016] RESHAPE
      [0017] BATCH_MATMUL
      [0018] RESHAPE
   --------------------------------
  [1247] RESHAPE
  [1248] FULLY_CONNECTED
  [1249] ADD
  [1250] MUL
  [1251] SUM
  [1252] MUL
  [1253] ADD
  [1254] RSQRT
  [1255] MUL
  [1256] MUL
  [1257] FULLY_CONNECTED
  [1258] LOGISTIC
  [1259] MUL
  [1260] FULLY_CONNECTED
  [1261] MUL
  [1262] FULLY_CONNECTED
  [1263] ADD
  [1264] MUL
  [1265] SUM
  [1266] MUL
  [1267] ADD
  [1268] RSQRT
  [1269] MUL
  [1270] MUL
  [1271] FULLY_CONNECTED
  [1272] RESHAPE
  [1273] SLICE
  [1274] SLICE
  [1275] SLICE
  [1276] RESHAPE
  [1277] SLICE
  [1278] SLICE
  [1279] MUL
  [1280] MUL
  [1281] SUB
  [1282] MUL
  [1283] MUL
  [1284] ADD
  [1285] CONCATENATION
  [1286] RESHAPE
  [1287] RESHAPE
  [1288] SLICE
  [1289] SLICE
  [1290] MUL
  [1291] MUL
  [1292] SUB
  [1293] MUL
  [1294] MUL
  [1295] ADD
  [1296] CONCATENATION
  [1297] RESHAPE
  [1298] DYNAMIC_UPDATE_SLICE
  [1299] DYNAMIC_UPDATE_SLICE
  [1300] STABLEHLO_COMPOSITE  (→ Subgraph 6: odml.scaled_dot_product_attention.impl)
   --------------------------------
    Subgraph 6: odml.scaled_dot_product_attention.impl (Total Nodes: 19, Including Nested: 19, STABLEHLO_COMPOSITE: 0)
      [0000] TRANSPOSE
      [0001] TRANSPOSE
      [0002] RESHAPE
      [0003] BROADCAST_TO
      [0004] RESHAPE
      [0005] RESHAPE
      [0006] BROADCAST_TO
      [0007] MUL
      [0008] MUL
      [0009] TRANSPOSE
      [0010] RESHAPE
      [0011] RESHAPE
      [0012] BATCH_MATMUL
      [0013] ADD
      [0014] SOFTMAX
      [0015] RESHAPE
      [0016] RESHAPE
      [0017] BATCH_MATMUL
      [0018] RESHAPE
   --------------------------------
  [1301] RESHAPE
  [1302] FULLY_CONNECTED
  [1303] ADD
  [1304] MUL
  [1305] SUM
  [1306] MUL
  [1307] ADD
  [1308] RSQRT
  [1309] MUL
  [1310] MUL
  [1311] FULLY_CONNECTED
  [1312] LOGISTIC
  [1313] MUL
  [1314] FULLY_CONNECTED
  [1315] MUL
  [1316] FULLY_CONNECTED
  [1317] ADD
  [1318] MUL
  [1319] SUM
  [1320] MUL
  [1321] ADD
  [1322] RSQRT
  [1323] MUL
  [1324] MUL
  [1325] FULLY_CONNECTED
  [1326] RESHAPE
  [1327] SLICE
  [1328] SLICE
  [1329] SLICE
  [1330] RESHAPE
  [1331] SLICE
  [1332] SLICE
  [1333] MUL
  [1334] MUL
  [1335] SUB
  [1336] MUL
  [1337] MUL
  [1338] ADD
  [1339] CONCATENATION
  [1340] RESHAPE
  [1341] RESHAPE
  [1342] SLICE
  [1343] SLICE
  [1344] MUL
  [1345] MUL
  [1346] SUB
  [1347] MUL
  [1348] MUL
  [1349] ADD
  [1350] CONCATENATION
  [1351] RESHAPE
  [1352] DYNAMIC_UPDATE_SLICE
  [1353] DYNAMIC_UPDATE_SLICE
  [1354] STABLEHLO_COMPOSITE  (→ Subgraph 29: odml.scaled_dot_product_attention.impl_22)
   --------------------------------
    Subgraph 29: odml.scaled_dot_product_attention.impl_22 (Total Nodes: 19, Including Nested: 19, STABLEHLO_COMPOSITE: 0)
      [0000] TRANSPOSE
      [0001] TRANSPOSE
      [0002] RESHAPE
      [0003] BROADCAST_TO
      [0004] RESHAPE
      [0005] RESHAPE
      [0006] BROADCAST_TO
      [0007] MUL
      [0008] MUL
      [0009] TRANSPOSE
      [0010] RESHAPE
      [0011] RESHAPE
      [0012] BATCH_MATMUL
      [0013] ADD
      [0014] SOFTMAX
      [0015] RESHAPE
      [0016] RESHAPE
      [0017] BATCH_MATMUL
      [0018] RESHAPE
   --------------------------------
  [1355] RESHAPE
  [1356] FULLY_CONNECTED
  [1357] ADD
  [1358] MUL
  [1359] SUM
  [1360] MUL
  [1361] ADD
  [1362] RSQRT
  [1363] MUL
  [1364] MUL
  [1365] FULLY_CONNECTED
  [1366] LOGISTIC
  [1367] MUL
  [1368] FULLY_CONNECTED
  [1369] MUL
  [1370] FULLY_CONNECTED
  [1371] ADD
  [1372] MUL
  [1373] SUM
  [1374] MUL
  [1375] ADD
  [1376] RSQRT
  [1377] MUL
  [1378] MUL
  [1379] FULLY_CONNECTED
  [1380] RESHAPE
  [1381] SLICE
  [1382] SLICE
  [1383] SLICE
  [1384] RESHAPE
  [1385] SLICE
  [1386] SLICE
  [1387] MUL
  [1388] MUL
  [1389] SUB
  [1390] MUL
  [1391] MUL
  [1392] ADD
  [1393] CONCATENATION
  [1394] RESHAPE
  [1395] RESHAPE
  [1396] SLICE
  [1397] SLICE
  [1398] MUL
  [1399] MUL
  [1400] SUB
  [1401] MUL
  [1402] MUL
  [1403] ADD
  [1404] CONCATENATION
  [1405] RESHAPE
  [1406] DYNAMIC_UPDATE_SLICE
  [1407] DYNAMIC_UPDATE_SLICE
  [1408] STABLEHLO_COMPOSITE  (→ Subgraph 18: odml.scaled_dot_product_attention.impl_11)
   --------------------------------
    Subgraph 18: odml.scaled_dot_product_attention.impl_11 (Total Nodes: 19, Including Nested: 19, STABLEHLO_COMPOSITE: 0)
      [0000] TRANSPOSE
      [0001] TRANSPOSE
      [0002] RESHAPE
      [0003] BROADCAST_TO
      [0004] RESHAPE
      [0005] RESHAPE
      [0006] BROADCAST_TO
      [0007] MUL
      [0008] MUL
      [0009] TRANSPOSE
      [0010] RESHAPE
      [0011] RESHAPE
      [0012] BATCH_MATMUL
      [0013] ADD
      [0014] SOFTMAX
      [0015] RESHAPE
      [0016] RESHAPE
      [0017] BATCH_MATMUL
      [0018] RESHAPE
   --------------------------------
  [1409] RESHAPE
  [1410] FULLY_CONNECTED
  [1411] ADD
  [1412] MUL
  [1413] SUM
  [1414] MUL
  [1415] ADD
  [1416] RSQRT
  [1417] MUL
  [1418] MUL
  [1419] FULLY_CONNECTED
  [1420] LOGISTIC
  [1421] MUL
  [1422] FULLY_CONNECTED
  [1423] MUL
  [1424] FULLY_CONNECTED
  [1425] ADD
  [1426] MUL
  [1427] SUM
  [1428] MUL
  [1429] ADD
  [1430] RSQRT
  [1431] MUL
  [1432] MUL
  [1433] FULLY_CONNECTED
  [1434] RESHAPE
  [1435] SLICE
  [1436] SLICE
  [1437] SLICE
  [1438] RESHAPE
  [1439] SLICE
  [1440] SLICE
  [1441] MUL
  [1442] MUL
  [1443] SUB
  [1444] MUL
  [1445] MUL
  [1446] ADD
  [1447] CONCATENATION
  [1448] RESHAPE
  [1449] RESHAPE
  [1450] SLICE
  [1451] SLICE
  [1452] MUL
  [1453] MUL
  [1454] SUB
  [1455] MUL
  [1456] MUL
  [1457] ADD
  [1458] CONCATENATION
  [1459] RESHAPE
  [1460] DYNAMIC_UPDATE_SLICE
  [1461] DYNAMIC_UPDATE_SLICE
  [1462] STABLEHLO_COMPOSITE  (→ Subgraph 17: odml.scaled_dot_product_attention.impl_10)
   --------------------------------
    Subgraph 17: odml.scaled_dot_product_attention.impl_10 (Total Nodes: 19, Including Nested: 19, STABLEHLO_COMPOSITE: 0)
      [0000] TRANSPOSE
      [0001] TRANSPOSE
      [0002] RESHAPE
      [0003] BROADCAST_TO
      [0004] RESHAPE
      [0005] RESHAPE
      [0006] BROADCAST_TO
      [0007] MUL
      [0008] MUL
      [0009] TRANSPOSE
      [0010] RESHAPE
      [0011] RESHAPE
      [0012] BATCH_MATMUL
      [0013] ADD
      [0014] SOFTMAX
      [0015] RESHAPE
      [0016] RESHAPE
      [0017] BATCH_MATMUL
      [0018] RESHAPE
   --------------------------------
  [1463] RESHAPE
  [1464] FULLY_CONNECTED
  [1465] ADD
  [1466] MUL
  [1467] SUM
  [1468] MUL
  [1469] ADD
  [1470] RSQRT
  [1471] MUL
  [1472] MUL
  [1473] FULLY_CONNECTED
  [1474] LOGISTIC
  [1475] MUL
  [1476] FULLY_CONNECTED
  [1477] MUL
  [1478] FULLY_CONNECTED
  [1479] ADD
  [1480] MUL
  [1481] SUM
  [1482] MUL
  [1483] ADD
  [1484] RSQRT
  [1485] MUL
  [1486] MUL
  [1487] FULLY_CONNECTED
  [1488] RESHAPE
  [1489] SLICE
  [1490] SLICE
  [1491] SLICE
  [1492] RESHAPE
  [1493] SLICE
  [1494] SLICE
  [1495] MUL
  [1496] MUL
  [1497] SUB
  [1498] MUL
  [1499] MUL
  [1500] ADD
  [1501] CONCATENATION
  [1502] RESHAPE
  [1503] RESHAPE
  [1504] SLICE
  [1505] SLICE
  [1506] MUL
  [1507] MUL
  [1508] SUB
  [1509] MUL
  [1510] MUL
  [1511] ADD
  [1512] CONCATENATION
  [1513] RESHAPE
  [1514] DYNAMIC_UPDATE_SLICE
  [1515] DYNAMIC_UPDATE_SLICE
  [1516] STABLEHLO_COMPOSITE  (→ Subgraph 9: odml.scaled_dot_product_attention.impl_2)
   --------------------------------
    Subgraph 9: odml.scaled_dot_product_attention.impl_2 (Total Nodes: 19, Including Nested: 19, STABLEHLO_COMPOSITE: 0)
      [0000] TRANSPOSE
      [0001] TRANSPOSE
      [0002] RESHAPE
      [0003] BROADCAST_TO
      [0004] RESHAPE
      [0005] RESHAPE
      [0006] BROADCAST_TO
      [0007] MUL
      [0008] MUL
      [0009] TRANSPOSE
      [0010] RESHAPE
      [0011] RESHAPE
      [0012] BATCH_MATMUL
      [0013] ADD
      [0014] SOFTMAX
      [0015] RESHAPE
      [0016] RESHAPE
      [0017] BATCH_MATMUL
      [0018] RESHAPE
   --------------------------------
  [1517] RESHAPE
  [1518] FULLY_CONNECTED
  [1519] ADD
  [1520] MUL
  [1521] SUM
  [1522] MUL
  [1523] ADD
  [1524] RSQRT
  [1525] MUL
  [1526] MUL
  [1527] FULLY_CONNECTED
  [1528] LOGISTIC
  [1529] MUL
  [1530] FULLY_CONNECTED
  [1531] MUL
  [1532] FULLY_CONNECTED
  [1533] ADD
  [1534] MUL
  [1535] SUM
  [1536] MUL
  [1537] ADD
  [1538] RSQRT
  [1539] MUL
  [1540] MUL
  [1541] FULLY_CONNECTED
