t_mono_ns,power_mW,src,valid
278274103182139,1073.230,batt,1
278274153183226,1073.230,batt,1
278274203181917,1073.230,batt,1
278274253184306,1073.230,batt,1
278274303184559,481.039,batt,1
278274353186531,481.039,batt,1
278274403187150,481.039,batt,1
278274453184643,481.039,batt,1
278274503186563,481.039,batt,1
278274553186140,452.893,batt,1
278274603185612,452.893,batt,1
278274653186907,452.893,batt,1
278274703186432,452.893,batt,1
278274753184446,452.893,batt,1
278274803187043,522.444,batt,1
278274853186463,522.444,batt,1
278274903186665,522.444,batt,1
278274953188116,522.444,batt,1
278275003185766,522.444,batt,1
278275053212789,2440.815,batt,1
278275103185648,2440.815,batt,1
278275153188766,2440.815,batt,1
278275203186936,2440.815,batt,1
278275253187502,2440.815,batt,1
278275303186922,2490.431,batt,1
278275353187436,2490.431,batt,1
278275403187430,2490.431,batt,1
278275453187006,2490.431,batt,1
278275503184916,2490.431,batt,1
278275553184440,794.986,batt,1
278275603184850,794.986,batt,1
278275653185312,794.986,batt,1
278275703184368,794.986,batt,1
278275753184725,794.986,batt,1
278275803184667,544.443,batt,1
278275853184243,544.443,batt,1
278275903185695,544.443,batt,1
278275953185896,544.443,batt,1
278276003185420,544.443,batt,1
278276053187184,517.546,batt,1
278276103187230,517.546,batt,1
278276153186181,517.546,batt,1
278276203184612,517.546,batt,1
278276253184813,517.546,batt,1
278276303187202,446.765,batt,1
278276353185268,446.765,batt,1
278276403184949,446.765,batt,1
278276453187807,446.765,batt,1
278276503186394,446.765,batt,1
278276553187533,426.008,batt,1
278276603187057,426.008,batt,1
278276653187050,426.008,batt,1
278276703186106,426.008,batt,1
278276753185526,426.008,batt,1
278276803185884,476.097,batt,1
278276853186919,476.097,batt,1
278276903187068,476.097,batt,1
278276953185186,476.097,batt,1
278277003185909,476.097,batt,1
278277053186110,512.774,batt,1
278277103186937,512.774,batt,1
278277153188023,512.774,batt,1
278277203186506,512.774,batt,1
278277253185354,512.774,batt,1
278277303187638,803.559,batt,1
278277353186121,803.559,batt,1
278277403185854,803.559,batt,1
278277453185639,803.559,batt,1
278277503185059,803.559,batt,1
278277553188438,1472.474,batt,1
278277603186295,1472.474,batt,1
278277653186445,1472.474,batt,1
278277703189094,1472.474,batt,1
278277753188202,1472.474,batt,1
278277803185539,2238.671,batt,1
278277853187511,2238.671,batt,1
278277903186358,2238.671,batt,1
278277953186925,2238.671,batt,1
278278003187022,2238.671,batt,1
278278053187119,2242.353,batt,1
278278103186748,2242.353,batt,1
278278153184241,2242.353,batt,1
278278203184234,nan,none,0
278280252411217,nan,none,0
278284348306666,nan,none,0
278288444311435,nan,none,0
278292540207926,nan,none,0
278296636395085,nan,none,0
278300732460008,nan,none,0
278304828421237,nan,none,0
278308924365174,nan,none,0
278313020290154,nan,none,0
278317116246799,nan,none,0
278321212373699,nan,none,0
278325308434873,nan,none,0
278331452343800,nan,none,0
278337596355172,nan,none,0
278341692330358,nan,none,0
278345788370595,nan,none,0
278349884212920,nan,none,0
278353984346679,nan,none,0
278358076348652,nan,none,0
278362172473522,nan,none,0
278366268265224,nan,none,0
278370364381135,nan,none,0
278374460443871,nan,none,0
278378556278645,nan,none,0
278382652580436,nan,none,0
278386748385784,nan,none,0
278390844293524,nan,none,0
278394940224598,nan,none,0
278399036324103,nan,none,0
278403132955468,2242.602,hwmon,1
278407137321559,2227.261,batt,1
278407388837625,2227.478,batt,1
278407883744065,675.064,batt,1
278407908815752,710.401,batt,1
278408112581808,710.470,batt,1
278408113535321,710.470,batt,1
278408115653382,710.470,batt,1
278408221436474,710.470,batt,1
278408240469750,710.470,batt,1
278408261805822,710.470,batt,1
278408297476614,689.753,batt,1
278408409492590,689.686,batt,1
278408415918749,689.686,batt,1
278408436980558,689.686,batt,1
278408444122164,689.686,batt,1
278408461243832,689.686,batt,1
278408488911586,689.686,batt,1
278408502591796,689.686,batt,1
278408530151741,689.686,batt,1
278408535391530,689.686,batt,1
278408544403132,689.686,batt,1
278408548220047,689.686,batt,1
278408564676214,719.074,batt,1
278408591761955,719.074,batt,1
278408593901994,719.074,batt,1
278408621755264,719.074,batt,1
278408636518930,719.074,batt,1
278408654303338,719.074,batt,1
278408676702815,719.074,batt,1
278408683159702,719.074,batt,1
278408683735466,719.074,batt,1
278408699998618,719.074,batt,1
278408705065183,719.074,batt,1
278408749256811,719.074,batt,1
278408750333081,719.074,batt,1
278408763097225,719.074,batt,1
278408775868400,719.074,batt,1
278408777858704,719.074,batt,1
278408783027297,719.074,batt,1
278408801469237,752.091,batt,1
278408818145398,752.091,batt,1
278408831759985,752.091,batt,1
278408850563789,752.091,batt,1
278408851699588,752.091,batt,1
278408854801108,752.091,batt,1
278408863697818,752.091,batt,1
278408865642082,752.091,batt,1
278408890321749,752.091,batt,1
278408891197660,752.091,batt,1
278408893181923,752.091,batt,1
278408900434359,752.091,batt,1
278408914733977,752.091,batt,1
278408916639492,752.091,batt,1
278408923207314,752.091,batt,1
278408925422299,752.091,batt,1
278408946191356,752.091,batt,1
278408950414301,752.091,batt,1
278408970117713,752.091,batt,1
278408972626439,752.091,batt,1
278408977900446,752.091,batt,1
278408981083422,752.091,batt,1
278408986636952,752.091,batt,1
278409006369842,752.091,batt,1
278409012917612,752.091,batt,1
278409015594198,752.091,batt,1
278409023868270,752.091,batt,1
278409025605925,752.091,batt,1
278409036210291,752.091,batt,1
278409071692964,786.336,batt,1
278409073619416,786.336,batt,1
278409076781612,786.336,batt,1
278409087096351,786.336,batt,1
278409090096364,786.336,batt,1
278409090923422,786.336,batt,1
278409092736753,786.336,batt,1
278409100388292,786.336,batt,1
278409111653210,786.336,batt,1
278409119136160,786.336,batt,1
278409123678418,786.336,batt,1
278409136451937,786.336,batt,1
278409141647925,786.336,batt,1
278409147049167,786.336,batt,1
278409162910405,786.336,batt,1
278409179426518,786.336,batt,1
278409185872416,786.336,batt,1
278409202154787,786.336,batt,1
278409203246212,786.336,batt,1
278409203972336,786.336,batt,1
278409208566832,786.336,batt,1
278409225326896,786.336,batt,1
278409229448438,786.336,batt,1
278409243927321,786.336,batt,1
278409258944991,786.336,batt,1
278409259886837,786.336,batt,1
278409263304233,786.336,batt,1
278409265884467,786.336,batt,1
278409266676683,786.336,batt,1
278409273963597,786.336,batt,1
278409275832811,786.336,batt,1
278409280735058,786.336,batt,1
278409283730540,786.336,batt,1
278409284484476,786.336,batt,1
278409296549683,786.336,batt,1
278409301254488,786.336,batt,1
278409311762398,763.134,batt,1
278409313980195,763.134,batt,1
278409323681568,763.134,batt,1
278409326958083,763.134,batt,1
278409339917638,763.134,batt,1
278409344467864,763.134,batt,1
278409345449970,763.134,batt,1
278409353752426,763.134,batt,1
278409360196918,763.134,batt,1
278409367952985,763.134,batt,1
278409376911307,763.134,batt,1
278409382570718,763.134,batt,1
278409391553310,763.134,batt,1
278409396838202,763.134,batt,1
278409401743991,763.134,batt,1
278409403010515,763.134,batt,1
278409418620614,763.134,batt,1
278409421794111,763.134,batt,1
278409428396255,763.134,batt,1
278409430350935,763.134,batt,1
278409434781113,763.134,batt,1
278409441387371,763.134,batt,1
278409448991411,763.134,batt,1
278409455324344,763.134,batt,1
278409462431993,763.134,batt,1
278409470156185,763.134,batt,1
278409470880486,763.134,batt,1
278409477408309,763.134,batt,1
278409481484748,763.134,batt,1
278409487657009,763.134,batt,1
278409494947725,763.134,batt,1
278409496090294,763.134,batt,1
278409505286369,763.134,batt,1
278409511713049,763.134,batt,1
278409514361459,763.134,batt,1
278409520555021,763.134,batt,1
278409523502223,763.134,batt,1
278409532064932,763.134,batt,1
278409536466621,763.134,batt,1
278409544090296,763.134,batt,1
278409548143871,763.134,batt,1
278409550431874,763.134,batt,1
278409554114836,899.669,batt,1
278409565455585,900.151,batt,1
278409566309986,900.151,batt,1
278409573163372,900.151,batt,1
278409574015326,900.151,batt,1
278409574741449,900.151,batt,1
278409575295860,900.151,batt,1
278409592513566,900.151,batt,1
278409593404633,900.151,batt,1
278409594286273,900.151,batt,1
278409602066453,900.151,batt,1
278409603061632,900.151,batt,1
278409603941084,900.151,batt,1
278409604838140,900.151,batt,1
278409605400311,900.151,batt,1
278409611854177,900.151,batt,1
278409612623216,900.151,batt,1
278409613587614,900.151,batt,1
278409614465036,900.151,batt,1
278409615338238,900.151,batt,1
278409615901919,900.151,batt,1
278409627920669,900.151,batt,1
278409628829808,900.151,batt,1
278409629700719,900.151,batt,1
278409632255694,900.151,batt,1
278409636416713,900.151,batt,1
278409637296530,900.151,batt,1
278409638151713,900.151,batt,1
278409645815595,900.151,batt,1
278409646792544,900.151,batt,1
278409647663716,900.151,batt,1
278409648549105,900.151,batt,1
278409658623800,900.151,batt,1
278409659511117,900.151,batt,1
278409660404892,900.151,batt,1
278409666527674,900.151,batt,1
278409667082189,900.151,batt,1
278409667642172,900.151,batt,1
278409668214602,900.151,batt,1
278409678888862,900.151,batt,1
278409679439418,900.151,batt,1
278409679996224,900.151,batt,1
278409693570760,900.151,batt,1
278409694441671,900.151,batt,1
278409695320967,900.151,batt,1
278409696207138,900.151,batt,1
278409696785142,900.151,batt,1
278409706626458,900.151,batt,1
278409707496379,900.151,batt,1
278409708405102,900.151,batt,1
278409709135392,900.151,batt,1
278409716484127,900.151,batt,1
278409717043381,900.151,batt,1
278409721048208,900.151,batt,1
278409725886811,900.151,batt,1
278409726767565,900.151,batt,1
278409727492231,900.151,batt,1
278409735920777,900.151,batt,1
278409736942204,900.151,batt,1
278409737825928,900.151,batt,1
278409738711265,900.151,batt,1
278409744863474,900.151,batt,1
278409745438092,900.151,batt,1
278409746002971,900.151,batt,1
278409754406831,900.151,batt,1
278409755444872,900.151,batt,1
278409756335574,900.151,batt,1
278409757229141,900.151,batt,1
278409757963650,900.151,batt,1
278409758523477,900.151,batt,1
278409767195609,900.151,batt,1
278409768093030,900.151,batt,1
278409768973889,900.151,batt,1
278409769697252,900.151,batt,1
278409779731843,900.151,batt,1
278409780618639,900.151,batt,1
278409781498561,900.151,batt,1
278409782234476,900.151,batt,1
278409786872877,900.151,batt,1
278409787426558,900.151,batt,1
278409787994249,900.151,batt,1
278409788570534,900.151,batt,1
278409792668326,900.151,batt,1
278409796569093,900.151,batt,1
278409797456931,900.151,batt,1
278409798327217,900.151,batt,1
278409798893397,756.225,batt,1
278409806645818,755.783,batt,1
278409807526990,755.783,batt,1
278409808414931,755.783,batt,1
278409813209786,755.783,batt,1
278409813759925,755.783,batt,1
278409814316523,755.783,batt,1
278409814870881,755.783,batt,1
278409818172396,755.783,batt,1
278409819040755,755.783,batt,1
278409819917655,755.783,batt,1
278409820860960,755.783,batt,1
278409827590860,755.783,batt,1
278409828490364,755.783,batt,1
278409829355338,755.783,batt,1
278409859642231,755.783,batt,1
278409860639701,755.783,batt,1
278409861511393,755.783,batt,1
278409862369023,755.783,batt,1
278409869981865,755.783,batt,1
278409870860432,755.783,batt,1
278409871738218,755.783,batt,1
278409880421392,755.783,batt,1
278409881163401,755.783,batt,1
278409881727603,755.783,batt,1
278409882292690,755.783,batt,1
278409892317958,755.783,batt,1
278409893205952,755.783,batt,1
278409894088738,755.783,batt,1
278409894661220,755.783,batt,1
278409897290516,755.783,batt,1
278409897849457,755.783,batt,1
278409898414440,755.783,batt,1
278409898970725,755.783,batt,1
278409907203079,755.783,batt,1
278409908102688,755.783,batt,1
278409908991931,755.783,batt,1
278409912111576,755.783,batt,1
278409913097276,755.783,batt,1
278409913979957,755.783,batt,1
278409914860660,755.783,batt,1
278409924604947,755.783,batt,1
278409927629230,755.783,batt,1
278409928525193,755.783,batt,1
278409929392250,755.783,batt,1
278409929960410,755.783,batt,1
278409935983300,755.783,batt,1
278409936886293,755.783,batt,1
278409937755382,755.783,batt,1
278409946329340,755.783,batt,1
278409947205355,755.783,batt,1
278409947936479,755.783,batt,1
278409948849420,755.783,batt,1
278409953027054,755.783,batt,1
278409953586255,755.783,batt,1
278409954149259,755.783,batt,1
278409960562658,755.783,batt,1
278409961443413,755.783,batt,1
278409962313595,755.783,batt,1
278409963185287,755.783,batt,1
278409969258019,755.783,batt,1
278409970139399,755.783,batt,1
278409971009477,755.783,batt,1
278409977599277,755.783,batt,1
278409978489406,755.783,batt,1
278409979367035,755.783,batt,1
278409980267529,755.783,batt,1
278409989542768,755.783,batt,1
278409990418054,755.783,batt,1
278409991283757,755.783,batt,1
278409992406640,755.783,batt,1
278409998396302,755.783,batt,1
278409999281640,755.783,batt,1
278410000158592,755.783,batt,1
278410000881539,755.783,batt,1
278410004369298,755.783,batt,1
278410004919177,755.783,batt,1
278410005483587,755.783,batt,1
278410006040601,755.783,batt,1
278410011248620,755.783,batt,1
278410011800426,755.783,batt,1
278410012545560,755.783,batt,1
278410013416106,755.783,batt,1
278410017516555,755.783,batt,1
278410022685565,755.783,batt,1
278410023566059,755.783,batt,1
278410024200467,755.783,batt,1
278410025071169,755.783,batt,1
278410029662020,755.783,batt,1
278410030529129,755.783,batt,1
278410031100518,755.783,batt,1
278410031657220,755.783,batt,1
278410034285786,755.783,batt,1
278410034841498,755.783,batt,1
278410035400491,755.783,batt,1
278410043894452,755.783,batt,1
278410044947910,755.783,batt,1
278410045828248,755.783,batt,1
278410046711450,755.783,batt,1
278410054174713,781.383,batt,1
278410054745009,781.535,batt,1
278410055306502,781.535,batt,1
278410061355173,781.535,batt,1
278410062322227,781.535,batt,1
278410062891949,781.535,batt,1
278410063446099,781.535,batt,1
278410065017041,781.535,batt,1
278410065581346,781.535,batt,1
278410066142736,781.535,batt,1
278410071965944,781.535,batt,1
278410072665611,781.535,batt,1
278410073225333,781.535,batt,1
278410073784118,781.535,batt,1
278410076940012,781.535,batt,1
278410077500151,781.535,batt,1
278410078056593,781.535,batt,1
278410085678289,781.535,batt,1
278410086476546,781.535,batt,1
278410087036997,781.535,batt,1
278410087595783,781.535,batt,1
278410093742940,781.535,batt,1
278410094621715,781.535,batt,1
278410095495126,781.535,batt,1
278410096391193,781.535,batt,1
278410099663333,781.535,batt,1
278410100236441,781.535,batt,1
278410100794184,781.535,batt,1
278410103775812,781.535,batt,1
278410104401314,781.535,batt,1
278410104956297,781.535,batt,1
278410105513051,781.535,batt,1
278410112433779,781.535,batt,1
278410113341095,781.535,batt,1
278410114215391,781.535,batt,1
278410116586622,781.535,batt,1
278410118891239,781.535,batt,1
278410119774389,781.535,batt,1
278410120651967,781.535,batt,1
278410125429009,781.535,batt,1
278410125991597,781.535,batt,1
278410126550642,781.535,batt,1
278410127102188,781.535,batt,1
278410138385648,781.535,batt,1
278410139268277,781.535,batt,1
278410140136167,781.535,batt,1
278410144085839,781.535,batt,1
278410144947376,781.535,batt,1
278410145510536,781.535,batt,1
278410146067081,781.535,batt,1
278410148421124,781.535,batt,1
278410148991263,781.535,batt,1
278410149548278,781.535,batt,1
278410155141493,781.535,batt,1
278410155698872,781.535,batt,1
278410156277240,781.535,batt,1
278410156831911,781.535,batt,1
278410162025503,781.535,batt,1
278410162571684,781.535,batt,1
278410163128490,781.535,batt,1
278410163683994,781.535,batt,1
278410171285222,781.535,batt,1
278410172152123,781.535,batt,1
278410173025794,781.535,batt,1
278410173750876,781.535,batt,1
278410183090333,781.535,batt,1
278410183970514,781.535,batt,1
278410184868820,781.535,batt,1
278410185733638,781.535,batt,1
278410188830575,781.535,batt,1
278410189386079,781.535,batt,1
278410189945906,781.535,batt,1
278410192244169,781.535,batt,1
278410192784361,781.535,batt,1
278410193340803,781.535,batt,1
278410193901723,781.535,batt,1
278410196126083,781.535,batt,1
278410197064804,781.535,batt,1
278410197945194,781.535,batt,1
278410198823918,781.535,batt,1
278410206207912,781.535,batt,1
278410206768260,781.535,batt,1
278410207325222,781.535,batt,1
278410213284260,781.535,batt,1
278410214160327,781.535,batt,1
278410215033270,781.535,batt,1
278410215597263,781.535,batt,1
278410220037180,781.535,batt,1
278410220617840,781.535,batt,1
278410221166781,781.535,batt,1
278410223777692,781.535,batt,1
278410224424964,781.535,batt,1
278410224981926,781.535,batt,1
278410225536388,781.535,batt,1
278410232081919,781.535,batt,1
278410232672526,781.535,batt,1
278410233230478,781.535,batt,1
278410236224658,781.535,batt,1
278410238401415,781.535,batt,1
278410239269565,781.535,batt,1
278410239997460,781.535,batt,1
278410240753583,781.535,batt,1
278410246082796,781.535,batt,1
278410246630748,781.535,batt,1
278410247189013,781.535,batt,1
278410247742329,781.535,batt,1
278410250187411,781.535,batt,1
278410250740884,781.535,batt,1
278410251297065,781.535,batt,1
278410254328796,781.535,batt,1
278410254874717,781.535,batt,1
278410255418711,781.535,batt,1
278410255973434,781.535,batt,1
278410256551385,781.535,batt,1
278410260616366,781.535,batt,1
278410261162599,781.535,batt,1
278410261715811,781.535,batt,1
278410268767212,781.535,batt,1
278410269642967,781.535,batt,1
278410270507992,781.535,batt,1
278410271074850,781.535,batt,1
278410278007036,781.535,batt,1
278410278723056,781.535,batt,1
278410279284341,781.535,batt,1
278410279845053,781.535,batt,1
278410286995825,781.535,batt,1
278410287546955,781.535,batt,1
278410288120218,781.535,batt,1
278410293943427,781.535,batt,1
278410294497473,781.535,batt,1
278410295050112,781.535,batt,1
278410295604679,781.535,batt,1
278410301782512,781.535,batt,1
278410302659152,1428.449,batt,1
278410303523918,1428.449,batt,1
278410307410675,1428.449,batt,1
278410308250493,1428.449,batt,1
278410309058125,1428.449,batt,1
278410309910443,1428.449,batt,1
278410316393423,1428.449,batt,1
278410317116578,1428.449,batt,1
278410319849620,1428.449,batt,1
278410320584806,1428.449,batt,1
278410321443791,1428.449,batt,1
278410329522920,1428.449,batt,1
278410330496120,1428.449,batt,1
278410331063238,1428.449,batt,1
278410331616555,1428.449,batt,1
278410334874841,1428.449,batt,1
278410335448522,1428.449,batt,1
278410336023609,1428.449,batt,1
278410340218637,1428.449,batt,1
278410341032936,1428.449,batt,1
278410341893430,1428.449,batt,1
278410342610284,1428.449,batt,1
278410347994756,1428.449,batt,1
278410348619320,1428.449,batt,1
278410349171647,1428.449,batt,1
278410353987178,1428.449,batt,1
278410354622471,1428.449,batt,1
278410355178809,1428.449,batt,1
278410355734052,1428.449,batt,1
278410361140815,1428.449,batt,1
278410362019538,1428.449,batt,1
278410362581240,1428.449,batt,1
278410364397070,1428.449,batt,1
278410367366772,1428.449,batt,1
278410368264870,1428.449,batt,1
278410369166978,1428.449,batt,1
278410369882112,1428.449,batt,1
278410374081047,1428.449,batt,1
278410374955500,1428.449,batt,1
278410375516941,1428.449,batt,1
278410378302951,1428.449,batt,1
278410379029074,1428.449,batt,1
278410379584318,1428.449,batt,1
278410380198258,1428.449,batt,1
278410385955218,1428.449,batt,1
278410386683061,1428.449,batt,1
278410387242679,1428.449,batt,1
278410388535036,1428.449,batt,1
278410392397002,1428.449,batt,1
278410393257601,1428.449,batt,1
278410394118460,1428.449,batt,1
278410394676985,1428.449,batt,1
278410398539472,1428.449,batt,1
278410399092788,1428.449,batt,1
278410399648605,1428.449,batt,1
278410402106395,1428.449,batt,1
278410402666065,1428.449,batt,1
278410403226778,1428.449,batt,1
278410403783844,1428.449,batt,1
278410409513931,1428.449,batt,1
278410410073132,1428.449,batt,1
278410410626866,1428.449,batt,1
278410412567692,1428.449,batt,1
278410413114863,1428.449,batt,1
278410413670367,1428.449,batt,1
278410414223683,1428.449,batt,1
278410417231040,1428.449,batt,1
278410417783211,1428.449,batt,1
278410418338142,1428.449,batt,1
278410421886055,1428.449,batt,1
278410422433434,1428.449,batt,1
278410422990084,1428.449,batt,1
278410423540172,1428.449,batt,1
278410426572319,1428.449,batt,1
278410427115792,1428.449,batt,1
278410427666869,1428.449,batt,1
278410428241279,1428.449,batt,1
278410431792265,1428.449,batt,1
278410432359227,1428.449,batt,1
278410432943063,1428.449,batt,1
278410433495390,1428.449,batt,1
278410436766385,1428.449,batt,1
278410437326055,1428.449,batt,1
278410437883538,1428.449,batt,1
278410441502439,1428.449,batt,1
278410442221480,1428.449,batt,1
278410442782869,1428.449,batt,1
278410443344310,1428.449,batt,1
278410445978553,1428.449,batt,1
278410446538172,1428.449,batt,1
278410447096696,1428.449,batt,1
278410449006743,1428.449,batt,1
278410449661566,1428.449,batt,1
278410450370816,1428.449,batt,1
278410451253706,1428.449,batt,1
278410453791181,1428.449,batt,1
278410454356997,1428.449,batt,1
278410454915938,1428.449,batt,1
278410460362700,1428.449,batt,1
278410461230851,1428.449,batt,1
278410462094210,1428.449,batt,1
278410462811584,1428.449,batt,1
278410466100286,1428.449,batt,1
278410466658030,1428.449,batt,1
278410467213065,1428.449,batt,1
278410468227097,1428.449,batt,1
278410473543550,1428.449,batt,1
278410474406128,1428.449,batt,1
278410475283185,1428.449,batt,1
278410475850355,1428.449,batt,1
278410476580281,1428.449,batt,1
278410480701145,1428.449,batt,1
278410481666481,1428.449,batt,1
278410482518382,1428.449,batt,1
278410483089719,1428.449,batt,1
278410483645691,1428.449,batt,1
278410485365171,1428.449,batt,1
278410485921924,1428.449,batt,1
278410486481751,1428.449,batt,1
278410488393933,1428.449,batt,1
278410491365613,1428.449,batt,1
278410491917003,1428.449,batt,1
278410492492610,1428.449,batt,1
278410494380053,1428.449,batt,1
278410494924985,1428.449,batt,1
278410495492155,1428.449,batt,1
278410496070575,1428.449,batt,1
278410498537167,1428.449,batt,1
278410499095275,1428.449,batt,1
278410499647550,1428.449,batt,1
278410503176036,1428.449,batt,1
278410503732426,1428.449,batt,1
278410504316991,1428.449,batt,1
278410504869422,1428.449,batt,1
278410507338775,1428.449,batt,1
278410507903705,1428.449,batt,1
278410508482073,1428.449,batt,1
278410513602803,1428.449,batt,1
278410514151537,1428.449,batt,1
278410514705114,1428.449,batt,1
278410515256607,1428.449,batt,1
278410516643336,1428.449,batt,1
278410517198944,1428.449,batt,1
278410517763198,1428.449,batt,1
278410519100032,1428.449,batt,1
278410519647776,1428.449,batt,1
278410520232706,1428.449,batt,1
278410520790710,1428.449,batt,1
278410524345602,1428.449,batt,1
278410524910168,1428.449,batt,1
278410525463693,1428.449,batt,1
278410529542736,1428.449,batt,1
278410530099490,1428.449,batt,1
278410530656817,1428.449,batt,1
278410531207998,1428.449,batt,1
278410532578582,1428.449,batt,1
278410533144189,1428.449,batt,1
278410533703183,1428.449,batt,1
278410536391122,1428.449,batt,1
278410536947355,1428.449,batt,1
278410540801457,1428.449,batt,1
278410541680857,1428.449,batt,1
278410542246361,1428.449,batt,1
278410542804625,1428.449,batt,1
278410550959430,783.934,batt,1
278410551823623,783.934,batt,1
278410552712294,783.934,batt,1
278410553592058,783.934,batt,1
278410555118939,783.934,batt,1
278410555674391,783.934,batt,1
278410556251926,783.934,batt,1
278410558689456,783.934,batt,1
278410559240481,783.934,batt,1
278410559800047,783.934,batt,1
278410560523827,783.934,batt,1
278410562540068,783.934,batt,1
278410563105936,783.934,batt,1
278410563663159,783.934,batt,1
278410564238871,783.934,batt,1
278410567749546,783.934,batt,1
278410568322289,783.934,batt,1
278410568878365,783.934,batt,1
278410573521922,783.934,batt,1
278410574385021,783.934,batt,1
278410574948858,783.934,batt,1
278410575505144,783.934,batt,1
278410576767657,783.934,batt,1
278410579387422,783.934,batt,1
278410579948915,783.934,batt,1
278410580825086,783.934,batt,1
278410584481017,783.934,batt,1
278410585025011,783.934,batt,1
278410585587442,783.934,batt,1
278410586142633,783.934,batt,1
278410587547799,783.934,batt,1
278410588101688,783.934,batt,1
278410588952496,783.934,batt,1
278410593396632,783.934,batt,1
278410594256762,783.934,batt,1
278410594806225,783.934,batt,1
278410595357874,783.934,batt,1
278410595906608,783.934,batt,1
278410598772771,783.934,batt,1
278410599313119,783.934,batt,1
278410599862477,783.934,batt,1
278410600412825,783.934,batt,1
278410604494576,783.934,batt,1
278410605036331,783.934,batt,1
278410605587720,783.934,batt,1
278410606148224,783.934,batt,1
278410608127539,783.934,batt,1
278410609005742,783.934,batt,1
278410609894985,783.934,batt,1
278410610621786,783.934,batt,1
278410614445576,783.934,batt,1
278410615006549,783.934,batt,1
278410615562470,783.934,batt,1
278410618532952,783.934,batt,1
278410619091842,783.934,batt,1
278410619655783,783.934,batt,1
278410620229359,783.934,batt,1
278410623781908,783.934,batt,1
278410624362619,783.934,batt,1
278410624918852,783.934,batt,1
278410629704645,783.934,batt,1
278410630422279,783.934,batt,1
278410630983616,783.934,batt,1
278410631535943,783.934,batt,1
278410633661452,783.934,batt,1
278410634222112,783.934,batt,1
278410634777668,783.934,batt,1
278410637816326,783.934,batt,1
278410638362090,783.934,batt,1
278410638920042,783.934,batt,1
278410639478671,783.934,batt,1
278410642434727,783.934,batt,1
278410642986481,783.934,batt,1
278410643541569,783.934,batt,1
278410644353471,783.934,batt,1
278410644902933,783.934,batt,1
278410645465260,783.934,batt,1
278410646016285,783.934,batt,1
278410647944404,783.934,batt,1
278410648528448,783.934,batt,1
278410649084630,783.934,batt,1
278410649647581,783.934,batt,1
278410653975262,783.934,batt,1
278410654530089,783.934,batt,1
278410655086843,783.934,batt,1
278410655952494,783.934,batt,1
278410656637317,783.934,batt,1
278410657189956,783.934,batt,1
278410657747700,783.934,batt,1
278410661955854,783.934,batt,1
278410662624167,783.934,batt,1
278410663181858,783.934,batt,1
278410663738143,783.934,batt,1
278410668365347,783.934,batt,1
278410668926632,783.934,batt,1
278410669481615,783.934,batt,1
278410673127702,783.934,batt,1
278410673881481,783.934,batt,1
278410674437454,783.934,batt,1
278410675004468,783.934,batt,1
278410677859902,783.934,batt,1
278410678416083,783.934,batt,1
278410678969556,783.934,batt,1
278410679528341,783.934,batt,1
278410681424013,783.934,batt,1
278410681976236,783.934,batt,1
278410682534083,783.934,batt,1
278410683912948,783.934,batt,1
278410684623447,783.934,batt,1
278410685178065,783.934,batt,1
278410685733153,783.934,batt,1
278410688688844,783.934,batt,1
278410689444030,783.934,batt,1
278410690008388,783.934,batt,1
278410690564517,783.934,batt,1
278410696616364,783.934,batt,1
278410697302333,783.934,batt,1
278410698163088,783.934,batt,1
278410698727186,783.934,batt,1
278410700645565,783.934,batt,1
278410701208985,783.934,batt,1
278410701761677,783.934,batt,1
278410703753543,783.934,batt,1
278410704364723,783.934,batt,1
278410704922883,783.934,batt,1
278410705476408,783.934,batt,1
278410707364944,783.934,batt,1
278410707953468,783.934,batt,1
278410708533138,783.934,batt,1
278410710510995,783.934,batt,1
278410711066186,783.934,batt,1
278410711620336,783.934,batt,1
278410712188288,783.934,batt,1
278410716442794,783.934,batt,1
278410717398494,783.934,batt,1
278410718272738,783.934,batt,1
278410721651125,783.934,batt,1
278410722469694,783.934,batt,1
278410723031031,783.934,batt,1
278410723592837,783.934,batt,1
278410727187520,783.934,batt,1
278410727741045,783.934,batt,1
278410728315819,783.934,batt,1
278410730121493,783.934,batt,1
278410730664133,783.934,batt,1
278410731217658,783.934,batt,1
278410731772329,783.934,batt,1
278410732607928,783.934,batt,1
278410733160359,783.934,batt,1
278410733717270,783.934,batt,1
278410739413191,783.934,batt,1
278410739958591,783.934,batt,1
278410740537740,783.934,batt,1
278410741092567,783.934,batt,1
278410744887608,783.934,batt,1
278410745435612,783.934,batt,1
278410745999241,783.934,batt,1
278410746554536,783.934,batt,1
278410749124458,783.934,batt,1
278410749849593,783.934,batt,1
278410750416242,783.934,batt,1
278410752833096,783.934,batt,1
278410753461931,783.934,batt,1
278410754016602,783.934,batt,1
278410754565647,783.934,batt,1
278410758744010,783.934,batt,1
278410759304462,783.934,batt,1
278410759856424,783.934,batt,1
278410762104585,783.934,batt,1
278410762663266,783.934,batt,1
278410763220124,783.934,batt,1
278410763775628,783.934,batt,1
278410766775954,783.934,batt,1
278410767332812,783.934,batt,1
278410767887587,783.934,batt,1
278410771826165,783.934,batt,1
278410772618693,783.934,batt,1
278410773500281,783.934,batt,1
278410774381557,783.934,batt,1
278410779413904,783.934,batt,1
278410779966335,783.934,batt,1
278410780539182,783.934,batt,1
278410781092499,783.934,batt,1
278410783081918,783.934,batt,1
278410783636484,783.934,batt,1
278410784214175,783.934,batt,1
278410787790160,783.934,batt,1
278410788358424,783.934,batt,1
278410788911376,783.934,batt,1
278410789465995,783.934,batt,1
278410791357708,783.934,batt,1
278410791915868,783.934,batt,1
278410792507673,783.934,batt,1
278410798737536,815.634,batt,1
278410799290592,815.674,batt,1
278410799850523,815.674,batt,1
278410800464515,815.674,batt,1
278410802286543,815.674,batt,1
278410802843349,815.674,batt,1
278410803399322,815.674,batt,1
278410805902423,815.674,batt,1
278410806471520,815.674,batt,1
278410807039107,815.674,batt,1
278410807594611,815.674,batt,1
278410808183656,815.674,batt,1
278410808741920,815.674,batt,1
278410812730393,815.674,batt,1
278410813284803,815.674,batt,1
278410813840047,815.674,batt,1
278410814704968,815.674,batt,1
278410815258285,815.674,batt,1
278410815814778,815.674,batt,1
278410816544235,815.674,batt,1
278410820215478,815.674,batt,1
278410821196386,815.674,batt,1
278410822061308,815.674,batt,1
278410826000667,815.674,batt,1
278410826876630,815.674,batt,1
278410827441144,815.674,batt,1
278410827991388,815.674,batt,1
278410830865155,815.674,batt,1
278410831418680,815.674,batt,1
278410831972205,815.674,batt,1
278410833050349,815.674,batt,1
278410833604603,815.674,batt,1
278410834167555,815.674,batt,1
278410834722278,815.674,batt,1
278410836628053,815.674,batt,1
278410837507193,815.674,batt,1
278410838367688,815.674,batt,1
278410843375192,815.674,batt,1
278410844099806,815.674,batt,1
278410844994518,815.674,batt,1
278410845857877,815.674,batt,1
278410848337385,815.674,batt,1
278410849204859,815.674,batt,1
278410850060823,815.674,batt,1
278410850778457,815.674,batt,1
278410851342138,815.674,batt,1
278410854239550,815.674,batt,1
278410855113950,815.674,batt,1
278410855836845,815.674,batt,1
278410856636925,815.674,batt,1
278410858780558,815.674,batt,1
278410859660531,815.674,batt,1
278410860403582,815.674,batt,1
278410861122726,815.674,batt,1
278410863871341,815.674,batt,1
278410864427834,815.674,batt,1
278410864988442,815.674,batt,1
278410865547019,815.674,batt,1
278410869862774,815.674,batt,1
278410870418746,815.674,batt,1
278410870976854,815.674,batt,1
278410873978482,815.674,batt,1
278410874524872,815.674,batt,1
278410875079803,815.674,batt,1
278410875633484,815.674,batt,1
278410877900394,815.674,batt,1
278410878885833,815.674,batt,1
278410879462587,815.674,batt,1
278410880037934,815.674,batt,1
278410881903294,815.674,batt,1
278410882562493,815.674,batt,1
278410883120288,815.674,batt,1
278410883673553,815.674,batt,1
278410885767135,815.674,batt,1
278410886349409,815.674,batt,1
278410886904027,815.674,batt,1
278410888320391,815.674,batt,1
278410888875426,815.674,batt,1
278410893034362,815.674,batt,1
278410893913398,815.674,batt,1
278410894740508,815.674,batt,1
278410895302783,815.674,batt,1
278410897828331,815.674,batt,1
278410898571538,815.674,batt,1
278410899127407,815.674,batt,1
278410899777647,815.674,batt,1
278410901443013,815.674,batt,1
278410901989247,815.674,batt,1
278410902545949,815.674,batt,1
278410903099890,815.674,batt,1
278410905579398,815.674,batt,1
278410906131829,815.674,batt,1
278410906687854,815.674,batt,1
278410907553922,815.674,batt,1
278410908119217,815.674,batt,1
278410909050230,815.674,batt,1
278410909987181,815.674,batt,1
278410912064462,815.674,batt,1
278410912951154,815.674,batt,1
278410913514053,815.674,batt,1
278410914066380,815.674,batt,1
278410916064913,815.674,batt,1
278410916625001,815.674,batt,1
278410917181650,815.674,batt,1
278410918561400,815.674,batt,1
278410919221484,815.674,batt,1
278410919772301,815.674,batt,1
278410920340461,815.674,batt,1
278410923557342,815.674,batt,1
278410924199198,815.674,batt,1
278410925081046,815.674,batt,1
278410927448578,815.674,batt,1
278410928345062,815.674,batt,1
278410929217171,815.674,batt,1
278410929780122,815.674,batt,1
278410934986735,815.674,batt,1
278410935537083,815.674,batt,1
278410936097639,815.674,batt,1
278410936964852,815.674,batt,1
278410938183044,815.674,batt,1
278410938745006,815.674,batt,1
278410939308635,815.674,batt,1
278410944902736,815.674,batt,1
278410945763960,815.674,batt,1
278410946651069,815.674,batt,1
278410947526094,815.674,batt,1
278410950944792,815.674,batt,1
278410951491807,815.674,batt,1
278410952064706,815.674,batt,1
278410952617606,815.674,batt,1
278410955025346,815.674,batt,1
278410955579391,815.674,batt,1
278410956140729,815.674,batt,1
278410956799875,815.674,batt,1
278410962048883,815.674,batt,1
278410962933283,815.674,batt,1
278410963801017,815.674,batt,1
278410964534120,815.674,batt,1
278410965088217,815.674,batt,1
278410965647367,815.674,batt,1
278410966207298,815.674,batt,1
278410967980057,815.674,batt,1
278410968649724,815.674,batt,1
278410969204915,815.674,batt,1
278410969757815,815.674,batt,1
278410970994444,815.674,batt,1
278410971548282,815.674,batt,1
278410972113473,815.674,batt,1
278410973832119,815.674,batt,1
278410974558295,815.674,batt,1
278410975120101,815.674,batt,1
278410975674511,815.674,batt,1
278410982039109,815.674,batt,1
278410982913562,815.674,batt,1
278410983795202,815.674,batt,1
278410984687310,815.674,batt,1
278410985250991,815.674,batt,1
278410988289545,815.674,batt,1
278410988842392,815.674,batt,1
278410989398990,815.674,batt,1
278410989958661,815.674,batt,1
278410991860322,815.674,batt,1
278410992415357,815.674,batt,1
278410992966017,815.674,batt,1
278410994849398,815.674,batt,1
278410995409068,815.674,batt,1
278410995970614,815.674,batt,1
278410996541013,815.674,batt,1
278410997902690,815.674,batt,1
278410998458455,815.674,batt,1
278410999014636,815.674,batt,1
278411001666170,815.674,batt,1
278411002483697,815.674,batt,1
278411003218467,815.674,batt,1
278411003776314,815.674,batt,1
278411004350464,815.674,batt,1
278411006252593,815.674,batt,1
278411006808045,815.674,batt,1
278411007367403,815.674,batt,1
278411008479974,815.674,batt,1
278411011873152,815.674,batt,1
278411012751250,815.674,batt,1
278411013622786,815.674,batt,1
278411014341931,815.674,batt,1
278411019067048,815.674,batt,1
278411019946136,815.674,batt,1
278411020869702,815.674,batt,1
278411023007606,815.674,batt,1
278411023572693,815.674,batt,1
278411024137363,815.674,batt,1
278411025007857,815.674,batt,1
278411027019671,815.674,batt,1
278411027591998,815.674,batt,1
278411028143335,815.674,batt,1
278411030212752,815.674,batt,1
278411031090746,815.674,batt,1
278411031819109,815.674,batt,1
278411032582107,815.674,batt,1
278411036098563,815.674,batt,1
278411036972338,815.674,batt,1
278411037836687,815.674,batt,1
278411038558228,815.674,batt,1
278411039901989,815.674,batt,1
278411040637383,815.674,batt,1
278411041190023,815.674,batt,1
278411041744745,815.674,batt,1
278411044342427,815.674,batt,1
278411045002563,815.674,batt,1
278411045559057,815.674,batt,1
278411046109978,809.577,batt,1
278411047849144,809.656,batt,1
278411048401679,809.656,batt,1
278411048965099,809.656,batt,1
278411054738622,809.656,batt,1
278411055295688,809.656,batt,1
278411055850307,809.656,batt,1
278411056633408,809.656,batt,1
278411058193569,809.656,batt,1
278411058757771,809.656,batt,1
278411059315098,809.656,batt,1
278411059868727,809.656,batt,1
278411062739785,809.656,batt,1
278411063293258,809.656,batt,1
278411063848398,809.656,batt,1
278411070113937,809.656,batt,1
278411070981202,809.656,batt,1
278411071855342,809.656,batt,1
278411072737086,809.656,batt,1
278411073302069,809.656,batt,1
278411074252144,809.656,batt,1
278411074804055,809.656,batt,1
278411075363569,809.656,batt,1
278411077314656,809.656,batt,1
278411077874378,809.656,batt,1
278411078431184,809.656,batt,1
278411078987365,809.656,batt,1
278411080805748,809.656,batt,1
278411081360054,809.656,batt,1
278411081916183,809.656,batt,1
278411084419180,809.656,batt,1
278411084971975,809.656,batt,1
278411085529771,809.656,batt,1
278411086091681,809.656,batt,1
278411089636001,809.656,batt,1
278411090187390,809.656,batt,1
278411090745706,809.656,batt,1
278411092635909,809.656,batt,1
278411093181518,809.656,batt,1
278411093745980,809.656,batt,1
278411094305494,809.656,batt,1
278411095650506,809.656,batt,1
278411096222467,809.656,batt,1
278411096779846,809.656,batt,1
278411101468350,809.656,batt,1
278411102275304,809.656,batt,1
278411103149340,809.656,batt,1
278411103710886,809.656,batt,1
278411104677263,809.656,batt,1
278411106978339,809.656,batt,1
278411107525249,809.656,batt,1
278411108094347,809.656,batt,1
278411108974997,809.656,batt,1
278411114258691,809.656,batt,1
278411115138560,809.656,batt,1
278411116028273,809.656,batt,1
278411116916214,809.656,batt,1
278411118187947,809.656,batt,1
278411118741628,809.656,batt,1
278411119296819,809.656,batt,1
278411122293135,809.656,batt,1
278411122839576,809.656,batt,1
278411123397111,809.656,batt,1
278411123952720,809.656,batt,1
278411126215776,809.656,batt,1
278411126762530,809.656,batt,1
278411127318763,809.656,batt,1
278411127869684,809.656,batt,1
278411129185009,809.656,batt,1
278411129734002,809.656,batt,1
278411130292840,809.656,batt,1
278411132248770,809.656,batt,1
278411132795472,809.656,batt,1
278411133353320,809.656,batt,1
278411133906324,809.656,batt,1
278411136457548,809.656,batt,1
278411137316064,809.656,batt,1
278411138038907,809.656,batt,1
278411140130666,809.656,batt,1
278411141214123,809.656,batt,1
278411142091961,809.656,batt,1
278411142818033,809.656,batt,1
278411146179024,809.656,batt,1
278411146907544,809.656,batt,1
278411147462892,809.656,batt,1
278411148870401,809.656,batt,1
278411149689334,809.656,batt,1
278411150572120,809.656,batt,1
278411151302150,809.656,batt,1
278411155320882,809.656,batt,1
278411155890761,809.656,batt,1
278411156446525,809.656,batt,1
278411157493473,809.656,batt,1
278411158053768,809.656,batt,1
278411158617814,809.656,batt,1
278411159169516,809.656,batt,1
278411162119322,809.656,batt,1
278411162673784,809.656,batt,1
278411163227361,809.656,batt,1
278411166819596,809.656,batt,1
278411167367600,809.656,batt,1
278411167923677,809.656,batt,1
278411168499441,809.656,batt,1
278411170941919,809.656,batt,1
278411171495027,809.656,batt,1
278411172067614,809.656,batt,1
278411175099865,809.656,batt,1
278411175642193,809.656,batt,1
278411176218686,809.656,batt,1
278411176771690,809.656,batt,1
278411179176825,809.656,batt,1
278411179735246,809.656,batt,1
278411180311009,809.656,batt,1
278411182181526,809.656,batt,1
278411182728071,809.656,batt,1
278411183289044,809.656,batt,1
278411183841944,809.656,batt,1
278411186891643,809.656,batt,1
278411187443658,809.656,batt,1
278411187998328,809.656,batt,1
278411189350423,809.656,batt,1
278411189897437,809.656,batt,1
278411190457524,809.656,batt,1
278411191008341,809.656,batt,1
278411192880472,809.656,batt,1
278411193429726,809.656,batt,1
278411193985438,809.656,batt,1
278411194544327,809.656,batt,1
278411195926733,809.656,batt,1
278411196620202,809.656,batt,1
278411197172321,809.656,batt,1
278411197722773,809.656,batt,1
278411202127222,809.656,batt,1
278411202686268,809.656,batt,1
278411203234324,809.656,batt,1
278411203785193,809.656,batt,1
278411204352728,809.656,batt,1
278411206965461,809.656,batt,1
278411207515028,809.656,batt,1
278411208083812,809.656,batt,1
278411208637441,809.656,batt,1
278411211028984,809.656,batt,1
278411211589331,809.656,batt,1
278411212160303,809.656,batt,1
278411213545730,809.656,batt,1
278411214096911,809.656,batt,1
278411214648978,809.656,batt,1
278411215198492,809.656,batt,1
278411218728698,809.656,batt,1
278411219286962,809.656,batt,1
278411219844081,809.656,batt,1
278411220768323,809.656,batt,1
278411222879822,809.656,batt,1
278411223754014,809.656,batt,1
278411224491700,809.656,batt,1
278411225212043,809.656,batt,1
278411225770099,809.656,batt,1
278411226328415,809.656,batt,1
278411228098986,809.656,batt,1
278411228665167,809.656,batt,1
278411229221609,809.656,batt,1
278411232585517,809.656,batt,1
278411233544238,809.656,batt,1
278411234105627,809.656,batt,1
278411234821907,809.656,batt,1
278411236460816,809.656,batt,1
278411237014862,809.656,batt,1
278411237570626,809.656,batt,1
278411241207911,809.656,batt,1
278411241843361,809.656,batt,1
278411242654170,809.656,batt,1
278411243211653,809.656,batt,1
278411243766375,809.656,batt,1
278411246457075,809.656,batt,1
278411247012735,809.656,batt,1
278411247567823,809.656,batt,1
278411250156754,809.656,batt,1
278411250725956,809.656,batt,1
278411251279897,809.656,batt,1
278411251837172,809.656,batt,1
278411252391114,809.656,batt,1
278411255240871,809.656,batt,1
278411255792104,809.656,batt,1
278411256411669,809.656,batt,1
278411256965767,809.656,batt,1
278411257524552,809.656,batt,1
278411259693132,809.656,batt,1
278411260267541,809.656,batt,1
278411260818202,809.656,batt,1
278411262392685,809.656,batt,1
278411262949543,809.656,batt,1
278411263508589,809.656,batt,1
278411264089613,809.656,batt,1
278411265645712,809.656,batt,1
278411266201632,809.656,batt,1
278411266756199,809.656,batt,1
278411267930642,809.656,batt,1
278411268624423,809.656,batt,1
278411269178834,809.656,batt,1
278411269730588,809.656,batt,1
278411272075204,809.656,batt,1
278411272634302,809.656,batt,1
278411273187774,809.656,batt,1
278411275577806,809.656,batt,1
278411276130081,809.656,batt,1
278411276686158,809.656,batt,1
278411277243537,809.656,batt,1
278411279135511,809.656,batt,1
278411279690650,809.656,batt,1
278411280278549,809.656,batt,1
278411282227083,809.656,batt,1
278411282785921,809.656,batt,1
278411283348039,809.656,batt,1
278411283901616,809.656,batt,1
278411285191889,809.656,batt,1
278411285745050,809.656,batt,1
278411286305814,809.656,batt,1
278411290984578,809.656,batt,1
278411291542269,809.656,batt,1
278411292099076,809.656,batt,1
278411292651402,809.656,batt,1
278411294511919,809.656,batt,1
278411295070496,805.996,batt,1
278411295625843,805.957,batt,1
278411298860068,805.957,batt,1
278411299611712,805.957,batt,1
278411300361481,805.957,batt,1
278411300924120,805.957,batt,1
278411301479833,805.957,batt,1
278411303655912,805.957,batt,1
278411304235947,805.957,batt,1
278411304785826,805.957,batt,1
278411306353747,805.957,batt,1
278411306905032,805.957,batt,1
278411307460380,805.957,batt,1
278411308029998,805.957,batt,1
278411311571453,805.957,batt,1
278411312160550,805.957,batt,1
278411312936256,805.957,batt,1
278411313797011,805.957,batt,1
278411316389224,805.957,batt,1
278411317260760,805.957,batt,1
278411317823659,805.957,batt,1
278411318381768,805.957,batt,1
278411319537826,805.957,batt,1
278411320095622,805.957,batt,1
278411320656907,805.957,batt,1
278411321211838,805.957,batt,1
278411322565807,805.957,batt,1
278411323128394,805.957,batt,1
278411323682180,805.957,batt,1
278411325589049,805.957,batt,1
278411326153250,805.957,batt,1
278411326714119,805.957,batt,1
278411327270560,805.957,batt,1
278411330223700,805.957,batt,1
278411330776860,805.957,batt,1
278411331332208,805.957,batt,1
278411334943036,805.957,batt,1
278411335494686,805.957,batt,1
278411336066387,805.957,batt,1
278411336622516,805.957,batt,1
278411337925133,805.957,batt,1
278411338478554,805.957,batt,1
278411339031922,805.957,batt,1
278411341527055,805.957,batt,1
278411342080319,805.957,batt,1
278411342636032,805.957,batt,1
278411343189973,805.957,batt,1
278411346431489,805.957,batt,1
278411346971890,805.957,batt,1
278411347525675,805.957,batt,1
278411348086699,805.957,batt,1
278411349454887,805.957,batt,1
278411350009141,805.957,batt,1
278411350561208,805.957,batt,1
278411370375606,805.957,batt,1
278411370993869,805.957,batt,1
278411371552081,805.957,batt,1
278411372154094,805.957,batt,1
278411376074444,805.957,batt,1
278411377121287,805.957,batt,1
278411377852463,805.957,batt,1
278411378411144,805.957,batt,1
278411385311872,805.957,batt,1
278411386195387,805.957,batt,1
278411386923490,805.957,batt,1
278411387480712,805.957,batt,1
278411391759437,805.957,batt,1
278411392337284,805.957,batt,1
278411392890236,805.957,batt,1
278411395867437,805.957,batt,1
278411396420233,805.957,batt,1
278411396973706,805.957,batt,1
278411397528324,805.957,batt,1
278411398898803,805.957,batt,1
278411399455089,805.957,batt,1
278411400024655,805.957,batt,1
278411400558232,805.957,batt,1
278411404428063,805.957,batt,1
278411404983723,805.957,batt,1
278411405540894,805.957,batt,1
278411406096866,805.957,batt,1
278411408540021,805.957,batt,1
278411409095369,805.957,batt,1
278411409658946,805.957,batt,1
278411410219241,805.957,batt,1
278411415366272,805.957,batt,1
278411415918391,805.957,batt,1
278411416494363,805.957,batt,1
278411418967205,805.957,batt,1
278411419509376,805.957,batt,1
278411420065609,805.957,batt,1
278411420613717,805.957,batt,1
278411421167138,805.957,batt,1
278411422013883,805.957,batt,1
278411422569127,805.957,batt,1
278411423124787,805.957,batt,1
278411424467819,805.957,batt,1
278411425012594,805.957,batt,1
278411425571432,805.957,batt,1
278411426125269,805.957,batt,1
278411428072866,805.957,batt,1
278411428628318,805.957,batt,1
278411429185905,805.957,batt,1
278411431791243,805.957,batt,1
278411432455702,805.957,batt,1
278411433010893,805.957,batt,1
278411433563272,805.957,batt,1
278411435716124,805.957,batt,1
278411436288502,805.957,batt,1
278411436849423,805.957,batt,1
278411440614621,805.957,batt,1
278411441430169,805.957,batt,1
278411442298736,805.957,batt,1
278411442862573,805.957,batt,1
278411444766839,805.957,batt,1
278411445317864,805.957,batt,1
278411445868107,805.957,batt,1
278411446429184,805.957,batt,1
278411446984271,805.957,batt,1
278411448500684,805.957,batt,1
278411450578381,805.957,batt,1
278411451129823,805.957,batt,1
278411451683347,805.957,batt,1
278411454153585,805.957,batt,1
278411454708099,805.957,batt,1
278411455261468,805.957,batt,1
278411455819368,805.957,batt,1
278411456532315,805.957,batt,1
278411457423746,805.957,batt,1
278411458983751,805.957,batt,1
278411459546026,805.957,batt,1
278411460103092,805.957,batt,1
278411461967619,805.957,batt,1
278411462843321,805.957,batt,1
278411463717826,805.957,batt,1
278411464600351,805.957,batt,1
278411467051787,805.957,batt,1
278411467609427,805.957,batt,1
278411468161806,805.957,batt,1
278411470106486,805.957,batt,1
278411470662563,805.957,batt,1
278411471219161,805.957,batt,1
278411471779352,805.957,batt,1
278411473624348,805.957,batt,1
278411474178550,805.957,batt,1
278411474733377,805.957,batt,1
278411478315664,805.957,batt,1
278411478870439,805.957,batt,1
278411479429381,805.957,batt,1
278411479982072,805.957,batt,1
278411481312032,805.957,batt,1
278411481854567,805.957,batt,1
278411482410384,805.957,batt,1
278411482965002,805.957,batt,1
278411486558539,805.957,batt,1
278411487103418,805.957,batt,1
278411487647100,805.957,batt,1
278411488225364,805.957,batt,1
278411488782638,805.957,batt,1
278411492418153,805.957,batt,1
278411493167662,805.957,batt,1
278411493825819,805.957,batt,1
278411494382677,805.957,batt,1
278411494941931,805.957,batt,1
278411498669838,805.957,batt,1
278411499228051,805.957,batt,1
278411499908030,805.957,batt,1
278411500486554,805.957,batt,1
278411501041121,805.957,batt,1
278411502188846,805.957,batt,1
278411502740652,805.957,batt,1
278411503296365,805.957,batt,1
278411505199640,805.957,batt,1
278411505753478,805.957,batt,1
278411506307211,805.957,batt,1
278411506864433,805.957,batt,1
278411509328421,805.957,batt,1
278411509880331,805.957,batt,1
278411510432815,805.957,batt,1
278411511809388,805.957,batt,1
278411512527907,805.957,batt,1
278411513408662,805.957,batt,1
278411514278740,805.957,batt,1
278411515636094,805.957,batt,1
278411516211910,805.957,batt,1
278411516768247,805.957,batt,1
278411517322554,805.957,batt,1
278411518667981,805.957,batt,1
278411519217340,805.957,batt,1
278411519774719,805.957,batt,1
278411522291934,805.957,batt,1
278411522847907,805.957,batt,1
278411523405546,805.957,batt,1
278411523959123,805.957,batt,1
278411525256844,805.957,batt,1
278411525811306,805.957,batt,1
278411526365612,805.957,batt,1
278411528857360,805.957,batt,1
278411529424947,805.957,batt,1
278411529984513,805.957,batt,1
278411530535746,805.957,batt,1
278411532959214,805.957,batt,1
278411533522479,805.957,batt,1
278411534076629,805.957,batt,1
278411536026153,805.957,batt,1
278411536683945,805.957,batt,1
278411537237314,805.957,batt,1
278411537788495,805.957,batt,1
278411539333396,805.957,batt,1
278411539893171,805.957,batt,1
278411540444925,805.957,batt,1
278411540993450,805.957,batt,1
278411543404314,832.782,batt,1
278411543961589,832.903,batt,1
278411544537561,832.903,batt,1
278411545303423,832.903,batt,1
278411545857209,832.903,batt,1
278411546419848,832.903,batt,1
278411546976602,832.903,batt,1
278411548438120,832.903,batt,1
278411548994040,832.903,batt,1
278411549549857,832.903,batt,1
278411553198913,832.903,batt,1
278411553858216,832.903,batt,1
278411554413772,832.903,batt,1
278411554972297,832.903,batt,1
278411556049816,832.903,batt,1
278411556633913,832.903,batt,1
278411557190719,832.903,batt,1
278411559866783,832.903,batt,1
278411560505358,832.903,batt,1
278411561302886,832.903,batt,1
278411561868702,832.903,batt,1
278411562423320,832.903,batt,1
278411565103343,832.903,batt,1
278411565700565,832.903,batt,1
278411566252840,832.903,batt,1
278411566805010,832.903,batt,1
278411568891510,832.903,batt,1
278411569450920,832.903,batt,1
278411570007569,832.903,batt,1
278411572805193,832.903,batt,1
278411573372832,832.903,batt,1
278411573933648,832.903,batt,1
278411574487329,832.903,batt,1
278411576900433,832.903,batt,1
278411577455156,832.903,batt,1
278411578009202,832.903,batt,1
278411578864853,832.903,batt,1
278411579420773,832.903,batt,1
278411579976382,832.903,batt,1
278411580562718,832.903,batt,1
278411584076153,832.903,batt,1
278411584669104,832.903,batt,1
278411585223826,832.903,batt,1
278411587841455,832.903,batt,1
278411588659347,832.903,batt,1
278411589376773,832.903,batt,1
278411590093158,832.903,batt,1
278411593679559,832.903,batt,1
278411594766870,832.903,batt,1
278411595640333,832.903,batt,1
278411596385467,832.903,batt,1
278411597246847,832.903,batt,1
278411597814434,832.903,batt,1
278411598370563,832.903,batt,1
278411602723139,832.903,batt,1
278411603277810,832.903,batt,1
278411603829043,832.903,batt,1
278411604468815,832.903,batt,1
278411606582501,832.903,batt,1
278411607142224,832.903,batt,1
278411607696217,832.903,batt,1
278411609057062,832.903,batt,1
278411609622461,832.903,batt,1
278411610180882,832.903,batt,1
278411610738938,832.903,batt,1
278411611534591,832.903,batt,1
278411612095980,832.903,batt,1
278411612648411,832.903,batt,1
278411615113336,832.903,batt,1
278411615665403,832.903,batt,1
278411616240594,832.903,batt,1
278411616794691,832.903,batt,1
278411618697290,832.903,batt,1
278411619255606,832.903,batt,1
278411619811996,832.903,batt,1
278411620545828,832.903,batt,1
278411622840289,832.903,batt,1
278411623403345,832.903,batt,1
278411623957651,832.903,batt,1
278411624693879,832.903,batt,1
278411626924332,832.903,batt,1
278411627483325,832.903,batt,1
278411628059922,832.903,batt,1
278411629895596,832.903,batt,1
278411630451569,832.903,batt,1
278411631015301,832.903,batt,1
278411631574191,832.903,batt,1
278411634020419,832.903,batt,1
278411634570506,832.903,batt,1
278411635126843,832.903,batt,1
278411637049337,832.903,batt,1
278411637608539,832.903,batt,1
278411638168626,832.903,batt,1
278411638723609,832.903,batt,1
278411642294699,832.903,batt,1
278411642858900,832.903,batt,1
278411643416071,832.903,batt,1
278411645869382,832.903,batt,1
278411646422334,832.903,batt,1
278411646979973,832.903,batt,1
278411647540217,832.903,batt,1
278411648462897,832.903,batt,1
278411649019130,832.903,batt,1
278411649573436,832.903,batt,1
278411652101953,832.903,batt,1
278411652757767,832.903,batt,1
278411653311396,832.903,batt,1
278411654147672,832.903,batt,1
278411654704583,832.903,batt,1
278411655263680,832.903,batt,1
278411657657045,832.903,batt,1
278411658224840,832.903,batt,1
278411658778417,832.903,batt,1
278411660129106,832.903,batt,1
278411660842990,832.903,batt,1
278411661401254,832.903,batt,1
278411661955092,832.903,batt,1
278411663968416,832.903,batt,1
278411664656781,832.903,batt,1
278411665213535,832.903,batt,1
278411665771122,832.903,batt,1
278411668437968,832.903,batt,1
278411668996649,832.903,batt,1
278411669557205,832.903,batt,1
278411671705681,832.903,batt,1
278411672348735,832.903,batt,1
278411672906270,832.903,batt,1
278411673464274,832.903,batt,1
278411674834024,832.903,batt,1
278411675397080,832.903,batt,1
278411675952375,832.903,batt,1
278411676530691,832.903,batt,1
278411679832362,832.903,batt,1
278411680504268,832.903,batt,1
278411681254871,832.903,batt,1
278411682009952,832.903,batt,1
278411682669672,832.903,batt,1
278411683223196,832.903,batt,1
278411683773180,832.903,batt,1
278411686338154,832.903,batt,1
278411686896262,832.903,batt,1
278411687452026,832.903,batt,1
278411688040863,832.903,batt,1
278411689851589,832.903,batt,1
278411690408239,832.903,batt,1
278411690967597,832.903,batt,1
278411691524559,832.903,batt,1
278411695313923,832.903,batt,1
278411695872240,832.903,batt,1
278411696601749,832.903,batt,1
278411697158607,832.903,batt,1
278411697714267,832.903,batt,1
278411699711498,832.903,batt,1
278411700290126,832.903,batt,1
278411700848130,832.903,batt,1
278411701401707,832.903,batt,1
278411702709949,832.903,batt,1
278411703265505,832.903,batt,1
278411703826113,832.903,batt,1
278411705193519,832.903,batt,1
278411705745065,832.903,batt,1
278411706298902,832.903,batt,1
278411706855500,832.903,batt,1
278411707411369,832.903,batt,1
278411708748203,832.903,batt,1
278411709300270,832.903,batt,1
278411709848847,832.903,batt,1
278411711798423,832.903,batt,1
278411712386895,832.903,batt,1
278411712942607,832.903,batt,1
278411713505663,832.903,batt,1
278411715925017,832.903,batt,1
278411716499687,832.903,batt,1
278411717054461,832.903,batt,1
278411719467982,832.903,batt,1
278411720052860,832.903,batt,1
278411720861898,832.903,batt,1
278411721722497,832.903,batt,1
278411723231461,832.903,batt,1
278411723792434,832.903,batt,1
278411724364396,832.903,batt,1
278411726622921,832.903,batt,1
278411727336754,832.903,batt,1
278411727908559,832.903,batt,1
278411728482083,832.903,batt,1
278411730477700,832.903,batt,1
278411731038152,832.903,batt,1
278411731595791,832.903,batt,1
278411732156659,832.903,batt,1
278411734004051,832.903,batt,1
278411734553618,832.903,batt,1
278411735106257,832.903,batt,1
278411735663793,832.903,batt,1
278411737060729,832.903,batt,1
278411737617952,832.903,batt,1
278411738175331,832.903,batt,1
278411738731460,832.903,batt,1
278411741486793,832.903,batt,1
278411742354579,832.903,batt,1
278411742916645,832.903,batt,1
278411745429694,832.903,batt,1
278411746152016,832.903,batt,1
278411746713926,832.903,batt,1
278411747269117,832.903,batt,1
278411748077114,832.903,batt,1
278411748736677,832.903,batt,1
278411749292806,832.903,batt,1
278411749845289,832.903,batt,1
278411754388433,832.903,batt,1
278411754957582,832.903,batt,1
278411755629228,832.903,batt,1
278411756190045,832.903,batt,1
278411756750236,832.903,batt,1
278411757904472,832.903,batt,1
278411758459872,832.903,batt,1
278411759012407,832.903,batt,1
278411759571400,832.903,batt,1
278411762561414,832.903,batt,1
278411763115095,832.903,batt,1
278411763664089,832.903,batt,1
278411764239019,832.903,batt,1
278411764794367,832.903,batt,1
278411765600645,832.903,batt,1
278411766154690,832.903,batt,1
278411766707851,832.903,batt,1
278411767265907,832.903,batt,1
278411769733696,832.903,batt,1
278411770290294,832.903,batt,1
278411770847569,832.903,batt,1
278411771688793,832.903,batt,1
278411772268932,832.903,batt,1
278411772836727,832.903,batt,1
278411773406762,832.903,batt,1
278411775513677,832.903,batt,1
278411776402869,832.903,batt,1
278411777286540,832.903,batt,1
278411777856366,832.903,batt,1
278411780759664,832.903,batt,1
278411781316470,832.903,batt,1
278411781874890,832.903,batt,1
278411783179642,832.903,batt,1
278411783737698,832.903,batt,1
278411784317785,832.903,batt,1
278411784874435,832.903,batt,1
278411785696181,832.903,batt,1
278411786251424,832.903,batt,1
278411786802189,832.903,batt,1
278411788727443,832.903,batt,1
278411789281957,832.903,batt,1
278411789839544,832.903,batt,1
278411790394215,832.903,batt,1
278411791689957,821.851,batt,1
278411792267492,821.851,batt,1
278411792825183,821.851,batt,1
278411795802332,821.851,batt,1
278411796359711,821.851,batt,1
278411796913392,821.851,batt,1
278411797470407,821.851,batt,1
278411799425139,821.851,batt,1
278411799981008,821.851,batt,1
278411800554584,821.851,batt,1
278411801108682,821.851,batt,1
278411802139327,821.851,batt,1
278411802700717,821.851,batt,1
278411803257471,821.851,batt,1
278411805157725,821.851,batt,1
278411805711094,821.851,batt,1
278411806273681,821.851,batt,1
278411806827727,821.851,batt,1
278411810399650,821.851,batt,1
278411810953279,821.851,batt,1
278411811507585,821.851,batt,1
278411814482963,821.851,batt,1
278411815041957,821.851,batt,1
278411815603086,821.851,batt,1
278411816350459,821.851,batt,1
278411817535891,821.851,batt,1
278411818101135,821.851,batt,1
278411818659451,821.851,batt,1
278411820024774,821.851,batt,1
278411820683452,821.851,batt,1
278411821238227,821.851,batt,1
278411821795450,821.851,batt,1
278411823847887,821.851,batt,1
278411824626874,821.851,batt,1
278411825509452,821.851,batt,1
278411826375623,821.851,batt,1
278411829077729,821.851,batt,1
278411829642764,821.851,batt,1
278411830198372,821.851,batt,1
278411833742587,821.851,batt,1
278411834562041,821.851,batt,1
278411835290196,821.851,batt,1
278411835849867,821.851,batt,1
278411838366509,821.851,batt,1
278411838934878,821.851,batt,1
278411839492725,821.851,batt,1
278411842166759,821.851,batt,1
278411843009337,821.851,batt,1
278411843570362,821.851,batt,1
278411844199197,821.851,batt,1
278411846494388,821.851,batt,1
278411847053277,821.851,batt,1
278411847607948,821.851,batt,1
278411848161889,821.851,batt,1
278411851603243,821.851,batt,1
278411852521809,821.851,batt,1
278411853386002,821.851,batt,1
278411854250507,821.851,batt,1
278411854999546,821.851,batt,1
278411855563644,821.851,batt,1
278411856196177,821.851,batt,1
278411857564364,821.851,batt,1
278411858226844,821.851,batt,1
278411858781046,821.851,batt,1
278411859334675,821.851,batt,1
278411861803923,821.851,batt,1
278411862457341,821.851,batt,1
278411863014668,821.851,batt,1
278411864746438,821.851,batt,1
278411865379023,821.851,batt,1
278411865931610,821.851,batt,1
278411866481125,821.851,batt,1
278411867532604,821.851,batt,1
278411868095347,821.851,batt,1
278411868658871,821.851,batt,1
278411869215573,821.851,batt,1
278411871313010,821.851,batt,1
278411872094600,821.851,batt,1
278411872990407,821.851,batt,1
278411873867880,821.851,batt,1
278411875956827,821.851,batt,1
278411876700242,821.851,batt,1
278411877254756,821.851,batt,1
278411881184481,821.851,batt,1
278411882099089,821.851,batt,1
278411882946094,821.851,batt,1
278411883500661,821.851,batt,1
278411884074602,821.851,batt,1
278411884803902,821.851,batt,1
278411885976002,821.851,batt,1
278411886534319,821.851,batt,1
278411887088416,821.851,batt,1
278411887648660,821.851,batt,1
278411888947110,821.851,batt,1
278411889504645,821.851,batt,1
278411890063482,821.851,batt,1
278411890901790,821.851,batt,1
278411891454794,821.851,batt,1
278411892033735,821.851,batt,1
278411892592364,821.851,batt,1
278411895001457,821.851,batt,1
278411895548837,821.851,batt,1
278411896109184,821.851,batt,1
278411896976033,821.851,batt,1
278411899257162,821.851,batt,1
278411899817822,821.851,batt,1
278411900559466,821.851,batt,1
278411901123876,821.851,batt,1
278411903157043,821.851,batt,1
278411903912385,821.851,batt,1
278411904779182,821.851,batt,1
278411905343539,821.851,batt,1
278411907885494,821.851,batt,1
278411909006918,821.851,batt,1
278411909881787,821.851,batt,1
278411910605984,821.851,batt,1
278411912693577,821.851,batt,1
278411913412045,821.851,batt,1
278411913968226,821.851,batt,1
278411914519407,821.851,batt,1
278411915556146,821.851,batt,1
278411916114046,821.851,batt,1
278411916988186,821.851,batt,1
278411920038094,821.851,batt,1
278411920802081,821.851,batt,1
278411921410344,821.851,batt,1
278411921966004,821.851,batt,1
278411922967900,821.851,batt,1
278411923610746,821.851,batt,1
278411924164791,821.851,batt,1
278411924721285,821.851,batt,1
278411927095223,821.851,batt,1
278411927654217,821.851,batt,1
278411928224043,821.851,batt,1
278411929888368,821.851,batt,1
278411930546577,821.851,batt,1
278411931102497,821.851,batt,1
278411931658418,821.851,batt,1
278411934282661,821.851,batt,1
278411934836759,821.851,batt,1
278411935389763,821.851,batt,1
278411935945736,821.851,batt,1
278411936674932,821.851,batt,1
278411937231166,821.851,batt,1
278411937784013,821.851,batt,1
278411940314041,821.851,batt,1
278411941028915,821.851,batt,1
278411941583638,821.851,batt,1
278411942138621,821.851,batt,1
278411944435687,821.851,batt,1
278411944987389,821.851,batt,1
278411945541799,821.851,batt,1
278411946385367,821.851,batt,1
278411946943006,821.851,batt,1
278411947499344,821.851,batt,1
278411948067868,821.851,batt,1
278411949390484,821.851,batt,1
278411949949530,821.851,batt,1
278411950503784,821.851,batt,1
278411952366071,821.851,batt,1
278411952921731,821.851,batt,1
278411953480360,821.851,batt,1
278411954034979,821.851,batt,1
278411954873130,821.851,batt,1
278411955422749,821.851,batt,1
278411955979920,821.851,batt,1
278411956833748,821.851,batt,1
278411957390762,821.851,batt,1
278411957947985,821.851,batt,1
278411958502083,821.851,batt,1
278411960620716,821.851,batt,1
278411961588447,821.851,batt,1
278411962310196,821.851,batt,1
278411962865961,821.851,batt,1
278411963634844,821.851,batt,1
278411964183056,821.851,batt,1
278411964735123,821.851,batt,1
278411965830871,821.851,batt,1
278411966445383,821.851,batt,1
278411967001460,821.851,batt,1
278411967558214,821.851,batt,1
278411970029858,821.851,batt,1
278411970587966,821.851,batt,1
278411971139772,821.851,batt,1
278411971696578,821.851,batt,1
278411973001434,821.851,batt,1
278411973563292,821.851,batt,1
278411974117807,821.851,batt,1
278411975464745,821.851,batt,1
278411976038113,821.851,batt,1
278411976605544,821.851,batt,1
278411977161360,821.851,batt,1
278411979604932,821.851,batt,1
278411980155644,821.851,batt,1
278411980705628,821.851,batt,1
278411983168209,821.851,batt,1
278411983720380,821.851,batt,1
278411984292654,821.851,batt,1
278411984851283,821.851,batt,1
278411986200877,821.851,batt,1
278411986760861,821.851,batt,1
278411987322666,821.851,batt,1
278411990069302,821.851,batt,1
278411990994586,821.851,batt,1
278411991723835,821.851,batt,1
278411992303036,821.851,batt,1
278411993915643,821.851,batt,1
278411994474324,821.851,batt,1
278411995036182,821.851,batt,1
278411995820846,821.851,batt,1
278411996557074,821.851,batt,1
278411997558502,821.851,batt,1
278411998434569,821.851,batt,1
278412001135997,821.851,batt,1
278412001864517,821.851,batt,1
278412003037450,821.851,batt,1
278412003607433,821.851,batt,1
278412004162572,821.851,batt,1
278412005072961,821.851,batt,1
278412005953507,821.851,batt,1
278412006669944,821.851,batt,1
278412007919906,821.851,batt,1
278412008905970,821.851,batt,1
278412009465119,821.851,batt,1
278412010015467,821.851,batt,1
278412014370075,821.851,batt,1
278412015356816,821.851,batt,1
278412015921278,821.851,batt,1
278412016799116,821.851,batt,1
278412017521333,821.851,batt,1
278412019452525,821.851,batt,1
278412020032090,821.851,batt,1
278412020592646,821.851,batt,1
278412021144505,821.851,batt,1
278412022456756,821.851,batt,1
278412023010542,821.851,batt,1
278412023565994,821.851,batt,1
278412025436458,821.851,batt,1
278412025985764,821.851,batt,1
278412026537726,821.851,batt,1
278412027101407,821.851,batt,1
278412027656599,821.851,batt,1
278412029021297,821.851,batt,1
278412029576540,821.851,batt,1
278412030129753,821.851,batt,1
278412030992956,821.851,batt,1
278412031544137,821.851,batt,1
278412032098443,821.851,batt,1
278412032989406,821.851,batt,1
278412033868129,821.851,batt,1
278412034590503,821.851,batt,1
278412035920671,821.851,batt,1
278412036618827,821.851,batt,1
278412037169435,821.851,batt,1
278412037719262,821.851,batt,1
278412039759044,873.274,batt,1
278412040335901,873.274,batt,1
278412040887499,873.274,batt,1
278412042527918,873.274,batt,1
278412043084776,873.274,batt,1
278412043641478,873.274,batt,1
278412044215784,873.274,batt,1
278412045516421,873.274,batt,1
278412046067967,873.274,batt,1
278412046619409,873.274,batt,1
278412047982649,873.274,batt,1
278412048667315,873.274,batt,1
278412049224278,873.274,batt,1
278412049778584,873.274,batt,1
278412052125856,873.274,batt,1
278412053143690,873.274,batt,1
278412054018403,873.274,batt,1
278412054739319,873.274,batt,1
278412056081726,873.274,batt,1
278412056804308,873.274,batt,1
278412057361010,873.274,batt,1
278412059519226,873.274,batt,1
278412060095562,873.274,batt,1
278412060649556,873.274,batt,1
278412061206987,873.274,batt,1
278412062759804,873.274,batt,1
278412063314475,873.274,batt,1
278412063872791,873.274,batt,1
278412064430274,873.274,batt,1
278412065870595,873.274,batt,1
278412066424485,873.274,batt,1
278412066977645,873.274,batt,1
278412068905087,873.274,batt,1
278412069459601,873.274,batt,1
278412070010418,873.274,batt,1
278412070561911,873.274,batt,1
278412071111895,873.274,batt,1
278412071670159,873.274,batt,1
278412072242329,873.274,batt,1
278412074112324,873.274,batt,1
278412074669860,873.274,batt,1
278412075223384,873.274,batt,1
278412076045339,873.274,batt,1
278412076703652,873.274,batt,1
278412077261448,873.274,batt,1
278412077815962,873.274,batt,1
278412079645698,873.274,batt,1
278412080224639,873.274,batt,1
278412080782955,873.274,batt,1
278412082273743,873.274,batt,1
278412082912370,873.274,batt,1
278412083462562,873.274,batt,1
278412084029940,873.274,batt,1
278412086489813,873.274,batt,1
278412087046255,873.274,batt,1
278412087601342,873.274,batt,1
278412088353194,873.274,batt,1
278412089457380,873.274,batt,1
278412090025852,873.274,batt,1
278412090582762,873.274,batt,1
278412092520047,873.274,batt,1
278412093071489,873.274,batt,1
278412093623451,873.274,batt,1
278412094180778,873.274,batt,1
278412096088949,873.274,batt,1
278412096659713,873.274,batt,1
278412097211519,873.274,batt,1
278412099112347,873.274,batt,1
278412099675299,873.274,batt,1
278412100248563,873.274,batt,1
278412100797817,873.274,batt,1
278412102683697,873.274,batt,1
278412103240086,873.274,batt,1
278412103804080,873.274,batt,1
278412105707199,873.274,batt,1
278412106423115,873.274,batt,1
278412106982733,873.274,batt,1
278412107532456,873.274,batt,1
278412108222175,873.274,batt,1
278412109208186,873.274,batt,1
278412109765670,873.274,batt,1
278412110318361,873.274,batt,1
278412112221480,873.274,batt,1
278412112770214,873.274,batt,1
278412113322228,873.274,batt,1
278412113879347,873.274,batt,1
278412115838194,873.274,batt,1
278412116550151,873.274,batt,1
278412117427520,873.274,batt,1
278412118984244,873.274,batt,1
278412119551779,873.274,batt,1
278412120113585,873.274,batt,1
278412120979913,873.274,batt,1
278412121857490,873.274,batt,1
278412122574031,873.274,batt,1
278412123790140,873.274,batt,1
278412124345227,873.274,batt,1
278412124909273,873.274,batt,1
278412125468006,873.274,batt,1
278412127971888,873.274,batt,1
278412128547964,873.274,batt,1
278412129107478,873.274,batt,1
278412130622380,873.274,batt,1
278412131265434,873.274,batt,1
278412131818490,873.274,batt,1
278412132382327,873.274,batt,1
278412134453045,873.274,batt,1
278412135020632,873.274,batt,1
278412135574782,873.274,batt,1
278412136831411,873.274,batt,1
278412137554983,873.274,batt,1
278412138116424,873.274,batt,1
278412138671980,873.274,batt,1
278412140896079,873.274,batt,1
278412141872872,873.274,batt,1
278412142598736,873.274,batt,1
278412143156219,873.274,batt,1
278412143710837,873.274,batt,1
278412145489794,873.274,batt,1
278412146045662,873.274,batt,1
278412146599291,873.274,batt,1
278412148487255,873.274,batt,1
278412149045363,873.274,batt,1
278412149596180,873.274,batt,1
278412150148402,873.274,batt,1
278412150705781,873.274,batt,1
278412152661816,873.274,batt,1
278412153214351,873.274,batt,1
278412153765324,873.274,batt,1
278412155109346,873.274,batt,1
278412155664798,873.274,batt,1
278412156242540,873.274,batt,1
278412156798513,873.274,batt,1
278412157556876,873.274,batt,1
278412158113421,873.274,batt,1
278412158667519,873.274,batt,1
278412159535722,873.274,batt,1
278412160097944,873.274,batt,1
278412160654907,873.274,batt,1
278412161210411,873.274,batt,1
278412165550539,873.274,batt,1
278412166267601,873.274,batt,1
278412166821803,873.274,batt,1
278412167378192,873.274,batt,1
278412167932134,873.274,batt,1
278412168625342,873.274,batt,1
278412169178242,873.274,batt,1
278412171781131,873.274,batt,1
278412172861880,873.274,batt,1
278412173930441,873.274,batt,1
278412174650107,873.274,batt,1
278412175206965,873.274,batt,1
278412176440417,873.274,batt,1
278412177146281,873.274,batt,1
278412177845479,873.274,batt,1
278412178506292,873.274,batt,1
278412179065390,873.274,batt,1
278412179620685,873.274,batt,1
278412180182595,873.274,batt,1
278412182213784,873.274,batt,1
278412182764809,873.274,batt,1
278412183321354,873.274,batt,1
278412183880035,873.274,batt,1
278412184764904,873.274,batt,1
278412185321502,873.274,batt,1
278412185882162,873.274,batt,1
278412186438447,873.274,batt,1
278412187274307,873.274,batt,1
278412187826895,873.274,batt,1
278412188379899,873.274,batt,1
278412189742461,873.274,batt,1
278412190293747,873.274,batt,1
278412190851386,873.274,batt,1
278412191408557,873.274,batt,1
278412191961613,873.274,batt,1
278412194900690,873.274,batt,1
278412195456976,873.274,batt,1
278412196040708,873.274,batt,1
278412198009711,873.274,batt,1
278412198570527,873.274,batt,1
278412199132854,873.274,batt,1
278412199722992,873.274,batt,1
278412201812199,873.274,batt,1
278412202685610,873.274,batt,1
278412203248770,873.274,batt,1
278412203804118,873.274,batt,1
278412204358528,873.274,batt,1
278412206181858,873.274,batt,1
278412206730488,873.274,batt,1
278412207282815,873.274,batt,1
278412207839881,873.274,batt,1
278412209226193,873.274,batt,1
278412209782478,873.274,batt,1
278412210340013,873.274,batt,1
278412211683879,873.274,batt,1
278412212352400,873.274,batt,1
278412212906706,873.274,batt,1
278412213460544,873.274,batt,1
278412214842377,873.274,batt,1
278412215410224,873.274,batt,1
278412215964374,873.274,batt,1
278412217717550,873.274,batt,1
278412218274148,873.274,batt,1
278412218827100,873.274,batt,1
278412219384479,873.274,batt,1
278412221063959,873.274,batt,1
278412221941536,873.274,batt,1
278412222661098,873.274,batt,1
278412224706400,873.274,batt,1
278412225430910,873.274,batt,1
278412225989591,873.274,batt,1
278412226546918,873.274,batt,1
278412228703727,873.274,batt,1
278412229262721,873.274,batt,1
278412229815412,873.274,batt,1
278412230955430,873.274,batt,1
278412231589733,873.274,batt,1
278412232145498,873.274,batt,1
278412232700168,873.274,batt,1
278412233961640,873.274,batt,1
278412234519019,873.274,batt,1
278412235072753,873.274,batt,1
278412236440940,873.274,batt,1
278412236998996,873.274,batt,1
278412237554969,873.274,batt,1
278412238108233,873.274,batt,1
278412240025259,873.274,batt,1
278412240803099,873.274,batt,1
278412241715728,873.274,batt,1
278412242468205,873.274,batt,1
278412243028084,873.274,batt,1
278412243584682,873.274,batt,1
278412244204455,873.274,batt,1
278412246065231,873.274,batt,1
278412246619798,873.274,batt,1
278412247179312,873.274,batt,1
278412247976371,873.274,batt,1
278412248761920,873.274,batt,1
278412249374662,873.274,batt,1
278412249927458,873.274,batt,1
278412252037654,873.274,batt,1
278412252790913,873.274,batt,1
278412253447403,873.274,batt,1
278412254002126,873.274,batt,1
278412254556015,873.274,batt,1
278412255494112,873.274,batt,1
278412256068001,873.274,batt,1
278412256629442,873.274,batt,1
278412257183904,873.274,batt,1
278412258639017,873.274,batt,1
278412259191396,873.274,batt,1
278412259747160,873.274,batt,1
278412261155503,873.274,batt,1
278412261717673,873.274,batt,1
278412262273698,873.274,batt,1
278412262829202,873.274,batt,1
278412264368114,873.274,batt,1
278412265343396,873.274,batt,1
278412266217328,873.274,batt,1
278412266783769,873.274,batt,1
278412268050658,873.274,batt,1
278412268622828,873.274,batt,1
278412269185624,873.274,batt,1
278412272395318,873.274,batt,1
278412272990300,873.274,batt,1
278412273544085,873.274,batt,1
278412274097818,873.274,batt,1
278412275141797,873.274,batt,1
278412275695947,873.274,batt,1
278412276270461,873.274,batt,1
278412277651096,873.274,batt,1
278412278203892,873.274,batt,1
278412278765125,873.274,batt,1
278412279320524,873.274,batt,1
278412281752742,873.274,batt,1
278412282308923,873.274,batt,1
278412282865417,873.274,batt,1
278412284808379,873.274,batt,1
278412285367216,873.274,batt,1
278412285931834,873.274,batt,1
278412286484682,873.274,batt,1
278412287038103,873.274,batt,1
278412287593815,873.274,batt,1
278412288151454,854.857,batt,1
278412288707115,854.857,batt,1
278412291040117,854.857,batt,1
278412291594475,854.857,batt,1
278412292163520,854.857,batt,1
278412293555197,854.857,batt,1
278412294104451,854.857,batt,1
278412294652559,854.857,batt,1
278412295208167,854.857,batt,1
278412295761380,854.857,batt,1
278412297128786,854.857,batt,1
278412297697206,854.857,batt,1
278412298251773,854.857,batt,1
278412299089925,854.857,batt,1
278412299647720,854.857,batt,1
278412300221401,854.857,batt,1
278412300776748,854.857,batt,1
278412301337148,854.857,batt,1
278412301888798,854.857,batt,1
278412302444614,854.857,batt,1
278412303691972,854.857,batt,1
278412304263882,854.857,batt,1
278412304822146,854.857,batt,1
278412307811014,854.857,batt,1
278412308624375,854.857,batt,1
278412309557628,854.857,batt,1
278412310638116,854.857,batt,1
278412311204557,854.857,batt,1
278412311765009,854.857,batt,1
278412312346033,854.857,batt,1
278412314430501,854.857,batt,1
278412314987411,854.857,batt,1
278412315541092,854.857,batt,1
278412317560302,854.857,batt,1
278412318287571,854.857,batt,1
278412318841669,854.857,batt,1
278412319399412,854.857,batt,1
278412319952156,854.857,batt,1
278412320533128,854.857,batt,1
278412321557732,854.857,batt,1
278412322109018,854.857,batt,1
278412322675094,854.857,batt,1
278412323229140,854.857,batt,1
278412324080989,854.857,batt,1
278412324641545,854.857,batt,1
278412325196997,854.857,batt,1
278412327871916,854.857,batt,1
278412328789857,854.857,batt,1
278412329869459,854.857,batt,1
278412330793650,854.857,batt,1
278412331353373,854.857,batt,1
278412331910908,854.857,batt,1
278412332641667,854.857,batt,1
278412333205452,854.857,batt,1
278412333758248,854.857,batt,1
278412334811705,854.857,batt,1
278412335371063,854.857,batt,1
278412335925890,854.857,batt,1
278412337711461,854.857,batt,1
278412338370712,854.857,batt,1
278412338921997,854.857,batt,1
278412339473491,854.857,batt,1
278412341054693,854.857,batt,1
278412341627175,854.857,batt,1
278412342184450,854.857,batt,1
278412342981405,854.857,batt,1
278412343541649,854.857,batt,1
278412344099809,854.857,batt,1
278412344972386,854.857,batt,1
278412346982690,854.857,batt,1
278412347543975,854.857,batt,1
278412348100208,854.857,batt,1
278412349438032,854.857,batt,1
278412350315558,854.857,batt,1
278412350883509,854.857,batt,1
278412351439846,854.857,batt,1
278412352625540,854.857,batt,1
278412353180731,854.857,batt,1
278412353737641,854.857,batt,1
278412355655916,854.857,batt,1
278412356234597,854.857,batt,1
278412356787861,854.857,batt,1
278412357347636,854.857,batt,1
278412359483092,854.857,batt,1
278412360386762,854.857,batt,1
278412361263194,854.857,batt,1
278412362134991,854.857,batt,1
278412363332819,854.857,batt,1
278412363898635,854.857,batt,1
278412364468149,854.857,batt,1
278412365023236,854.857,batt,1
278412365574470,854.857,batt,1
278412366898752,854.857,batt,1
278412367460246,854.857,batt,1
278412368033457,854.857,batt,1
278412368594117,854.857,batt,1
278412369150976,854.857,batt,1
278412369705282,854.857,batt,1
278412372098751,854.857,batt,1
278412373173145,854.857,batt,1
278412374251810,854.857,batt,1
278412374912363,854.857,batt,1
278412375466930,854.857,batt,1
278412376041704,854.857,batt,1
278412376601947,854.857,batt,1
278412378984011,854.857,batt,1
278412379535452,854.857,batt,1
278412380094654,854.857,batt,1
278412380651720,854.857,batt,1
278412382004179,854.857,batt,1
278412382559215,854.857,batt,1
278412383114198,854.857,batt,1
278412383665639,854.857,batt,1
278412384497802,854.857,batt,1
278412385048514,854.857,batt,1
278412385603393,854.857,batt,1
278412386156553,854.857,batt,1
278412388076443,854.857,batt,1
278412388729704,854.857,batt,1
278412389284688,854.857,batt,1
278412389840712,854.857,batt,1
278412391939242,854.857,batt,1
278412392721198,854.857,batt,1
278412393373678,854.857,batt,1
278412394131936,854.857,batt,1
278412394692961,854.857,batt,1
278412395250809,854.857,batt,1
278412397138772,854.857,batt,1
278412397895624,854.857,batt,1
278412398644404,854.857,batt,1
278412399197928,854.857,batt,1
278412399747651,854.857,batt,1
278412400328623,854.857,batt,1
278412400883554,854.857,batt,1
278412401815661,854.857,batt,1
278412402373457,854.857,batt,1
278412402930576,854.857,batt,1
278412403486184,854.857,batt,1
278412404788280,854.857,batt,1
278412405337430,854.857,batt,1
278412405884288,854.857,batt,1
278412406447031,854.857,batt,1
278412406998473,854.857,batt,1
278412407843760,854.857,batt,1
278412408399472,854.857,batt,1
278412408954299,854.857,batt,1
278412409510428,854.857,batt,1
278412411351726,854.857,batt,1
278412411940771,854.857,batt,1
278412412529816,854.857,batt,1
278412414971721,854.857,batt,1
278412415533839,854.857,batt,1
278412416100280,854.857,batt,1
278412416659846,854.857,batt,1
278412417211913,854.857,batt,1
278412418534425,854.857,batt,1
278412419088783,854.857,batt,1
278412419646422,854.857,batt,1
278412420493949,854.857,batt,1
278412421047370,854.857,batt,1
278412421599801,854.857,batt,1
278412422151451,854.857,batt,1
278412423453755,854.857,batt,1
278412424030456,854.857,batt,1
278412424591377,854.857,batt,1
278412425152662,854.857,batt,1
278412425711499,854.857,batt,1
278412426268461,854.857,batt,1
278412428688075,854.857,batt,1
278412429243215,854.857,batt,1
278412429798302,854.857,batt,1
278412430350993,854.857,batt,1
278412431178729,854.857,batt,1
278412431734285,854.857,batt,1
278412432307132,854.857,batt,1
278412433667247,854.857,batt,1
278412434220303,854.857,batt,1
278412434770182,854.857,batt,1
278412435324957,854.857,batt,1
278412435880357,854.857,batt,1
278412438298825,854.857,batt,1
278412438851673,854.857,batt,1
278412439400875,854.857,batt,1
278412440785781,854.857,batt,1
278412441343420,854.857,batt,1
278412441908768,854.857,batt,1
278412442468230,854.857,batt,1
278412443021026,854.857,batt,1
278412443577571,854.857,batt,1
278412444215885,854.857,batt,1
278412446178534,854.857,batt,1
278412447054080,854.857,batt,1
278412447620938,854.857,batt,1
278412449615773,854.857,batt,1
278412450180340,854.857,batt,1
278412450747875,854.857,batt,1
278412451302754,854.857,batt,1
278412452078928,854.857,batt,1
278412452637505,854.857,batt,1
278412453194936,854.857,batt,1
278412454181572,854.857,batt,1
278412454837386,854.857,batt,1
278412455390129,854.857,batt,1
278412455942144,854.857,batt,1
278412458358529,854.857,batt,1
278412458918043,854.857,batt,1
278412459474641,854.857,batt,1
278412460043217,854.857,batt,1
278412461701813,854.857,batt,1
278412462257421,854.857,batt,1
278412462812092,854.857,batt,1
278412463861956,854.857,batt,1
278412464462510,854.857,batt,1
278412465016087,854.857,batt,1
278412465570966,854.857,batt,1
278412467161751,854.857,batt,1
278412467821627,854.857,batt,1
278412468545772,854.857,batt,1
278412469428558,854.857,batt,1
278412470542691,854.857,batt,1
278412471102778,854.857,batt,1
278412471657969,854.857,batt,1
278412472850850,854.857,batt,1
278412473508226,854.857,batt,1
278412474057480,854.857,batt,1
278412474611109,854.857,batt,1
278412475673420,854.857,batt,1
278412476251215,854.857,batt,1
278412476805313,854.857,batt,1
278412479243729,854.857,batt,1
278412479800274,854.857,batt,1
278412480366142,854.857,batt,1
278412480925344,854.857,batt,1
278412481479807,854.857,batt,1
278412482033592,854.857,batt,1
278412482588523,854.857,batt,1
278412484478361,854.857,batt,1
278412485031886,854.857,batt,1
278412485586140,854.857,batt,1
278412486906673,854.857,batt,1
278412487463375,854.857,batt,1
278412488038878,854.857,batt,1
278412488600268,854.857,batt,1
278412489429097,854.857,batt,1
278412489982101,854.857,batt,1
278412490535834,854.857,batt,1
278412492235261,854.857,batt,1
278412493220388,854.857,batt,1
278412493766465,854.857,batt,1
278412494315719,854.857,batt,1
278412494877369,854.857,batt,1
278412496797935,854.857,batt,1
278412497353023,854.857,batt,1
278412497911391,854.857,batt,1
278412498469864,854.857,batt,1
278412499020941,854.857,batt,1
278412499575716,854.857,batt,1
278412500133720,854.857,batt,1
278412501066452,854.857,batt,1
278412501930540,854.857,batt,1
278412502645935,854.857,batt,1
278412503203835,854.857,batt,1
278412503765589,854.857,batt,1
278412505596991,854.857,batt,1
278412506148745,854.857,batt,1
278412506700916,854.857,batt,1
278412507259545,854.857,batt,1
278412507816768,854.857,batt,1
278412509178029,854.857,batt,1
278412509743011,854.857,batt,1
278412510297422,854.857,batt,1
278412512179760,854.857,batt,1
278412512735941,854.857,batt,1
278412513291602,854.857,batt,1
278412513843929,854.857,batt,1
278412515202377,854.857,batt,1
278412515757152,854.857,batt,1
278412516331145,854.857,batt,1
278412517123308,854.857,batt,1
278412517677302,854.857,batt,1
278412518237858,854.857,batt,1
278412518793830,854.857,batt,1
278412520149154,854.857,batt,1
278412520917099,854.857,batt,1
278412521792333,854.857,batt,1
278412522892769,854.857,batt,1
278412523508896,854.857,batt,1
278412524078358,854.857,batt,1
278412524636153,854.857,batt,1
278412525987675,854.857,batt,1
278412526544585,854.857,batt,1
278412527093995,854.857,batt,1
278412528348905,854.857,batt,1
278412529006750,854.857,batt,1
278412529558608,854.857,batt,1
278412530114997,854.857,batt,1
278412532381231,854.857,batt,1
278412533258496,854.857,batt,1
278412533924569,854.857,batt,1
278412534476896,854.857,batt,1
278412536076848,856.076,batt,1
278412536837450,856.118,batt,1
278412537392381,856.118,batt,1
278412538074443,856.118,batt,1
278412538631614,856.118,batt,1
278412539187118,856.118,batt,1
278412540940502,856.118,batt,1
278412541912452,856.118,batt,1
278412542630191,856.118,batt,1
278412543189653,856.118,batt,1
278412543751511,856.118,batt,1
278412545363285,856.118,batt,1
278412546119824,856.118,batt,1
278412546677568,856.118,batt,1
278412547234582,856.118,batt,1
278412548628863,856.118,batt,1
278412549344987,856.118,batt,1
278412549905282,856.118,batt,1
278412550464588,856.118,batt,1
278412552271825,856.118,batt,1
278412552825037,856.118,batt,1
278412553379135,856.118,batt,1
278412553934743,856.118,batt,1
278412555875205,856.118,batt,1
278412556433782,856.118,batt,1
278412556993140,856.118,batt,1
278412557560779,856.118,batt,1
278412558118835,856.118,batt,1
278412558672100,856.118,batt,1
278412559980341,856.118,batt,1
278412560683497,856.118,batt,1
278412561241605,856.118,batt,1
278412561796432,856.118,batt,1
278412563785851,856.118,batt,1
278412564443695,856.118,batt,1
278412565000658,856.118,batt,1
278412565558141,856.118,batt,1
278412567190435,856.118,batt,1
278412567746460,856.118,batt,1
278412568324307,856.118,batt,1
278412570105242,856.118,batt,1
278412570756629,856.118,batt,1
278412571317497,856.118,batt,1
278412571975550,856.118,batt,1
278412574638490,856.118,batt,1
278412575202640,856.118,batt,1
278412575759654,856.118,batt,1
278412576335886,856.118,batt,1
278412578710658,856.118,batt,1
278412579263662,856.118,batt,1
278412579821979,856.118,batt,1
278412580547634,856.118,batt,1
278412581986496,856.118,batt,1
278412582699391,856.118,batt,1
278412583260624,856.118,batt,1
278412584181221,856.118,batt,1
278412584741777,856.118,batt,1
278412585301031,856.118,batt,1
278412585856327,856.118,batt,1
278412587749498,856.118,batt,1
278412588322346,856.118,batt,1
278412588879308,856.118,batt,1
278412590801489,856.118,batt,1
278412591358556,856.118,batt,1
278412591919216,856.118,batt,1
278412592723670,856.118,batt,1
278412593283133,856.118,batt,1
278412594084410,856.118,batt,1
278412594640071,856.118,batt,1
278412595194481,856.118,batt,1
278412595953833,856.118,batt,1
278412596618031,856.118,batt,1
278412597172806,856.118,batt,1
278412599196391,856.118,batt,1
278412599950899,856.118,batt,1
278412600528329,856.118,batt,1
278412601083521,856.118,batt,1
278412601799489,856.118,batt,1
278412602356295,856.118,batt,1
278412602908049,856.118,batt,1
278412604373421,856.118,batt,1
278412604931529,856.118,batt,1
278412605484273,856.118,batt,1
278412606197220,856.118,batt,1
278412606750797,856.118,batt,1
278412607305207,856.118,batt,1
278412609120048,856.118,batt,1
278412609688364,856.118,batt,1
278412610244649,856.118,batt,1
278412611636951,856.118,batt,1
278412612196465,856.118,batt,1
278412612758792,856.118,batt,1
278412613315858,856.118,batt,1
278412614976224,856.118,batt,1
278412615533499,856.118,batt,1
278412616103690,856.118,batt,1
278412617880147,856.118,batt,1
278412618546168,856.118,batt,1
278412619100474,856.118,batt,1
278412619764933,856.118,batt,1
278412620344395,856.118,batt,1
278412621024322,856.118,batt,1
278412621580607,856.118,batt,1
278412622136320,856.118,batt,1
278412623985326,856.118,batt,1
278412653184752,856.118,batt,1
278412703187818,856.118,batt,1
278412753184739,856.118,batt,1
278412803186086,535.814,batt,1
278412853186652,535.814,batt,1
278412903187999,535.814,batt,1
278412953186534,535.814,batt,1
278413003184965,535.814,batt,1
278413053186364,505.294,batt,1
278413103187555,505.294,batt,1
278413153187028,505.294,batt,1
278413203187021,505.294,batt,1
278413253186649,505.294,batt,1
278413303186747,587.101,batt,1
278413353186532,587.101,batt,1
278413403186733,587.101,batt,1
278413453185789,587.101,batt,1
278413503186615,587.101,batt,1
278413553185202,467.460,batt,1
278413603186497,467.460,batt,1
278413653187063,467.460,batt,1
278413703186432,467.460,batt,1
278413753185592,467.460,batt,1
278413803186783,519.955,batt,1
278413853186567,519.955,batt,1
278413903186456,519.955,batt,1
278413953186293,519.955,batt,1
278414003185037,519.955,batt,1
278414053186540,510.215,batt,1
278414103185283,510.215,batt,1
278414153187151,510.215,batt,1
278414203186415,510.215,batt,1
278414253185627,510.215,batt,1
278414303186454,505.269,batt,1
278414353186812,505.269,batt,1
278414403186596,505.269,batt,1
278414453186694,505.269,batt,1
278414503185801,505.269,batt,1
278414553185690,471.087,batt,1
278414603186673,471.087,batt,1
278414653186718,471.087,batt,1
278414703185618,471.087,batt,1
278414753186965,471.087,batt,1
278414803185240,796.049,batt,1
278414853187368,796.049,batt,1
278414903186788,796.049,batt,1
278414953187771,796.049,batt,1
278415003187400,796.049,batt,1
278415053185935,587.072,batt,1
278415103185042,587.072,batt,1
278415153187223,587.072,batt,1
278415203185654,587.072,batt,1
278415253187053,587.072,batt,1
278415303186682,491.877,batt,1
278415353186518,491.877,batt,1
278415403186564,491.877,batt,1
278415453185828,491.877,batt,1
278415503184988,491.877,batt,1
278415553186179,437.024,batt,1
278415603187213,437.024,batt,1
278415653185957,437.024,batt,1
278415703186575,437.024,batt,1
278415753186933,437.024,batt,1
278415803185103,632.294,batt,1
278415853186138,632.294,batt,1
278415903186964,632.294,batt,1
278415953186749,632.294,batt,1
278416008220183,632.294,batt,1
278416053186527,480.898,batt,1
278416103185531,480.898,batt,1
278416153187555,480.898,batt,1
278416203186194,480.898,batt,1
278416253185823,480.898,batt,1
278416303186076,566.228,batt,1
278416353185392,566.228,batt,1
278416403186844,566.228,batt,1
278416453186472,566.228,batt,1
278416503186309,566.228,batt,1
278416553187500,545.608,batt,1
278416603186764,545.608,batt,1
278416653186080,545.608,batt,1
278416703185761,545.608,batt,1
278416753186848,545.608,batt,1
278416803186320,418.641,batt,1
278416853185897,418.641,batt,1
278416903186879,418.641,batt,1
278416953187393,418.641,batt,1
278417003187074,444.198,batt,1
278417053186598,444.263,batt,1
278417103185602,444.263,batt,1
278417153186429,444.263,batt,1
278417203186422,444.263,batt,1
278417253187300,535.762,batt,1
278417303185939,535.762,batt,1
278417353187078,535.762,batt,1
278417403186030,535.762,batt,1
278417453186960,535.762,batt,1
278417503186693,452.804,batt,1
278417553186947,452.804,batt,1
278417603184805,452.804,batt,1
278417653186412,452.804,batt,1
