t_mono_ns,power_mW,src,valid
277131406688466,1286.144,batt,1
277131456688363,1286.144,batt,1
277131506687531,1286.144,batt,1
277131556690449,1286.144,batt,1
277131606697586,639.790,batt,1
277131656688421,639.790,batt,1
277131706690505,639.790,batt,1
277131756688371,639.790,batt,1
277131806690768,508.178,batt,1
277131856688999,507.905,batt,1
277131906690094,507.905,batt,1
277131956690043,507.905,batt,1
277132006691555,507.905,batt,1
277132056689890,531.175,batt,1
277132106690307,531.175,batt,1
277132156690986,531.175,batt,1
277132206690102,531.175,batt,1
277132256689426,531.175,batt,1
277132306689896,429.763,batt,1
277132356689533,429.763,batt,1
277132406689326,429.763,batt,1
277132456689692,429.763,batt,1
277132506689068,429.763,batt,1
277132556690788,616.637,batt,1
277132606688706,616.637,batt,1
277132656689020,616.637,batt,1
277132706691209,616.637,batt,1
277132756690689,616.637,batt,1
277132806689076,465.227,batt,1
277132856690483,465.227,batt,1
277132906689808,465.227,batt,1
277132956688559,465.227,batt,1
277133006692519,465.227,batt,1
277133056690072,2799.888,batt,1
277133106691323,2799.888,batt,1
277133156691898,2799.888,batt,1
277133206689503,2799.888,batt,1
277133256693150,2799.888,batt,1
277133306691745,2218.550,batt,1
277133356691174,2218.550,batt,1
277133406691592,2218.550,batt,1
277133456689510,2218.550,batt,1
277133506689251,2218.550,batt,1
277133556691908,2536.261,batt,1
277133606689722,2536.261,batt,1
277133656691807,2536.261,batt,1
277133706691131,2536.261,batt,1
277133756690872,2536.261,batt,1
277133806690300,777.989,batt,1
277133856690249,777.989,batt,1
277133906689105,777.989,batt,1
277133956689992,777.989,batt,1
277134006690357,777.989,batt,1
277134056689317,451.742,batt,1
277134106689371,451.742,batt,1
277134156690101,451.742,batt,1
277134206689581,451.742,batt,1
277134256690729,451.742,batt,1
277134306690157,476.120,batt,1
277134356689950,476.120,batt,1
277134406690941,476.120,batt,1
277134456689536,476.120,batt,1
277134506690371,476.120,batt,1
277134556689539,529.880,batt,1
277134606687925,529.880,batt,1
277134656690791,529.880,batt,1
277134706690845,529.880,batt,1
277134756690377,529.880,batt,1
277134806690587,564.069,batt,1
277134856690484,564.069,batt,1
277134906690225,564.069,batt,1
277134956690643,564.069,batt,1
277135006688978,564.069,batt,1
277135056687729,593.423,batt,1
277135106691897,593.423,batt,1
277135156690388,593.423,batt,1
277135206690441,593.423,batt,1
277135256690182,593.423,batt,1
277135306689246,456.636,batt,1
277135356689560,456.636,batt,1
277135406689561,456.636,batt,1
277135456690187,456.636,batt,1
277135506690761,456.636,batt,1
277135556689982,432.217,batt,1
277135606689045,432.217,batt,1
277135656691130,432.217,batt,1
277135706687902,432.217,batt,1
277135756690039,432.217,batt,1
277135806689676,1667.327,batt,1
277135856689729,1667.327,batt,1
277135906690720,1667.327,batt,1
277135956689784,1667.327,batt,1
277136006689316,1667.327,batt,1
277136056689839,2203.258,batt,1
277136106689059,2203.258,batt,1
277136156690206,2203.258,batt,1
277136206689217,2203.258,batt,1
277136256690729,2203.258,batt,1
277136306689428,2085.959,batt,1
277136356687971,2085.959,batt,1
277136406688025,2085.959,batt,1
277136456690682,2085.959,batt,1
277136506694017,2085.959,batt,1
277136556687925,5316.526,batt,1
277136606688395,5316.526,batt,1
277136656687354,5316.526,batt,1
277136706688137,5316.526,batt,1
277136756687930,5316.526,batt,1
277136806695952,5430.168,batt,1
277136856690276,5430.168,batt,1
277136906688142,5430.168,batt,1
277136956687675,5430.168,batt,1
277137006687520,5430.168,batt,1
277137056687521,5822.684,batt,1
277137106687679,5822.684,batt,1
277137156694659,5822.684,batt,1
277137206690910,5822.684,batt,1
277137256688099,5822.684,batt,1
277137306687319,6238.114,batt,1
277137356691956,6238.114,batt,1
277137406687635,6238.114,batt,1
277137456687636,6238.114,batt,1
277137506692533,6238.114,batt,1
277137556689618,5198.684,batt,1
277137606688056,5198.684,batt,1
277137656687172,5198.684,batt,1
277137706690663,5198.684,batt,1
277137756691237,5198.684,batt,1
277137806688635,6034.066,batt,1
277137856688063,6034.066,batt,1
277137906692648,6034.066,batt,1
277137956688378,6034.066,batt,1
277138006687598,6034.066,batt,1
277138056692391,5916.533,batt,1
277138106688018,5916.533,batt,1
277138156687498,5916.533,batt,1
277138206690989,5916.533,batt,1
277138256691667,5916.533,batt,1
277138306688804,6267.442,batt,1
277138356688180,6267.442,batt,1
277138406692817,6267.442,batt,1
277138456687818,6267.442,batt,1
277138506687455,6267.442,batt,1
277138556688706,6417.897,batt,1
277138606687979,6417.897,batt,1
277138656687459,6417.897,batt,1
277138706687565,6417.897,batt,1
277138756690066,6417.897,batt,1
277138806688869,6080.988,batt,1
277138856687933,6080.988,batt,1
277138906688664,6080.988,batt,1
277138956688457,6080.988,batt,1
277139006688093,6080.988,batt,1
277139056692365,5655.037,batt,1
277139106690127,5655.037,batt,1
277139156687316,5655.037,batt,1
277139206687838,5655.037,batt,1
277139256687475,5655.037,batt,1
277139306687476,5647.784,batt,1
277139356687425,5647.784,batt,1
277139406688104,5647.784,batt,1
277139456690449,5647.784,batt,1
277139506689565,6322.635,batt,1
277139556687639,6322.635,batt,1
277139606687276,6322.635,batt,1
277139656689725,6322.635,batt,1
277139706688268,6322.635,batt,1
277139756687957,6469.699,batt,1
277139806690510,6469.699,batt,1
277139856688064,6469.699,batt,1
277139906688325,6469.699,batt,1
277139956687441,6469.699,batt,1
277140006688328,6230.778,batt,1
277140056689944,6230.778,batt,1
277140106687966,6230.778,batt,1
277140156689582,6230.778,batt,1
277140206690989,6230.778,batt,1
277140256688491,6645.960,batt,1
277140306694742,6645.960,batt,1
277140356687660,6645.960,batt,1
277140406687870,6645.960,batt,1
277140456688131,6645.960,batt,1
277140506689643,5389.094,batt,1
277140556687822,5389.094,batt,1
277140606687198,5389.094,batt,1
277140656691470,5389.094,batt,1
277140706689180,5389.094,batt,1
277140756688243,5769.082,batt,1
277140806687411,5769.082,batt,1
277140856688402,5769.082,batt,1
277140906687883,5769.082,batt,1
277140956687728,5769.082,batt,1
277141006689448,4448.369,batt,1
277141056690230,4448.369,batt,1
277141106690440,4448.369,batt,1
277141156689556,4448.369,batt,1
277141206690078,4448.369,batt,1
277141256690079,4626.054,batt,1
277141306691122,4626.054,batt,1
277141356691436,4626.054,batt,1
277141406687115,4626.054,batt,1
277141456687793,4626.054,batt,1
277141506687534,3245.060,batt,1
277141556687327,3245.060,batt,1
277141606687641,3245.060,batt,1
277141656687694,3245.060,batt,1
277141706687487,3245.060,batt,1
277141756687332,3100.610,batt,1
277141806688271,3100.610,batt,1
277141856688481,3100.610,batt,1
277141906691972,3100.610,batt,1
277141956694108,3100.610,batt,1
277142006691818,4658.819,batt,1
277142056690830,4658.819,batt,1
277142106688175,4658.819,batt,1
277142156690989,4658.819,batt,1
277142206693125,4658.819,batt,1
277142256692502,4570.243,batt,1
277142306690940,4570.243,batt,1
277142356687921,4570.243,batt,1
277142406692818,4570.243,batt,1
277142456690215,4570.243,batt,1
277142506689227,4537.917,batt,1
277142556689176,4537.917,batt,1
277142606690532,4537.917,batt,1
277142656689752,4537.917,batt,1
277142706689753,4537.917,batt,1
277142756690692,4474.999,batt,1
277142806690849,4474.999,batt,1
277142856690226,4474.999,batt,1
277142906689602,4474.999,batt,1
277142956690333,4474.999,batt,1
277143006694552,4368.824,batt,1
277143056691116,4368.824,batt,1
277143106691482,4368.824,batt,1
277143156690286,4368.824,batt,1
277143206687787,4368.824,batt,1
277143256691226,4512.202,batt,1
277143306691748,4512.202,batt,1
277143356693572,4512.202,batt,1
277143406690969,4512.202,batt,1
277143456693158,4512.202,batt,1
277143506691545,4553.311,batt,1
277143556691130,4553.311,batt,1
277143606691235,4553.311,batt,1
277143656691705,4553.311,batt,1
277143706692175,4553.311,batt,1
277143756691604,4604.946,batt,1
277143806689157,4604.946,batt,1
277143856689940,4604.946,batt,1
277143906688326,4604.946,batt,1
277143956691609,4604.946,batt,1
277144006693693,4341.844,batt,1
277144056692497,4341.844,batt,1
277144106691977,4341.844,batt,1
277144156692239,4341.844,batt,1
277144206691251,4341.844,batt,1
277144256687867,3278.959,batt,1
277144306692139,3278.959,batt,1
277144356691255,3278.959,batt,1
277144406691621,3278.959,batt,1
277144456694018,3278.959,batt,1
277144506690061,4660.053,batt,1
277144556693083,4660.053,batt,1
277144606690845,4660.053,batt,1
277144656691575,4660.053,batt,1
277144706690691,4660.053,batt,1
277144756690432,4464.311,batt,1
277144806691058,4464.311,batt,1
277144856691737,4464.311,batt,1
277144906692988,4464.311,batt,1
277144956690385,4464.311,batt,1
277145006689866,4730.382,batt,1
277145056690492,4730.382,batt,1
277145106687629,4730.382,batt,1
277145156690807,4730.382,batt,1
277145206690913,4730.382,batt,1
277145256691539,4551.500,batt,1
277145306691905,4551.500,batt,1
277145356689614,4551.500,batt,1
277145406690866,4551.500,batt,1
277145456693211,4551.500,batt,1
277145506689775,4766.305,batt,1
277145556690088,4766.305,batt,1
277145606692329,4766.305,batt,1
277145656690039,4766.305,batt,1
277145706692176,4766.305,batt,1
277145756689833,4641.641,batt,1
277145806693741,4641.641,batt,1
277145856688117,4641.641,batt,1
277145906691660,4641.641,batt,1
277145956694422,4641.641,batt,1
277146006691194,4438.796,batt,1
277146056689268,4438.796,batt,1
277146106688020,4438.796,batt,1
277146156693594,4438.796,batt,1
277146206692553,4438.796,batt,1
277146256692659,4458.939,batt,1
277146306687400,4458.939,batt,1
277146356694016,4458.939,batt,1
277146406691621,4458.939,batt,1
277146456690477,4458.939,batt,1
277146506690582,4514.240,batt,1
277146556690896,4514.240,batt,1
277146606693137,4514.240,batt,1
277146656692461,4514.240,batt,1
277146706694858,4424.100,batt,1
277146756690380,4427.505,batt,1
277146806688351,4427.505,batt,1
277146856696581,4427.505,batt,1
277146906689499,4427.505,batt,1
277146956688875,4329.761,batt,1
277147006692158,4329.761,batt,1
277147056693513,4329.761,batt,1
277147106690858,4329.761,batt,1
277147156691068,4329.761,batt,1
277147206695080,4524.986,batt,1
277147256691800,4524.986,batt,1
277147306691697,4524.986,batt,1
277147356692271,4524.986,batt,1
277147406692272,4524.986,batt,1
277147456691232,4426.228,batt,1
277147506695244,4426.228,batt,1
277147556690297,4426.228,batt,1
277147606691601,4426.228,batt,1
277147656691550,4426.228,batt,1
277147706692280,4606.622,batt,1
277147756692438,4606.622,batt,1
277147806691085,4606.622,batt,1
277147856688066,4606.622,batt,1
277147906690150,4606.622,batt,1
277147956690100,4391.882,batt,1
277148006690153,4391.882,batt,1
277148056693540,4391.882,batt,1
277148106691145,4391.882,batt,1
277148156692709,4391.882,batt,1
277148206691200,4839.513,batt,1
277148256689899,4839.513,batt,1
277148306689900,4839.513,batt,1
277148356692245,4839.513,batt,1
277148406690007,4839.513,batt,1
277148456692613,4408.797,batt,1
277148506690635,4408.797,batt,1
277148556693188,4408.797,batt,1
277148606689856,4408.797,batt,1
277148656689337,4408.797,batt,1
277148706690692,4461.145,batt,1
277148756695433,4461.145,batt,1
277148806687934,4461.145,batt,1
277148856693040,4461.145,batt,1
277148906695697,4461.145,batt,1
277148956694084,4043.739,batt,1
277149006690179,4043.739,batt,1
277149056690441,4043.739,batt,1
277149106689609,4043.739,batt,1
277149156690860,4043.739,batt,1
277149206689976,4501.308,batt,1
277149256688780,4501.308,batt,1
277149306689510,4501.308,batt,1
277149356691855,4501.308,batt,1
277149406695606,4501.308,batt,1
277149456694722,4591.587,batt,1
277149506692172,4591.587,batt,1
277149556692485,4591.587,batt,1
277149606690508,4591.587,batt,1
277149656690665,4591.587,batt,1
277149706689052,4679.354,batt,1
277149756689678,4679.354,batt,1
277149806693117,4679.354,batt,1
277149856692545,4679.354,batt,1
277149906692495,4679.354,batt,1
277149956692340,4789.128,batt,1
277150006691612,4789.128,batt,1
277150056690467,4789.128,batt,1
277150106693021,4789.128,batt,1
277150156690782,4789.128,batt,1
277150206691096,4658.033,batt,1
277150256692139,4658.033,batt,1
277150306691672,4658.033,batt,1
277150356692975,4658.033,batt,1
277150406691779,4658.033,batt,1
277150456692874,4637.146,batt,1
277150506690271,4637.146,batt,1
277150556690012,4637.146,batt,1
277150606689909,4637.146,batt,1
277150656692514,4637.146,batt,1
277150706689495,4513.355,batt,1
277150756689913,4513.355,batt,1
277150806690331,4513.355,batt,1
277150856694603,4513.355,batt,1
277150906690594,4513.355,batt,1
277150956692835,4728.954,batt,1
277151006695805,4728.954,batt,1
277151056690754,4728.954,batt,1
277151106691276,4728.954,batt,1
277151156690496,4728.954,batt,1
277151206692372,4615.362,batt,1
277151256689301,4615.362,batt,1
277151306691229,4615.362,batt,1
277151356690918,4615.362,batt,1
277151406689878,4615.362,batt,1
277151456693421,4437.393,batt,1
277151506690714,4437.393,batt,1
277151556690090,4437.393,batt,1
277151606688894,4437.393,batt,1
277151656687228,4437.393,batt,1
277151706692073,4019.873,batt,1
277151756692752,4019.873,batt,1
277151806691138,4019.873,batt,1
277151856687442,4019.873,batt,1
277151906688068,4019.873,batt,1
277151956688747,4606.401,batt,1
277152008203390,4606.401,batt,1
277152056687760,4606.401,batt,1
277152106690052,4606.401,batt,1
277152156695314,4606.401,batt,1
277152206691045,4446.256,batt,1
277152256689744,4446.256,batt,1
277152306692558,4446.256,batt,1
277152356690528,4446.256,batt,1
277152406690060,4446.256,batt,1
277152456695322,4515.908,batt,1
277152506689855,4515.908,batt,1
277152556695533,4515.908,batt,1
277152606693607,4515.908,batt,1
277152656696577,4515.908,batt,1
277152706691058,4627.733,batt,1
277152756689549,4627.733,batt,1
277152806691060,4627.733,batt,1
277152856693874,4627.733,batt,1
277152906692730,4627.733,batt,1
277152956689658,4598.772,batt,1
277153006691274,4598.772,batt,1
277153056693984,4598.772,batt,1
277153106690548,4598.772,batt,1
277153156693153,4598.772,batt,1
277153206690498,4510.885,batt,1
277153256692479,4510.885,batt,1
277153306689876,4510.885,batt,1
277153356690971,4510.885,batt,1
277153406690660,4510.885,batt,1
277153456689776,4880.607,batt,1
277153506689360,4880.607,batt,1
277153556691809,4880.607,batt,1
277153606690144,4880.607,batt,1
277153656690197,4880.607,batt,1
277153706691657,3885.264,batt,1
277153756692544,3885.264,batt,1
277153806690149,3885.264,batt,1
277153856691505,3885.264,batt,1
277153906692235,4532.601,batt,1
277153956689320,4540.024,batt,1
277154006689998,4540.024,batt,1
277154056689375,4540.024,batt,1
277154106687814,4540.024,batt,1
277154156687763,2574.242,batt,1
277154206687191,2574.242,batt,1
277154256688963,2574.242,batt,1
277154306687298,2574.242,batt,1
277154356686153,2574.242,batt,1
277154406686363,1413.842,batt,1
277154456685844,1413.842,batt,1
277154506686262,1413.842,batt,1
277154556685742,1413.842,batt,1
277154606686368,1413.842,batt,1
277154656686370,757.149,batt,1
277154706686423,757.149,batt,1
277154756685852,757.149,batt,1
277154806686322,757.149,batt,1
277154856685906,757.149,batt,1
277154906685908,756.964,batt,1
277154956686482,756.964,batt,1
