t_mono_ns,power_mW,src,valid
276994973565824,1418.060,batt,1
276995023565044,1418.060,batt,1
276995073564525,1418.060,batt,1
276995123565932,1418.060,batt,1
276995173568902,1418.060,batt,1
276995223567810,488.393,batt,1
276995273567707,488.393,batt,1
276995323566615,488.393,batt,1
276995373569168,488.393,batt,1
276995423567972,488.393,batt,1
276995473565942,599.604,batt,1
276995523567037,599.604,batt,1
276995573567819,599.604,batt,1
276995623567508,599.604,batt,1
276995673567405,599.604,batt,1
276995723567719,473.824,batt,1
276995773567095,473.824,batt,1
276995823567461,473.824,batt,1
276995873568296,473.824,batt,1
276995923567985,473.824,batt,1
276995973566528,468.951,batt,1
276996023568039,468.951,batt,1
276996073567155,468.951,batt,1
276996123568511,468.951,batt,1
276996173565075,468.951,batt,1
276996223568045,570.273,batt,1
276996273565859,570.273,batt,1
276996323567110,570.273,batt,1
276996373567372,570.273,batt,1
276996423566956,570.273,batt,1
276996473567374,461.643,batt,1
276996523567011,461.643,batt,1
276996573567950,461.643,batt,1
276996623566962,461.643,batt,1
276996673566234,461.643,batt,1
276996723565402,1402.561,batt,1
276996773565143,1402.561,batt,1
276996823568425,1402.561,batt,1
276996873566031,1402.561,batt,1
276996923567334,1056.443,batt,1
276996973566137,1056.443,batt,1
276997023568795,1056.443,batt,1
276997073568848,1056.443,batt,1
276997123566871,1056.443,batt,1
276997173567913,473.778,batt,1
276997223566509,473.778,batt,1
276997273567291,473.778,batt,1
276997323567553,473.778,batt,1
276997373567815,473.778,batt,1
276997423568024,462.815,batt,1
276997473566255,462.815,batt,1
276997523568964,462.815,batt,1
276997573567716,462.815,batt,1
276997623566571,462.815,batt,1
276997673565427,412.720,batt,1
276997723566053,412.720,batt,1
276997773566992,412.720,batt,1
276997823566941,412.720,batt,1
276997873567099,412.720,batt,1
276997923567673,405.491,batt,1
276997973567882,405.491,batt,1
276998023568717,405.491,batt,1
276998073566427,405.491,batt,1
276998123568459,405.491,batt,1
276998173566429,396.929,batt,1
276998223567056,396.929,batt,1
276998273568515,396.929,batt,1
276998323568100,396.929,batt,1
276998373566799,396.929,batt,1
276998423565655,402.978,batt,1
276998473566385,402.978,batt,1
276998523567897,402.978,batt,1
276998573567638,402.978,batt,1
276998623566441,402.978,batt,1
276998673566807,461.598,batt,1
276998723568215,461.598,batt,1
276998773566029,461.598,batt,1
276998823568321,461.598,batt,1
276998873566135,461.598,batt,1
276998923565199,1683.893,batt,1
276998973567023,1683.893,batt,1
276999023567962,1683.893,batt,1
276999073567078,1683.893,batt,1
276999123566298,1683.893,batt,1
276999173568122,1857.288,batt,1
276999223567863,1857.288,batt,1
276999273568021,1857.288,batt,1
276999323568126,1857.288,batt,1
276999373569378,1857.288,batt,1
276999423568181,2149.125,batt,1
276999473566151,2149.125,batt,1
276999523567194,2149.125,batt,1
276999573565998,2149.125,batt,1
276999623564957,2149.125,batt,1
276999673565740,5169.563,batt,1
276999723565012,5169.563,batt,1
276999773565065,5169.563,batt,1
276999823567410,5169.563,batt,1
276999873565328,5169.563,batt,1
276999923565226,5424.819,batt,1
276999973565019,5424.819,batt,1
277000023564759,5424.819,batt,1
277000073565073,5424.819,batt,1
277000123564866,5424.819,batt,1
277000173566274,5303.152,batt,1
277000223567785,5303.152,batt,1
277000273565026,5303.152,batt,1
277000323564976,5303.152,batt,1
277000373564560,5303.152,batt,1
277000423565239,5793.753,batt,1
277000473570292,5793.753,batt,1
277000523566648,5793.753,batt,1
277000573569149,5793.753,batt,1
277000623565348,5793.753,batt,1
277000673564360,6205.481,batt,1
277000723564622,6205.481,batt,1
277000773565612,6205.481,batt,1
277000823568895,6205.481,batt,1
277000873566292,6205.481,batt,1
277000923565252,5862.443,batt,1
277000973564576,5862.443,batt,1
277001023565359,5862.443,batt,1
277001073567339,5862.443,batt,1
277001123565049,5862.443,batt,1
277001173564946,6413.276,batt,1
277001223565103,6413.276,batt,1
277001273565001,6413.276,batt,1
277001323564898,6413.276,batt,1
277001373567607,6413.276,batt,1
277001423565213,5772.348,batt,1
277001473564589,5772.348,batt,1
277001523564643,5772.348,batt,1
277001573565113,5772.348,batt,1
277001623564437,5772.348,batt,1
277001673565219,5937.786,batt,1
277001723566210,5937.786,batt,1
277001773570170,5937.786,batt,1
277001823565380,5937.786,batt,1
277001873568975,5937.786,batt,1
277001923564601,5057.126,batt,1
277001973565644,5057.126,batt,1
277002023565489,5057.126,batt,1
277002073568876,5057.126,batt,1
277002124179744,5057.126,batt,1
277002173568670,5913.498,batt,1
277002223565442,5913.498,batt,1
277002273565444,5913.498,batt,1
277002323565914,5913.498,batt,1
277002373564509,5913.498,batt,1
277002423567895,5741.799,batt,1
277002473569563,5741.799,batt,1
277002523565763,5741.799,batt,1
277002573565191,5741.799,batt,1
277002623564463,5741.799,batt,1
277002673565037,5968.708,batt,1
277002723564883,5968.708,batt,1
277002773566290,5968.708,batt,1
277002823566187,5968.708,batt,1
277002873564574,5968.708,batt,1
277002923567075,6542.750,batt,1
277002973569212,6542.750,batt,1
277003023564734,6542.750,batt,1
277003073567600,6542.750,batt,1
277003123565153,6542.750,batt,1
277003173564999,5935.411,batt,1
277003223565000,5935.411,batt,1
277003273566616,5935.411,batt,1
277003323564794,5935.411,batt,1
277003373564952,5935.411,batt,1
277003423564641,6539.967,batt,1
277003473565475,6539.967,batt,1
277003523564591,6539.967,batt,1
277003573564645,6539.967,batt,1
277003623567146,6539.967,batt,1
277003676117539,6383.063,batt,1
277003723566159,6383.063,batt,1
277003773570223,6383.063,batt,1
277003823569859,6383.063,batt,1
277003873565954,6383.063,batt,1
277003923566268,6244.643,batt,1
277003973564759,6244.643,batt,1
277004023564396,6244.643,batt,1
277004073565126,6244.643,batt,1
277004123567211,6244.643,batt,1
277004173567994,6188.853,batt,1
277004223566172,6188.853,batt,1
277004273567007,6188.853,batt,1
277004323565758,6188.853,batt,1
277004373564666,6188.853,batt,1
277004423568625,4587.660,batt,1
277004473567533,4587.660,batt,1
277004523564930,4587.660,batt,1
277004573564931,4587.660,batt,1
277004623565089,4587.660,batt,1
277004673564309,3019.234,batt,1
277004723565091,3019.234,batt,1
277004773564364,3019.234,batt,1
277004823565198,3019.234,batt,1
277004873564679,2982.564,batt,1
277004923565201,2982.564,batt,1
277004973568952,2982.564,batt,1
277005023567026,2982.564,batt,1
277005073566142,2982.564,batt,1
277005123567185,4695.728,batt,1
277005173567864,4695.728,batt,1
277005223566407,4695.728,batt,1
277005273567762,4695.728,batt,1
277005323567295,4695.728,batt,1
277005373566619,4288.281,batt,1
277005423570006,4288.281,batt,1
277005473572871,4288.281,batt,1
277005523567925,4288.281,batt,1
277005573568707,4288.281,batt,1
277005623568657,4372.874,batt,1
277005673567721,4372.874,batt,1
277005723569805,4372.874,batt,1
277005773571733,4372.874,batt,1
277005823567881,4372.874,batt,1
277005873566267,4481.391,batt,1
277005923566529,4481.391,batt,1
277005973566687,4481.391,batt,1
277006023567573,4481.391,batt,1
277006073570960,4481.391,batt,1
277006123568097,3328.904,batt,1
277006173567109,3328.904,batt,1
277006223566589,3328.904,batt,1
277006273566799,3328.904,batt,1
277006323567790,3328.904,batt,1
277006373568051,4444.711,batt,1
277006423569615,4444.711,batt,1
277006473564929,4444.711,batt,1
277006523567587,4444.711,batt,1
277006573569098,4444.711,batt,1
277006623567016,4389.316,batt,1
277006673567070,4389.316,batt,1
277006723567227,4389.316,batt,1
277006773567177,4389.316,batt,1
277006823567126,4389.316,batt,1
277006873567075,4202.371,batt,1
277006923567441,4202.371,batt,1
277006973564942,4202.371,batt,1
277007023567860,4202.371,batt,1
277007073570726,4202.371,batt,1
277007123570363,4323.915,batt,1
277007173568645,4323.915,batt,1
277007223566251,4323.915,batt,1
277007273569429,4323.915,batt,1
277007323566774,4323.915,batt,1
277007373569588,4520.628,batt,1
277007423568392,4520.628,batt,1
277007473566726,4520.628,batt,1
277007523566884,4520.628,batt,1
277007573566208,4520.628,batt,1
277007623565272,4665.437,batt,1
277007673567825,4665.437,batt,1
277007723566837,4665.437,batt,1
277007773567359,4665.437,batt,1
277007823567829,4665.437,batt,1
277007873571268,4424.525,batt,1
277007923568353,4424.525,batt,1
277007973568198,4424.525,batt,1
277008023569553,4424.525,batt,1
277008073569815,4424.525,batt,1
277008123568358,4372.319,batt,1
277008173568307,4372.319,batt,1
277008223566329,4372.319,batt,1
277008273567893,4372.319,batt,1
277008323570499,4372.319,batt,1
277008373565656,4474.943,batt,1
277008423566907,4474.943,batt,1
277008473566857,4474.943,batt,1
277008523569410,4474.943,batt,1
277008573567224,4474.943,batt,1
277008623568423,4489.112,batt,1
277008673568008,4489.112,batt,1
277008723574676,4489.112,batt,1
277008773564521,4489.112,batt,1
277008823567803,4489.112,batt,1
277008873565721,4505.594,batt,1
277008923567910,4505.594,batt,1
277008973568016,4505.594,batt,1
277009023567600,4505.594,batt,1
277009073566456,4505.594,batt,1
277009123566509,4373.953,batt,1
277009173566979,4373.953,batt,1
277009223567866,4373.953,batt,1
277009273565628,4373.953,batt,1
277009323569587,4373.953,batt,1
277009373569797,4730.511,batt,1
277009423566725,4730.511,batt,1
277009473567248,4730.511,batt,1
277009523566936,4730.511,batt,1
277009573569073,4730.511,batt,1
277009623565220,3087.623,batt,1
277009673567878,3087.623,batt,1
277009723570640,3087.623,batt,1
277009773567464,3087.623,batt,1
277009823568142,3087.623,batt,1
277009873567779,4382.811,batt,1
277009923567468,4382.811,batt,1
277009973568979,4382.811,batt,1
277010023567887,4382.811,batt,1
277010073567680,4382.811,batt,1
277010123564765,4786.972,batt,1
277010173571849,4786.972,batt,1
277010223566799,4786.972,batt,1
277010273566904,4786.972,batt,1
277010323566541,4786.972,batt,1
277010373568834,4718.951,batt,1
277010423566700,4718.951,batt,1
277010473569097,4718.951,batt,1
277010523567119,4718.951,batt,1
277010573568683,4718.951,batt,1
277010623568267,4528.258,batt,1
277010673568217,4528.258,batt,1
277010723565978,4528.258,batt,1
277010773568792,4528.258,batt,1
277010823570356,4528.258,batt,1
277010873567389,4537.044,batt,1
277010923569161,4537.044,batt,1
277010973566766,4537.044,batt,1
277011023566768,4537.044,batt,1
277011073575779,4537.044,batt,1
277011123567291,4565.218,batt,1
277011173570469,4565.218,batt,1
277011223567919,4565.218,batt,1
277011273567191,4565.218,batt,1
277011323569380,4565.218,batt,1
277011373568548,4491.426,batt,1
277011423569018,4491.426,batt,1
277011476172690,4491.426,batt,1
277011523565062,4491.426,batt,1
277011573569022,4491.426,batt,1
277011623568762,4508.283,batt,1
277011673569649,4508.283,batt,1
277011723568505,4508.283,batt,1
277011773567256,4508.283,batt,1
277011823570122,4508.283,batt,1
277011873566269,4404.417,batt,1
277011923566843,4404.417,batt,1
277011973569657,4404.417,batt,1
277012023570335,4404.417,batt,1
277012073566951,4404.417,batt,1
277012123567161,4555.125,batt,1
277012173570027,4555.125,batt,1
277012223567216,4555.125,batt,1
277012273567269,4555.125,batt,1
277012323565343,4495.870,batt,1
277012373567949,4497.601,batt,1
277012423568419,4497.601,batt,1
277012473568368,4497.601,batt,1
277012523570453,4497.601,batt,1
277012573568683,5133.089,batt,1
277012623568633,5133.089,batt,1
277012673570196,5133.089,batt,1
277012723568271,5133.089,batt,1
277012773571397,5133.089,batt,1
277012823566711,4511.334,batt,1
277012873568952,4511.334,batt,1
277012923567078,4511.334,batt,1
277012973569475,4511.334,batt,1
277013023564581,4511.334,batt,1
277013073569426,4874.676,batt,1
277013123567396,4874.676,batt,1
277013173566772,4874.676,batt,1
277013223566461,4874.676,batt,1
277013273569275,4874.676,batt,1
277013323567713,4555.125,batt,1
277013373566986,4555.125,batt,1
277013423567820,4555.125,batt,1
277013473567197,4555.125,batt,1
277013523569073,4555.125,batt,1
277013573566939,4607.761,batt,1
277013623568138,4607.761,batt,1
277013673568816,4607.761,batt,1
277013723567516,4607.761,batt,1
277013773568767,4607.761,batt,1
277013823568716,3431.825,batt,1
277013873568822,3431.825,batt,1
277013923568823,3431.825,batt,1
277013973567470,3431.825,batt,1
277014023567419,3431.825,batt,1
277014073568150,4411.617,batt,1
277014123568464,4411.617,batt,1
277014173566746,4411.617,batt,1
277014223565914,4411.617,batt,1
277014273566124,4411.617,batt,1
277014323565604,2098.829,batt,1
277014373564512,2098.829,batt,1
277014423564670,2098.829,batt,1
277014473565140,2098.829,batt,1
277014523563110,2098.829,batt,1
277014573565559,1858.696,batt,1
277014623564987,1858.696,batt,1
277014673563062,1858.696,batt,1
277014723563115,1858.696,batt,1
277014773563116,1858.696,batt,1
277014823563118,797.423,batt,1
277014873562963,797.423,batt,1
277014923563172,797.423,batt,1
277014973563434,797.423,batt,1
277015023563019,797.423,batt,1
277015073562968,750.979,batt,1
277015123563438,750.979,batt,1
277015173562710,750.979,batt,1
277015223563024,750.979,batt,1
277015273563390,750.979,batt,1
277015323562975,768.235,batt,1
277015373563236,768.235,batt,1
277015423564227,768.235,batt,1
277015473563395,768.235,batt,1
277015523563188,768.235,batt,1
277015573563242,714.302,batt,1
277015623562826,714.302,batt,1
277015673563296,714.302,batt,1
277015723562881,714.302,batt,1
277015773562882,714.302,batt,1
277015823562831,685.049,batt,1
277015873563145,685.049,batt,1
277015923563042,685.049,batt,1
277015973563460,685.049,batt,1
277016023563201,685.049,batt,1
277016073564765,692.362,batt,1
277016123565235,692.362,batt,1
277016173562841,692.362,batt,1
277016223565238,692.362,batt,1
277016273563625,692.362,batt,1
