t_mono_ns,power_mW,src,valid
9489852099622,1616.191,batt,1
9489902090375,1616.191,batt,1
9489952066441,1616.191,batt,1
9490002120266,1649.306,batt,1
9490052115862,1649.306,batt,1
9490102134583,1649.306,batt,1
9490152138513,1649.306,batt,1
9490202099736,1649.306,batt,1
9490252089395,1943.327,batt,1
9490302101658,1943.327,batt,1
9490352108609,1943.327,batt,1
9490402043426,1943.327,batt,1
9490452080220,1943.327,batt,1
9490502075869,1356.458,batt,1
9490552090944,1356.458,batt,1
9490602404032,1356.458,batt,1
9490652072086,1356.458,batt,1
9490702088046,1356.458,batt,1
9490752073696,1283.736,batt,1
9490802069501,1283.736,batt,1
9490852098117,1283.736,batt,1
9490902090954,1283.736,batt,1
9490952079832,1283.736,batt,1
9491002101782,1260.343,batt,1
9491052080817,1260.343,batt,1
9491102075945,1260.343,batt,1
9491152353409,1260.343,batt,1
9491202525198,1260.343,batt,1
9491252620532,1202.711,batt,1
9491302071561,1202.711,batt,1
9491352075230,1202.711,batt,1
9491402075671,1202.711,batt,1
9491452076580,1202.711,batt,1
9491502069833,1294.916,batt,1
9491552073658,1294.916,batt,1
9491602078942,1294.916,batt,1
9491652874620,1294.916,batt,1
9491702065917,1294.916,batt,1
9491752716808,1291.253,batt,1
9491803040260,1291.253,batt,1
9491852115727,1291.253,batt,1
9491902053981,1291.253,batt,1
9491952100150,1291.253,batt,1
9492002349645,1018.664,batt,1
9492052081083,1018.664,batt,1
9492102090169,1018.664,batt,1
9492152094411,1018.664,batt,1
9492202075581,1018.664,batt,1
9492252077115,651.564,batt,1
9492302079118,651.564,batt,1
9492352110131,651.564,batt,1
9492402078124,651.564,batt,1
9492452077835,651.564,batt,1
9492502078588,607.541,batt,1
9492552087934,607.541,batt,1
9492602077438,607.541,batt,1
9492652073034,607.541,batt,1
9492702108995,607.541,batt,1
9492752101935,620.813,batt,1
9492802075553,620.813,batt,1
9492852074692,620.813,batt,1
9492902105340,620.813,batt,1
9492952075937,620.813,batt,1
9493002078357,685.866,batt,1
9493052108015,685.866,batt,1
9493102079029,685.866,batt,1
9493152100719,685.866,batt,1
9493202075118,685.866,batt,1
9493252073059,668.613,batt,1
9493302106519,668.613,batt,1
9493352075085,668.613,batt,1
9493402073494,668.613,batt,1
9493452253565,668.613,batt,1
9493502077188,643.009,batt,1
9493552079347,643.009,batt,1
9493602075620,643.009,batt,1
9493652079915,643.009,batt,1
9493702105823,643.009,batt,1
9493752074337,603.920,batt,1
9493802115610,603.920,batt,1
9493852080583,603.920,batt,1
9493902076856,603.920,batt,1
9493952082818,1527.657,batt,1
9494002091799,1527.657,batt,1
9494052233434,1527.657,batt,1
9494102084034,1527.657,batt,1
9494152087131,1527.657,batt,1
9494202079603,1661.864,batt,1
9494252077179,1661.864,batt,1
9494302092775,1661.864,batt,1
9494352086913,1661.864,batt,1
9494402073760,1661.864,batt,1
9494452132741,2311.377,batt,1
9494502129327,2311.377,batt,1
9494552099560,2311.377,batt,1
9494602145937,2311.377,batt,1
9494652065650,2311.377,batt,1
9494702108693,2447.754,batt,1
9494752143404,2447.754,batt,1
9494802133636,2447.754,batt,1
9494852116785,2447.754,batt,1
9494902207431,2447.754,batt,1
9494952136936,6203.650,batt,1
9495002109148,6203.650,batt,1
9495052319947,6203.650,batt,1
9495102151174,6203.650,batt,1
9495152196977,6203.650,batt,1
9495202123305,6572.343,batt,1
9495252280824,6572.343,batt,1
9495302249651,6572.343,batt,1
9495352112179,6572.343,batt,1
9495402132619,6572.343,batt,1
9495452090456,7248.630,batt,1
9495502131468,7248.630,batt,1
9495552283415,7248.630,batt,1
9495602213857,7248.630,batt,1
9495652201225,7248.630,batt,1
9495702296871,5855.146,batt,1
9495752123410,5855.146,batt,1
9495802138277,5855.146,batt,1
9495852120332,5855.146,batt,1
9495902104419,5855.146,batt,1
9495952289490,5039.073,batt,1
9496002538464,5039.073,batt,1
9496052085064,5039.073,batt,1
9496102103160,5039.073,batt,1
9496152194639,5039.073,batt,1
9496202318201,6605.914,batt,1
9496252140313,6605.914,batt,1
9496302097734,6605.914,batt,1
9496352090362,6605.914,batt,1
9496402117000,6605.914,batt,1
9496452146502,6127.038,batt,1
9496502412195,6127.038,batt,1
9496552127123,6127.038,batt,1
9496602106418,6127.038,batt,1
9496652119514,6127.038,batt,1
9496702316147,5750.603,batt,1
9496752237371,5750.603,batt,1
9496802148282,5750.603,batt,1
9496852119348,5750.603,batt,1
9496902318273,5750.603,batt,1
9496952251111,6896.453,batt,1
9497002248010,6896.453,batt,1
9497052109860,6896.453,batt,1
9497102300139,6896.453,batt,1
9497152148500,6896.453,batt,1
9497202055402,4950.104,batt,1
9497252142558,4950.104,batt,1
9497302286901,4950.104,batt,1
9497352260467,4950.104,batt,1
9497402144869,4950.104,batt,1
9497452105102,5805.739,batt,1
9497502342359,5805.739,batt,1
9497552156711,5805.739,batt,1
9497602149130,5805.739,batt,1
9497652140040,5805.739,batt,1
9497702147980,5294.695,batt,1
9497752075818,5294.695,batt,1
9497802136934,5294.695,batt,1
9497852140239,5294.695,batt,1
9497902116201,5294.695,batt,1
9497952192472,4047.895,batt,1
9498002122446,4047.895,batt,1
9498052152417,4047.895,batt,1
9498102114212,4047.895,batt,1
9498152333449,4047.895,batt,1
9498202364253,6428.988,batt,1
9498252204281,6428.988,batt,1
9498302108110,6428.988,batt,1
9498352314377,6428.988,batt,1
9498402129042,6428.988,batt,1
9498452117399,4590.353,batt,1
9498502164557,4590.353,batt,1
9498552127394,4590.353,batt,1
9498602232363,4590.353,batt,1
9498652211137,4590.353,batt,1
9498702096268,5159.253,batt,1
9498752112906,5159.253,batt,1
9498802203917,5159.253,batt,1
9498852091808,5159.253,batt,1
9498902109280,5159.253,batt,1
9498952128469,5204.945,batt,1
9499002333071,5204.945,batt,1
9499052135131,5204.945,batt,1
9499102088177,5204.945,batt,1
9499152140647,5204.945,batt,1
9499202198482,5367.393,batt,1
9499252078665,5367.393,batt,1
9499302091814,5367.393,batt,1
9499352107358,5367.393,batt,1
9499402146026,5367.393,batt,1
9499452184695,4415.842,batt,1
9499502262841,4415.842,batt,1
9499552104692,4415.842,batt,1
9499602103830,4415.842,batt,1
9499652243486,4415.842,batt,1
9499702284810,6024.782,batt,1
9499752148744,6024.782,batt,1
9499802158611,6024.782,batt,1
9499852099991,6024.782,batt,1
9499902081526,6024.782,batt,1
9499952163057,5411.054,batt,1
9500002123759,5411.054,batt,1
9500052168521,5411.054,batt,1
9500102331769,5411.054,batt,1
9500152155652,4888.247,batt,1
9500202130989,4888.247,batt,1
9500252331945,4888.247,batt,1
9500302334677,4888.247,batt,1
9500352298295,4888.247,batt,1
9500402393525,3950.145,batt,1
9500452362455,3950.145,batt,1
9500502423623,3950.145,batt,1
9500552158759,3950.145,batt,1
9500602118836,3950.145,batt,1
9500652110266,3274.497,batt,1
9500702117894,3274.497,batt,1
9500752137083,3274.497,batt,1
9500802158304,3274.497,batt,1
9500853465791,3274.497,batt,1
9500902168091,3990.299,batt,1
9500952127126,3990.299,batt,1
9501002115432,3990.299,batt,1
9501052256597,3990.299,batt,1
9501102117771,3990.299,batt,1
9501152137325,3617.217,batt,1
9501202102715,3617.217,batt,1
9501252198569,3617.217,batt,1
9501302161250,3617.217,batt,1
9501352123150,3617.217,batt,1
9501402127288,3606.657,batt,1
9501452160071,3606.657,batt,1
9501502098638,3606.657,batt,1
9501552187409,3606.657,batt,1
9501602155924,3606.657,batt,1
9501652102720,3429.058,batt,1
9501702209980,3429.058,batt,1
9501752172244,3429.058,batt,1
9501802134613,3429.058,batt,1
9501852153230,3429.058,batt,1
9501902097370,3875.522,batt,1
9501952111091,3875.522,batt,1
9502002212414,3875.522,batt,1
9502052167855,3875.522,batt,1
9502102118662,3875.522,batt,1
9502152137748,3398.680,batt,1
9502202131730,3398.680,batt,1
9502252142586,3398.680,batt,1
9502302139746,3398.680,batt,1
9502352139926,3398.680,batt,1
9502402273956,3781.963,batt,1
9502452107370,3781.963,batt,1
9502502112654,3781.963,batt,1
9502552169447,3781.963,batt,1
9502602205511,3781.963,batt,1
9502652146891,3572.906,batt,1
9502702105457,3572.906,batt,1
9502752121939,3572.906,batt,1
9502802140191,3572.906,batt,1
9502852142871,3572.906,batt,1
9502902160082,3884.056,batt,1
9502952177084,3884.056,batt,1
9503002269345,3884.056,batt,1
9503052110311,3884.056,batt,1
9503102122730,3884.056,batt,1
9503152229573,3457.366,batt,1
9503202178036,3457.366,batt,1
9503252116760,3457.366,batt,1
9503302151261,3457.366,batt,1
9503352174618,3457.366,batt,1
9503402167402,3485.126,batt,1
9503452173728,3485.126,batt,1
9503502115159,3485.126,batt,1
9503552160859,3485.126,batt,1
9503602126404,3485.126,batt,1
9503652181739,3747.381,batt,1
9503702092963,3747.381,batt,1
9503752104810,3747.381,batt,1
9503802196341,3747.381,batt,1
9503852153449,3747.381,batt,1
9503902181962,3127.909,batt,1
9503952169903,3127.909,batt,1
9504002116126,3127.909,batt,1
9504052303488,3127.909,batt,1
9504104655059,3127.909,batt,1
9504152171820,3420.662,batt,1
9504202134866,3420.662,batt,1
9504252116401,3420.662,batt,1
9504302141059,3420.662,batt,1
9504352118479,3420.662,batt,1
9504402100170,3705.323,batt,1
9504452149099,3705.323,batt,1
9504502152143,3705.323,batt,1
9504552185812,3705.323,batt,1
9504602156774,3705.323,batt,1
9504652155391,3580.506,batt,1
9504702161352,3580.506,batt,1
9504752201844,3580.506,batt,1
9504802161868,3580.506,batt,1
9504852134393,3580.506,batt,1
9504902143844,2868.105,batt,1
9504952115118,2868.105,batt,1
9505002132798,2868.105,batt,1
9505052202351,2868.105,batt,1
9505102197635,2868.105,batt,1
9505152192450,3929.419,batt,1
9505202165496,3929.419,batt,1
9505252168436,3929.419,batt,1
9505302112680,3929.419,batt,1
9505352120672,3929.419,batt,1
9505402372772,3563.962,batt,1
9505452128688,3563.962,batt,1
9505502079807,3563.962,batt,1
9505552125923,3563.962,batt,1
9505602174071,3563.962,batt,1
9505652194198,3353.359,batt,1
9505702159795,3353.359,batt,1
9505752102738,3353.359,batt,1
9505802150833,3353.359,batt,1
9505852157315,3353.359,batt,1
9505902111610,3759.506,batt,1
9505952176164,3759.506,batt,1
9506002121033,3759.506,batt,1
9506052137462,3759.506,batt,1
9506102144725,3759.506,batt,1
9506152148082,3518.760,batt,1
9506202098576,3518.760,batt,1
9506252206305,3518.760,batt,1
9506302130185,3518.760,batt,1
9506352216300,3320.788,batt,1
9506402105233,3320.788,batt,1
9506452157547,3320.788,batt,1
9506502154758,3320.788,batt,1
9506552196187,3320.788,batt,1
9506602113765,3883.683,batt,1
9506652164673,3883.683,batt,1
9506702112042,3883.683,batt,1
9506752156231,3883.683,batt,1
9506802169275,3883.683,batt,1
9506852179976,3605.573,batt,1
9506902183489,3605.573,batt,1
9506952159659,3605.573,batt,1
9507002117549,3605.573,batt,1
9507052155644,3605.573,batt,1
9507102115200,3069.738,batt,1
9507152139911,3069.738,batt,1
9507213368519,3069.738,batt,1
9507252091574,3069.738,batt,1
9507302116181,3069.738,batt,1
9507352116569,3959.369,batt,1
9507402132582,3959.369,batt,1
9507452173177,3959.369,batt,1
9507502205075,3959.369,batt,1
9507552141455,3959.369,batt,1
9507602139239,3508.594,batt,1
9507652162491,3508.594,batt,1
9507702108194,3508.594,batt,1
9507752172799,3508.594,batt,1
9507802119803,3508.594,batt,1
9507852097901,3336.508,batt,1
9507902103132,3336.508,batt,1
9507952174300,3336.508,batt,1
9508002151043,3336.508,batt,1
9508052113568,3336.508,batt,1
9508102126925,3651.655,batt,1
9508152141010,3651.655,batt,1
9508202131034,3651.655,batt,1
9508252181161,3651.655,batt,1
9508302134155,3651.655,batt,1
9508352128345,3510.673,batt,1
9508402118734,3510.673,batt,1
9508452121674,3510.673,batt,1
9508502136333,3510.673,batt,1
9508552162241,3510.673,batt,1
9508602126120,3247.023,batt,1
9508652090311,3247.023,batt,1
9508702126949,3247.023,batt,1
9508752134993,3247.023,batt,1
9508802125486,3247.023,batt,1
9508852123635,3478.052,batt,1
9508902127825,3478.052,batt,1
9508952117016,3478.052,batt,1
9509002173236,3478.052,batt,1
9509052151697,3478.052,batt,1
9509102172189,3753.689,batt,1
9509152123881,3753.689,batt,1
9509202153904,3753.689,batt,1
9509252233665,3753.689,batt,1
9509302129890,3753.689,batt,1
9509352147934,3726.270,batt,1
9509402104469,3726.270,batt,1
9509452113711,3726.270,batt,1
9509502203836,3726.270,batt,1
9509552163549,3726.270,batt,1
9509602162010,3350.460,batt,1
9509652142139,3350.460,batt,1
9509702097997,3350.460,batt,1
9509752163435,3350.460,batt,1
9509802204187,3350.460,batt,1
9509852172858,3576.281,batt,1
9509902093456,3576.281,batt,1
9509952140875,3576.281,batt,1
9510002139596,3576.281,batt,1
9510052076080,3576.281,batt,1
9510102150112,3371.707,batt,1
9510152106127,3371.707,batt,1
9510202104640,3371.707,batt,1
9510252118205,3371.707,batt,1
9510302128333,3371.707,batt,1
9510352081431,3228.839,batt,1
9510402130255,3228.839,batt,1
9510452152830,3228.839,batt,1
9510502129313,3228.839,batt,1
9510552110014,3228.839,batt,1
9510602105038,3542.021,batt,1
9510652175372,3542.021,batt,1
9510702166021,3542.021,batt,1
9510752193023,3542.021,batt,1
9510802151850,3542.021,batt,1
9510852149374,4018.029,batt,1
9510902158773,4018.029,batt,1
9510952106871,4018.029,batt,1
9511002118300,4018.029,batt,1
9511052137230,4018.029,batt,1
9511102110536,3254.912,batt,1
9511152109778,3254.912,batt,1
9511202131885,3254.912,batt,1
9511252192271,3254.912,batt,1
9511302099537,3254.912,batt,1
9511352150236,3482.764,batt,1
9511402124115,3482.764,batt,1
9511452134399,3482.764,batt,1
9511502116194,3482.764,batt,1
9511552142467,3482.764,batt,1
9511602160042,3652.550,batt,1
9511652138035,3652.550,batt,1
9511702180922,3652.550,batt,1
9511752145166,3652.550,batt,1
9511802186178,3652.550,batt,1
9511852195524,3577.140,batt,1
9511902175028,3577.140,batt,1
9511952196718,3577.140,batt,1
9512002170336,3577.140,batt,1
9512052130777,3577.140,batt,1
9512102175123,2281.151,batt,1
9512152184365,2281.151,batt,1
9512202160275,2281.151,batt,1
9512252207901,2281.151,batt,1
9512302152041,2281.151,batt,1
9512352206386,3223.118,batt,1
9512402131100,3223.118,batt,1
9512452139352,3223.118,batt,1
9512502166094,3223.118,batt,1
9512552164607,3542.360,batt,1
9512602142548,3542.360,batt,1
9512652171582,3542.360,batt,1
9512702095097,3542.360,batt,1
9512752152828,3542.360,batt,1
9512802153893,3492.373,batt,1
9512852202561,3492.373,batt,1
9512902138107,3492.373,batt,1
9512952124382,3492.373,batt,1
9513002175237,3492.373,batt,1
9513052185156,3832.768,batt,1
9513102187784,3832.768,batt,1
9513152168902,3832.768,batt,1
9513202151114,3832.768,batt,1
9513252161085,3832.768,batt,1
9513302143662,3610.187,batt,1
9513352166133,3610.187,batt,1
9513402106210,3610.187,batt,1
9513452105661,3610.187,batt,1
9513502123393,3610.187,batt,1
9513552132270,3311.906,batt,1
9513602169741,3311.906,batt,1
9513652167837,3311.906,batt,1
9513702319107,3311.906,batt,1
9513752166531,3311.906,batt,1
9513802176033,3441.813,batt,1
9513852198556,3441.813,batt,1
9513902147123,3441.813,batt,1
9513952119856,3441.813,batt,1
9514002149306,3441.813,batt,1
9514052148809,3338.658,batt,1
9514102212320,3338.658,batt,1
9514152229583,3338.658,batt,1
9514202174921,3338.658,batt,1
9514252170830,3338.658,batt,1
9514302145073,3502.363,batt,1
9514352139472,3502.363,batt,1
9514402115122,3502.363,batt,1
9514452211809,3502.363,batt,1
9514502108971,3502.363,batt,1
9514552092329,3413.912,batt,1
9514602190527,3413.912,batt,1
9514652177166,3413.912,batt,1
9514702130003,3413.912,batt,1
9514752144610,3413.912,batt,1
9514802122186,3363.616,batt,1
9514852136012,3363.616,batt,1
9514902133431,3363.616,batt,1
9514952164965,3363.616,batt,1
9515002147333,3363.616,batt,1
9515052122513,3986.446,batt,1
9515102144828,3986.446,batt,1
9515152099801,3986.446,batt,1
9515202135709,3986.446,batt,1
9515252105473,3986.446,batt,1
9515302131538,3418.852,batt,1
9515352197966,3418.852,batt,1
9515402137575,3418.852,batt,1
9515452132599,3418.852,batt,1
9515502166632,3418.852,batt,1
9515552151343,3637.369,batt,1
9515602203813,3637.369,batt,1
9515652102434,3637.369,batt,1
9515702120165,3637.369,batt,1
9515752184562,3637.369,batt,1
9515802118442,3347.881,batt,1
9515852136799,3347.881,batt,1
9515902109740,3347.881,batt,1
9515952130023,3347.881,batt,1
9516002173587,3347.881,batt,1
9516052132831,4004.185,batt,1
9516102258580,4004.185,batt,1
9516152107619,4004.185,batt,1
9516202348052,4004.185,batt,1
9516252190060,4004.185,batt,1
9516302079826,3394.484,batt,1
9516352212971,3394.484,batt,1
9516402119664,3394.484,batt,1
9516452198279,3394.484,batt,1
9516502160960,3394.484,batt,1
9516552130308,3196.771,batt,1
9516602112988,3196.771,batt,1
9516652107543,3196.771,batt,1
9516702115379,3196.771,batt,1
9516752122434,3196.771,batt,1
9516802102406,3178.907,batt,1
9516852118784,3178.907,batt,1
9516902120058,3178.907,batt,1
9516952174507,3178.907,batt,1
9517002165104,3178.907,batt,1
9517052136482,3441.738,batt,1
9517102134110,3441.738,batt,1
9517152239235,3441.738,batt,1
9517202143064,3441.738,batt,1
9517252179545,3441.738,batt,1
9517302142903,3315.648,batt,1
9517352111157,3315.648,batt,1
9517402136336,3315.648,batt,1
9517452203337,3315.648,batt,1
9517502114509,3315.648,batt,1
9517552276716,3833.244,batt,1
9517602102369,3833.244,batt,1
9517652155881,3833.244,batt,1
9517702178612,3833.244,batt,1
9517752119680,3833.244,batt,1
9517802082308,3619.170,batt,1
9517852110248,3619.170,batt,1
9517902132979,3619.170,batt,1
9517952140711,3619.170,batt,1
9518002146777,3619.170,batt,1
9518052140967,3460.567,batt,1
9518102168907,3460.567,batt,1
9518152165597,3460.567,batt,1
9518202123955,3460.567,batt,1
9518252146114,3460.567,batt,1
9518302272801,3433.833,batt,1
9518352109183,3433.833,batt,1
9518402220402,3433.833,batt,1
9518452111314,3433.833,batt,1
9518502112015,3433.833,batt,1
9518552175110,3903.461,batt,1
9518602130499,3903.461,batt,1
9518652169168,3903.461,batt,1
9518702097943,3903.461,batt,1
9518752110883,3305.344,batt,1
9518802139708,3305.344,batt,1
9518852140253,3305.344,batt,1
9518902191786,3305.344,batt,1
9518952114936,3305.344,batt,1
9519002145324,3459.362,batt,1
9519052192898,3459.362,batt,1
9519102151048,3459.362,batt,1
9519152153884,3459.362,batt,1
9519202164585,3459.362,batt,1
9519252157734,3533.925,batt,1
9519302132914,3533.925,batt,1
9519352125595,3533.925,batt,1
9519402116504,3533.925,batt,1
9519452134496,3533.925,batt,1
9519502179206,3307.214,batt,1
9519552165949,3307.214,batt,1
9519602182274,3307.214,batt,1
9519652138132,3307.214,batt,1
9519702138833,3307.214,batt,1
9519752277499,3476.316,batt,1
9519802179921,3476.316,batt,1
9519852137081,3476.316,batt,1
9519902122262,3476.316,batt,1
9519952163847,3476.316,batt,1
9520002186578,3560.329,batt,1
9520052126604,3560.329,batt,1
9520102113034,3560.329,batt,1
9520152156702,3560.329,batt,1
9520202191361,3560.329,batt,1
9520252132115,3356.795,batt,1
9520302185002,3356.795,batt,1
9520352112580,3356.795,batt,1
9520402151040,3356.795,batt,1
9520452152782,3356.795,batt,1
9520502264365,3388.146,batt,1
9520552168090,3388.146,batt,1
9520602115563,3388.146,batt,1
9520652140846,3388.146,batt,1
9520702134724,3388.146,batt,1
9520752124644,3361.305,batt,1
9520802135032,3361.305,batt,1
9520852153597,3361.305,batt,1
9520902140652,3361.305,batt,1
9520952135051,3361.305,batt,1
9521002115336,3328.192,batt,1
9521052151348,3328.192,batt,1
9521102149966,3328.192,batt,1
9521152261497,3328.192,batt,1
9521202124129,3328.192,batt,1
9521252176755,3684.319,batt,1
9521302115687,3684.319,batt,1
9521352075347,3684.319,batt,1
9521402106411,3684.319,batt,1
9521452115758,3684.319,batt,1
9521502167551,3774.400,batt,1
9521552184397,3774.400,batt,1
9521602162807,3774.400,batt,1
9521652096687,3774.400,batt,1
9521702189833,3774.400,batt,1
9521752147774,3481.044,batt,1
9521802105039,3481.044,batt,1
9521852106625,3481.044,batt,1
9521902177949,3481.044,batt,1
9521952133234,3481.044,batt,1
9522002144247,3671.081,batt,1
9522052234060,3671.081,batt,1
9522102156117,3671.081,batt,1
9522152152651,3671.081,batt,1
9522202089916,3671.081,batt,1
9522252091711,3463.897,batt,1
9522302168295,3463.897,batt,1
9522352167225,3463.897,batt,1
9522402088553,3463.897,batt,1
9522452114774,3463.897,batt,1
9522502137922,3259.222,batt,1
9522552143466,3259.222,batt,1
9522602135157,3259.222,batt,1
9522652117369,3259.222,batt,1
9522702121611,3259.222,batt,1
9522752176685,3687.503,batt,1
9522802143220,3687.503,batt,1
9522852095485,3687.503,batt,1
9522902259619,3687.503,batt,1
9522952100532,3687.503,batt,1
9523002133680,3269.640,batt,1
9523052128808,3269.640,batt,1
9523102096697,3269.640,batt,1
9523152141772,3269.640,batt,1
9523202131848,3269.640,batt,1
9523252142965,3105.427,batt,1
9523302151322,3105.427,batt,1
9523352097753,3105.427,batt,1
9523402138088,3105.427,batt,1
9523452162226,3105.427,batt,1
9523502168447,3278.171,batt,1
9523552112275,3278.171,batt,1
9523602164953,3278.171,batt,1
9523652194664,3278.171,batt,1
9523702152241,3278.171,batt,1
9523752198201,3129.472,batt,1
9523802131768,3129.472,batt,1
9523852129396,3129.472,batt,1
9523902332591,3129.472,batt,1
9523952118194,3129.472,batt,1
9524002100093,3469.807,batt,1
9524052104075,3469.807,batt,1
9524102171909,3469.807,batt,1
9524152147923,3469.807,batt,1
9524202113937,3469.807,batt,1
9524252117711,3788.324,batt,1
9524302132838,3788.324,batt,1
9524352136247,3788.324,batt,1
9524402100335,3788.324,batt,1
9524452081140,3788.324,batt,1
9524502117882,3304.549,batt,1
9524552140873,3304.549,batt,1
9524602174490,3304.549,batt,1
9524652158004,3304.549,batt,1
9524702185995,3304.549,batt,1
9524752222841,3861.742,batt,1
9524802154012,3861.742,batt,1
9524852145859,3861.742,batt,1
9524902101666,3861.742,batt,1
9524952156948,3458.500,batt,1
9525002159211,3454.846,batt,1
9525052183401,3454.846,batt,1
9525102118791,3454.846,batt,1
9525152092826,3454.846,batt,1
9525202133682,3788.712,batt,1
9525252182350,3788.712,batt,1
9525302158468,3788.712,batt,1
9525352078651,3788.712,batt,1
9525402117059,3788.712,batt,1
9525452125832,3468.506,batt,1
9525502274758,3468.506,batt,1
9525552161868,3468.506,batt,1
9525602209859,3468.506,batt,1
9525652151499,3468.506,batt,1
9525702158450,3564.476,batt,1
9525752149151,3564.476,batt,1
9525802104853,3564.476,batt,1
9525852116491,3564.476,batt,1
9525902183283,3564.476,batt,1
9525952114976,3579.615,batt,1
9526002111823,3579.615,batt,1
9526052189657,3579.615,batt,1
9526102167806,3579.615,batt,1
9526152170017,3579.615,batt,1
9526202120407,5065.440,batt,1
9526252098348,5065.440,batt,1
9526302194150,5065.440,batt,1
9526352183966,5065.440,batt,1
9526402222217,5065.440,batt,1
9526452125890,4611.784,batt,1
9526502134767,4611.784,batt,1
9526552114583,4611.784,batt,1
9526602106534,4611.784,batt,1
9526652199420,4611.784,batt,1
9526702117259,3135.200,batt,1
9526752223894,3135.200,batt,1
9526802079495,3135.200,batt,1
9526852197015,3135.200,batt,1
9526902139124,3135.200,batt,1
9526952207687,2657.249,batt,1
9527002183857,2657.249,batt,1
9527052111956,2657.249,batt,1
9527102209946,2657.249,batt,1
9527152087681,2657.249,batt,1
9527202145203,2797.821,batt,1
9527252135852,2797.821,batt,1
9527302235144,2797.821,batt,1
9527352176524,2797.821,batt,1
9527402233056,2797.821,batt,1
9527452081105,3519.995,batt,1
9527502091493,3519.995,batt,1
9527552108287,3519.995,batt,1
9527602185704,3519.995,batt,1
9527652167968,3519.995,batt,1
9527702080390,3364.141,batt,1
9527752120309,3364.141,batt,1
9527802140280,3364.141,batt,1
9527852194312,3364.141,batt,1
9527902133609,3364.141,batt,1
9527952139778,2473.024,batt,1
9528002152093,2473.024,batt,1
9528052125034,2473.024,batt,1
9528102256408,2473.024,batt,1
9528152084562,2473.024,batt,1
9528202163281,3740.797,batt,1
9528252147212,3740.797,batt,1
9528302116247,3740.797,batt,1
9528352159290,3740.797,batt,1
9528402140564,3740.797,batt,1
9528452060955,4267.481,batt,1
9528502092176,4267.481,batt,1
9528552219696,4267.481,batt,1
9528602191752,4267.481,batt,1
9528652136464,4267.481,batt,1
9528702096541,3763.329,batt,1
9528752208333,3763.329,batt,1
9528802171222,3763.329,batt,1
9528852130622,3763.329,batt,1
9528902111844,3763.329,batt,1
9528952117441,3614.088,batt,1
9529002188296,3614.088,batt,1
9529052218527,3614.088,batt,1
9529102252352,3614.088,batt,1
9529152150451,3614.088,batt,1
9529202161360,4150.549,batt,1
9529252144978,4150.549,batt,1
9529302190417,4150.549,batt,1
9529352157785,4150.549,batt,1
9529402123227,4150.549,batt,1
9529452073356,3748.485,batt,1
9529502093744,3748.485,batt,1
9529552178609,3748.485,batt,1
9529602176653,3748.485,batt,1
9529652096419,3748.485,batt,1
9529702127640,2143.491,batt,1
9529752188131,2143.491,batt,1
9529802193050,2143.491,batt,1
9529852112555,2143.491,batt,1
9529902207212,2143.491,batt,1
9529952158903,2803.150,batt,1
9530002148979,2803.150,batt,1
9530052118848,2803.150,batt,1
9530102152933,2803.150,batt,1
9530152136811,2803.150,batt,1
9530202111836,3674.615,batt,1
9530252128526,3674.615,batt,1
9530302129487,3674.615,batt,1
9530352142375,3674.615,batt,1
9530402160679,3674.615,batt,1
9530452098569,3623.937,batt,1
9530502149581,3623.937,batt,1
9530552127106,3623.937,batt,1
9530602142181,3623.937,batt,1
9530652188818,3623.937,batt,1
9530702103479,3596.278,batt,1
9530752153241,3596.278,batt,1
9530802165244,3596.278,batt,1
9530852168757,3596.278,batt,1
9530902124199,3596.278,batt,1
9530952105369,3457.600,batt,1
9531002147006,3457.600,batt,1
9531052069949,3457.600,batt,1
9531102152834,3457.600,batt,1
9531152363738,3457.600,batt,1
9531202134549,3541.339,batt,1
9531252198061,3541.339,batt,1
9531302147825,3541.339,batt,1
9531352145609,3541.339,batt,1
9531402142717,3569.762,batt,1
9531452169354,3569.762,batt,1
9531502177711,3569.762,batt,1
9531552145079,3569.762,batt,1
9531602154269,3569.762,batt,1
9531652133825,4131.137,batt,1
9531702150046,4131.137,batt,1
9531752169653,4131.137,batt,1
9531802143531,4131.137,batt,1
9531852162148,4131.137,batt,1
9531902144256,3326.639,batt,1
9531952107197,3326.639,batt,1
9532002232009,3326.639,batt,1
9532052116828,3326.639,batt,1
9532102153830,3326.639,batt,1
9532152190571,3167.061,batt,1
9532202137367,3167.061,batt,1
9532252167077,3167.061,batt,1
9532302102520,3167.061,batt,1
9532352134522,3167.061,batt,1
9532402205377,2453.455,batt,1
9532452231545,2453.455,batt,1
9532502150426,2453.455,batt,1
9532552176803,2453.455,batt,1
9532602160056,2453.455,batt,1
9532652179663,2280.820,batt,1
9532702206561,2280.820,batt,1
9532752087057,2280.820,batt,1
9532802218743,2280.820,batt,1
9532852146217,2280.820,batt,1
9532902158428,4089.880,batt,1
9532952203554,4089.880,batt,1
9533002185818,4089.880,batt,1
9533052161415,4089.880,batt,1
9533102166022,4089.880,batt,1
9533152230211,3832.425,batt,1
9533202118363,3832.425,batt,1
9533252104533,3832.425,batt,1
9533302177888,3832.425,batt,1
9533352108851,3832.425,batt,1
9533402209028,4204.204,batt,1
9533452242020,4204.204,batt,1
9533502084287,4204.204,batt,1
9533552111967,4204.204,batt,1
9533602185009,4204.204,batt,1
9533652074515,3882.564,batt,1
9533702133860,3882.564,batt,1
9533752160966,3882.564,batt,1
9533802115314,3882.564,batt,1
9533852165493,3882.564,batt,1
9533902229525,3954.801,batt,1
9533952150280,3954.801,batt,1
9534002101087,3954.801,batt,1
9534052069809,3954.801,batt,1
9534102168580,3954.801,batt,1
9534152167510,3645.320,batt,1
9534202133681,3645.320,batt,1
9534252082820,3645.320,batt,1
9534302175081,3645.320,batt,1
9534352121929,3645.320,batt,1
9534402114766,3862.549,batt,1
9534452095206,3862.549,batt,1
9534502128719,3862.549,batt,1
9534552219625,3862.549,batt,1
9534602176109,3862.549,batt,1
9534652174362,3539.126,batt,1
9534702143136,3539.126,batt,1
9534752122588,3539.126,batt,1
9534802155110,3539.126,batt,1
9534852146749,3539.126,batt,1
9534902141148,3896.194,batt,1
9534952142526,3896.194,batt,1
9535002103123,3896.194,batt,1
9535052122053,3896.194,batt,1
9535102166242,3896.194,batt,1
9535152134340,3648.315,batt,1
9535202148113,3648.315,batt,1
9535252078816,3648.315,batt,1
9535302183263,3648.315,batt,1
9535352145059,3648.315,batt,1
9535402103209,3633.653,batt,1
9535452116930,3633.653,batt,1
9535502188150,3633.653,batt,1
9535552161716,3633.653,batt,1
9535602128459,3633.653,batt,1
9535652147024,3838.296,batt,1
9535702119080,3838.296,batt,1
9535752079626,3838.296,batt,1
9535802137408,3838.296,batt,1
9535852103266,3838.296,batt,1
9535902121779,4296.521,batt,1
9535952135292,4296.521,batt,1
9536002150784,4296.521,batt,1
9536052159401,4296.521,batt,1
9536102108072,4296.521,batt,1
9536152146376,3924.302,batt,1
9536202130046,3924.302,batt,1
9536252165225,3924.302,batt,1
9536302162645,3924.302,batt,1
9536352175324,3924.302,batt,1
9536402099152,3911.298,batt,1
9536452125009,3911.298,batt,1
9536502210759,3911.298,batt,1
9536552123441,3911.298,batt,1
9536602100185,3911.298,batt,1
9536652139113,3859.826,batt,1
9536702129033,3859.826,batt,1
9536752122443,3859.826,batt,1
9536802188558,3859.826,batt,1
9536852164728,3859.826,batt,1
9536902111733,3723.026,batt,1
9536952129048,3723.026,batt,1
9537002100947,3723.026,batt,1
9537052203312,3723.026,batt,1
9537102144066,3723.026,batt,1
9537152142632,2788.765,batt,1
9537202077397,2788.765,batt,1
9537252144190,2788.765,batt,1
9537302183691,2788.765,batt,1
9537352104967,2788.765,batt,1
9537402147281,3383.630,batt,1
9537452136993,3383.630,batt,1
9537502174411,3383.630,batt,1
9537552187924,3383.630,batt,1
9537602093836,4180.968,batt,1
9537652161723,4180.968,batt,1
9537702132372,4180.968,batt,1
9537752095262,4180.968,batt,1
9537802133097,4180.968,batt,1
9537852153693,3681.673,batt,1
9537902127780,3681.673,batt,1
9537952158636,3681.673,batt,1
9538002197304,3681.673,batt,1
9538052193318,3681.673,batt,1
9538102080324,3414.241,batt,1
9538152162064,3414.241,batt,1
9538202181983,3414.241,batt,1
9538252146174,3414.241,batt,1
9538302147708,3414.241,batt,1
9538352092942,3575.077,batt,1
9538402140881,3575.077,batt,1
9538452120385,3575.077,batt,1
9538502171188,3575.077,batt,1
9538552170535,3575.077,batt,1
9538602089936,3680.619,batt,1
9538652213862,3680.619,batt,1
9538702123107,3680.619,batt,1
9538752136881,3680.619,batt,1
9538802117842,3680.619,batt,1
9538852139740,3766.164,batt,1
9538902195023,3766.164,batt,1
9538952125465,3766.164,batt,1
9539002103771,3766.164,batt,1
9539052234572,3766.164,batt,1
9539102115641,3798.253,batt,1
9539152109102,3798.253,batt,1
9539202125532,3798.253,batt,1
9539252095088,3798.253,batt,1
9539302124329,3798.253,batt,1
9539352163466,3938.520,batt,1
9539402172448,3938.520,batt,1
9539452178201,3938.520,batt,1
9539502143642,3938.520,batt,1
9539552150489,3938.520,batt,1
9539602137128,3511.125,batt,1
9539652245794,3511.125,batt,1
9539702141706,3511.125,batt,1
9539752163917,3511.125,batt,1
9539802173732,3511.125,batt,1
9539852162037,4048.062,batt,1
9539902161384,4048.062,batt,1
9539952118232,4048.062,batt,1
9540002159608,4048.062,batt,1
9540052091144,4048.062,batt,1
9540102129969,3651.486,batt,1
9540152133430,3651.486,batt,1
9540202147412,3651.486,batt,1
9540252182018,3651.486,batt,1
9540302202406,3651.486,batt,1
9540352097068,3513.974,batt,1
9540402116570,3513.974,batt,1
9540452223726,3513.974,batt,1
9540502117451,3513.974,batt,1
9540552170963,3513.974,batt,1
9540602169216,3670.023,batt,1
9540652188718,3670.023,batt,1
9540702131452,3670.023,batt,1
9540752186265,3670.023,batt,1
9540802169050,3670.023,batt,1
9540852131627,3702.000,batt,1
9540902120193,3702.000,batt,1
9540952169694,3702.000,batt,1
9541002137687,3702.000,batt,1
9541052143128,3702.000,batt,1
9541102308928,3643.924,batt,1
9541152147654,3643.924,batt,1
9541202080649,3643.924,batt,1
9541252083172,3643.924,batt,1
9541302164079,3643.924,batt,1
9541352074939,3595.040,batt,1
9541402210896,3595.040,batt,1
9541452145557,3595.040,batt,1
9541502166309,3595.040,batt,1
9541552122168,3595.040,batt,1
9541602089328,3671.611,batt,1
9541652207733,3671.611,batt,1
9541702100416,3671.611,batt,1
9541752135179,3671.611,batt,1
9541802181295,3671.611,batt,1
9541852110435,3990.512,batt,1
9541902201446,3990.512,batt,1
9541952138190,3990.512,batt,1
9542002111183,3990.512,batt,1
9542052146310,3990.512,batt,1
9542102258154,3855.006,batt,1
9542152200731,3855.006,batt,1
9542202136121,3855.006,batt,1
9542252202237,3855.006,batt,1
9542302154241,3855.006,batt,1
9542352132234,3594.619,batt,1
9542402196319,3594.619,batt,1
9542452192540,3594.619,batt,1
9542502193293,3594.619,batt,1
9542552161860,3594.619,batt,1
9542602091208,4082.826,batt,1
9542652236072,4082.826,batt,1
9542702119953,4082.826,batt,1
9542752139715,4082.826,batt,1
9542802125365,4082.826,batt,1
9542852150544,3665.262,batt,1
9542902099267,3665.262,batt,1
9542952150591,3665.262,batt,1
9543002177698,3665.262,batt,1
9543052192981,3665.262,batt,1
9543102140142,3450.125,batt,1
9543152092979,3450.125,batt,1
9543202142064,3450.125,batt,1
9543252146880,3450.125,batt,1
9543302115550,3450.125,batt,1
9543352135209,3610.037,batt,1
9543402208824,3610.037,batt,1
9543452142079,3610.037,batt,1
9543502149342,3610.037,batt,1
9543552109888,3719.956,batt,1
9543602076423,3725.860,batt,1
9543652165871,3725.860,batt,1
9543702128135,3725.860,batt,1
9543752139669,3725.860,batt,1
9543802151880,3414.325,batt,1
9543852146383,3414.325,batt,1
9543902127084,3414.325,batt,1
9543952138149,3414.325,batt,1
9544002146558,3414.325,batt,1
9544052125333,3759.746,batt,1
9544102153168,3759.746,batt,1
9544152138869,3759.746,batt,1
9544202207172,3759.746,batt,1
9544252233758,3759.746,batt,1
9544302113264,3240.982,batt,1
9544352172817,3240.982,batt,1
9544402157060,3240.982,batt,1
9544452224999,3240.982,batt,1
9544502116223,3240.982,batt,1
9544552141715,3785.597,batt,1
9544602127156,3785.597,batt,1
9544652184470,3785.597,batt,1
9544702180431,3785.597,batt,1
9544752134727,3785.597,batt,1
9544802118189,2616.729,batt,1
9544852203679,2616.729,batt,1
9544902184432,2616.729,batt,1
9544952123885,2616.729,batt,1
9545002081045,2616.729,batt,1
9545052146900,3648.483,batt,1
9545102208120,3648.483,batt,1
9545152142989,3648.483,batt,1
9545202120410,3648.483,batt,1
9545252131318,3648.483,batt,1
9545302134363,3522.010,batt,1
9545352162563,3522.010,batt,1
9545402217325,3522.010,batt,1
9545452133184,3522.010,batt,1
9545502147634,3522.010,batt,1
9545552147606,3705.534,batt,1
9545602166900,3705.534,batt,1
9545652145570,3705.534,batt,1
9545702120022,3705.534,batt,1
9545752191554,3705.534,batt,1
9545802149235,3701.985,batt,1
9545852163425,3701.985,batt,1
9545902197875,3701.985,batt,1
9545952132536,3701.985,batt,1
9546002145111,3701.985,batt,1
9546052182686,3694.572,batt,1
9546102141305,3694.572,batt,1
9546152155443,3694.572,batt,1
9546202356242,3694.572,batt,1
9546252125178,3694.572,batt,1
9546302103536,4066.685,batt,1
9546352115434,4066.685,batt,1
9546402109989,4066.685,batt,1
9546452141471,4066.685,batt,1
9546502132120,4066.685,batt,1
9546552139591,3527.968,batt,1
9546602151229,3527.968,batt,1
9546652124587,3527.968,batt,1
9546702159141,3527.968,batt,1
9546752218382,3527.968,batt,1
9546802200177,3790.547,batt,1
9546852154056,3790.547,batt,1
9546902113560,3790.547,batt,1
9546952172228,3790.547,batt,1
9547002113087,3790.547,batt,1
9547052150140,4106.856,batt,1
9547102190267,4106.856,batt,1
9547152175916,4106.856,batt,1
9547202205002,4106.856,batt,1
9547252185859,4106.856,batt,1
9547302117552,2665.017,batt,1
9547352156741,2665.017,batt,1
9547402134109,2665.017,batt,1
9547452229078,2665.017,batt,1
9547502131500,2665.017,batt,1
9547552124962,2943.570,batt,1
9547602106288,2943.570,batt,1
9547652188601,2943.570,batt,1
9547702205343,2943.570,batt,1
9547752247136,2943.570,batt,1
9547802083363,3602.382,batt,1
9547852188123,3602.382,batt,1
9547902142940,3602.382,batt,1
9547952186035,3602.382,batt,1
9548002155331,3602.382,batt,1
9548052164729,3608.238,batt,1
9548102118452,3608.238,batt,1
9548152152589,3608.238,batt,1
9548202178706,3608.238,batt,1
9548252133158,3608.238,batt,1
9548302179639,3762.427,batt,1
9548352111904,3762.427,batt,1
9548402189269,3762.427,batt,1
9548452152054,3762.427,batt,1
9548502145047,3762.427,batt,1
9548552196580,3745.833,batt,1
9548602107439,3745.833,batt,1
9548652183711,3745.833,batt,1
9548702165246,3745.833,batt,1
9548752144280,3745.833,batt,1
9548802269509,3938.058,batt,1
9548852149223,3938.058,batt,1
9548902152424,3938.058,batt,1
9548952205936,3938.058,batt,1
9549002159451,3938.058,batt,1
9549052138173,3780.763,batt,1
9549102131895,3780.763,batt,1
9549152128637,3780.763,batt,1
9549202102776,3780.763,batt,1
9549252098894,3780.763,batt,1
9549302190582,3523.244,batt,1
9549352101389,3523.244,batt,1
9549402195889,3523.244,batt,1
9549452144665,3523.244,batt,1
9549502141928,3523.244,batt,1
9549552197471,3689.275,batt,1
9549602171454,3689.275,batt,1
9549652129916,3689.275,batt,1
9549702142439,3689.275,batt,1
9549752172046,3722.653,batt,1
9549802200141,3721.937,batt,1
9549852203290,3721.937,batt,1
9549902114358,3721.937,batt,1
9549952229326,3721.937,batt,1
9550002154092,3851.982,batt,1
9550052134481,3851.982,batt,1
9550102172264,3851.982,batt,1
9550152131559,3851.982,batt,1
9550202111948,3851.982,batt,1
9550252124992,3640.882,batt,1
9550302188296,3640.882,batt,1
9550352219568,3640.882,batt,1
9550402119855,3640.882,batt,1
9550452108734,3640.882,batt,1
9550502082456,3615.478,batt,1
9550552214403,3615.478,batt,1
9550602131148,3615.478,batt,1
9550652204347,3615.478,batt,1
9550702212964,3615.478,batt,1
9550752210175,3769.392,batt,1
9550802117181,3769.392,batt,1
9550852220899,3769.392,batt,1
9550902191913,3769.392,batt,1
9550952247144,3769.392,batt,1
9551002084047,2970.500,batt,1
9551052250004,2970.500,batt,1
9551102146333,2970.500,batt,1
9551152138648,2970.500,batt,1
9551202246013,2970.500,batt,1
9551252114738,3603.121,batt,1
9551302161010,3603.121,batt,1
9551352159263,3603.121,batt,1
9551402132517,3603.121,batt,1
9551452172123,3603.121,batt,1
9551502060483,3619.535,batt,1
9551552226075,3619.535,batt,1
9551602135216,3619.535,batt,1
9551652162010,3619.535,batt,1
9551702227917,3619.535,batt,1
9551752169869,3699.688,batt,1
9551802150831,3699.688,batt,1
9551852184760,3699.688,batt,1
9551902152493,3699.688,batt,1
9551952118143,3699.688,batt,1
9552002206341,3872.100,batt,1
9552052161731,3872.100,batt,1
9552102137797,3872.100,batt,1
9552152213964,3872.100,batt,1
9552202137896,3872.100,batt,1
9552252184950,3770.934,batt,1
9552302179193,3770.934,batt,1
9552352133228,3770.934,batt,1
9552402157939,3770.934,batt,1
9552452104266,3770.934,batt,1
9552502191214,3012.929,batt,1
9552552053117,3012.929,batt,1
9552602120691,3012.929,batt,1
9552652124360,3012.929,batt,1
9552702148133,3012.929,batt,1
9552752125762,4282.109,batt,1
9552802196669,4282.109,batt,1
9552852159923,4282.109,batt,1
9552902061199,4282.109,batt,1
9552952179970,4282.109,batt,1
9553002162494,3822.211,batt,1
9553052192829,3822.211,batt,1
9553102147125,3822.211,batt,1
9553152165169,3822.211,batt,1
9553202132381,3822.211,batt,1
9553252210996,3484.856,batt,1
9553302114721,3484.856,batt,1
9553352151358,3484.856,batt,1
9553402082269,3484.856,batt,1
9553452177551,3484.856,batt,1
9553502100858,3865.884,batt,1
9553552120516,3865.884,batt,1
9553602121790,3865.884,batt,1
9553652107127,3865.884,batt,1
9553702123765,3865.884,batt,1
9553752096185,4180.536,batt,1
9553802139645,4180.536,batt,1
9553852216073,4180.536,batt,1
9553902162504,4180.536,batt,1
9553952120081,4180.536,batt,1
9554002137709,3914.852,batt,1
9554052197991,3914.852,batt,1
9554102235774,3914.852,batt,1
9554152156946,3914.852,batt,1
9554202147334,3914.852,batt,1
9554252221887,3615.826,batt,1
9554302191131,3615.826,batt,1
9554352168551,3615.826,batt,1
9554402113889,3615.826,batt,1
9554452118495,3615.826,batt,1
9554502174351,3678.669,batt,1
9554552163125,3678.669,batt,1
9554602163774,3678.669,batt,1
9554652150881,3678.669,batt,1
9554702241944,3678.669,batt,1
9554752130825,3602.496,batt,1
9554802211628,3602.496,batt,1
9554852124102,3602.496,batt,1
9554902131417,3602.496,batt,1
9554952225657,3602.496,batt,1
9555002112819,3213.421,batt,1
9555052175185,3213.421,batt,1
9555102128387,3213.421,batt,1
9555152126171,3213.421,batt,1
9555202155361,3213.421,batt,1
9555252119656,2682.424,batt,1
9555302155564,2682.424,batt,1
9555352124287,2682.424,batt,1
9555402148112,2682.424,batt,1
9555452143552,2682.424,batt,1
9555502146180,3674.439,batt,1
9555552182453,3674.439,batt,1
9555602114041,3674.439,batt,1
9555652201927,3674.439,batt,1
9555702165285,3674.439,batt,1
9555752139841,4132.173,batt,1
9555802071741,4132.173,batt,1
9555852193845,4132.173,batt,1
9555902140172,4132.173,batt,1
9555952158998,4056.796,batt,1
9556002134491,4058.551,batt,1
9556052130296,4058.551,batt,1
9556102164329,4058.551,batt,1
9556152124875,4058.551,batt,1
9556202147450,3754.311,batt,1
9556252196014,3754.311,batt,1
9556302110050,3754.311,batt,1
9556352164239,3754.311,batt,1
9556402142284,3754.311,batt,1
9556452155329,3578.785,batt,1
9556502153529,3578.785,batt,1
9556552119700,3578.785,batt,1
9556602140609,3578.785,batt,1
9556652197454,3578.785,batt,1
9556702154093,3890.195,batt,1
9556752214948,3890.195,batt,1
9556802127318,3890.195,batt,1
9556852096249,3890.195,batt,1
9556902152053,3890.195,batt,1
9556952179159,4322.691,batt,1
9557002090331,4322.691,batt,1
9557052221705,4322.691,batt,1
9557102115534,4322.691,batt,1
9557152150140,4322.691,batt,1
9557202158132,3613.356,batt,1
9557252094460,3613.356,batt,1
9557302116306,3613.356,batt,1
9557352119767,3613.356,batt,1
9557402147134,3613.356,batt,1
9557452096065,3784.288,batt,1
9557502167597,3784.288,batt,1
9557552194183,3784.288,batt,1
9557602083689,3784.288,batt,1
9557652164335,3784.288,batt,1
9557702202639,3929.397,batt,1
9557752137769,3929.397,batt,1
9557802113054,3929.397,batt,1
9557852206043,3929.397,batt,1
9557902160756,3929.397,batt,1
9557952154426,3627.473,batt,1
9558002103149,3627.473,batt,1
9558052130880,3627.473,batt,1
9558102209443,3627.473,batt,1
9558152148687,3627.473,batt,1
9558202139805,4036.615,batt,1
9558252121652,4036.615,batt,1
9558302170372,4036.615,batt,1
9558352154876,4036.615,batt,1
9558402193544,4036.615,batt,1
9558452162423,4134.008,batt,1
9558502122917,4134.008,batt,1
9558552140388,4134.008,batt,1
9558602177390,4134.008,batt,1
9558652161476,4134.008,batt,1
9558702190353,3519.945,batt,1
9558752118660,3519.945,batt,1
9558802174047,3519.945,batt,1
9558852168602,3519.945,batt,1
9558902205656,3519.945,batt,1
9558952136880,3439.917,batt,1
9559002160236,3439.917,batt,1
9559052169009,3439.917,batt,1
9559102150180,3439.917,batt,1
9559152155464,3439.917,batt,1
9559202114811,3791.223,batt,1
9559252131085,3791.223,batt,1
9559302230220,3791.223,batt,1
9559352157590,3791.223,batt,1
9559402121833,3791.223,batt,1
9559452117638,3627.849,batt,1
9559502137818,3627.849,batt,1
9559552146383,3627.849,batt,1
9559602139271,3627.849,batt,1
9559652105077,3627.849,batt,1
9559702154943,3019.962,batt,1
9559752122780,3019.962,batt,1
9559802178532,3019.962,batt,1
9559852206784,3019.962,batt,1
9559902084519,3019.962,batt,1
9559952149541,4057.309,batt,1
9560002116857,4057.309,batt,1
9560052131725,4057.309,batt,1
9560102162112,4057.309,batt,1
9560152150105,4057.309,batt,1
9560202169711,2654.865,batt,1
9560252142965,2654.865,batt,1
9560302131687,2654.865,batt,1
9560352205198,2654.865,batt,1
9560402256574,2654.865,batt,1
9560452129102,3692.252,batt,1
9560502169385,3692.252,batt,1
9560552145868,3692.252,batt,1
9560602190630,3692.252,batt,1
9560652188153,3692.252,batt,1
9560702113908,3918.104,batt,1
9560752159920,3918.104,batt,1
9560802136247,3918.104,batt,1
9560852152572,3918.104,batt,1
9560902121659,3918.104,batt,1
9560952125745,3693.832,batt,1
9561002150612,3693.832,batt,1
9561052213863,3693.832,batt,1
9561102189565,3693.832,batt,1
9561152168652,3693.832,batt,1
9561202129510,4018.338,batt,1
9561252156095,4018.338,batt,1
9561302185597,4018.338,batt,1
9561352205256,4018.338,batt,1
9561402186270,4018.338,batt,1
9561452139263,4012.119,batt,1
9561502198713,4012.119,batt,1
9561552144832,4012.119,batt,1
9561602135741,4012.119,batt,1
9561652142223,4012.119,batt,1
9561702128080,3657.670,batt,1
9561752098574,3657.670,batt,1
9561802160887,3657.670,batt,1
9561852182108,3657.670,batt,1
9561902116978,3657.670,batt,1
9561952141115,3637.393,batt,1
9562002191554,3637.393,batt,1
9562052171526,3637.393,batt,1
9562102265922,3637.393,batt,1
9562152159543,3684.312,batt,1
9562202107016,3687.502,batt,1
9562252120268,3687.502,batt,1
9562302098991,3687.502,batt,1
9562352168283,3687.502,batt,1
9562402164193,3521.332,batt,1
9562452180466,3521.332,batt,1
9562502182989,3521.332,batt,1
9562552107078,3521.332,batt,1
9562602166423,3521.332,batt,1
9562652098323,4063.560,batt,1
9562702216677,4063.560,batt,1
9562752136807,4063.560,batt,1
9562802108498,4063.560,batt,1
9562852228258,4063.560,batt,1
9562902130889,3507.244,batt,1
9562952078883,3507.244,batt,1
9563002212601,3507.244,batt,1
9563052208041,3507.244,batt,1
9563102119318,3507.244,batt,1
9563152106685,4014.434,batt,1
9563202222591,4014.434,batt,1
9563252093348,4014.434,batt,1
9563302111340,4014.434,batt,1
9563352146831,4014.434,batt,1
9563402142740,3943.303,batt,1
9563452166305,3943.303,batt,1
9563502167527,3943.303,batt,1
9563552186977,3943.303,batt,1
9563602122367,3943.303,batt,1
9563652206503,3959.365,batt,1
9563702157049,3959.365,batt,1
9563752189520,3959.365,batt,1
9563802157774,3959.365,batt,1
9563852142850,3959.365,batt,1
9563902138811,3735.755,batt,1
9563952126543,3735.755,batt,1
9564002124588,3735.755,batt,1
9564052157684,3735.755,batt,1
9564102091511,3735.755,batt,1
9564152123253,3416.714,batt,1
9564202151818,3416.714,batt,1
9564252168976,3416.714,batt,1
9564302139834,3416.714,batt,1
9564352122931,3416.714,batt,1
9564402105403,3912.706,batt,1
9564452148447,3912.706,batt,1
9564502122586,3912.706,batt,1
9564552150525,3912.706,batt,1
9564602165705,3912.706,batt,1
9564652160052,3989.304,batt,1
9564702140649,3989.304,batt,1
9564752138693,3989.304,batt,1
9564802151061,3989.304,batt,1
9564852144678,3989.304,batt,1
9564902117619,3983.402,batt,1
9564952129622,3983.402,batt,1
9565002166832,3983.402,batt,1
9565052102899,3983.402,batt,1
9565102163963,3983.402,batt,1
9565152198829,3633.490,batt,1
9565202151354,3633.490,batt,1
9565252135181,3633.490,batt,1
9565302226660,3633.490,batt,1
9565352114916,3633.490,batt,1
9565402151241,3717.010,batt,1
9565452146629,3717.010,batt,1
9565502113269,3717.010,batt,1
9565552149229,3717.010,batt,1
9565602132743,3717.010,batt,1
9565652147037,3832.270,batt,1
9565702123415,3832.270,batt,1
9565752121512,3832.270,batt,1
9565802244970,3832.270,batt,1
9565852208172,3832.270,batt,1
9565902116271,3755.393,batt,1
9565952118847,3755.393,batt,1
9566002129339,3755.393,batt,1
9566052151862,3755.393,batt,1
9566102176989,3755.393,batt,1
9566152121494,3829.901,batt,1
9566202126413,3829.901,batt,1
9566252142374,3829.901,batt,1
9566302216145,3829.901,batt,1
9566352142525,3829.901,batt,1
9566402105519,4040.219,batt,1
9566452104657,4040.219,batt,1
9566502109108,4040.219,batt,1
9566552200171,4040.219,batt,1
9566602186393,4040.219,batt,1
9566652096627,4253.654,batt,1
9566702111651,4253.654,batt,1
9566752196359,4253.654,batt,1
9566802202477,4253.654,batt,1
9566852221614,4253.654,batt,1
9566902103621,3619.013,batt,1
9566952177601,3619.013,batt,1
9567002146167,3619.013,batt,1
9567052158065,3619.013,batt,1
9567102124132,3619.013,batt,1
9567152081292,3742.931,batt,1
9567202188656,3742.931,batt,1
9567252098266,3742.931,batt,1
9567302129330,3742.931,batt,1
9567352160655,3742.931,batt,1
9567402139169,4071.431,batt,1
9567452166536,4071.431,batt,1
9567502159581,4071.431,batt,1
9567552147417,4071.431,batt,1
9567602184627,4071.431,batt,1
9567652161162,3829.451,batt,1
9567702194831,3829.451,batt,1
9567752135585,3829.451,batt,1
9567802128266,3829.451,batt,1
9567852154122,3829.451,batt,1
9567902222998,2479.524,batt,1
9567952156201,2479.524,batt,1
9568002118725,2479.524,batt,1
9568052126093,2479.524,batt,1
9568102145074,2479.524,batt,1
9568152136661,3521.718,batt,1
9568202115279,3521.718,batt,1
9568252113480,3521.718,batt,1
9568302136680,3521.718,batt,1
9568352227013,3885.033,batt,1
9568402083395,3885.033,batt,1
9568452177218,3885.033,batt,1
9568502143076,3885.033,batt,1
9568552132892,3885.033,batt,1
9568602249267,3381.676,batt,1
9568652155491,3381.676,batt,1
9568702149838,3381.676,batt,1
9568752149028,3381.676,batt,1
9568802196759,3381.676,batt,1
9568852142982,4175.395,batt,1
9568902174411,4175.395,batt,1
9568952172456,4175.395,batt,1
9569002208260,4175.395,batt,1
9569052122088,4175.395,batt,1
9569102159558,4189.966,batt,1
9569152151457,4189.966,batt,1
9569202099556,4189.966,batt,1
9569252137807,4189.966,batt,1
9569302150539,4189.966,batt,1
9569352180614,3233.292,batt,1
9569402120223,3233.292,batt,1
9569452170610,3233.292,batt,1
9569502160998,3233.292,batt,1
9569552104253,3233.292,batt,1
9569602128494,4014.434,batt,1
9569652117269,4014.434,batt,1
9569702152916,4014.434,batt,1
9569752176116,4014.434,batt,1
9569802122131,4014.434,batt,1
9569852169289,3511.516,batt,1
9569902164730,3511.516,batt,1
9569952177722,3511.516,batt,1
9570002147173,3511.516,batt,1
9570052199175,3511.516,batt,1
9570102131023,3796.652,batt,1
9570152153598,3796.652,batt,1
9570202124352,3796.652,batt,1
9570252120157,3796.652,batt,1
9570302204554,3796.652,batt,1
9570352166037,3759.463,batt,1
9570402234392,3759.463,batt,1
9570452224051,3759.463,batt,1
9570502130171,3759.463,batt,1
9570552153892,3759.463,batt,1
9570602175582,4021.078,batt,1
9570652168575,4021.078,batt,1
9570702159745,4021.078,batt,1
9570752120238,4021.078,batt,1
9570802184427,4021.078,batt,1
9570852151274,3729.537,batt,1
9570902131976,3729.537,batt,1
9570952097990,3729.537,batt,1
9571002099159,3729.537,batt,1
9571052162098,3729.537,batt,1
9571102180142,3666.134,batt,1
9571152125272,3666.134,batt,1
9571202133055,3666.134,batt,1
9571252215941,3666.134,batt,1
9571302184039,3666.134,batt,1
9571352174948,3930.530,batt,1
9571402131484,3930.530,batt,1
9571452108643,3930.530,batt,1
9571502129865,3930.530,batt,1
9571552161658,3930.530,batt,1
9571602153870,3782.615,batt,1
9571652196132,3782.615,batt,1
9571702090690,3782.615,batt,1
9571752117692,3782.615,batt,1
9571802096987,3782.615,batt,1
9571852137687,3607.155,batt,1
9571902286248,3607.155,batt,1
9571952140859,3607.155,batt,1
9572002155413,3607.155,batt,1
9572052199863,3607.155,batt,1
9572102169315,4003.800,batt,1
9572152086580,4003.800,batt,1
9572202122541,4003.800,batt,1
9572252121002,4003.800,batt,1
9572302174722,4003.800,batt,1
9572352198235,4150.871,batt,1
9572402096855,4150.871,batt,1
9572452178543,4150.871,batt,1
9572502127631,4150.871,batt,1
9572552206454,4150.871,batt,1
9572602173250,3786.983,batt,1
9572652131764,3786.983,batt,1
9572702151944,3786.983,batt,1
9572752239256,3786.983,batt,1
9572802151106,3786.983,batt,1
9572852155088,3832.768,batt,1
9572902126779,3832.768,batt,1
9572952128834,3832.768,batt,1
9573002129170,3832.768,batt,1
9573052161432,3832.768,batt,1
9573102120520,3169.977,batt,1
9573152151011,3169.977,batt,1
9573202219262,3169.977,batt,1
9573252154548,3169.977,batt,1
9573302084105,3169.977,batt,1
9573352266259,2928.563,batt,1
9573402158473,2928.563,batt,1
9573452144956,2928.563,batt,1
9573502130397,2928.563,batt,1
9573552147191,2928.563,batt,1
9573602193932,3872.012,batt,1
9573652118437,3872.012,batt,1
9573702146689,3872.012,batt,1
9573752182337,3872.012,batt,1
9573802092936,3872.012,batt,1
9573852106761,3926.378,batt,1
9573902157304,3926.378,batt,1
9573952127016,3926.378,batt,1
9574002170268,3926.378,batt,1
9574052158000,3926.378,batt,1
9574102143025,3569.796,batt,1
9574152157423,3569.796,batt,1
9574202161509,3569.796,batt,1
9574252198511,3569.796,batt,1
9574302095725,3569.796,batt,1
9574352171215,4048.011,batt,1
9574402309881,4048.011,batt,1
9574452149909,4048.011,batt,1
9574502131027,4048.011,batt,1
9574552195528,3067.469,batt,1
9574602184354,3067.469,batt,1
9574652071152,3067.469,batt,1
9574702132632,3067.469,batt,1
9574752120469,3067.469,batt,1
9574802111118,2904.392,batt,1
9574852217493,2904.392,batt,1
9574902121478,2904.392,batt,1
9574952150459,2904.392,batt,1
9575002187252,2904.392,batt,1
9575052124986,3648.825,batt,1
9575102131520,3648.825,batt,1
9575152197011,3648.825,batt,1
9575202156931,3648.825,batt,1
9575252176278,3648.825,batt,1
9575302150729,3943.949,batt,1
9575352182887,3943.949,batt,1
9575402136037,3943.949,batt,1
9575452159706,3943.949,batt,1
9575502132387,3943.949,batt,1
9575552200950,4210.942,batt,1
9575602078842,4210.942,batt,1
9575652295891,4210.942,batt,1
9575702105712,4210.942,batt,1
9575752134537,4210.942,batt,1
9575802082270,2696.859,batt,1
9575852119689,2696.859,batt,1
9575902195596,2696.859,batt,1
9575952157860,2696.859,batt,1
9576002167415,2696.859,batt,1
9576052149991,2886.729,batt,1
9576102187566,2886.729,batt,1
9576152117696,2886.729,batt,1
9576202109282,2886.729,batt,1
9576252119097,2886.729,batt,1
9576302199223,3146.093,batt,1
9576352139977,3146.093,batt,1
9576402106877,3146.093,batt,1
9576452176795,3146.093,batt,1
9576502189058,3146.093,batt,1
9576552207414,3792.620,batt,1
9576602086452,3792.620,batt,1
9576652275220,3792.620,batt,1
9576702144154,3792.620,batt,1
9576752118189,3792.620,batt,1
9576802136493,3510.100,batt,1
9576852200942,3510.100,batt,1
9576902115187,3510.100,batt,1
9576952164949,3510.100,batt,1
9577002137994,3510.100,batt,1
9577052165309,3708.708,batt,1
9577102167312,3708.708,batt,1
9577152117181,3708.708,batt,1
9577202123871,3708.708,batt,1
9577252233735,3708.708,batt,1
9577302187875,3849.323,batt,1
9577352199356,3849.323,batt,1
9577402116570,3849.323,batt,1
9577452267423,3849.323,batt,1
9577502110159,3849.323,batt,1
9577552140599,4181.571,batt,1
9577602183538,4181.571,batt,1
9577652125178,4181.571,batt,1
9577702189679,4181.571,batt,1
9577752157412,4181.571,batt,1
9577802149988,3522.783,batt,1
9577852159803,3522.783,batt,1
9577902100193,3522.783,batt,1
9577952171100,3522.783,batt,1
9578002164562,3522.783,batt,1
9578052169429,3601.909,batt,1
9578102184088,3601.909,batt,1
9578152113905,3601.909,batt,1
9578202126376,3601.909,batt,1
9578252128327,3601.909,batt,1
9578302093664,3503.429,batt,1
9578352197747,3503.429,batt,1
9578402149908,3503.429,batt,1
9578452163942,3503.429,batt,1
9578502124019,3503.429,batt,1
9578552097897,3573.843,batt,1
9578602119535,3573.843,batt,1
9578652143933,3573.843,batt,1
9578702185987,3573.843,batt,1
9578752109658,3573.843,batt,1
9578802105047,3885.967,batt,1
9578852172256,3885.967,batt,1
9578902125458,3885.967,batt,1
9578952137982,3885.967,batt,1
9579002074518,3885.967,batt,1
9579052141831,3355.018,batt,1
9579102169667,3355.018,batt,1
9579152134691,3355.018,batt,1
9579202119767,3355.018,batt,1
9579252130364,3355.018,batt,1
9579302153929,3752.894,batt,1
9579352185878,3752.894,batt,1
9579402113717,3752.894,batt,1
9579452116240,3752.894,batt,1
9579502103764,3752.894,batt,1
9579552083945,2611.848,batt,1
9579602246985,2611.848,batt,1
9579652120137,2611.848,batt,1
9579702149900,2611.848,batt,1
9579752109508,2611.848,batt,1
9579802106459,4001.959,batt,1
9579852134659,4001.959,batt,1
9579902185671,4001.959,batt,1
9579952099343,4001.959,batt,1
9580002172802,4001.959,batt,1
9580052170690,3773.675,batt,1
9580102185661,3773.675,batt,1
9580152141884,3773.675,batt,1
9580202114409,3773.675,batt,1
9580252130786,3773.675,batt,1
9580302083155,4076.703,batt,1
9580352131979,4076.703,batt,1
9580402118410,4076.703,batt,1
9580452144735,4076.703,batt,1
9580502113874,4076.703,batt,1
9580552107648,3474.117,batt,1
9580602169336,3474.117,batt,1
9580652166964,3474.117,batt,1
9580702197196,3474.117,batt,1
9580752154096,4069.811,batt,1
9580802147713,4069.811,batt,1
9580852122269,4069.811,batt,1
9580902079325,4069.811,batt,1
9580952158044,4069.811,batt,1
9581002121194,3806.134,batt,1
9581052119291,3806.134,batt,1
9581102174573,3806.134,batt,1
9581152170379,3806.134,batt,1
9581202199412,3806.134,batt,1
9581252150739,3965.065,batt,1
9581302151179,3965.065,batt,1
9581352095996,3965.065,batt,1
9581402164560,3965.065,batt,1
9581452114325,3965.065,batt,1
9581502266323,3644.268,batt,1
9581552173589,3644.268,batt,1
9581602120385,3644.268,batt,1
9581652158845,3644.268,batt,1
9581702193347,3644.268,batt,1
9581752197746,3689.801,batt,1
9581802137302,3689.801,batt,1
9581852176856,3689.801,batt,1
9581902103549,3689.801,batt,1
9581952159404,3689.801,batt,1
9582002166511,3902.937,batt,1
9582052163149,3902.937,batt,1
9582102114373,3902.937,batt,1
9582152109396,3902.937,batt,1
9582202194157,3902.937,batt,1
9582252118558,3805.027,batt,1
9582302148633,3805.027,batt,1
9582352087252,3805.027,batt,1
9582402153107,3805.027,batt,1
9582452121570,3805.027,batt,1
9582502118781,3794.950,batt,1
9582552128961,3794.950,batt,1
9582602126432,3794.950,batt,1
9582652097863,3794.950,batt,1
9582702115490,3794.950,batt,1
9582752226396,4078.075,batt,1
9582802130642,4078.075,batt,1
9582852107853,4078.075,batt,1
9582902135845,4078.075,batt,1
9582952157275,4078.075,batt,1
9583002150215,3945.198,batt,1
9583052130708,3945.198,batt,1
9583102138440,3945.198,batt,1
9583152136276,3945.198,batt,1
9583202135310,3945.198,batt,1
9583252174187,3766.682,batt,1
9583302197700,3766.682,batt,1
9583352119809,3766.682,batt,1
9583402119937,3766.682,batt,1
9583452151679,3766.682,batt,1
9583502108631,3691.042,batt,1
9583552139799,3691.042,batt,1
9583602158312,3691.042,batt,1
9583652285311,3691.042,batt,1
9583702092528,3691.042,batt,1
9583752134842,3755.493,batt,1
9583802177052,3755.493,batt,1
9583852134838,3755.493,batt,1
9583902119549,3755.493,batt,1
9583952170301,3755.493,batt,1
9584002176678,3696.166,batt,1
9584052142901,3696.166,batt,1
9584102187246,3696.166,batt,1
9584152131282,3696.166,batt,1
9584202186721,3696.166,batt,1
9584252140600,4022.741,batt,1
9584302124426,4022.741,batt,1
9584352185334,4022.741,batt,1
9584402170358,4022.741,batt,1
9584452196579,4022.741,batt,1
9584502135406,3510.503,batt,1
9584552084702,3510.503,batt,1
9584602118735,3510.503,batt,1
9584652142561,3510.503,batt,1
9584702071336,3510.503,batt,1
9584752165055,2669.872,batt,1
9584802116851,2669.872,batt,1
9584852140208,2669.872,batt,1
9584902150960,2669.872,batt,1
9584952068695,2669.872,batt,1
9585002142674,2949.633,batt,1
9585052171291,2949.633,batt,1
9585102147045,2949.633,batt,1
9585152155610,2949.633,batt,1
9585202145686,2949.633,batt,1
9585252107273,3799.866,batt,1
9585302213336,3799.866,batt,1
9585352181746,3799.866,batt,1
9585402103386,3799.866,batt,1
9585452199501,3799.866,batt,1
9585502191296,3771.204,batt,1
9585552159549,3771.204,batt,1
9585602151136,3771.204,batt,1
9585652144441,3771.204,batt,1
9585702147225,3771.204,batt,1
9585752140582,4144.812,batt,1
9585802169199,4144.812,batt,1
9585852154536,4144.812,batt,1
9585902100030,4144.812,batt,1
9585952130990,4144.812,batt,1
9586002140805,3782.181,batt,1
9586052082289,3782.181,batt,1
9586102098093,3782.181,batt,1
9586152209156,3782.181,batt,1
9586202079079,3782.181,batt,1
9586252115091,3655.728,batt,1
9586302135375,3655.728,batt,1
9586352200553,3655.728,batt,1
9586402159015,3655.728,batt,1
9586452076698,3655.728,batt,1
9586502115783,4055.623,batt,1
9586552219293,4055.623,batt,1
9586602248743,4055.623,batt,1
9586652121479,4055.623,batt,1
9586702222854,4055.623,batt,1
9586752132047,4032.471,batt,1
9586802111706,4032.471,batt,1
9586852163499,4032.471,batt,1
9586902126180,4032.471,batt,1
9586952200837,4121.057,batt,1
9587002124405,4121.057,batt,1
9587052194843,4121.057,batt,1
9587102168670,4121.057,batt,1
9587152127393,4121.057,batt,1
9587202125125,3341.928,batt,1
9587252110305,3341.928,batt,1
9587302113714,3341.928,batt,1
9587352115457,3341.928,batt,1
9587402108137,3341.928,batt,1
9587452111963,3908.448,batt,1
9587502101778,3908.448,batt,1
9587552211903,3908.448,batt,1
9587602212968,3908.448,batt,1
9587652247835,3908.448,batt,1
9587702124112,3939.507,batt,1
9587752098668,3939.507,batt,1
9587802252385,3939.507,batt,1
9587852162672,3939.507,batt,1
9587902108374,3939.507,batt,1
9587952142616,2873.705,batt,1
9588002210814,2873.705,batt,1
9588052110737,2873.705,batt,1
9588102147166,2873.705,batt,1
9588152103493,2873.705,batt,1
9588202171171,2658.739,batt,1
9588252149268,2658.739,batt,1
9588302179135,2658.739,batt,1
9588352130254,2658.739,batt,1
9588402123975,2658.739,batt,1
9588452149259,2277.563,batt,1
9588502167251,2277.563,batt,1
9588552105974,2277.563,batt,1
9588602124487,2277.563,batt,1
9588652165395,2277.563,batt,1
9588702208334,2598.202,batt,1
9588752119037,2598.202,batt,1
9588802188174,2598.202,batt,1
9588852140022,2598.202,batt,1
9588902144004,2598.202,batt,1
9588952171839,3829.349,batt,1
9589002159363,3829.349,batt,1
9589052247770,3829.349,batt,1
9589102092277,3829.349,batt,1
9589152118081,3829.349,batt,1
9589202094356,3535.467,batt,1
9589252125108,3535.467,batt,1
9589302127423,3535.467,batt,1
9589352100364,3535.467,batt,1
9589402122158,3535.467,batt,1
9589452169941,3722.406,batt,1
9589502153351,3722.406,batt,1
9589552136604,3722.406,batt,1
9589602146315,3722.406,batt,1
9589652081861,3722.406,batt,1
9589702165789,3294.274,batt,1
9589752210655,3294.274,batt,1
9589802233178,3294.274,batt,1
9589852181745,3294.274,batt,1
9589902226038,3294.274,batt,1
9589952167887,3931.524,batt,1
9590002096923,3931.524,batt,1
9590052163194,3931.524,batt,1
9590102205248,3931.524,batt,1
9590152129493,3931.524,batt,1
9590202126704,3008.436,batt,1
9590252134436,3008.436,batt,1
9590302130397,3008.436,batt,1
9590352106724,3008.436,batt,1
9590402197057,3008.436,batt,1
9590452150416,3332.102,batt,1
9590502174553,3332.102,batt,1
9590552131662,3332.102,batt,1
9590602091218,3332.102,batt,1
9590652198582,3332.102,batt,1
9590702190742,3698.097,batt,1
9590752206234,3698.097,batt,1
9590802119593,3698.097,batt,1
9590852121752,3698.097,batt,1
9590902167973,3698.097,batt,1
9590952185860,3800.118,batt,1
9591002166666,3800.118,batt,1
9591052132576,3800.118,batt,1
9591102089059,3800.118,batt,1
9591152099447,3800.118,batt,1
9591202163011,2003.566,batt,1
9591252131004,2003.566,batt,1
9591302145819,2003.566,batt,1
9591352114281,2003.566,batt,1
9591402102430,2003.566,batt,1
9591452141151,3832.822,batt,1
9591502189715,3832.822,batt,1
9591552103752,3832.822,batt,1
9591602188773,3832.822,batt,1
9591652161766,3832.822,batt,1
9591702190435,3481.547,batt,1
9591752152491,3481.547,batt,1
9591802164337,3481.547,batt,1
9591852152382,3481.547,batt,1
9591902177145,3481.547,batt,1
9591952124409,3953.092,batt,1
9592002178494,3953.092,batt,1
9592052158727,3953.092,batt,1
9592102142709,3953.092,batt,1
9592152188409,3953.092,batt,1
9592202151975,3308.129,batt,1
9592252126270,3308.129,batt,1
9592302094055,3308.129,batt,1
9592352158452,3308.129,batt,1
9592402147226,3308.129,batt,1
9592452158500,4018.608,batt,1
9592502103629,4018.608,batt,1
9592552080008,4018.608,batt,1
9592602197268,4018.608,batt,1
9592652208125,4018.608,batt,1
9592702221481,3707.639,batt,1
9592752143018,3707.639,batt,1
9592802134083,3707.639,batt,1
9592852130930,3707.639,batt,1
9592902120850,3707.639,batt,1
9592952138165,3687.153,batt,1
9593002145584,3687.153,batt,1
9593052111025,3687.153,batt,1
9593102137298,3687.153,batt,1
9593152290391,3476.714,batt,1
9593202174532,3476.714,batt,1
9593252116849,3476.714,batt,1
9593302209110,3476.714,batt,1
9593352166583,3476.714,batt,1
9593402179002,3546.113,batt,1
9593452087101,3546.113,batt,1
9593502103999,3546.113,batt,1
9593552221520,3546.113,batt,1
9593602202794,3546.113,batt,1
9593652105060,2910.731,batt,1
9593702151489,2910.731,batt,1
9593752187136,2910.731,batt,1
9593802172734,2910.731,batt,1
9593852163174,2910.731,batt,1
9593902186687,3640.018,batt,1
9593952153378,3640.018,batt,1
9594002135277,3640.018,batt,1
9594052131916,3640.018,batt,1
9594102194906,3640.018,batt,1
9594152134984,3467.839,batt,1
9594202160788,3467.839,batt,1
9594252134927,3467.839,batt,1
9594302168127,3467.839,batt,1
9594352175546,3467.839,batt,1
9594402162133,3761.586,batt,1
9594452194343,3761.586,batt,1
9594502207335,3761.586,batt,1
9594552233556,3761.586,batt,1
9594602090407,3761.586,batt,1
9594652158241,3746.552,batt,1
9594702164723,3746.552,batt,1
9594752196465,3746.552,batt,1
9594802166750,3746.552,batt,1
9594852166826,3746.552,batt,1
9594902167631,3768.641,batt,1
9594952137811,3768.641,batt,1
9595002164813,3768.641,batt,1
9595052143952,3768.641,batt,1
9595102177777,3768.641,batt,1
9595152109678,2403.215,batt,1
9595202147878,2403.215,batt,1
9595252156547,2403.215,batt,1
9595302168914,2403.215,batt,1
9595352177271,2403.215,batt,1
9595402185367,2819.014,batt,1
9595452152319,2819.014,batt,1
9595502101771,2819.014,batt,1
9595552143200,2819.014,batt,1
9595602163379,2819.014,batt,1
9595652057521,3888.781,batt,1
9595702166343,3888.781,batt,1
9595752151055,3888.781,batt,1
9595802158735,3888.781,batt,1
9595852123343,3888.781,batt,1
9595902181802,3547.300,batt,1
9595952184014,3547.300,batt,1
9596002097686,3547.300,batt,1
9596052151770,3547.300,batt,1
9596102196480,3547.300,batt,1
9596152146974,3193.384,batt,1
9596202168091,3193.384,batt,1
9596252090617,3193.384,batt,1
9596302144024,3193.384,batt,1
9596352249201,3193.384,batt,1
9596402165009,3726.901,batt,1
9596452166751,3726.901,batt,1
9596502110422,3726.901,batt,1
9596552128310,3726.901,batt,1
9596602151979,3726.901,batt,1
9596652179346,3378.758,batt,1
9596702132912,3378.758,batt,1
9596752110229,3378.758,batt,1
9596802124262,3378.758,batt,1
9596852111890,3378.758,batt,1
9596902205974,3299.137,batt,1
9596952142145,3299.137,batt,1
9597002121024,3299.137,batt,1
9597052111725,3299.137,batt,1
9597102137321,3299.137,batt,1
9597152188124,4185.855,batt,1
9597202186013,4185.855,batt,1
9597252135309,4185.855,batt,1
9597302116427,4185.855,batt,1
9597352208271,4185.855,batt,1
9597402149807,4122.639,batt,1
9597452168059,4122.639,batt,1
9597502142250,4122.639,batt,1
9597552101077,4122.639,batt,1
9597602157818,4122.639,batt,1
9597652179976,3971.735,batt,1
9597702084794,3971.735,batt,1
9597752137733,3971.735,batt,1
9597802184579,3971.735,batt,1
9597852129187,3971.735,batt,1
9597902089941,3834.165,batt,1
9597952160119,3834.165,batt,1
9598002107540,3834.165,batt,1
9598052191624,3834.165,batt,1
9598102143680,3834.165,batt,1
9598152090633,3671.610,batt,1
9598202149457,3671.610,batt,1
9598252126408,3671.610,batt,1
9598302122526,3671.610,batt,1
9598352154007,3671.610,batt,1
9598402167312,4426.867,batt,1
9598452130566,4426.867,batt,1
9598502128298,4426.867,batt,1
9598552185195,4426.867,batt,1
9598602147459,4426.867,batt,1
9598652159201,3837.295,batt,1
9598702145267,3837.295,batt,1
9598752109406,3837.295,batt,1
9598802201146,3837.295,batt,1
9598852195233,3837.295,batt,1
9598902114113,3487.599,batt,1
9598952175906,3487.599,batt,1
9599002212543,3487.599,batt,1
9599052150329,3487.599,batt,1
9599102189518,3487.599,batt,1
9599152146210,4257.585,batt,1
9599202190191,4257.585,batt,1
9599252117664,4257.585,batt,1
9599302113365,4257.585,batt,1
9599352140836,3807.598,batt,1
9599402117840,3805.951,batt,1
9599452120415,3805.951,batt,1
9599502099450,3805.951,batt,1
9599552152076,3805.951,batt,1
9599602160173,3703.042,batt,1
9599652181810,3703.042,batt,1
9599702126523,3703.042,batt,1
9599752133005,3703.042,batt,1
9599802075374,3703.042,batt,1
9599852128678,3793.552,batt,1
9599902166148,3793.552,batt,1
9599952103518,3793.552,batt,1
9600002196143,3793.552,batt,1
9600052180854,3793.552,batt,1
9600102232960,2680.096,batt,1
9600152128716,2680.096,batt,1
9600202082855,2680.096,batt,1
9600252134857,2680.096,batt,1
9600302138578,2680.096,batt,1
9600352150685,2749.139,batt,1
9600402165969,2749.139,batt,1
9600452149326,2749.139,batt,1
9600502148569,2749.139,batt,1
9600552127812,2749.139,batt,1
9600602124502,4114.085,batt,1
9600652143171,4114.085,batt,1
9600702164340,4114.085,batt,1
9600752156760,4114.085,batt,1
9600802151211,4114.085,batt,1
9600852174203,4300.028,batt,1
9600902111937,4300.028,batt,1
9600952159042,4300.028,batt,1
9601002194898,4300.028,batt,1
9601052168933,4300.028,batt,1
9601102205154,3739.963,batt,1
9601152159971,3739.963,batt,1
9601202150359,3739.963,batt,1
9601252124082,3739.963,batt,1
9601302155875,3739.963,batt,1
9601352191367,3752.425,batt,1
9601402083893,3752.425,batt,1
9601452195476,3752.425,batt,1
9601502176959,3752.425,batt,1
9601552127297,3752.425,batt,1
9601602216328,4335.439,batt,1
9601652098803,4335.439,batt,1
9601702157992,4335.439,batt,1
9601752116975,4335.439,batt,1
9601802141269,4335.439,batt,1
9601852139418,4050.871,batt,1
9601902200117,4050.871,batt,1
9601952143215,4050.871,batt,1
9602002110844,4050.871,batt,1
9602052108316,4050.871,batt,1
9602102272085,3813.930,batt,1
9602152112373,3813.930,batt,1
9602202164375,3813.930,batt,1
9602252166378,3813.930,batt,1
9602302124788,3813.930,batt,1
9602352155488,3854.009,batt,1
9602402129627,3854.009,batt,1
9602452135015,3854.009,batt,1
9602502128581,3854.009,batt,1
9602552117355,3854.009,batt,1
9602602220240,3076.103,batt,1
9602652104955,3076.103,batt,1
9602702184038,3076.103,batt,1
9602752182500,3076.103,batt,1
9602802151066,3076.103,batt,1
9602852187443,3848.394,batt,1
9602902102000,3848.394,batt,1
9602952145773,3848.394,batt,1
9603002152307,3848.394,batt,1
9603052204048,3848.394,batt,1
9603102084439,3760.677,batt,1
9603152135191,3760.677,batt,1
9603202147454,3760.677,batt,1
9603252098312,3760.677,batt,1
9603302116044,3760.677,batt,1
9603352112266,3675.144,batt,1
9603402156715,3675.144,batt,1
9603452226372,3675.144,batt,1
9603502260822,3675.144,batt,1
9603552156578,3675.144,batt,1
9603602121238,3571.124,batt,1
9603652208238,3571.124,batt,1
9603702181232,3571.124,batt,1
9603752141569,3571.124,batt,1
9603802166071,3571.124,batt,1
9603852120523,3729.569,batt,1
9603902077059,3729.569,batt,1
9603952152497,3729.569,batt,1
9604002116845,3729.569,batt,1
9604052210980,3729.569,batt,1
9604102127256,4169.977,batt,1
9604152129103,4169.977,batt,1
9604202162772,4169.977,batt,1
9604252249251,4169.977,batt,1
9604302139174,4169.977,batt,1
9604352224976,3710.266,batt,1
9604402139065,3710.266,batt,1
9604452197420,3710.266,batt,1
9604502130623,3710.266,batt,1
9604552135595,3710.266,batt,1
9604602089318,3563.654,batt,1
9604652158193,3563.654,batt,1
9604702146967,3563.654,batt,1
9604752163189,3563.654,batt,1
9604802135088,3563.654,batt,1
9604852172194,3677.080,batt,1
9604902117792,3677.080,batt,1
9604952124639,3677.080,batt,1
9605002230545,3677.080,batt,1
9605052189268,3677.080,batt,1
9605102118408,3464.170,batt,1
9605152148014,3464.170,batt,1
9605202143299,3464.170,batt,1
9605252138218,3464.170,batt,1
9605302105430,3464.170,batt,1
9605352177640,3652.189,batt,1
9605402093707,3652.189,batt,1
9605452091179,3652.189,batt,1
9605502112973,3652.189,batt,1
9605552158204,3652.189,batt,1
9605602155467,3780.652,batt,1
9605652117940,3780.652,batt,1
9605702110307,3780.652,batt,1
9605752286003,3780.652,batt,1
9605802103272,3698.266,batt,1
9605852182460,3698.266,batt,1
9605902153839,3698.266,batt,1
9605952185893,3698.266,batt,1
9606002181750,3698.266,batt,1
9606052169534,3873.797,batt,1
9606102086644,3873.797,batt,1
9606152264892,3873.797,batt,1
9606202171168,3873.797,batt,1
9606252164109,3873.797,batt,1
9606302167674,3946.895,batt,1
9606352200301,3946.895,batt,1
9606402135743,3946.895,batt,1
9606452104830,3946.895,batt,1
9606502192768,3946.895,batt,1
9606552134877,3243.289,batt,1
9606602099641,3243.289,batt,1
9606652108414,3243.289,batt,1
9606702180467,3243.289,batt,1
9606752145075,3243.289,batt,1
9606802091247,3402.572,batt,1
9606852081166,3402.572,batt,1
9606902114887,3402.572,batt,1
9606952139337,3402.572,batt,1
9607002121236,3402.572,batt,1
9607052134853,3888.445,batt,1
9607102128732,3888.445,batt,1
9607152138859,3888.445,batt,1
9607202105342,3888.445,batt,1
9607252313120,3888.445,batt,1
9607302126170,3791.179,batt,1
9607352149631,3791.179,batt,1
9607402187778,3791.179,batt,1
9607452219937,3791.179,batt,1
9607502111422,3791.179,batt,1
9607552180402,3923.908,batt,1
9607602155530,3923.908,batt,1
9607652164668,3923.908,batt,1
9607702122558,3923.908,batt,1
9607752069250,3923.908,batt,1
9607802099794,2718.337,batt,1
9607852143722,2718.337,batt,1
9607902236608,2718.337,batt,1
9607952136114,2718.337,batt,1
9608002089108,2718.337,batt,1
9608052168348,3112.764,batt,1
9608102121289,3112.764,batt,1
9608152131157,3112.764,batt,1
9608202141284,3112.764,batt,1
9608252132037,3112.764,batt,1
9608302156644,3682.209,batt,1
9608352177240,3682.209,batt,1
9608402094037,3682.209,batt,1
9608452222650,3682.209,batt,1
9608502137937,3682.209,batt,1
9608552163273,3930.826,batt,1
9608602147672,3930.826,batt,1
9608652169830,3930.826,batt,1
9608702150323,3930.826,batt,1
9608752152430,3930.826,batt,1
9608802379583,3752.454,batt,1
9608852137999,3752.454,batt,1
9608902197917,3752.454,batt,1
9608952198305,3752.454,batt,1
9609002204006,3752.454,batt,1
9609052133563,3926.736,batt,1
9609102105879,3926.736,batt,1
9609152143297,3926.736,batt,1
9609202142175,3926.736,batt,1
9609252152199,3926.736,batt,1
9609302116234,3683.085,batt,1
9609352115945,3683.085,batt,1
9609402213987,3683.085,batt,1
9609452116617,3683.085,batt,1
9609502205805,3683.085,batt,1
9609552131821,3988.383,batt,1
9609602145646,3988.383,batt,1
9609652101400,3988.383,batt,1
9609702288294,3988.383,batt,1
9609752101969,3988.383,batt,1
9609802145949,3781.743,batt,1
9609852145244,3781.743,batt,1
9609902119852,3781.743,batt,1
9609952150552,3781.743,batt,1
9610002162971,3781.743,batt,1
9610052126746,3866.383,batt,1
9610102159789,3866.383,batt,1
9610152147001,3866.383,batt,1
9610202172128,3866.383,batt,1
9610252120434,3866.383,batt,1
9610302109000,3772.351,batt,1
9610352179386,3772.351,batt,1
9610402151911,3772.351,batt,1
9610452201673,3772.351,batt,1
9610502144459,3772.351,batt,1
9610552108806,3152.559,batt,1
9610602212056,3152.559,batt,1
9610652138488,3152.559,batt,1
9610702225489,3152.559,batt,1
9610752085516,3152.559,batt,1
9610802141268,2677.958,batt,1
9610852120615,2677.958,batt,1
9610902152304,2677.958,batt,1
9610952164932,2677.958,batt,1
9611002150946,2677.958,batt,1
9611052204822,3281.426,batt,1
9611102178857,3281.426,batt,1
9611152095133,3281.426,batt,1
9611202252965,3281.426,batt,1
9611252136169,3281.426,batt,1
9611302180722,3809.243,batt,1
9611352090853,3809.243,batt,1
9611402173947,3809.243,batt,1
9611452191002,3809.243,batt,1
9611502129256,3809.243,batt,1
9611552190216,3672.660,batt,1
9611602107742,3672.660,batt,1
9611652268126,3672.660,batt,1
9611702093988,3672.660,batt,1
9611752159061,3672.660,batt,1
9611802364183,3865.763,batt,1
9611852163380,3865.763,batt,1
9611902135748,3865.763,batt,1
9611952171344,3865.763,batt,1
9612002168763,3582.288,batt,1
9612052137538,3582.288,batt,1
9612102163967,3582.288,batt,1
9612152128575,3582.288,batt,1
9612202148911,3582.288,batt,1
9612252223724,3541.549,batt,1
9612302139583,3541.549,batt,1
9612352164450,3541.549,batt,1
9612402189265,3541.549,batt,1
9612452159498,3541.549,batt,1
9612502138532,4147.478,batt,1
9612552138140,4147.478,batt,1
9612602200089,4147.478,batt,1
9612652147666,4147.478,batt,1
9612702189147,4147.478,batt,1
9612752103340,3314.415,batt,1
9612802106957,3314.415,batt,1
9612852156875,3314.415,batt,1
9612902152680,3314.415,batt,1
9612952126142,3314.415,batt,1
9613002142467,3822.114,batt,1
9613052164626,3822.114,batt,1
9613102170691,3822.114,batt,1
9613152145143,3822.114,batt,1
9613202128084,3822.114,batt,1
9613252093056,3893.530,batt,1
9613302206045,3893.530,batt,1
9613352200809,3893.530,batt,1
9613402184896,3893.530,batt,1
9613452158878,3893.530,batt,1
9613502292596,3857.232,batt,1
9613552157884,3857.232,batt,1
9613602108118,3857.232,batt,1
9613652151890,3857.232,batt,1
9613702150664,3857.232,batt,1
9613752197405,3377.351,batt,1
9613802174721,3377.351,batt,1
9613852167974,3377.351,batt,1
9613902169456,3377.351,batt,1
9613952209218,3377.351,batt,1
9614002170858,3770.934,batt,1
9614052187912,3770.934,batt,1
9614102108980,3770.934,batt,1
9614152150200,3770.934,batt,1
9614202123298,3770.934,batt,1
9614252145300,3516.949,batt,1
9614302137043,3516.949,batt,1
9614352103890,3516.949,batt,1
9614402163339,3516.949,batt,1
9614452152582,3516.949,batt,1
9614502158647,4040.981,batt,1
9614552138515,4040.981,batt,1
9614602116248,4040.981,batt,1
9614652225539,4040.981,batt,1
9614702174210,4040.981,batt,1
9614752138610,4061.480,batt,1
9614802140717,4061.480,batt,1
9614852105586,4061.480,batt,1
9614902172587,4061.480,batt,1
9614952162506,4061.480,batt,1
9615002212008,3650.061,batt,1
9615052118545,3650.061,batt,1
9615102166640,3650.061,batt,1
9615152167862,3650.061,batt,1
9615202188145,3650.061,batt,1
9615252296551,3185.528,batt,1
9615302089393,3185.528,batt,1
9615352170613,3185.528,batt,1
9615402142773,3185.528,batt,1
9615452133786,3185.528,batt,1
9615502092926,4027.915,batt,1
9615552147948,4027.915,batt,1
9615602173023,4027.915,batt,1
9615652151901,4027.915,batt,1
9615702149425,4027.915,batt,1
9615752092784,3805.630,batt,1
9615802165201,3805.630,batt,1
9615852165173,3805.630,batt,1
9615902139364,3805.630,batt,1
9615952157200,3805.630,batt,1
9616002122016,3676.025,batt,1
9616052158914,3676.025,batt,1
9616102190551,3676.025,batt,1
9616152178388,3676.025,batt,1
9616202195078,3676.025,batt,1
9616252157811,3433.250,batt,1
9616302146220,3433.250,batt,1
9616352162546,3433.250,batt,1
9616402085384,3433.250,batt,1
9616452190040,3433.250,batt,1
9616502158659,3476.212,batt,1
9616552172901,3476.212,batt,1
9616602143186,3476.212,batt,1
9616652186958,3476.212,batt,1
9616702214846,3476.212,batt,1
9616752137996,3649.569,batt,1
9616802192498,3649.569,batt,1
9616852128200,3649.569,batt,1
9616902132443,3649.569,batt,1
9616952092103,3649.569,batt,1
9617002145407,2425.839,batt,1
9617052264489,2425.839,batt,1
9617102178630,2425.839,batt,1
9617152170477,2425.839,batt,1
9617202147637,2425.839,batt,1
9617252162973,3008.581,batt,1
9617302082582,3008.581,batt,1
9617352161822,3008.581,batt,1
9617402171741,3008.581,batt,1
9617452109423,3008.581,batt,1
9617502185278,3826.326,batt,1
9617552172437,3826.326,batt,1
9617602142462,3826.326,batt,1
9617652150298,3826.326,batt,1
9617702171884,3826.326,batt,1
9617752168053,3942.990,batt,1
9617802131411,3942.990,batt,1
9617852153935,3942.990,batt,1
9617902164323,3942.990,batt,1
9617952160648,3942.990,batt,1
9618002090726,3787.743,batt,1
9618052125853,3787.743,batt,1
9618102099836,3787.743,batt,1
9618152130067,3787.743,batt,1
9618202093998,2050.729,batt,1
9618252102928,2050.729,batt,1
9618302074098,2050.729,batt,1
9618352069382,2050.729,batt,1
9618402066438,2050.729,batt,1
9618452062191,1726.168,batt,1
9618502112421,1726.168,batt,1
