t_mono_ns,power_mW,src,valid
7644335609469,1668.226,batt,1
7644385631021,1668.226,batt,1
7644435619032,1668.226,batt,1
7644485667146,1668.226,batt,1
7644535648959,1668.226,batt,1
7644585702281,1545.232,batt,1
7644635604513,1545.232,batt,1
7644685604711,1545.232,batt,1
7644735599389,1545.232,batt,1
7644785595056,1545.232,batt,1
7644835725250,866.838,batt,1
7644885683887,866.838,batt,1
7644935662888,866.838,batt,1
7644985657357,866.838,batt,1
7645035629692,866.838,batt,1
7645085627130,1242.027,batt,1
7645136382098,1242.027,batt,1
7645185627995,1242.027,batt,1
7645235619027,1242.027,batt,1
7645285623808,1242.027,batt,1
7645335817230,1189.280,batt,1
7645385595820,1189.280,batt,1
7645435627996,1189.280,batt,1
7645485639809,1189.280,batt,1
7645535628341,1189.280,batt,1
7645585626352,595.369,batt,1
7645635639622,595.369,batt,1
7645685641852,595.369,batt,1
7645735632467,595.369,batt,1
7645785663550,595.369,batt,1
7645835624843,628.361,batt,1
7645885626968,628.361,batt,1
7645935625864,628.361,batt,1
7645985642051,628.361,batt,1
7646035641937,628.361,batt,1
7646085666041,613.659,batt,1
7646135637125,613.659,batt,1
7646185641178,613.659,batt,1
7646235641480,613.659,batt,1
7646285624804,613.659,batt,1
7646335628648,690.605,batt,1
7646385634054,690.605,batt,1
7646435642169,690.605,batt,1
7646485664502,690.605,batt,1
7646535649440,690.605,batt,1
7646585631305,651.596,batt,1
7646635625097,651.596,batt,1
7646685627171,651.596,batt,1
7646735627942,651.596,batt,1
7646785626942,651.596,batt,1
7646835629536,619.747,batt,1
7646885628953,619.747,batt,1
7646935625870,619.747,batt,1
7646985629349,619.747,batt,1
7647035630850,619.747,batt,1
7647085675265,669.899,batt,1
7647135623903,669.899,batt,1
7647185656912,669.899,batt,1
7647235629872,669.899,batt,1
7647285657257,669.899,batt,1
7647335648393,707.862,batt,1
7647385682704,707.862,batt,1
7647435789879,707.862,batt,1
7647485626957,707.862,batt,1
7647535656008,707.862,batt,1
7647585662352,2019.201,batt,1
7647635659269,2019.201,batt,1
7647685693321,2019.201,batt,1
7647735659978,2019.201,batt,1
7647785658822,2019.201,batt,1
7647835688342,2832.272,batt,1
7647885629740,2832.272,batt,1
7647935634313,2832.272,batt,1
7647985677583,2832.272,batt,1
7648035698093,2832.272,batt,1
7648085685688,4956.145,batt,1
7648135925306,4956.145,batt,1
7648185775509,4956.145,batt,1
7648235713469,4956.145,batt,1
7648285679970,4956.145,batt,1
7648335729282,5574.618,batt,1
7648385673440,5574.618,batt,1
7648435655410,5574.618,batt,1
7648485940183,5574.618,batt,1
7648535759865,5574.618,batt,1
7648585693920,6234.180,batt,1
7648635692868,6234.180,batt,1
7648685745877,6234.180,batt,1
7648735651599,6234.180,batt,1
7648785659453,6234.180,batt,1
7648835892509,6735.695,batt,1
7648885783127,6735.695,batt,1
7648935652079,6735.695,batt,1
7648985713213,6735.695,batt,1
7649035761431,5476.120,batt,1
7649085799389,5476.120,batt,1
7649135672663,5476.120,batt,1
7649185749630,5476.120,batt,1
7649235722798,5476.120,batt,1
7649285715444,6965.815,batt,1
7649335740433,6965.815,batt,1
7649385673915,6965.815,batt,1
7649435716612,6965.815,batt,1
7649485805557,6965.815,batt,1
7649535639510,6282.267,batt,1
7649585705957,6282.267,batt,1
7649635681104,6282.267,batt,1
7649685644376,6282.267,batt,1
7649735703478,6282.267,batt,1
7649785670761,5861.949,batt,1
7649835662522,5861.949,batt,1
7649885837246,5861.949,batt,1
7649935815414,5861.949,batt,1
7649985663898,5861.949,batt,1
7650035692793,6086.448,batt,1
7650085840331,6086.448,batt,1
7650135936203,6086.448,batt,1
7650185641879,6086.448,batt,1
7650235716137,6086.448,batt,1
7650285856592,5403.776,batt,1
7650335750908,5403.776,batt,1
7650385707878,5403.776,batt,1
7650435692608,5403.776,batt,1
7650485921133,5403.776,batt,1
7650535734670,6180.223,batt,1
7650585728722,6180.223,batt,1
7650635669495,6180.223,batt,1
7650685730265,6180.223,batt,1
7650735672496,6180.223,batt,1
7650785608477,5968.858,batt,1
7650835898146,5968.858,batt,1
7650885692309,5968.858,batt,1
7650935723964,5968.858,batt,1
7650985720361,5968.858,batt,1
7651035669571,5033.752,batt,1
7651085745235,5033.752,batt,1
7651135682675,5033.752,batt,1
7651185930158,5033.752,batt,1
7651235703800,5033.752,batt,1
7651285708061,4758.537,batt,1
7651335768674,4758.537,batt,1
7651385726894,4758.537,batt,1
7651435676364,4758.537,batt,1
7651485683177,4758.537,batt,1
7651535690146,4566.892,batt,1
7651585673470,4566.892,batt,1
7651635833976,4566.892,batt,1
7651686001930,4566.892,batt,1
7651735677241,4566.892,batt,1
7651785762541,5466.957,batt,1
7651835702845,5466.957,batt,1
7651885589818,5466.957,batt,1
7651935678555,5466.957,batt,1
7651985652816,5466.957,batt,1
7652035697649,5007.417,batt,1
7652085912216,5007.417,batt,1
7652135723774,5007.417,batt,1
7652185700379,5007.417,batt,1
7652235657870,5007.417,batt,1
7652285698119,3703.376,batt,1
7652335694359,3703.376,batt,1
7652385799710,3703.376,batt,1
7652435818189,3703.376,batt,1
7652485656465,3703.376,batt,1
7652535709891,5224.447,batt,1
7652585692538,5224.447,batt,1
7652635629040,5224.447,batt,1
7652685686320,5224.447,batt,1
7652735648081,5224.447,batt,1
7652785702341,5330.617,batt,1
7652835920606,5330.617,batt,1
7652885716851,5330.617,batt,1
7652935666113,5330.617,batt,1
7652985686311,5330.617,batt,1
7653035676145,4872.082,batt,1
7653085947533,4872.082,batt,1
7653135769403,4872.082,batt,1
7653185700124,4872.082,batt,1
7653235757873,4872.082,batt,1
7653285706614,5530.873,batt,1
7653335716760,5530.873,batt,1
7653385644669,5530.873,batt,1
7653435643461,5530.873,batt,1
7653485703241,5530.873,batt,1
7653535853799,5921.946,batt,1
7653585770719,5921.946,batt,1
7653635657951,5921.946,batt,1
7653685652368,5921.946,batt,1
7653735861206,5921.946,batt,1
7653785702763,4418.297,batt,1
7653835740617,4418.297,batt,1
7653885795709,4418.297,batt,1
7653935652526,4418.297,batt,1
7653985706785,4418.297,batt,1
7654035864948,4085.494,batt,1
7654085662756,4085.494,batt,1
7654135704515,4085.494,batt,1
7654185695964,4085.494,batt,1
7654235723974,4085.494,batt,1
7654285651882,3901.812,batt,1
7654335688330,3901.812,batt,1
7654385735870,3901.812,batt,1
7654435704871,3901.812,batt,1
7654485663092,3901.812,batt,1
7654535717715,3643.156,batt,1
7654585781297,3643.156,batt,1
7654635689258,3643.156,batt,1
7654685861483,3643.156,batt,1
7654735667155,3643.156,batt,1
7654785718081,3088.623,batt,1
7654835698853,3088.623,batt,1
7654885652021,3088.623,batt,1
7654935675917,3088.623,batt,1
7654985726582,3088.623,batt,1
7655035696573,2860.693,batt,1
7655085683803,2860.693,batt,1
7655135700199,2860.693,batt,1
7655185799769,2860.693,batt,1
7655235692418,3633.056,batt,1
7655285649336,3649.199,batt,1
7655335690315,3649.199,batt,1
7655385684680,3649.199,batt,1
7655435655504,3649.199,batt,1
7655485646640,3719.918,batt,1
7655535659025,3719.918,batt,1
7655585709847,3719.918,batt,1
7655635652963,3719.918,batt,1
7655685760034,3719.918,batt,1
7655735657474,3321.016,batt,1
7655785760482,3321.016,batt,1
7655835637559,3321.016,batt,1
7655885722911,3321.016,batt,1
7655935680402,3321.016,batt,1
7655985650288,3695.609,batt,1
7656035685642,3695.609,batt,1
7656085696986,3695.609,batt,1
7656135725725,3695.609,batt,1
7656185706496,3695.609,batt,1
7656235747579,3467.371,batt,1
7656285702778,3467.371,batt,1
7656335730684,3467.371,batt,1
7656385686821,3467.371,batt,1
7656435681603,3467.371,batt,1
7656485711540,3970.972,batt,1
7656535646115,3970.972,batt,1
7656585695322,3970.972,batt,1
7656635713541,3970.972,batt,1
7656685680042,3970.972,batt,1
7656735722895,3298.222,batt,1
7656785724864,3298.222,batt,1
7656835711573,3298.222,batt,1
7656885697918,3298.222,batt,1
7656935700772,3298.222,batt,1
7656985656492,3795.111,batt,1
7657035838769,3795.111,batt,1
7657085653139,3795.111,batt,1
7657135724377,3795.111,batt,1
7657185659785,3795.111,batt,1
7657235697795,3807.552,batt,1
7657285676066,3807.552,batt,1
7657335704597,3807.552,batt,1
7657385700056,3807.552,batt,1
7657435704317,3807.552,batt,1
7657485667953,3589.674,batt,1
7657535674037,3589.674,batt,1
7657585697307,3589.674,batt,1
7657635667662,3589.674,batt,1
7657685660934,3589.674,batt,1
7657735701443,3437.293,batt,1
7657785706589,3437.293,batt,1
7657835700746,3437.293,batt,1
7657885742662,3437.293,batt,1
7657935650050,3437.293,batt,1
7657985725455,3344.983,batt,1
7658035661957,3344.983,batt,1
7658085713403,3344.983,batt,1
7658135662561,3344.983,batt,1
7658185747445,3344.983,batt,1
7658235675822,3731.945,batt,1
7658285643313,3731.945,batt,1
7658335637834,3731.945,batt,1
7658385680167,3731.945,batt,1
7658435671094,3731.945,batt,1
7658485671761,3497.365,batt,1
7658535756801,3497.365,batt,1
7658585752260,3497.365,batt,1
7658635700584,3497.365,batt,1
7658685669065,3497.365,batt,1
7658735669107,3856.921,batt,1
7658785874924,3856.921,batt,1
7658835668826,3856.921,batt,1
7658885658920,3856.921,batt,1
7658935682712,3856.921,batt,1
7658985701763,3398.680,batt,1
7659035652119,3398.680,batt,1
7659085647057,3398.680,batt,1
7659135676109,3398.680,batt,1
7659185641256,3398.680,batt,1
7659235698848,3651.486,batt,1
7659285750503,3651.486,batt,1
7659335718880,3651.486,batt,1
7659385737723,3651.486,batt,1
7659435680319,3651.486,batt,1
7659485742807,4137.473,batt,1
7659535679830,4137.473,batt,1
7659585714038,4137.473,batt,1
7659635681216,4137.473,batt,1
7659685762558,4137.473,batt,1
7659735665884,3606.677,batt,1
7659785967479,3606.677,batt,1
7659835639927,3606.677,batt,1
7659885781162,3606.677,batt,1
7659935719331,3606.677,batt,1
7659985728956,3403.382,batt,1
7660035709624,3403.382,batt,1
7660085668417,3403.382,batt,1
7660135689969,3403.382,batt,1
7660185711156,3403.382,batt,1
7660235696146,3411.773,batt,1
7660285705771,3411.773,batt,1
7660335653992,3411.773,batt,1
7660385737208,3411.773,batt,1
7660435715168,3411.773,batt,1
7660485632712,3588.467,batt,1
7660535669211,3588.467,batt,1
7660585668680,3588.467,batt,1
7660635742366,3588.467,batt,1
7660685701107,3588.467,batt,1
7660735654588,3760.532,batt,1
7660785701556,3760.532,batt,1
7660835681650,3760.532,batt,1
7660885674609,3760.532,batt,1
7660935665901,3760.532,batt,1
7660985700005,3584.560,batt,1
7661035687495,3584.560,batt,1
7661085716546,3584.560,batt,1
7661135680027,3584.560,batt,1
7661185677152,3584.560,batt,1
7661235745682,3840.847,batt,1
7661285724943,3840.847,batt,1
7661335625092,3840.847,batt,1
7661385690445,3840.847,batt,1
7661435675800,3840.847,batt,1
7661485726361,3542.919,batt,1
7661535705883,3542.919,batt,1
7661585731184,3542.919,batt,1
7661635679145,3542.919,batt,1
7661685684968,3611.619,batt,1
7661735679437,3611.619,batt,1
7661785678854,3611.619,batt,1
7661835717436,3611.619,batt,1
7661885656490,3611.619,batt,1
7661935658459,3636.693,batt,1
7661985672668,3636.693,batt,1
7662035732135,3636.693,batt,1
7662085678741,3636.693,batt,1
7662135724146,3636.693,batt,1
7662185647003,3301.240,batt,1
7662235655066,3301.240,batt,1
7662285730574,3301.240,batt,1
7662335667597,3301.240,batt,1
7662385632848,3301.240,batt,1
7662435745335,3470.575,batt,1
7662485669806,3470.575,batt,1
7662535674536,3470.575,batt,1
7662585641349,3470.575,batt,1
7662635737482,3470.575,batt,1
7662685716431,3196.000,batt,1
7662735653246,3196.000,batt,1
7662785670943,3196.000,batt,1
7662835668485,3196.000,batt,1
7662885733630,3196.000,batt,1
7662935711068,3475.416,batt,1
7662985716058,3475.416,batt,1
7663035678913,3475.416,batt,1
7663085684997,3475.416,batt,1
7663135644832,3475.416,batt,1
7663185733777,3731.649,batt,1
7663235662363,3731.649,batt,1
7663285664592,3731.649,batt,1
7663335685728,3731.649,batt,1
7663385662854,3731.649,batt,1
7663435653469,3500.956,batt,1
7663485725123,3500.956,batt,1
7663535638136,3500.956,batt,1
7663585738123,3500.956,batt,1
7663635724832,3500.956,batt,1
7663685782217,3245.652,batt,1
7663735690126,3245.652,batt,1
7663785655950,3245.652,batt,1
7663835686095,3245.652,batt,1
7663885748896,3245.652,batt,1
7663935656440,3690.510,batt,1
7663985729032,3690.510,batt,1
7664035652566,3690.510,batt,1
7664085646358,3690.510,batt,1
7664135700722,3690.510,batt,1
7664185688472,3812.360,batt,1
7664235671327,3812.360,batt,1
7664285664182,3812.360,batt,1
7664335652766,3812.360,batt,1
7664385649527,3812.360,batt,1
7664435651079,3659.084,batt,1
7664485699192,3659.084,batt,1
7664535750431,3659.084,batt,1
7664585668236,3659.084,batt,1
7664635743380,3659.084,batt,1
7664685664153,3563.544,batt,1
7664735668934,3563.544,batt,1
7664785708819,3563.544,batt,1
7664835727090,3563.544,batt,1
7664885661404,3563.544,batt,1
7664935698268,3639.468,batt,1
7664985681071,3639.468,batt,1
7665035677311,3639.468,batt,1
7665085704279,3639.468,batt,1
7665135652916,3639.468,batt,1
7665185646240,3468.840,batt,1
7665235726280,3468.840,batt,1
7665285654605,3468.840,batt,1
7665335693291,3468.840,batt,1
7665385695156,3468.840,batt,1
7665435656606,3374.666,batt,1
7665485713886,3374.666,batt,1
7665535680231,3374.666,batt,1
7665585667304,3374.666,batt,1
7665635656409,3374.666,batt,1
7665685685721,3496.017,batt,1
7665735706491,3496.017,batt,1
7665785714867,3496.017,batt,1
7665835763970,3496.017,batt,1
7665885688180,3496.017,batt,1
7665935701295,3628.373,batt,1
7665985693264,3628.373,batt,1
7666035654870,3628.373,batt,1
7666085644652,3628.373,batt,1
7666135784898,3628.373,batt,1
7666185640152,3595.905,batt,1
7666235706755,3595.905,batt,1
7666285699349,3595.905,batt,1
7666335751421,3595.905,batt,1
7666385657351,3595.905,batt,1
7666435657497,3581.427,batt,1
7666485686340,3581.427,batt,1
7666535669924,3581.427,batt,1
7666585743870,3581.427,batt,1
7666635740996,3581.427,batt,1
7666685664009,3318.437,batt,1
7666735712851,3318.437,batt,1
7666785656697,3318.437,batt,1
7666835716321,3318.437,batt,1
7666885675218,3318.437,batt,1
7666935682343,3954.897,batt,1
7666985673635,3954.897,batt,1
7667035647897,3954.897,batt,1
7667085684604,3954.897,batt,1
7667135672615,3954.897,batt,1
7667185758072,3810.571,batt,1
7667235676710,3810.571,batt,1
7667285703730,3810.571,batt,1
7667335681741,3810.571,batt,1
7667385731990,3810.571,batt,1
7667435680940,3392.034,batt,1
7667485735043,3392.034,batt,1
7667535694878,3392.034,batt,1
7667585684034,3392.034,batt,1
7667635656942,3392.034,batt,1
7667685649067,3524.695,batt,1
7667735675879,3524.695,batt,1
7667785679202,3524.695,batt,1
7667835703358,3524.695,batt,1
7667885700900,3362.968,batt,1
7667935735733,3362.806,batt,1
7667985678068,3362.806,batt,1
7668035694360,3362.806,batt,1
7668085717839,3362.806,batt,1
7668135694600,3815.606,batt,1
7668185670632,3815.606,batt,1
7668235756765,3815.606,batt,1
7668285675976,3815.606,batt,1
7668335685393,3815.606,batt,1
7668385696581,3569.003,batt,1
7668435682248,3569.003,batt,1
7668485652030,3569.003,batt,1
7668535677645,3569.003,batt,1
7668585674978,3569.003,batt,1
7668635659552,3422.308,batt,1
7668685684749,3422.308,batt,1
7668735667604,3422.308,batt,1
7668785661605,3422.308,batt,1
7668835665761,3422.308,batt,1
7668885677834,3427.249,batt,1
7668935655950,3427.249,batt,1
7668985922911,3427.249,batt,1
7669035720563,3427.249,batt,1
7669085694772,3427.249,batt,1
7669135713980,3697.225,batt,1
7669185683034,3697.225,batt,1
7669235813905,3697.225,batt,1
7669285707492,3697.225,batt,1
7669335625870,3697.225,batt,1
7669385667056,3674.258,batt,1
7669435673660,3674.258,batt,1
7669485669119,3674.258,batt,1
7669535782543,3674.258,batt,1
7669585661287,3674.258,batt,1
7669635689922,3490.176,batt,1
7669685609445,3490.176,batt,1
7669735707193,3490.176,batt,1
7669785771712,3490.176,batt,1
7669835646497,3490.176,batt,1
7669885680705,3599.094,batt,1
7669935743557,3599.094,batt,1
7669985730110,3599.094,batt,1
7670035674164,3599.094,batt,1
7670085738163,3599.094,batt,1
7670135679352,3707.631,batt,1
7670185648353,3707.631,batt,1
7670235727195,3707.631,batt,1
7670285693540,3707.631,batt,1
7670335827537,3707.631,batt,1
7670385637115,3659.939,batt,1
7670435690124,3659.939,batt,1
7670485779799,3659.939,batt,1
7670535652032,3659.939,batt,1
7670585695615,3659.939,batt,1
7670635728989,4169.805,batt,1
7670685698511,4169.805,batt,1
7670735679908,4169.805,batt,1
7670785654117,4169.805,batt,1
7670835655253,4169.805,batt,1
7670885651857,3403.294,batt,1
7670935661743,3403.294,batt,1
7670985746314,3403.294,batt,1
7671035668441,3403.294,batt,1
7671085730721,3403.294,batt,1
7671135663942,3342.517,batt,1
7671185652474,3342.517,batt,1
7671235706889,3342.517,batt,1
7671285713702,3342.517,batt,1
7671335664110,3342.517,batt,1
7671385659516,3777.600,batt,1
7671435719036,3777.600,batt,1
7671485703453,3777.600,batt,1
7671535698964,3777.600,batt,1
7671585753432,3777.600,batt,1
7671635634987,3737.380,batt,1
7671685662476,3737.380,batt,1
7671735689288,3737.380,batt,1
7671785672352,3737.380,batt,1
7671835667811,3737.380,batt,1
7671885673425,3555.615,batt,1
7671935674717,3555.615,batt,1
7671985685332,3555.615,batt,1
7672035687405,3555.615,batt,1
7672085724477,3555.615,batt,1
7672135640511,3541.640,batt,1
7672185651386,3541.640,batt,1
7672235664396,3541.640,batt,1
7672285670584,3541.640,batt,1
7672335669741,3541.640,batt,1
7672385694573,3482.658,batt,1
7672435704511,3482.658,batt,1
7672485712834,3482.658,batt,1
7672535731365,3482.658,batt,1
7672585655263,3482.658,batt,1
7672635697908,3688.523,batt,1
7672685673055,3688.523,batt,1
7672735660285,3688.523,batt,1
7672785820947,3688.523,batt,1
7672835655473,3688.523,batt,1
7672885698222,3685.213,batt,1
7672935627433,3685.213,batt,1
7672985698983,3685.213,batt,1
7673035697619,3685.213,batt,1
7673085664537,3685.213,batt,1
7673135692130,3524.261,batt,1
7673185711859,3524.261,batt,1
7673235682058,3524.261,batt,1
7673285697464,3524.261,batt,1
7673335686882,3524.261,batt,1
7673385657393,3821.612,batt,1
7673435713215,3821.612,batt,1
7673485682008,3821.612,batt,1
7673535656998,3821.612,batt,1
7673585656311,3821.612,batt,1
7673635717705,3196.617,batt,1
7673685657489,3196.617,batt,1
7673735664457,3196.617,batt,1
7673785749497,3196.617,batt,1
7673835694801,3555.495,batt,1
7673885701874,3562.688,batt,1
7673935642803,3562.688,batt,1
7673985670969,3562.688,batt,1
7674035657105,3562.688,batt,1
7674085755165,3562.688,batt,1
7674135696667,3376.873,batt,1
7674185740458,3376.873,batt,1
7674235733417,3376.873,batt,1
7674285669919,3376.873,batt,1
7674335675898,3587.922,batt,1
7674385691513,3587.922,batt,1
7674435682180,3587.922,batt,1
7674485670243,3587.922,batt,1
7674535650442,3587.922,batt,1
7674585748502,3758.871,batt,1
7674635689327,3758.871,batt,1
7674685640828,3758.871,batt,1
7674735710296,3758.871,batt,1
7674785745232,3758.871,batt,1
7674835696057,3551.186,batt,1
7674885775888,3551.186,batt,1
7674935691506,3551.186,batt,1
7674985724047,3551.186,batt,1
7675035662111,3551.186,batt,1
7675085713350,3281.298,batt,1
7675135671153,3281.298,batt,1
7675185862700,3281.298,batt,1
7675235640926,3281.298,batt,1
7675285717788,3281.298,batt,1
7675335690279,3850.685,batt,1
7675385757975,3850.685,batt,1
7675435671249,3850.685,batt,1
7675485694676,3850.685,batt,1
7675535682843,3850.685,batt,1
7675585691218,3576.797,batt,1
7675635699801,3576.797,batt,1
7675685652813,3576.797,batt,1
7675735705198,3576.797,batt,1
7675785658210,3576.797,batt,1
7675835773665,3336.669,batt,1
7675885674908,3336.669,batt,1
7675935695991,3336.669,batt,1
7675985670044,3336.669,batt,1
7676035669982,3336.669,batt,1
7676085690388,4020.649,batt,1
7676135725949,4020.649,batt,1
7676185749012,4020.649,batt,1
7676235656973,4020.649,batt,1
7676285706284,4020.649,batt,1
7676335682629,3187.217,batt,1
7676385690691,3187.217,batt,1
7676435652037,3187.217,batt,1
7676485723274,3187.217,batt,1
7676535656600,3187.217,batt,1
7676585731796,3600.869,batt,1
7676635673506,3600.869,batt,1
7676685680527,3600.869,batt,1
7676735684735,3600.869,batt,1
7676785681705,3600.869,batt,1
7676835688309,3879.244,batt,1
7676885803764,3879.244,batt,1
7676935641884,3879.244,batt,1
7676985679320,3879.244,batt,1
7677035707226,3879.244,batt,1
7677085710445,3716.801,batt,1
7677135638562,3716.801,batt,1
7677185656520,3716.801,batt,1
7677235674582,3716.801,batt,1
7677285726394,3716.801,batt,1
7677335670552,3488.438,batt,1
7677385727259,3488.438,batt,1
7677435640845,3488.438,batt,1
7677485670522,3488.438,batt,1
7677535698375,3488.438,batt,1
7677585660189,3508.763,batt,1
7677635668564,3508.763,batt,1
7677685690428,3508.763,batt,1
7677735632816,3508.763,batt,1
7677785626816,3508.763,batt,1
7677835702377,3422.473,batt,1
7677885720387,3422.473,batt,1
7677935673035,3422.473,batt,1
7677985733439,3422.473,batt,1
7678035659838,3422.473,batt,1
7678085671233,3699.882,batt,1
7678135714712,3699.882,batt,1
7678185663922,3699.882,batt,1
7678235711046,3699.882,batt,1
7678285669943,3699.882,batt,1
7678335729775,3772.878,batt,1
7678385684402,3772.878,batt,1
7678435698193,3772.878,batt,1
7678485667038,3772.878,batt,1
7678535737651,3772.878,batt,1
7678585678632,3400.004,batt,1
7678635737266,3400.004,batt,1
7678685649134,3400.004,batt,1
7678735660581,3400.004,batt,1
7678785663123,3400.004,batt,1
7678835713424,3550.288,batt,1
7678885774819,3550.288,batt,1
7678935727570,3550.288,batt,1
7678985664229,3550.288,batt,1
7679035656094,3550.288,batt,1
7679085674052,3219.435,batt,1
7679135708676,3219.435,batt,1
7679185663199,3219.435,batt,1
7679235672563,3219.435,batt,1
7679285675418,3219.435,batt,1
7679335743843,3557.196,batt,1
7679385654096,3557.196,batt,1
7679435678200,3557.196,batt,1
7679485700845,3557.196,batt,1
7679535745990,3557.196,batt,1
7679585672284,3840.792,batt,1
7679635707117,3840.792,batt,1
7679685692524,3840.792,batt,1
7679735668660,3840.792,batt,1
7679785740263,3840.792,batt,1
7679835693639,3496.068,batt,1
7679885764148,3496.068,batt,1
7679935649714,3496.068,batt,1
7679985668974,3496.068,batt,1
7680035651673,3496.068,batt,1
7680085698641,3641.767,batt,1
7680135661496,3641.767,batt,1
7680185683152,3641.767,batt,1
7680235676163,3641.767,batt,1
7680285670684,3641.767,batt,1
7680335711194,3568.453,batt,1
7680385720558,3568.453,batt,1
7680435709976,3568.453,batt,1
7680485709861,3568.453,batt,1
7680535745475,3479.793,batt,1
7680585716351,3479.793,batt,1
7680635714206,3479.793,batt,1
7680685693259,3479.793,batt,1
7680735729706,3479.793,batt,1
7680785672302,4106.080,batt,1
7680835646720,4106.080,batt,1
7680885754519,4106.080,batt,1
7680935688729,4106.080,batt,1
7680985643825,4106.080,batt,1
7681035722198,3692.804,batt,1
7681085688386,3692.804,batt,1
7681135651138,3692.804,batt,1
7681185765083,3692.804,batt,1
7681235721324,3692.804,batt,1
7681285726678,3725.271,batt,1
7681335686878,3725.271,batt,1
7681385753897,3725.271,batt,1
7681435688576,3725.271,batt,1
7681485713409,3725.271,batt,1
7681535728242,3716.801,batt,1
7681585738544,3716.801,batt,1
7681635696192,3716.801,batt,1
7681685667537,3716.801,batt,1
7681735773305,3716.801,batt,1
7681785682568,3420.086,batt,1
7681835636153,3420.086,batt,1
7681885652392,3420.086,batt,1
7681935695610,3420.086,batt,1
7681985670080,3420.086,batt,1
7682035662726,3689.275,batt,1
7682085647612,3689.275,batt,1
7682135650311,3689.275,batt,1
7682185737173,3689.275,batt,1
7682235660603,3689.275,batt,1
7682285633718,3622.210,batt,1
7682335689019,3622.210,batt,1
7682385739632,3622.210,batt,1
7682435626709,3622.210,batt,1
7682485695863,3622.210,batt,1
7682535686218,3516.342,batt,1
7682585670219,3516.342,batt,1
7682635687188,3516.342,batt,1
7682685724260,3516.342,batt,1
7682735696438,3516.342,batt,1
7682785668408,3568.832,batt,1
7682835684439,3568.832,batt,1
7682885654325,3568.832,batt,1
7682935713637,3568.832,batt,1
7682985743365,3568.832,batt,1
7683035664659,3460.800,batt,1
7683085747720,3460.800,batt,1
7683135686982,3460.800,batt,1
7683185659421,3460.800,batt,1
7683235655192,3460.800,batt,1
7683285787001,3473.782,batt,1
7683335657359,3473.782,batt,1
7683385677713,3473.782,batt,1
7683435697650,3473.782,batt,1
7683485757014,3473.782,batt,1
7683535650548,3386.235,batt,1
7683585664288,3386.235,batt,1
7683635660371,3386.235,batt,1
7683685700152,3386.235,batt,1
7683735704308,3386.235,batt,1
7683785685549,3436.136,batt,1
7683835663143,3436.136,batt,1
7683885701518,3436.136,batt,1
7683935680571,3436.136,batt,1
7683985675300,3436.136,batt,1
7684035779766,3145.165,batt,1
7684085685800,3145.165,batt,1
7684135628865,3145.165,batt,1
7684185743487,3145.165,batt,1
7684235674937,3145.165,batt,1
7684285699301,3658.549,batt,1
7684335651272,3658.549,batt,1
7684385695323,3658.549,batt,1
7684435658491,3658.549,batt,1
7684485652543,3658.549,batt,1
7684535693834,3271.817,batt,1
7684585661690,3271.817,batt,1
7684635674127,3271.817,batt,1
7684685661044,3271.817,batt,1
7684735674523,3271.817,batt,1
7684785680607,3379.437,batt,1
7684835744762,3379.437,batt,1
7684885730689,3379.437,batt,1
7684935688806,3379.437,batt,1
7684985687077,3379.437,batt,1
7685035633526,3527.819,batt,1
7685085915487,3527.819,batt,1
7685135644443,3527.819,batt,1
7685185676047,3527.819,batt,1
7685235696453,3527.819,batt,1
7685285662642,3550.333,batt,1
7685335665340,3550.333,batt,1
7685385662569,3550.333,batt,1
7685435683965,3550.333,batt,1
7685485704475,3550.333,batt,1
7685535672643,4049.372,batt,1
7685585667529,4049.372,batt,1
7685635673248,4049.372,batt,1
7685685720945,4049.372,batt,1
7685735678540,4049.372,batt,1
7685785667749,3470.074,batt,1
7685835711956,3470.074,batt,1
7685885716477,3470.074,batt,1
7685935667510,3470.074,batt,1
7685985671771,3470.074,batt,1
7686035659730,3422.310,batt,1
7686085752946,3422.310,batt,1
7686135735853,3422.310,batt,1
7686185687563,3422.310,batt,1
7686235666668,3422.310,batt,1
7686285676970,4138.466,batt,1
7686335680866,4138.466,batt,1
7686385666794,4138.466,batt,1
7686441390580,4138.466,batt,1
7686485621723,4138.466,batt,1
7686535703429,2334.029,batt,1
7686585660504,2334.029,batt,1
7686635636536,2334.029,batt,1
7686685656838,2334.029,batt,1
7686735771616,3555.039,batt,1
7686785684890,3581.367,batt,1
7686835700921,3581.367,batt,1
7686885726587,3581.367,batt,1
7686935692984,3581.367,batt,1
7686985721254,4026.826,batt,1
7687035647548,4026.826,batt,1
7687085627487,4026.826,batt,1
7687135713360,4026.826,batt,1
7687185665591,4026.826,batt,1
7687235759692,3530.051,batt,1
7687285681195,3530.051,batt,1
7687335653581,3530.051,batt,1
7687385694820,3530.051,batt,1
7687435642259,3530.051,batt,1
7687485689592,3458.053,batt,1
7687535703644,3458.053,batt,1
7687585651968,3458.053,batt,1
7687635657166,3458.053,batt,1
7687685683926,3458.053,batt,1
7687735655011,4149.513,batt,1
7687785871453,4149.513,batt,1
7687835655876,4149.513,batt,1
7687885727270,4149.513,batt,1
7687935713198,4149.513,batt,1
7687985726521,3605.595,batt,1
7688035653908,3605.595,batt,1
7688085711709,3605.595,batt,1
7688135691856,3605.595,batt,1
7688185710074,3605.595,batt,1
7688235704075,3376.711,batt,1
7688285691669,3376.711,batt,1
7688335683222,3376.711,batt,1
7688385645817,3376.711,batt,1
7688435686275,3376.711,batt,1
7688485674181,3630.171,batt,1
7688535614954,3630.171,batt,1
7688585675932,3630.171,batt,1
7688635696026,3630.171,batt,1
7688685654454,3630.171,batt,1
7688735671631,3554.632,batt,1
7688785650632,3554.632,batt,1
7688835704162,3554.632,batt,1
7688885738422,3554.632,batt,1
7688935686330,3554.632,batt,1
7688985687986,3904.242,batt,1
7689035692820,3904.242,batt,1
7689085730308,3904.242,batt,1
7689135692435,3904.242,batt,1
7689185727945,3904.242,batt,1
7689235762361,3665.431,batt,1
7689285721154,3665.431,batt,1
7689335680832,3665.431,batt,1
7689385875400,3665.431,batt,1
7689435675760,3665.431,batt,1
7689485702572,3526.851,batt,1
7689535673709,3526.851,batt,1
7689585696354,3526.851,batt,1
7689635633065,3526.851,batt,1
7689685663470,3526.851,batt,1
7689735674241,3527.459,batt,1
7689785676418,3527.459,batt,1
7689835686460,3527.459,batt,1
7689885683846,3527.459,batt,1
7689935683992,3527.459,batt,1
7689985722054,3716.831,batt,1
7690035663504,3716.831,batt,1
7690085674795,3716.831,batt,1
7690135799105,3716.831,batt,1
7690185646130,3716.831,batt,1
7690235680390,3620.753,batt,1
7690285678140,3620.753,batt,1
7690335682192,3620.753,batt,1
7690385679109,3620.753,batt,1
7690435678631,3620.753,batt,1
7690485691433,3411.031,batt,1
7690535661996,3411.031,batt,1
7690585662247,3411.031,batt,1
7690635695673,3411.031,batt,1
7690685689517,3411.031,batt,1
7690735687945,3276.992,batt,1
7690785789963,3276.992,batt,1
7690835652769,3276.992,batt,1
7690885726247,3276.992,batt,1
7690935657853,3276.992,batt,1
7690985672374,3631.178,batt,1
7691035687363,3631.178,batt,1
7691085712925,3631.178,batt,1
7691135810204,3631.178,batt,1
7691185657594,3631.178,batt,1
7691235696385,3396.138,batt,1
7691285661636,3396.138,batt,1
7691335713083,3396.138,batt,1
7691385665626,3396.138,batt,1
7691435674939,3396.138,batt,1
7691485675606,3254.269,batt,1
7691535676116,3254.269,batt,1
7691585720376,3254.269,batt,1
7691635645889,3254.269,batt,1
7691685701815,3254.269,batt,1
7691735695138,3370.344,batt,1
7691785730543,3370.344,batt,1
7691835678347,3370.344,batt,1
7691885757658,3370.344,batt,1
7691935693431,3370.344,batt,1
7691985667901,3384.794,batt,1
7692035714660,3384.794,batt,1
7692085677932,3384.794,batt,1
7692135686307,3384.794,batt,1
7692185684370,3384.794,batt,1
7692235683631,3928.161,batt,1
7692285651434,3928.161,batt,1
7692335660851,3928.161,batt,1
7692385760161,3928.161,batt,1
7692435653800,3928.161,batt,1
7692485719152,3947.957,batt,1
7692535665185,3947.957,batt,1
7692585694185,3947.957,batt,1
7692635694695,3947.957,batt,1
7692685710258,3947.957,batt,1
7692735753476,3477.884,batt,1
7692785742320,3477.884,batt,1
7692835724342,3477.884,batt,1
7692885648813,3477.884,batt,1
7692935779789,3477.884,batt,1
7692985660719,3386.167,batt,1
7693035657116,3386.167,batt,1
7693085696792,3386.167,batt,1
7693135733083,3386.167,batt,1
7693185870256,3566.331,batt,1
7693235593639,3566.331,batt,1
7693285673210,3566.331,batt,1
7693335684762,3566.331,batt,1
7693385692981,3566.331,batt,1
7693435725158,3537.250,batt,1
7693485664420,3537.250,batt,1
7693535688576,3537.250,batt,1
7693585656900,3537.250,batt,1
7693635622672,3537.250,batt,1
7693686021870,2926.664,batt,1
7693735659005,2926.664,batt,1
7693785687067,2926.664,batt,1
7693835684140,2926.664,batt,1
7693885705119,2926.664,batt,1
7693935783545,4052.635,batt,1
7693985752754,4052.635,batt,1
7694035806180,4052.635,batt,1
7694085657216,4052.635,batt,1
7694135713923,4052.635,batt,1
7694185736672,3567.803,batt,1
7694235755308,3567.803,batt,1
7694285666237,3567.803,batt,1
7694335694352,3567.803,batt,1
7694385730486,3567.803,batt,1
7694435678030,3439.931,batt,1
7694485766298,3439.931,batt,1
7694535722539,3439.931,batt,1
7694585689301,3439.931,batt,1
7694635673302,3439.931,batt,1
7694685734332,3782.107,batt,1
7694735680469,3782.107,batt,1
7694785689834,3782.107,batt,1
7694835712271,3782.107,batt,1
7694889398510,3782.107,batt,1
7694935887818,3581.742,batt,1
7694985716563,3581.742,batt,1
7695035700720,3581.742,batt,1
7695085675242,3581.742,batt,1
7695135700700,3581.742,batt,1
7695185722095,3243.342,batt,1
7695235689534,3243.342,batt,1
7695285728273,3243.342,batt,1
7695335716128,3243.342,batt,1
7695385695702,3243.342,batt,1
7695435685692,3858.716,batt,1
7695485625527,3858.716,batt,1
7695535707129,3858.716,batt,1
7695585676287,3858.716,batt,1
7695635676381,3858.716,batt,1
7695685736681,3691.568,batt,1
7695735664955,3691.568,batt,1
7695785672236,3691.568,batt,1
7695835652383,3691.568,batt,1
7695885656591,3691.568,batt,1
7695937432104,3485.629,batt,1
7695985719798,3485.629,batt,1
7696035733069,3485.629,batt,1
7696085676394,3485.629,batt,1
7696135624510,3485.629,batt,1
7696185738091,3815.101,batt,1
7696235682509,3815.101,batt,1
7696285697290,3815.101,batt,1
7696335659521,3815.101,batt,1
7696385661750,3815.101,batt,1
7696435728613,3179.341,batt,1
7696485675740,3179.341,batt,1
7696535681823,3179.341,batt,1
7696585701865,3179.341,batt,1
7696635680553,3179.341,batt,1
7696685725281,3802.973,batt,1
7696735664023,3802.973,batt,1
7696785688023,3802.973,batt,1
7696835667701,3802.973,batt,1
7696885710866,3802.973,batt,1
7696935819447,3912.162,batt,1
7696988385823,3912.162,batt,1
7697035694014,3912.162,batt,1
7697085689108,3912.162,batt,1
7697135680660,3912.162,batt,1
7697185666484,3591.976,batt,1
7697235665276,3591.976,batt,1
7697285686567,3591.976,batt,1
7697335648225,3591.976,batt,1
7697385701338,3591.976,batt,1
7697435694922,3495.850,batt,1
7697485732984,3495.850,batt,1
7697535677871,3495.850,batt,1
7697585670882,3495.850,batt,1
7697635660195,3495.850,batt,1
7697685756224,3841.530,batt,1
7697735675175,3841.530,batt,1
7697785653446,3841.530,batt,1
7697835666040,3841.530,batt,1
7697885680248,3841.530,batt,1
7697935705758,3663.138,batt,1
7697985707988,3663.138,batt,1
7698035721415,3663.138,batt,1
7698085715103,3663.138,batt,1
7698135662438,3663.138,batt,1
7698185695552,3538.913,batt,1
7698235664865,3538.913,batt,1
7698285667355,3538.913,batt,1
7698335708073,3538.913,batt,1
7698385639940,3538.913,batt,1
7698435718001,3267.069,batt,1
7698485658357,3267.069,batt,1
7698535667513,3267.069,batt,1
7698585727085,3267.069,batt,1
7698635657910,3267.069,batt,1
7698685751647,3584.044,batt,1
7698735732158,3584.044,batt,1
7698785669494,3584.044,batt,1
7698835750106,3584.044,batt,1
7698885695879,3584.044,batt,1
7698935661651,3462.593,batt,1
7698985685286,3462.593,batt,1
7699035797564,3462.593,batt,1
7699085695578,3462.593,batt,1
7699135633643,3462.593,batt,1
7699185722120,3422.802,batt,1
7699235699818,3422.802,batt,1
7699285688246,3422.802,batt,1
7699335694330,3422.802,batt,1
7699385712704,3552.197,batt,1
7699435672904,3552.197,batt,1
7699485697320,3552.197,batt,1
7699535645697,3552.197,batt,1
7699585669696,3552.197,batt,1
7699635682759,3945.491,batt,1
7699685685197,3945.491,batt,1
7699735734508,3945.491,batt,1
7699785666896,3945.491,batt,1
7699835677875,3945.491,batt,1
7699885667188,3481.696,batt,1
7699935879620,3481.696,batt,1
7699985708104,3481.696,batt,1
7700035678199,3481.696,batt,1
7700085742197,3481.696,batt,1
7700135674793,4373.084,batt,1
7700185665929,4373.084,batt,1
7700235650659,4373.084,batt,1
7700285846373,4373.084,batt,1
7700335681159,4373.084,batt,1
7700385723804,3539.550,batt,1
7700435684576,3539.550,batt,1
7700485678577,3539.550,batt,1
7700535717888,3539.550,batt,1
7700585670119,3539.550,batt,1
7700635669432,3628.693,batt,1
7700685707337,3628.693,batt,1
7700735685349,3628.693,batt,1
7700785739191,3628.693,batt,1
7700835661631,3628.693,batt,1
7700885752191,4061.608,batt,1
7700935717651,4061.608,batt,1
7700985658684,4061.608,batt,1
7701035802576,4061.608,batt,1
7701085648352,4061.608,batt,1
7701135719642,3502.363,batt,1
7701185737756,3502.363,batt,1
7701235681914,3502.363,batt,1
7701285734403,3502.363,batt,1
7701335677988,3502.363,batt,1
7701385681988,3366.808,batt,1
7701435645833,3366.808,batt,1
7701485757382,3366.808,batt,1
7701535692218,3366.808,batt,1
7701585735279,3366.808,batt,1
7701635642199,3984.892,batt,1
7701685700312,3984.892,batt,1
7701735707594,3984.892,batt,1
7701785762894,3984.892,batt,1
7701835626222,3984.892,batt,1
7701885696522,3317.683,batt,1
7701935760989,3317.683,batt,1
7701985763479,3317.683,batt,1
7702035666180,3317.683,batt,1
7702085664972,3317.683,batt,1
7702135712408,3498.093,batt,1
7702185731148,3498.093,batt,1
7702235699941,3498.093,batt,1
7702285691337,3498.093,batt,1
7702335760075,3498.093,batt,1
7702385695067,3465.467,batt,1
7702435643652,3465.467,batt,1
7702485677807,3465.467,batt,1
7702535688891,3465.467,batt,1
7702585714974,3465.467,batt,1
7702635654080,3697.573,batt,1
7702685658809,3697.573,batt,1
7702735668070,3697.573,batt,1
7702785647227,3697.573,batt,1
7702835743724,3697.573,batt,1
7702885685487,3115.137,batt,1
7702935655686,3115.137,batt,1
7702985694112,3115.137,batt,1
7703035698112,3115.137,batt,1
7703085675238,3115.137,batt,1
7703135691634,4243.782,batt,1
7703185793600,4243.782,batt,1
7703235689322,4243.782,batt,1
7703285671187,4243.782,batt,1
7703335685500,4243.782,batt,1
7703385676688,3405.107,batt,1
7703435642095,3405.107,batt,1
7703485663595,3405.107,batt,1
7703535676501,3405.107,batt,1
7703585701647,3405.107,batt,1
7703635704501,3212.646,batt,1
7703685714074,3212.646,batt,1
7703735644639,3212.646,batt,1
7703785700877,3212.646,batt,1
7703835739928,3212.646,batt,1
7703885738616,3840.365,batt,1
7703935683503,3840.365,batt,1
7703985727815,3840.365,batt,1
7704035675202,3840.365,batt,1
7704085689931,3840.365,batt,1
7704135681640,3595.484,batt,1
7704185674286,3595.484,batt,1
7704235710473,3595.484,batt,1
7704285683433,3595.484,batt,1
7704335622435,3595.484,batt,1
7704385738411,2367.196,batt,1
7704435672153,2367.196,batt,1
7704485671934,2367.196,batt,1
7704535708225,2367.196,batt,1
7704585724100,2367.196,batt,1
7704635661696,3591.053,batt,1
7704685676946,3591.053,batt,1
7704735722143,3591.053,batt,1
7704785734372,3591.053,batt,1
7704835717852,3591.053,batt,1
7704885670760,3870.830,batt,1
7704935685489,3870.830,batt,1
7704985686468,3870.830,batt,1
7705035767549,3870.830,batt,1
7705085719468,3870.830,batt,1
7705135669355,3616.192,batt,1
7705185715125,3616.192,batt,1
7705235683032,3616.192,batt,1
7705285680314,3616.192,batt,1
7705335810821,3616.192,batt,1
7705385651076,3650.096,batt,1
7705435730542,3650.096,batt,1
7705485780375,3650.096,batt,1
7705535648597,3650.096,batt,1
7705585626400,3588.377,batt,1
7705635704669,3593.902,batt,1
7705685688670,3593.902,batt,1
7705735714232,3593.902,batt,1
7705785700733,3593.902,batt,1
7705835658953,3306.299,batt,1
7705885721545,3306.299,batt,1
7705935746535,3306.299,batt,1
7705985719858,3306.299,batt,1
7706035797086,3306.299,batt,1
7706085677235,3268.463,batt,1
7706135688996,3268.463,batt,1
7706185680913,3268.463,batt,1
7706235683038,3268.463,batt,1
7706285794587,3268.463,batt,1
7706335637498,3505.336,batt,1
7706385657696,3505.336,batt,1
7706435667529,3505.336,batt,1
7706485669394,3505.336,batt,1
7706535681623,3505.336,batt,1
7706585685467,3655.184,batt,1
7706635700457,3655.184,batt,1
7706685677166,3655.184,batt,1
7706735713249,3655.184,batt,1
7706785682198,3655.184,batt,1
7706835645626,3245.043,batt,1
7706885733686,3245.043,batt,1
7706935641908,3245.043,batt,1
7706985678512,3245.043,batt,1
7707035709178,3245.043,batt,1
7707085661044,3997.999,batt,1
7707135710095,3997.999,batt,1
7707185725241,3997.999,batt,1
7707235679659,3997.999,batt,1
7707285752355,3997.999,batt,1
7707335708700,3641.057,batt,1
7707385628797,3641.057,batt,1
7707435700139,3641.057,batt,1
7707485711534,3641.057,batt,1
7707535689546,3641.057,batt,1
7707585672297,3618.625,batt,1
7707635694838,3618.625,batt,1
7707685661808,3618.625,batt,1
7707735684818,3618.625,batt,1
7707785658038,3618.625,batt,1
7707835669850,4073.715,batt,1
7707885670986,4073.715,batt,1
7707935732172,4073.715,batt,1
7707985741276,4073.715,batt,1
7708035690330,4073.715,batt,1
7708085648290,3569.934,batt,1
7708135931136,3569.934,batt,1
7708185658373,3569.934,batt,1
7708235671957,3569.934,batt,1
7708285737153,3569.934,batt,1
7708335688082,3672.847,batt,1
7708385727394,3672.847,batt,1
7708435652542,3672.847,batt,1
7708485717686,3672.847,batt,1
7708535708458,3672.847,batt,1
7708585670011,4332.345,batt,1
7708635699219,4332.345,batt,1
7708685663064,4332.345,batt,1
7708735684043,4332.345,batt,1
7708785688460,4332.345,batt,1
7708835696262,3459.458,batt,1
7708885700314,3459.458,batt,1
7708935690460,3459.458,batt,1
7708985795187,3459.458,batt,1
7709035640858,3459.458,batt,1
7709085728814,3586.569,batt,1
7709135673025,3586.569,batt,1
7709185665515,3586.569,batt,1
7709235673004,3586.569,batt,1
7709285733357,3586.569,batt,1
7709335652568,4285.399,batt,1
7709385760211,4285.399,batt,1
7709435670672,4285.399,batt,1
7709485698005,4285.399,batt,1
7709535660444,4285.399,batt,1
7709585879334,3447.913,batt,1
7709635644851,3447.913,batt,1
7709685674580,3447.913,batt,1
7709735765088,3447.913,batt,1
7709785679560,3447.913,batt,1
7709835673925,3417.535,batt,1
7709885729590,3417.535,batt,1
7709935685675,3417.535,batt,1
7709985739101,3417.535,batt,1
7710035671853,3417.535,batt,1
7710085699082,3988.428,batt,1
7710135666520,3988.428,batt,1
7710185702968,3988.428,batt,1
7710235687489,3988.428,batt,1
7710285682948,3988.428,batt,1
7710335673511,3566.225,batt,1
7710385709854,3566.225,batt,1
7710435675053,3566.225,batt,1
7710485639888,3566.225,batt,1
7710535688106,3566.225,batt,1
7710585741167,3511.516,batt,1
7710635683710,3511.516,batt,1
7710685747553,3511.516,batt,1
7710735654004,3511.516,batt,1
7710785734772,3511.516,batt,1
7710835655598,3752.606,batt,1
7710885705690,3752.606,batt,1
7710935651776,3752.606,batt,1
7710985768793,3752.606,batt,1
7711035756336,3752.606,batt,1
7711085702942,3624.334,batt,1
7711135743191,3624.334,batt,1
7711185743233,3624.334,batt,1
7711235701557,3624.334,batt,1
7711285681912,3624.334,batt,1
7711335705704,3595.311,batt,1
7711385660851,3595.311,batt,1
7711435663028,3595.311,batt,1
7711485689945,3595.311,batt,1
7711535715819,3595.311,batt,1
7711585683102,3841.160,batt,1
7711635623979,3841.160,batt,1
7711685903492,3841.160,batt,1
7711735569324,3841.160,batt,1
7711785674520,3538.269,batt,1
7711835697321,3535.380,batt,1
7711885697936,3535.380,batt,1
7711935673864,3535.380,batt,1
7711985705937,3535.380,batt,1
7712035667178,3641.982,batt,1
7712085662897,3641.982,batt,1
7712135717260,3641.982,batt,1
7712185687043,3641.982,batt,1
7712235673908,3641.982,batt,1
7712285686241,3792.256,batt,1
7712335672533,3792.256,batt,1
7712385655336,3792.256,batt,1
7712435715637,3792.256,batt,1
7712485690628,3792.256,batt,1
7712535674316,3416.796,batt,1
7712585662848,3416.796,batt,1
7712635688827,3416.796,batt,1
7712685700170,3416.796,batt,1
7712735664588,3416.796,batt,1
7712785866656,4103.898,batt,1
7712835644256,4103.898,batt,1
7712885688359,4103.898,batt,1
7712935705015,4103.898,batt,1
7712985674017,4103.898,batt,1
7713035666663,3924.491,batt,1
7713085785295,3924.491,batt,1
7713135669090,3924.491,batt,1
7713185678611,3924.491,batt,1
7713235839065,3924.491,batt,1
7713285706715,3567.974,batt,1
7713335649936,3567.974,batt,1
7713385695810,3567.974,batt,1
7713435741424,3567.974,batt,1
7713485682301,3567.974,batt,1
7713535717654,4059.006,batt,1
7713585693895,4059.006,batt,1
7713635674145,4059.006,batt,1
7713685722415,4059.006,batt,1
7713735747248,4059.006,batt,1
7713785720520,3595.387,batt,1
7713835690407,3595.387,batt,1
7713885732062,3595.387,batt,1
7713935710125,3595.387,batt,1
7713985673502,3595.387,batt,1
7714035708959,3497.640,batt,1
7714085689366,3497.640,batt,1
7714135657639,3497.640,batt,1
7714185689346,3497.640,batt,1
7714235659285,3497.640,batt,1
7714285703492,3527.551,batt,1
7714335686764,3527.551,batt,1
7714385677535,3527.551,batt,1
7714435808407,3527.551,batt,1
7714485638610,3527.551,batt,1
7714535665162,3435.058,batt,1
7714585729160,3435.058,batt,1
7714635670402,3435.058,batt,1
7714685718411,3435.058,batt,1
7714735660434,3435.058,batt,1
7714785679902,3598.127,batt,1
7714835736193,3598.127,batt,1
7714885666393,3598.127,batt,1
7714935737474,3598.127,batt,1
7714985651060,3598.127,batt,1
7715035654279,3384.119,batt,1
7715085678435,3384.119,batt,1
7715135690612,3384.119,batt,1
7715185789037,3384.119,batt,1
7715235715643,3384.119,batt,1
7715285665479,3376.578,batt,1
7715335768695,3376.578,batt,1
7715385680666,3376.578,batt,1
7715435644563,3376.578,batt,1
7715485670907,3376.578,batt,1
7715535708291,3743.315,batt,1
7715585746561,3743.315,batt,1
7715635708688,3743.315,batt,1
7715685710657,3743.315,batt,1
7715735647315,3743.315,batt,1
7715785653711,3598.473,batt,1
7715835796978,3598.473,batt,1
7715885689836,3598.473,batt,1
7715935832217,3598.473,batt,1
7715985739710,3598.473,batt,1
7716035668764,3645.677,batt,1
7716085701982,3645.677,batt,1
7716135699420,3645.677,batt,1
7716185716285,3645.677,batt,1
7716235654974,3645.677,batt,1
7716285799752,3671.610,batt,1
7716335698703,3671.610,batt,1
7716385716661,3671.610,batt,1
7716435688683,3671.610,batt,1
7716485661642,3671.610,batt,1
7716535653559,3465.632,batt,1
7716585778650,3465.632,batt,1
7716635655102,3465.632,batt,1
7716685650717,3465.632,batt,1
7716735681851,3465.632,batt,1
7716785661425,3265.390,batt,1
7716835656519,3265.390,batt,1
7716885631041,3265.390,batt,1
7716935639416,3265.390,batt,1
7716985741695,3265.390,batt,1
7717035711894,3842.508,batt,1
7717085756206,3842.508,batt,1
7717135661302,3842.508,batt,1
7717185692333,3842.508,batt,1
7717235675657,3842.508,batt,1
7717285759186,3476.316,batt,1
7717335676782,3476.316,batt,1
7717385643648,3476.316,batt,1
7717435739937,3476.316,batt,1
7717485748937,3476.316,batt,1
7717535723720,3709.223,batt,1
7717585735168,3709.223,batt,1
7717635703648,3709.223,batt,1
7717685699888,3709.223,batt,1
7717735766438,3709.223,batt,1
7717785665025,3579.990,batt,1
7717835654546,3579.990,batt,1
7717889334380,3579.990,batt,1
7717935707754,3579.990,batt,1
7717985719097,3636.834,batt,1
7718035688880,3634.736,batt,1
7718085676526,3634.736,batt,1
7718135684745,3634.736,batt,1
7718185681662,3634.736,batt,1
7718235672642,3693.862,batt,1
7718285670340,3693.862,batt,1
7718335690694,3693.862,batt,1
7718385660633,3693.862,batt,1
7718435713642,3693.862,batt,1
7718485729934,3491.579,batt,1
7718535716851,3491.579,batt,1
7718585708091,3491.579,batt,1
7718635704852,3491.579,batt,1
7718685735935,3491.579,batt,1
7718735671030,3497.982,batt,1
7718785625761,3497.982,batt,1
7718835655177,3497.982,batt,1
7718885714905,3497.982,batt,1
7718940419293,3497.982,batt,1
7718985706448,3340.265,batt,1
7719035700240,3340.265,batt,1
7719085719552,3340.265,batt,1
7719135682824,3340.265,batt,1
7719185680106,3340.265,batt,1
7719235687856,3652.364,batt,1
7719285661128,3652.364,batt,1
7719335725230,3652.364,batt,1
7719385654337,3652.364,batt,1
7719435692138,3652.364,batt,1
7719485731606,3606.959,batt,1
7719535732794,3606.959,batt,1
7719585690650,3606.959,batt,1
7719635683400,3606.959,batt,1
7719685722764,3606.959,batt,1
7719735726556,3568.523,batt,1
7719785684568,3568.523,batt,1
7719835647059,3568.523,batt,1
7719885718661,3568.523,batt,1
7719935743181,3568.523,batt,1
7719985723641,4008.879,batt,1
7720035707121,4008.879,batt,1
7720085658831,4008.879,batt,1
7720135714340,4008.879,batt,1
7720185696309,4008.879,batt,1
7720235711299,3765.596,batt,1
7720285682071,3765.596,batt,1
7720335651384,3765.596,batt,1
7720385669186,3765.596,batt,1
7720435682040,3765.596,batt,1
7720485661406,3439.104,batt,1
7720535702332,3439.104,batt,1
7720585646282,3439.104,batt,1
7720635763508,3439.104,batt,1
7720685738967,3439.104,batt,1
7720735657762,4118.382,batt,1
7720785696552,4118.382,batt,1
7720835638836,4118.382,batt,1
7720885722938,4118.382,batt,1
7720935644649,4118.382,batt,1
7720985800832,3638.232,batt,1
7721035677023,3638.232,batt,1
7721085734772,3638.232,batt,1
7721135695284,3638.232,batt,1
7721185655639,3638.232,batt,1
7721235646932,3225.281,batt,1
7721285667442,3225.281,batt,1
7721335697900,3225.281,batt,1
7721385695129,3225.281,batt,1
7721435785221,3225.281,batt,1
7721485768023,4266.469,batt,1
7721535737702,4266.469,batt,1
7721585667173,4266.469,batt,1
7721635694037,4266.469,batt,1
7721685687100,4266.469,batt,1
7721735676309,3594.420,batt,1
7721785685517,3594.420,batt,1
7721835700975,3594.420,batt,1
7721885665810,3594.420,batt,1
7721935704653,3594.420,batt,1
7721985667144,3261.530,batt,1
7722035714216,3261.530,batt,1
7722085662749,3261.530,batt,1
7722135773204,3261.530,batt,1
7722185756736,3261.530,batt,1
7722235670739,3704.752,batt,1
7722285660052,3704.752,batt,1
7722335675250,3704.752,batt,1
7722385670813,3704.752,batt,1
7722435659709,3704.752,batt,1
7722485686573,3669.140,batt,1
7722535690522,3669.140,batt,1
7722585665043,3669.140,batt,1
7722635702688,3669.140,batt,1
7722685705074,3669.140,batt,1
7722735689856,3594.127,batt,1
7722785646201,3594.127,batt,1
7722835722283,3594.127,batt,1
7722885680607,3594.127,batt,1
7722935670493,3594.127,batt,1
7722985655588,4038.915,batt,1
7723035673858,4038.915,batt,1
7723085697129,4038.915,batt,1
7723135677692,4038.915,batt,1
7723185647943,4038.915,batt,1
7723235661579,3515.953,batt,1
7723285666673,3515.953,batt,1
7723335640569,3515.953,batt,1
7723385887740,3515.953,batt,1
7723435626956,3515.953,batt,1
7723485659653,3765.534,batt,1
7723535707090,3765.534,batt,1
7723585758328,3765.534,batt,1
7723635692955,3765.534,batt,1
7723685682268,3765.534,batt,1
7723735721945,4535.811,batt,1
7723785799120,4535.811,batt,1
7723835810255,4535.811,batt,1
7723885638739,4535.811,batt,1
7723935714977,4535.811,batt,1
7723985675906,3530.143,batt,1
7724035670792,3530.143,batt,1
7724085646511,3530.143,batt,1
7724135654157,3530.143,batt,1
7724185710448,3530.143,batt,1
7724235711792,3369.565,batt,1
7724285687720,3369.565,batt,1
7724335713073,3369.565,batt,1
7724385661815,3369.565,batt,1
7724435683731,4395.412,batt,1
7724485742261,4395.412,batt,1
7724535724022,4395.412,batt,1
7724585682920,4395.412,batt,1
7724635670774,4395.412,batt,1
7724685659358,3553.998,batt,1
7724735686952,3553.998,batt,1
7724785715639,3553.998,batt,1
7724835682244,3553.998,batt,1
7724885786814,3553.998,batt,1
7724935637954,3383.766,batt,1
7724985666224,3383.766,batt,1
7725035702932,3383.766,batt,1
7725085707505,3383.766,batt,1
7725135742025,3383.766,batt,1
7725185754411,4510.695,batt,1
7725235674872,4510.695,batt,1
7725285729391,4510.695,batt,1
7725335689382,4510.695,batt,1
7725385679008,4510.695,batt,1
7725435649936,2753.963,batt,1
7725485639926,2753.963,batt,1
7725535692831,2753.963,batt,1
7725585700998,2753.963,batt,1
7725635733487,2753.963,batt,1
7725685657333,4040.832,batt,1
7725735648157,4040.832,batt,1
7725785707103,4040.832,batt,1
7725835799955,4040.832,batt,1
7725885729166,4040.832,batt,1
7725935699573,4436.235,batt,1
7725985713729,4436.235,batt,1
7726035736010,4436.235,batt,1
7726085691887,4436.235,batt,1
7726135673023,4436.235,batt,1
7726185666867,3569.281,batt,1
7726235684148,3569.281,batt,1
7726285743095,3569.281,batt,1
7726335680326,3569.281,batt,1
7726385687764,3569.281,batt,1
7726435665046,3471.542,batt,1
7726485720399,3471.542,batt,1
7726535725128,3471.542,batt,1
7726585649183,3471.542,batt,1
7726635742607,3471.542,batt,1
7726685677859,3573.938,batt,1
7726735667641,3573.938,batt,1
7726785738775,3573.938,batt,1
7726835693245,3573.938,batt,1
7726885642768,3573.938,batt,1
7726935644320,3575.422,batt,1
7726985710402,3575.422,batt,1
7727035662320,3575.422,batt,1
7727085815847,3575.422,batt,1
7727135664592,3575.422,batt,1
7727185686196,3537.975,batt,1
7727235704518,3537.975,batt,1
7727285759246,3537.975,batt,1
7727335642573,3537.975,batt,1
7727385685686,3537.975,batt,1
7727435689999,3660.850,batt,1
7727485649469,3660.850,batt,1
7727535743675,3660.850,batt,1
7727585755592,3660.850,batt,1
7727635629023,3660.850,batt,1
7727685760623,3619.916,batt,1
7727735739937,3619.916,batt,1
7727785666752,3619.916,batt,1
7727835710542,3619.916,batt,1
7727885704387,3619.916,batt,1
7727935672138,3714.178,batt,1
7727985737334,3714.178,batt,1
7728035645973,3714.178,batt,1
7728085727523,3714.178,batt,1
7728135704597,3714.178,batt,1
7728185791094,3722.764,batt,1
7728235738898,3722.764,batt,1
7728285653109,3722.764,batt,1
7728335668880,3722.764,batt,1
7728385687046,3722.764,batt,1
7728435752503,3655.365,batt,1
7728485708432,3655.365,batt,1
7728535670089,3655.365,batt,1
7728585655913,3655.365,batt,1
7728635698818,3655.365,batt,1
7728685733443,3662.066,batt,1
7728735694684,3662.066,batt,1
7728785743110,3662.066,batt,1
7728835683830,3662.066,batt,1
7728885685435,3662.066,batt,1
7728935658134,2605.953,batt,1
7728985647447,2605.953,batt,1
7729035816234,2605.953,batt,1
7729085644979,2605.953,batt,1
7729135756320,2605.953,batt,1
7729185747247,3446.348,batt,1
7729235673385,3446.348,batt,1
7729285640251,3446.348,batt,1
7729335660970,3446.348,batt,1
7729385713979,3446.348,batt,1
7729435680324,3601.319,batt,1
7729485682345,3601.319,batt,1
7729535711969,3601.319,batt,1
7729585693939,3601.319,batt,1
7729635681742,3601.319,batt,1
7729685727564,3595.016,batt,1
7729735654535,3595.016,batt,1
7729785628692,3595.016,batt,1
7729835662743,3595.016,batt,1
7729885749137,3595.016,batt,1
7729935674650,3746.816,batt,1
7729985711514,3746.816,batt,1
7730035674057,3746.816,batt,1
7730085659151,3746.816,batt,1
7730135723098,3746.816,batt,1
7730185696838,3493.485,batt,1
7730235731723,3493.485,batt,1
7730285719057,3493.485,batt,1
7730335704829,3493.485,batt,1
7730385683934,3493.485,batt,1
7730435711839,3474.978,batt,1
7730485712090,3474.978,batt,1
7730535682445,3474.978,batt,1
7730585654050,3474.978,batt,1
7730635693101,3997.231,batt,1
7730685860743,3997.231,batt,1
7730735654645,3997.231,batt,1
7730785685676,3997.231,batt,1
7730835680405,3997.231,batt,1
7730885732269,3365.274,batt,1
7730935696843,3365.274,batt,1
7730985692510,3365.274,batt,1
7731035681250,3365.274,batt,1
7731085753894,3365.274,batt,1
7731135688573,3621.545,batt,1
7731185734604,3621.545,batt,1
7731235706261,3621.545,batt,1
7731285715365,3621.545,batt,1
7731335679627,3621.545,batt,1
7731385673211,3569.381,batt,1
7731435696950,3569.381,batt,1
7731485733189,3569.381,batt,1
7731535683909,3569.381,batt,1
7731589423949,3569.381,batt,1
7731635739981,3822.297,batt,1
7731685680806,3822.297,batt,1
7731735656317,3822.297,batt,1
7731785765211,3822.297,batt,1
7731835673588,3822.297,batt,1
7731885651860,3717.159,batt,1
7731935691380,3717.159,batt,1
7731985718661,3717.159,batt,1
7732035679225,3717.159,batt,1
7732085663642,3717.159,batt,1
7732135681965,3605.373,batt,1
7732185669611,3605.373,batt,1
7732235695121,3605.373,batt,1
7732285697663,3605.373,batt,1
7732335670727,3605.373,batt,1
7732385640561,3034.747,batt,1
7732435680081,3034.747,batt,1
7732485735851,3034.747,batt,1
7732535752872,3034.747,batt,1
7732585697030,3034.747,batt,1
7732635700353,3613.256,batt,1
7732685693728,3613.256,batt,1
7732735623304,3613.256,batt,1
7732785674490,3613.256,batt,1
7732835667240,3613.256,batt,1
7732885749728,3568.317,batt,1
7732935686491,3568.317,batt,1
7732985704032,3568.317,batt,1
7733035697251,3568.317,batt,1
7733085645107,3568.317,batt,1
7733135704054,3379.274,batt,1
7733185741803,3379.274,batt,1
7733235688774,3379.274,batt,1
7733285756886,3379.274,batt,1
7733335690680,3379.274,batt,1
7733385689889,4085.159,batt,1
7733435702431,4085.159,batt,1
7733485744346,4085.159,batt,1
7733535704442,4085.159,batt,1
7733585698077,4085.159,batt,1
7733635649475,3464.299,batt,1
7733685620559,3464.299,batt,1
7733735711588,3464.299,batt,1
7733785653090,3464.299,batt,1
7733835662403,3464.299,batt,1
7733885671143,3157.927,batt,1
7733935721964,3157.927,batt,1
7733985651540,3157.927,batt,1
7734035673977,3157.927,batt,1
7734085669800,3157.927,batt,1
7734135674790,3498.490,batt,1
7734185669259,3498.490,batt,1
7734235677582,3498.490,batt,1
7734285837463,3498.490,batt,1
7734335645167,3498.490,batt,1
7734385731613,3702.331,batt,1
7734435679000,3702.331,batt,1
7734485668834,3702.331,batt,1
7734535692625,3702.331,batt,1
7734585678501,3702.331,batt,1
7734635659585,3432.025,batt,1
7734685657127,3432.025,batt,1
7734735721907,3432.025,batt,1
7734785672419,3432.025,batt,1
7734835682773,3432.025,batt,1
7734885686409,3737.349,batt,1
7734935674003,3737.349,batt,1
7734985690034,3737.349,batt,1
7735035673514,3737.349,batt,1
7735085655588,3737.349,batt,1
7735135645838,3862.920,batt,1
7735185672598,3862.920,batt,1
7735235759669,3862.920,batt,1
7735285696275,3862.920,batt,1
7735335709806,3862.920,batt,1
7735385638496,3736.595,batt,1
7735435641403,3736.595,batt,1
7735485681704,3736.595,batt,1
7735535668465,3736.595,batt,1
7735585734911,3736.595,batt,1
7735635672247,3686.090,batt,1
7735685722912,3686.090,batt,1
7735735658112,3686.090,batt,1
7735785696851,3686.090,batt,1
7735835621374,3686.090,batt,1
7735885694539,3051.057,batt,1
7735935651822,3051.057,batt,1
7735985742382,3051.057,batt,1
7736035705290,3051.057,batt,1
7736085744341,3051.057,batt,1
7736135691728,3869.595,batt,1
7736185661407,3869.595,batt,1
7736235681656,3869.595,batt,1
7736285681959,3869.595,batt,1
7736335733562,3869.595,batt,1
7736385726833,4047.621,batt,1
7736435675679,4047.621,batt,1
7736485718948,4047.621,batt,1
7736535722428,4047.621,batt,1
7736585656951,4047.621,batt,1
7736635700169,3612.121,batt,1
7736685652035,3612.121,batt,1
7736735650150,3612.121,batt,1
7736785667639,3612.121,batt,1
7736835617422,3652.013,batt,1
7736885702149,3652.013,batt,1
7736935701462,3652.013,batt,1
7736985691504,3652.013,batt,1
7737035806126,3652.013,batt,1
7737085699192,3573.531,batt,1
7737135757253,3573.531,batt,1
7737185657350,3573.531,batt,1
7737235691350,3573.531,batt,1
7737285650143,3573.531,batt,1
7737335701954,3588.237,batt,1
7737385762463,3588.237,batt,1
7737435742506,3588.237,batt,1
7737485654373,3588.237,batt,1
7737535669831,3588.237,batt,1
7737585709247,3639.658,batt,1
7737635783922,3639.658,batt,1
7737685728028,3639.658,batt,1
7737735650208,3639.658,batt,1
7737785765924,3639.658,batt,1
7737835669041,3615.826,batt,1
7737885669708,3615.826,batt,1
7737935698291,3615.826,batt,1
7737985665730,3615.826,batt,1
7738035739207,3615.826,batt,1
7738085717583,3916.891,batt,1
7738135712938,3916.891,batt,1
7738185737198,3916.891,batt,1
7738235654065,3916.891,batt,1
7738285704106,3916.891,batt,1
7738335688835,3749.565,batt,1
7738385708356,3749.565,batt,1
7738435632202,3749.565,batt,1
7738485675889,3749.565,batt,1
7738535714055,3749.565,batt,1
7738585698680,3435.805,batt,1
7738635713930,3435.805,batt,1
7738685663765,3435.805,batt,1
7738735655058,3435.805,batt,1
7738785791867,3435.805,batt,1
7738835721910,4162.633,batt,1
7738885641955,4162.633,batt,1
7738935645434,4162.633,batt,1
7738985688600,4162.633,batt,1
7739035673069,4162.633,batt,1
7739085755974,3653.944,batt,1
7739135678309,3653.944,batt,1
7739185692986,3653.944,batt,1
7739235670164,3653.944,batt,1
7739285760777,3653.944,batt,1
7739335801390,3193.844,batt,1
7739385707216,3193.844,batt,1
7739435681269,3193.844,batt,1
7739485689436,3193.844,batt,1
7739535714425,3193.844,batt,1
7739585661500,3990.194,batt,1
7739635651021,3990.194,batt,1
7739685690750,3990.194,batt,1
7739735688656,3990.194,batt,1
7739785669480,3990.194,batt,1
7739835709313,3679.030,batt,1
7739885711698,3679.030,batt,1
7739935748354,3679.030,batt,1
7739985688814,3679.030,batt,1
7740035678388,3679.030,batt,1
7740085688690,3552.672,batt,1
7740135668212,3552.672,batt,1
7740185769084,3552.672,batt,1
7740235665743,3552.672,batt,1
7740285665108,3552.672,batt,1
7740335704108,3884.243,batt,1
7740385683942,3884.243,batt,1
7740435685754,3884.243,batt,1
7740485731004,3884.243,batt,1
7740535716515,3884.243,batt,1
7740585727338,3353.036,batt,1
7740635686235,3353.036,batt,1
7740685710234,3353.036,batt,1
7740735668351,3353.036,batt,1
7740785768442,3353.036,batt,1
7740835734839,3667.024,batt,1
7740885717902,3667.024,batt,1
7740935693622,3667.024,batt,1
7740985700747,3667.024,batt,1
7741035643551,3667.024,batt,1
7741085643801,3890.310,batt,1
7741135746340,3890.310,batt,1
7741185740810,3890.310,batt,1
7741235680280,3890.310,batt,1
7741285693082,3890.310,batt,1
7741335652500,3787.817,batt,1
7741385697802,3787.817,batt,1
7741435710760,3787.817,batt,1
7741485688927,3787.817,batt,1
7741535837351,3787.817,batt,1
7741585696303,3427.249,batt,1
7741635667231,3427.249,batt,1
7741685709147,3427.249,batt,1
7741735690856,3427.249,batt,1
7741785652357,3427.249,batt,1
7741835715575,3900.835,batt,1
7741885710200,3900.835,batt,1
7741935687170,3900.835,batt,1
7741985655390,3900.835,batt,1
7742035642047,3900.835,batt,1
7742085716722,3448.078,batt,1
7742135693535,3448.078,batt,1
7742185811595,3448.078,batt,1
7742235682265,3448.078,batt,1
7742285714494,3448.078,batt,1
7742335705161,3462.898,batt,1
7742385671142,3462.898,batt,1
7742435774827,3462.898,batt,1
7742485694610,3462.898,batt,1
7742535657153,3462.898,batt,1
7742585687299,3907.025,batt,1
7742635682966,3907.025,batt,1
7742685728163,3907.025,batt,1
7742735669144,3907.025,batt,1
7742785678717,3907.025,batt,1
7742835659436,2636.941,batt,1
7742885680676,2636.941,batt,1
7742935652125,2636.941,batt,1
7742985707321,2636.941,batt,1
7743035696895,3427.404,batt,1
7743085723655,3427.404,batt,1
7743135644428,3427.404,batt,1
7743185762800,3427.404,batt,1
7743235671230,3427.404,batt,1
7743285663460,3820.009,batt,1
7743335664856,3820.009,batt,1
7743385752135,3820.009,batt,1
7743435690095,3820.009,batt,1
7743485708626,3820.009,batt,1
7743535741480,3682.377,batt,1
7743585712252,3682.377,batt,1
7743635667243,3682.377,batt,1
7743685798948,3682.377,batt,1
7743735674098,3682.377,batt,1
7743785682629,4064.800,batt,1
7743835699337,4064.800,batt,1
7743885650943,4064.800,batt,1
7743935702077,4064.800,batt,1
7743985686911,4064.800,batt,1
7744035633569,3784.825,batt,1
7744085672881,3784.825,batt,1
7744135696672,3784.825,batt,1
7744185626352,3784.825,batt,1
7744235724308,3784.825,batt,1
7744285665341,3566.568,batt,1
7744335660383,3566.568,batt,1
7744385723079,3566.568,batt,1
7744435655311,3566.568,batt,1
7744485654676,3566.568,batt,1
7744535693935,3503.710,batt,1
7744585711060,3503.710,batt,1
7744635679592,3503.710,batt,1
7744685750778,3503.710,batt,1
7744735700926,3503.710,batt,1
7744785725342,4235.521,batt,1
7744835635439,4235.521,batt,1
7744885642147,4235.521,batt,1
7744935676876,4235.521,batt,1
7744985722073,4235.521,batt,1
7745035723989,3550.117,batt,1
7745085762624,3550.117,batt,1
7745135688293,3550.117,batt,1
7745185695054,3550.117,batt,1
7745235647076,3550.117,batt,1
7745285633473,3940.265,batt,1
7745335758615,3940.265,batt,1
7745385702409,3940.265,batt,1
7745435759689,3940.265,batt,1
7745485650359,3940.265,batt,1
7745535648578,4312.579,batt,1
7745585718722,4312.579,batt,1
7745635719754,4312.579,batt,1
7745685699640,4312.579,batt,1
7745735681505,4312.579,batt,1
7745785665610,3473.044,batt,1
7745835667788,3473.044,batt,1
7745885703349,3473.044,batt,1
7745935715943,3473.044,batt,1
7745985702131,3473.044,batt,1
7746035684934,3720.375,batt,1
7746085726746,3720.375,batt,1
7746135700903,3720.375,batt,1
7746185705059,3720.375,batt,1
7746235679946,3720.375,batt,1
7746285804099,3097.920,batt,1
7746335668468,3097.920,batt,1
7746385731633,3097.920,batt,1
7746435705686,3097.920,batt,1
7746485686249,3097.920,batt,1
7746535700666,3577.034,batt,1
7746585697791,3577.034,batt,1
7746635667313,3577.034,batt,1
7746685693969,3577.034,batt,1
7746735715677,3577.034,batt,1
7746785743531,3351.745,batt,1
7746835635451,3351.745,batt,1
7746885698251,3351.745,batt,1
7746935671836,3351.745,batt,1
7746985690315,3351.745,batt,1
7747035673222,4475.108,batt,1
7747085706440,4475.108,batt,1
7747135691013,4475.108,batt,1
7747185739283,4475.108,batt,1
7747235705576,4475.108,batt,1
7747285731763,3593.730,batt,1
7747335712379,3593.730,batt,1
7747385652579,3593.730,batt,1
7747435664339,3593.730,batt,1
7747485689224,3593.730,batt,1
7747535712651,3331.896,batt,1
7747585641549,3331.896,batt,1
7747635767941,3331.896,batt,1
7747685678663,3331.896,batt,1
7747735731308,3331.896,batt,1
7747785702080,4477.468,batt,1
7747835679570,4477.468,batt,1
7747885734298,4477.468,batt,1
7747935697622,4477.468,batt,1
7747985654072,4477.468,batt,1
7748035749476,3394.178,batt,1
7748085672593,3394.178,batt,1
7748135650812,3394.178,batt,1
7748185719915,3394.178,batt,1
7748235703395,3394.178,batt,1
7748285715884,3584.245,batt,1
7748335651709,3584.245,batt,1
7748385691281,3584.245,batt,1
7748435728406,3584.245,batt,1
7748485669595,3584.245,batt,1
7748535692293,4216.830,batt,1
7748585680043,4216.830,batt,1
7748635655034,4216.830,batt,1
7748685779187,4216.830,batt,1
7748735669440,4216.830,batt,1
7748785650525,3579.786,batt,1
7748835701450,3579.786,batt,1
7748885721284,3579.786,batt,1
7748935668567,3579.786,batt,1
7748985709597,3730.593,batt,1
7749035721722,3728.622,batt,1
7749085754367,3728.622,batt,1
7749135741857,3728.622,batt,1
7749185665756,3728.622,batt,1
7749235640434,4559.290,batt,1
7749285665267,4559.290,batt,1
7749335684006,4559.290,batt,1
7749385675402,4559.290,batt,1
7749435674403,4559.290,batt,1
7749485663143,3595.682,batt,1
7749535656466,3595.682,batt,1
7749585733485,3595.682,batt,1
7749635759777,3595.682,batt,1
7749685628781,3595.682,batt,1
7749735647207,2861.937,batt,1
7749785698029,2861.937,batt,1
7749835685155,2861.937,batt,1
7749885727852,2861.937,batt,1
7749935676072,2861.937,batt,1
7749985642209,4450.654,batt,1
7750035669542,4450.654,batt,1
7750085893692,4450.654,batt,1
7750135670095,4450.654,batt,1
7750185667689,4450.654,batt,1
7750235689397,3299.137,batt,1
7750285675950,3299.137,batt,1
7750335706303,3299.137,batt,1
7750385740407,3299.137,batt,1
7750435697116,3299.137,batt,1
7750485701742,3491.183,batt,1
7750535688294,3491.183,batt,1
7750585675628,3491.183,batt,1
7750635714992,3491.183,batt,1
7750685681493,3491.183,batt,1
7750735759919,4330.705,batt,1
7750785615850,4330.705,batt,1
7750835690577,4330.705,batt,1
7750885692442,4330.705,batt,1
7750935660662,4330.705,batt,1
7750985632684,3629.041,batt,1
7751035672517,3629.041,batt,1
7751085702714,3629.041,batt,1
7751135683538,3629.041,batt,1
7751185677590,3629.041,batt,1
7751235682893,3739.446,batt,1
7751285738193,3739.446,batt,1
7751335683497,3739.446,batt,1
7751385743590,3739.446,batt,1
7751435758944,3739.446,batt,1
7751485682790,4397.736,batt,1
7751535638041,4397.736,batt,1
7751585720112,4397.736,batt,1
7751635663177,4397.736,batt,1
7751685705249,4397.736,batt,1
7751735651178,3421.402,batt,1
7751785794705,3421.402,batt,1
7751835681730,3421.402,batt,1
7751885672032,3421.402,batt,1
7751935790300,3421.402,batt,1
7751985698782,3853.210,batt,1
7752035625128,3853.210,batt,1
7752085736261,3853.210,batt,1
7752135731042,3853.210,batt,1
7752185669003,3853.210,batt,1
7752235749303,4164.737,batt,1
7752285733824,4164.737,batt,1
7752335720586,4164.737,batt,1
7752385663754,4164.737,batt,1
7752435651088,4164.737,batt,1
7752485716128,3668.963,batt,1
7752535659557,3668.963,batt,1
7752585678349,3668.963,batt,1
7752635664329,3668.963,batt,1
7752685655673,3668.963,batt,1
7752735655298,3376.614,batt,1
7752785660652,3376.614,batt,1
7752835722047,3376.614,batt,1
7752885731151,3376.614,batt,1
7752935708485,3376.614,batt,1
7752985724985,4714.743,batt,1
7753035687060,4714.743,batt,1
7753085749443,4714.743,batt,1
7753135674175,4714.743,batt,1
7753185646718,4714.743,batt,1
7753235666030,2783.596,batt,1
7753285783465,2783.596,batt,1
7753335696321,2783.596,batt,1
7753385770736,2783.596,batt,1
7753435669687,2783.596,batt,1
7753485694989,4045.906,batt,1
7753535708624,4045.906,batt,1
7753585664241,4045.906,batt,1
7753635662928,4045.906,batt,1
7753685744114,4045.906,batt,1
7753735706240,4238.888,batt,1
7753785707116,4238.888,batt,1
7753835681377,4238.888,batt,1
7753885669648,4238.888,batt,1
7753935644795,4238.888,batt,1
7753985801604,3677.437,batt,1
7754035641754,3677.437,batt,1
7754085881008,3677.437,batt,1
7754135645953,3677.437,batt,1
7754185709066,3677.437,batt,1
7754235673432,3443.456,batt,1
7754285646808,3443.456,batt,1
7754335678099,3443.456,batt,1
7754385664339,3443.456,batt,1
7754435726931,3443.456,batt,1
7754485703016,4259.267,batt,1
7754535689204,4259.267,batt,1
7754585693933,4259.267,batt,1
7754635628925,4259.267,batt,1
7754685737245,4259.267,batt,1
7754735659060,3527.289,batt,1
7754785643478,3527.289,batt,1
7754835626228,3527.289,batt,1
7754885671373,3527.289,batt,1
7754935679227,3527.289,batt,1
7754985714477,3628.518,batt,1
7755035672957,3628.518,batt,1
7755085719352,3628.518,batt,1
7755135681166,3628.518,batt,1
7755185769331,4702.855,batt,1
7755235713801,4701.725,batt,1
7755285650668,4701.725,batt,1
7755335735030,4701.725,batt,1
7755385670907,4701.725,batt,1
7755435673501,3196.617,batt,1
7755485642398,3196.617,batt,1
7755535664731,3196.617,batt,1
7755585745240,3196.617,batt,1
7755635688513,3196.617,batt,1
7755685681732,3506.012,batt,1
7755735631827,3506.012,batt,1
7755785631609,3506.012,batt,1
7755835811229,3506.012,batt,1
7755885658619,3506.012,batt,1
7755935742096,4404.910,batt,1
7755985759169,4404.910,batt,1
7756035675463,4404.910,batt,1
7756085729202,4404.910,batt,1
7756135675131,4404.910,batt,1
7756185660017,3420.497,batt,1
7756235678183,3420.497,batt,1
7756285662184,3420.497,batt,1
7756335675142,3420.497,batt,1
7756385674976,3420.497,batt,1
7756435693038,3558.431,batt,1
7756485664696,3558.431,batt,1
7756535669529,3558.431,batt,1
7756585705299,3558.431,batt,1
7756635627010,3558.431,batt,1
7756685700435,4354.139,batt,1
7756735645739,4354.139,batt,1
7756785664999,4354.139,batt,1
7756835656187,4354.139,batt,1
7756885726800,4354.139,batt,1
7756935690906,3981.508,batt,1
7756985668761,3981.508,batt,1
7757035735311,3981.508,batt,1
7757085767905,3981.508,batt,1
7757135640502,3981.508,batt,1
7757185710594,3517.643,batt,1
7757235664335,3517.643,batt,1
7757285683908,3517.643,batt,1
7757335692700,3517.643,batt,1
7757385702012,3517.643,batt,1
7757435773615,4418.297,batt,1
7757485673295,4418.297,batt,1
7757535658806,4418.297,batt,1
7757585704888,4418.297,batt,1
7757635682900,4418.297,batt,1
7757685715910,3717.377,batt,1
7757735692983,3717.377,batt,1
7757785657610,3717.377,batt,1
7757835664839,3717.377,batt,1
7757885734254,3717.377,batt,1
7757935691120,3489.277,batt,1
7757985717099,3489.277,batt,1
7758035697350,3489.277,batt,1
7758085697444,3489.277,batt,1
7758135708215,3489.277,batt,1
7758185724350,4039.498,batt,1
7758235653352,4039.498,batt,1
7758285692091,4039.498,batt,1
7758335675467,4039.498,batt,1
7758385669832,4039.498,batt,1
7758435674509,3456.889,batt,1
7758485666114,3456.889,batt,1
7758535736727,3456.889,batt,1
7758585730415,3456.889,batt,1
7758635684729,3456.889,batt,1
7758685729197,3664.190,batt,1
7758735695125,3664.190,batt,1
7758785643762,3664.190,batt,1
7758835885620,3664.190,batt,1
7758885662804,3664.190,batt,1
7758935717896,4067.785,batt,1
7758985717417,4067.785,batt,1
7759035723553,4067.785,batt,1
7759085692658,4067.785,batt,1
7759135649733,4067.785,batt,1
7759185685659,3595.880,batt,1
7759235641015,3595.880,batt,1
7759285748814,3595.880,batt,1
7759335637609,3595.880,batt,1
7759385655255,3595.880,batt,1
7759435766544,3177.976,batt,1
7759485670859,3177.976,batt,1
7759535628975,3177.976,batt,1
7759585696724,3177.976,batt,1
7759635716453,3177.976,batt,1
7759685655559,4217.052,batt,1
7759735670704,4217.052,batt,1
7759785709964,4217.052,batt,1
7759835780473,4217.052,batt,1
7759885669268,4217.052,batt,1
7759935692226,3621.797,batt,1
7759985663050,3621.797,batt,1
7760035659394,3621.797,batt,1
7760085650999,3621.797,batt,1
7760135640729,3621.797,batt,1
7760185656760,3724.949,batt,1
7760235713935,3724.949,batt,1
7760285646271,3724.949,batt,1
7760335658083,3724.949,batt,1
7760385713645,3724.949,batt,1
7760435737748,3856.479,batt,1
7760485666959,3856.479,batt,1
7760535699656,3856.479,batt,1
7760585617149,3856.479,batt,1
7760635684324,3856.479,batt,1
7760685806029,3331.576,batt,1
7760735668159,3331.576,batt,1
7760785659972,3331.576,batt,1
7760835737303,3331.576,batt,1
7760885717450,3331.576,batt,1
7760935722023,3820.094,batt,1
7760985693680,3820.094,batt,1
7761035639453,3820.094,batt,1
7761085649390,3820.094,batt,1
7761135783439,3820.094,batt,1
7761185718639,4295.488,batt,1
7761235719045,4295.488,batt,1
7761285682214,4295.488,batt,1
7761335775378,4295.488,batt,1
7761385681047,4295.488,batt,1
7761435671923,3466.839,batt,1
7761485724464,3466.839,batt,1
7761535691277,3466.839,batt,1
7761585688923,3466.839,batt,1
7761635670528,3536.059,batt,1
7761685744995,3536.059,batt,1
7761735660925,3536.059,batt,1
7761785697476,3536.059,batt,1
7761835764079,3536.059,batt,1
7761885871253,3706.214,batt,1
7761935661510,3706.214,batt,1
7761985645042,3706.214,batt,1
7762035676697,3706.214,batt,1
7762085663406,3706.214,batt,1
7762135685635,3612.835,batt,1
7762185786143,3612.835,batt,1
7762235666188,3612.835,batt,1
7762285742947,3612.835,batt,1
7762335679189,3612.835,batt,1
7762385695428,3849.323,batt,1
7762435688283,3849.323,batt,1
7762485662128,3849.323,batt,1
7762535837165,3849.323,batt,1
7762585681169,3849.323,batt,1
7762635665014,4259.054,batt,1
7762685710367,4259.054,batt,1
7762735665723,4259.054,batt,1
7762785793626,4259.054,batt,1
7762835725961,4259.054,batt,1
7762885666786,3412.515,batt,1
7762935670890,3412.515,batt,1
7762985815616,3412.515,batt,1
7763035676130,3412.515,batt,1
7763085715963,3412.515,batt,1
7763135697255,3708.362,batt,1
7763185712870,3708.362,batt,1
7763235690985,3708.362,batt,1
7763285697381,3708.362,batt,1
7763335691434,3708.362,batt,1
7763385673664,4511.969,batt,1
7763435693757,4511.969,batt,1
7763485697341,4511.969,batt,1
7763535651863,4511.969,batt,1
7763585750444,4511.969,batt,1
7763635660020,3638.768,batt,1
7763685668812,3638.768,batt,1
7763735726404,3638.768,batt,1
7763785732956,3638.768,batt,1
7763835696958,3638.768,batt,1
7763885661844,3517.018,batt,1
7763935665011,3517.018,batt,1
7763985726093,3517.018,batt,1
7764035647544,3517.018,batt,1
7764085752791,3517.018,batt,1
7764135673564,3781.345,batt,1
7764185668033,3781.345,batt,1
7764235699637,3781.345,batt,1
7764285700148,3781.345,batt,1
7764335686805,3781.345,batt,1
7764385650441,3569.724,batt,1
7764435705273,3569.724,batt,1
7764485683597,3569.724,batt,1
7764535686504,3569.724,batt,1
7764585786022,3569.724,batt,1
7764635666849,3604.533,batt,1
7764685734910,3604.533,batt,1
7764735660735,3604.533,batt,1
7764785642757,3604.533,batt,1
7764835669256,3604.533,batt,1
7764885681694,4099.903,batt,1
7764935665538,4099.903,batt,1
7764985679798,4099.903,batt,1
7765035655518,4099.903,batt,1
7765085675976,4099.903,batt,1
7765135778619,3695.457,batt,1
7765185706580,3695.457,batt,1
7765235782193,3695.457,batt,1
7765285657395,3695.457,batt,1
7765335681498,3695.457,batt,1
7765385732372,3241.780,batt,1
7765435676895,3241.780,batt,1
7765485700738,3241.780,batt,1
7765535675156,3241.780,batt,1
7765585745248,3241.780,batt,1
7765635704510,4117.741,batt,1
7765685673824,4117.741,batt,1
7765735688813,4117.741,batt,1
7765785720833,4117.741,batt,1
7765835651242,4117.741,batt,1
7765885761489,3544.366,batt,1
7765935700439,3544.366,batt,1
7765985679804,3544.366,batt,1
7766035648024,3544.366,batt,1
7766085689315,3544.366,batt,1
7766135697690,3288.386,batt,1
7766185702107,3288.386,batt,1
7766235694128,3288.386,batt,1
7766285767814,3288.386,batt,1
7766335692754,3288.386,batt,1
7766385726701,3558.164,batt,1
7766435686901,3558.164,batt,1
7766485702463,3558.164,batt,1
7766535681412,3558.164,batt,1
7766585721036,3558.164,batt,1
7766635683423,3551.475,batt,1
7766685674090,3551.475,batt,1
7766735684132,3551.475,batt,1
7766785685580,3551.475,batt,1
7766835674164,3551.475,batt,1
7766885732590,3638.931,batt,1
7766935685966,3638.931,batt,1
7766985660696,3638.931,batt,1
7767035697873,3638.931,batt,1
7767085642604,3638.931,batt,1
7767135732956,3455.604,batt,1
7767185611959,3455.604,batt,1
7767235609397,3455.604,batt,1
7767285601314,3455.604,batt,1
