t_mono_ns,power_mW,src,valid
7519322329457,1691.644,batt,1
7519372359342,1691.644,batt,1
7519422358030,1691.644,batt,1
7519472368020,1691.644,batt,1
7519522409310,1691.644,batt,1
7519572390290,1594.325,batt,1
7519622326740,1594.325,batt,1
7519672313918,1594.325,batt,1
7519722316668,1594.325,batt,1
7519772314262,1594.325,batt,1
7519822443520,984.410,batt,1
7519872352054,984.410,batt,1
7519922730054,984.410,batt,1
7519972702284,984.410,batt,1
7520022351971,984.410,batt,1
7520072356961,1280.257,batt,1
7520122345649,1280.257,batt,1
7520172375899,1280.257,batt,1
7520222333390,1280.257,batt,1
7520272359264,1280.257,batt,1
7520322625080,1410.914,batt,1
7520372347057,1410.914,batt,1
7520422347255,1410.914,batt,1
7520472348964,1410.914,batt,1
7520522364370,1410.914,batt,1
7520572348370,634.574,batt,1
7520622347840,634.574,batt,1
7520672350225,634.574,batt,1
7520722343705,634.574,batt,1
7520772350257,634.574,batt,1
7520822350455,617.374,batt,1
7520872362424,617.374,batt,1
7520922344810,617.374,batt,1
7520972403913,617.374,batt,1
7521022347602,617.374,batt,1
7521072379675,628.422,batt,1
7521122378258,628.422,batt,1
7521172362363,628.422,batt,1
7521222384019,628.422,batt,1
7521272343229,628.422,batt,1
7521322354937,659.032,batt,1
7521372361125,659.032,batt,1
7521422349448,659.032,batt,1
7521472349751,659.032,batt,1
7521522350105,659.032,batt,1
7521572362282,590.469,batt,1
7521622346648,590.469,batt,1
7521672381272,590.469,batt,1
7521722379387,590.469,batt,1
7521772379585,590.469,batt,1
7521822351138,604.008,batt,1
7521872381596,604.008,batt,1
7521922378305,604.008,batt,1
7521972356004,604.008,batt,1
7522022348702,604.008,batt,1
7522072368796,601.512,batt,1
7522122360921,601.512,batt,1
7522172377838,601.512,batt,1
7522222344235,601.512,batt,1
7522272364693,545.501,batt,1
7522322352652,545.448,batt,1
7522372374776,545.448,batt,1
7522422363881,545.448,batt,1
7522472382308,545.448,batt,1
7522522378131,2214.566,batt,1
7522572371871,2214.566,batt,1
7522622385819,2214.566,batt,1
7522672344508,2214.566,batt,1
7522722407830,2214.566,batt,1
7522772380789,2696.077,batt,1
7522822426819,2696.077,batt,1
7522872440611,2696.077,batt,1
7522922357166,2696.077,batt,1
7522972381426,2696.077,batt,1
7523022519641,3280.162,batt,1
7523081302663,3280.162,batt,1
7523122397957,3280.162,batt,1
7523172513100,3280.162,batt,1
7523222729178,3280.162,batt,1
7523272428343,5817.468,batt,1
7523322414375,5817.468,batt,1
7523372290254,5817.468,batt,1
7523422391803,5817.468,batt,1
7523472401480,5817.468,batt,1
7523522525737,4813.425,batt,1
7523572673431,4813.425,batt,1
7523622379784,4813.425,batt,1
7523672381909,4813.425,batt,1
7523722526426,4813.425,batt,1
7523772547770,6184.218,batt,1
7523822369535,6184.218,batt,1
7523872575457,6184.218,batt,1
7523922413993,6184.218,batt,1
7523972410389,6184.218,batt,1
7524022450951,6408.342,batt,1
7524072610155,6408.342,batt,1
7524122371558,6408.342,batt,1
7524172432744,6408.342,batt,1
7524222371850,6408.342,batt,1
7524272400485,3079.844,batt,1
7524322514013,3079.844,batt,1
7524372533378,3079.844,batt,1
7524422408007,3079.844,batt,1
7524472485703,3079.844,batt,1
7524522383768,6702.081,batt,1
7524572512557,6702.081,batt,1
7524622442809,6702.081,batt,1
7524672382071,6702.081,batt,1
7524722563462,6702.081,batt,1
7524772580952,6484.793,batt,1
7524822415477,6484.793,batt,1
7524872458018,6484.793,batt,1
7524922471497,6484.793,batt,1
7524972591900,6484.793,batt,1
7525022460436,5430.541,batt,1
7525072408344,5430.541,batt,1
7525122468592,5430.541,batt,1
7525181674363,5430.541,batt,1
7525222401387,5430.541,batt,1
7525272432678,5378.062,batt,1
7525322558758,5378.062,batt,1
7525372437084,5378.062,batt,1
7525422419887,5378.062,batt,1
7525472372639,5378.062,batt,1
7525522548978,4351.121,batt,1
7525572465793,4351.121,batt,1
7525622430732,4351.121,batt,1
7525672400931,4351.121,batt,1
7525722475919,4351.121,batt,1
7525772423670,5670.667,batt,1
7525822375276,5670.667,batt,1
7525872401255,5670.667,batt,1
7525922393328,5670.667,batt,1
7525972441025,5670.667,batt,1
7526022508878,4783.617,batt,1
7526072503555,4783.617,batt,1
7526122445318,4783.617,batt,1
7526172448276,4783.617,batt,1
7526222649198,4783.617,batt,1
7526272400028,5933.709,batt,1
7526322386008,5933.709,batt,1
7526372491308,5933.709,batt,1
7526422460413,5933.709,batt,1
7526472594774,5933.709,batt,1
7526522644242,5913.214,batt,1
7526572471007,5913.214,batt,1
7526622362511,5913.214,batt,1
7526672522079,5913.214,batt,1
7526722434676,5913.214,batt,1
7526772434093,4869.547,batt,1
7526822416792,4869.547,batt,1
7526872545424,4869.547,batt,1
7526922484738,4869.547,batt,1
7526972417855,4869.547,batt,1
7527022399877,4782.659,batt,1
7527072374971,4782.659,batt,1
7527122321421,4782.659,batt,1
7527172432866,4782.659,batt,1
7527222405409,4782.659,batt,1
7527280472045,5358.237,batt,1
7527322480387,5358.237,batt,1
7527372405379,5358.237,batt,1
7527422402764,5358.237,batt,1
7527472502699,5358.237,batt,1
7527522487638,5078.262,batt,1
7527572422733,5078.262,batt,1
7527622537251,5078.262,batt,1
7527672535887,5078.262,batt,1
7527722476399,5078.262,batt,1
7527772434568,5308.098,batt,1
7527822461900,5308.098,batt,1
7527872424756,5308.098,batt,1
7527922646615,5308.098,batt,1
7527972380206,5308.098,batt,1
7528022452277,5389.033,batt,1
7528072486120,5389.033,batt,1
7528122634075,5389.033,batt,1
7528172433914,5389.033,batt,1
7528222461455,5389.033,batt,1
7528272429675,5035.084,batt,1
7528324762984,5035.084,batt,1
7528372416843,5035.084,batt,1
7528422448707,5035.084,batt,1
7528472397448,5035.084,batt,1
7528522681648,5344.196,batt,1
7528572465759,5344.196,batt,1
7528622459343,5344.196,batt,1
7528672482978,5344.196,batt,1
7528722414480,5344.196,batt,1
7528772363482,4562.175,batt,1
7528822388627,4562.175,batt,1
7528872401221,4562.175,batt,1
7528922462980,4562.175,batt,1
7528972432033,3723.876,batt,1
7529022384681,3723.876,batt,1
7529072418732,3723.876,batt,1
7529122361380,3723.876,batt,1
7529172376994,3723.876,batt,1
7529222393911,3695.637,batt,1
7529272397911,3695.637,batt,1
7529322440608,3695.637,batt,1
7529372344142,3695.637,batt,1
7529422478035,3695.637,batt,1
7529472425839,3507.192,batt,1
7529522460515,3507.192,batt,1
7529572454307,3507.192,batt,1
7529622371643,3507.192,batt,1
7529672411996,3507.192,batt,1
7529722407455,3241.496,batt,1
7529772376560,3241.496,batt,1
7529822512536,3241.496,batt,1
7529872407164,3241.496,batt,1
7529922410592,3241.496,batt,1
7529972467820,3854.204,batt,1
7530022424217,3854.204,batt,1
7530072453737,3854.204,batt,1
7530122387010,3854.204,batt,1
7530172383250,3854.204,batt,1
7530222354543,3824.219,batt,1
7530272428541,3824.219,batt,1
7530322446343,3824.219,batt,1
7530372441177,3824.219,batt,1
7530422438719,3824.219,batt,1
7530472394335,3702.664,batt,1
7530522447396,3702.664,batt,1
7530572397440,3702.664,batt,1
7530622529718,3702.664,batt,1
7530672372733,3702.664,batt,1
7530722357931,3364.526,batt,1
7530772442033,3364.526,batt,1
7530822381660,3364.526,batt,1
7530872425191,3364.526,batt,1
7530922458148,3364.526,batt,1
7530972374443,3837.926,batt,1
7531022379380,3837.926,batt,1
7531072396141,3837.926,batt,1
7531122394985,3837.926,batt,1
7531172460442,3837.926,batt,1
7531222424703,3496.017,batt,1
7531272445838,3496.017,batt,1
7531322381351,3496.017,batt,1
7531372403580,3496.017,batt,1
7531422573304,3496.017,batt,1
7531472360488,3594.765,batt,1
7531522358030,3594.765,batt,1
7531572441090,3594.765,batt,1
7531622404467,3594.765,batt,1
7531672366958,3594.765,batt,1
7531722420123,3999.844,batt,1
7531772394332,3999.844,batt,1
7531822427498,3999.844,batt,1
7531872433790,3999.844,batt,1
7531922453571,3999.844,batt,1
7531972399396,3698.986,batt,1
7532022406521,3698.986,batt,1
7532072339950,3698.986,batt,1
7532122433063,3698.986,batt,1
7532172482947,3698.986,batt,1
7532222430907,3748.641,batt,1
7532272441470,3748.641,batt,1
7532322403804,3748.641,batt,1
7532372412856,3748.641,batt,1
7532422438054,3748.641,batt,1
7532472345859,3590.709,batt,1
7532522444596,3590.709,batt,1
7532572432815,3590.709,batt,1
7532622355724,3590.709,batt,1
7532672392432,3590.709,batt,1
7532722377891,3341.659,batt,1
7532772376058,3341.659,batt,1
7532822408547,3341.659,batt,1
7532872446661,3341.659,batt,1
7532922406704,3341.659,batt,1
7532972426797,3858.281,batt,1
7533022449026,3858.281,batt,1
7533072384330,3858.281,batt,1
7533122398903,3858.281,batt,1
7533172428059,3858.281,batt,1
7533222386852,3864.834,batt,1
7533272423143,3864.834,batt,1
7533322456465,3864.834,batt,1
7533372389061,3864.834,batt,1
7533422621388,3864.834,batt,1
7533472374406,3582.977,batt,1
7533522427363,3582.977,batt,1
7533572368709,3582.977,batt,1
7533622427447,3582.977,batt,1
7533672447124,3582.977,batt,1
7533722430656,3792.457,batt,1
7533772421271,3792.457,batt,1
7533822395011,3792.457,batt,1
7533872396147,3792.457,batt,1
7533922461552,3792.457,batt,1
7533972409772,3514.831,batt,1
7534022402835,3514.831,batt,1
7534072402773,3514.831,batt,1
7534122450262,3514.831,batt,1
7534172377285,3514.831,batt,1
7534222447481,3516.967,batt,1
7534272410128,3516.967,batt,1
7534322447461,3516.967,batt,1
7534372406723,3516.967,batt,1
7534422465721,3516.967,batt,1
7534472433264,3760.771,batt,1
7534522413359,3760.771,batt,1
7534572396318,3760.771,batt,1
7534622347455,3760.771,batt,1
7534672435724,3760.771,batt,1
7534722458942,3420.662,batt,1
7534772413881,3420.662,batt,1
7534822589439,3420.662,batt,1
7534872357352,3420.662,batt,1
7534922384477,3420.662,batt,1
7534972420820,3385.934,batt,1
7535022387946,3385.934,batt,1
7535072450122,3385.934,batt,1
7535122405738,3385.934,batt,1
7535172405103,3385.934,batt,1
7535222383895,3482.994,batt,1
7535272493413,3482.994,batt,1
7535322449029,3482.994,batt,1
7535372454852,3482.994,batt,1
7535422423906,3590.672,batt,1
7535472456395,3590.672,batt,1
7535522421542,3590.672,batt,1
7535572450020,3590.672,batt,1
7535622407876,3590.672,batt,1
7535672406981,3815.150,batt,1
7535722427647,3815.150,batt,1
7535772405867,3815.150,batt,1
7535822386326,3815.150,batt,1
7535872411732,3815.150,batt,1
7535922405524,3256.599,batt,1
7535972402545,3256.599,batt,1
7536022439930,3256.599,batt,1
7536072456013,3256.599,batt,1
7536122343662,3256.599,batt,1
7536172381255,3220.675,batt,1
7536222407755,3220.675,batt,1
7536272526856,3220.675,batt,1
7536322396485,3220.675,batt,1
7536372425276,3220.675,batt,1
7536422377351,3665.079,batt,1
7536472447026,3665.079,batt,1
7536522424204,3665.079,batt,1
7536572439975,3665.079,batt,1
7536622392830,3665.079,batt,1
7536672392664,3406.909,batt,1
7536722397706,3406.909,batt,1
7536772383165,3406.909,batt,1
7536822431070,3406.909,batt,1
7536872414758,3406.909,batt,1
7536922401155,3224.816,batt,1
7536972386354,3224.816,batt,1
7537022452956,3224.816,batt,1
7537072377063,3224.816,batt,1
7537122412677,3224.816,batt,1
7537172446155,3855.561,batt,1
7537222438333,3855.561,batt,1
7537272422073,3855.561,batt,1
7537322403157,3855.561,batt,1
7537372431115,3855.561,batt,1
7537422462667,3294.239,batt,1
7537472461198,3294.239,batt,1
7537522411971,3294.239,batt,1
7537572443418,3294.239,batt,1
7537622422211,3294.239,batt,1
7537672405639,3497.533,batt,1
7537722399379,3497.533,batt,1
7537772369630,3497.533,batt,1
7537822449565,3497.533,batt,1
7537872418723,3497.533,batt,1
7537922388141,3644.268,batt,1
7537972436514,3644.268,batt,1
7538022424838,3644.268,batt,1
7538072433005,3644.268,batt,1
7538122389246,3644.268,batt,1
7538172420277,3280.035,batt,1
7538222400267,3280.035,batt,1
7538272392601,3280.035,batt,1
7538322433162,3280.035,batt,1
7538372406382,3280.035,batt,1
7538422442413,2959.908,batt,1
7538472365374,2959.908,batt,1
7538522443486,2959.908,batt,1
7538572403425,2959.908,batt,1
7538622469195,2959.908,batt,1
7538672428561,3346.060,batt,1
7538722405218,3346.060,batt,1
7538772422290,3346.060,batt,1
7538822516601,3346.060,batt,1
7538872410396,3346.060,batt,1
7538922357366,3488.606,batt,1
7538972401990,3488.606,batt,1
7539022461197,3488.606,batt,1
7539072436604,3488.606,batt,1
7539122378835,3488.606,batt,1
7539172425491,3124.843,batt,1
7539222468761,3124.843,batt,1
7539272403492,3124.843,batt,1
7539322475303,3124.843,batt,1
7539372464460,3124.843,batt,1
7539422384660,3831.219,batt,1
7539472420534,3831.219,batt,1
7539522403389,3831.219,batt,1
7539572424941,3831.219,batt,1
7539622432795,3831.219,batt,1
7539672414973,3515.056,batt,1
7539722443244,3515.056,batt,1
7539772353653,3515.056,batt,1
7539822432442,3515.056,batt,1
7539872415870,3515.056,batt,1
7539922474973,3438.832,batt,1
7539972439131,3438.832,batt,1
7540022377299,3438.832,batt,1
7540072380570,3438.832,batt,1
7540122397903,3438.832,batt,1
7540172351645,3392.016,batt,1
7540222461996,3392.016,batt,1
7540272435164,3392.016,batt,1
7540322347864,3392.016,batt,1
7540372415144,3392.016,batt,1
7540422375135,3708.319,batt,1
7540472390333,3708.319,batt,1
7540522453811,3708.319,batt,1
7540572389115,3708.319,batt,1
7540622462436,3708.319,batt,1
7540672447114,3867.297,batt,1
7540722379293,3867.297,batt,1
7540772446416,3867.297,batt,1
7540822432969,3867.297,batt,1
7540872407543,3867.297,batt,1
7540922410345,3497.699,batt,1
7540972538978,3497.699,batt,1
7541033132469,3497.699,batt,1
7541072391982,3497.699,batt,1
7541122370671,3497.699,batt,1
7541172434044,3386.912,batt,1
7541222357474,3386.912,batt,1
7541272399962,3386.912,batt,1
7541322374224,3386.912,batt,1
7541372402703,3386.912,batt,1
7541422430035,3696.870,batt,1
7541472421119,3696.870,batt,1
7541522439702,3696.870,batt,1
7541572468337,3696.870,batt,1
7541622408381,3696.870,batt,1
7541672377799,3775.715,batt,1
7541722420548,3775.715,batt,1
7541772399497,3775.715,batt,1
7541822402247,3775.715,batt,1
7541872424111,3830.060,batt,1
7541922413008,3831.533,batt,1
7541972387894,3831.533,batt,1
7542022387051,3831.533,batt,1
7542072353500,3831.533,batt,1
7542122384687,3336.990,batt,1
7542172454570,3336.990,batt,1
7542222468727,3336.990,batt,1
7542272451009,3336.990,batt,1
7542322406156,3336.990,batt,1
7542372436197,3318.711,batt,1
7542422404782,3318.711,batt,1
7542472626276,3318.711,batt,1
7542522380387,3318.711,batt,1
7542572435271,3318.711,batt,1
7542622441615,3446.513,batt,1
7542672431189,3446.513,batt,1
7542722400971,3446.513,batt,1
7542772370701,3446.513,batt,1
7542822406784,3446.513,batt,1
7542872388285,3217.428,batt,1
7542922433534,3217.428,batt,1
7542972417222,3217.428,batt,1
7543022439607,3217.428,batt,1
7543072415692,3217.428,batt,1
7543122363339,3505.730,batt,1
7543172417703,3505.730,batt,1
7543222437796,3505.730,batt,1
7543272428672,3505.730,batt,1
7543322453400,3505.730,batt,1
7543372433287,3559.324,batt,1
7543422342290,3559.324,batt,1
7543472392590,3559.324,batt,1
7543522503567,3559.324,batt,1
7543572437725,3559.324,batt,1
7543622382040,3420.826,batt,1
7543672576034,3420.826,batt,1
7543722439309,3420.826,batt,1
7543772414040,3420.826,batt,1
7543822476996,3420.826,batt,1
7543872418134,3810.618,batt,1
7543922387500,3810.618,batt,1
7543972388375,3810.618,batt,1
7544022403208,3810.618,batt,1
7544072403302,3810.618,batt,1
7544122447718,3502.027,batt,1
7544172387241,3502.027,batt,1
7544222433635,3502.027,batt,1
7544272443052,3502.027,batt,1
7544322411480,3502.027,batt,1
7544372468188,3494.052,batt,1
7544422390836,3494.052,batt,1
7544472477177,3494.052,batt,1
7544522395868,3494.052,batt,1
7544572545593,3494.052,batt,1
7544622391420,3826.510,batt,1
7544672413962,3826.510,batt,1
7544722406921,3826.510,batt,1
7544772457690,3826.510,batt,1
7544822397161,3826.510,batt,1
7544872386578,3371.545,batt,1
7544922447139,3371.545,batt,1
7544972453952,3371.545,batt,1
7545022388892,3371.545,batt,1
7545072470598,3371.545,batt,1
7545122448818,3366.670,batt,1
7545172373133,3366.670,batt,1
7545222375674,3366.670,batt,1
7545272502952,3366.670,batt,1
7545322412111,3366.670,batt,1
7545372658032,3834.480,batt,1
7545422379853,3834.480,batt,1
7545472419060,3834.480,batt,1
7545522409363,3834.480,batt,1
7545572481174,3834.480,batt,1
7545622429707,3624.824,batt,1
7545672405010,3624.824,batt,1
7545722445103,3624.824,batt,1
7545772364470,3624.824,batt,1
7545822413989,3624.824,batt,1
7545872392678,3198.774,batt,1
7545922453864,3198.774,batt,1
7545972391772,3198.774,batt,1
7546022397179,3198.774,batt,1
7546072500239,3198.774,batt,1
7546122386742,3196.615,batt,1
7546172472407,3196.615,batt,1
7546222406305,3196.615,batt,1
7546272416867,3196.615,batt,1
7546322446648,3196.615,batt,1
7546372392160,3876.808,batt,1
7546422363974,3876.808,batt,1
7546472415733,3876.808,batt,1
7546522409369,3876.808,batt,1
7546572409984,3876.808,batt,1
7546622410286,3642.642,batt,1
7546672402151,3642.642,batt,1
7546722429640,3642.642,batt,1
7546772408433,3642.642,batt,1
7546822442797,3642.642,batt,1
7546872432474,3533.031,batt,1
7546922450537,3533.031,batt,1
7546972443339,3533.031,batt,1
7547022390883,3533.031,batt,1
7547072409518,3533.031,batt,1
7547122473621,2592.557,batt,1
7547172397675,2592.557,batt,1
7547222440997,2592.557,batt,1
7547272436768,2592.557,batt,1
7547322357281,2592.557,batt,1
7547372368156,3308.725,batt,1
7547422453821,3308.725,batt,1
7547472440217,3308.725,batt,1
7547522515257,3308.725,batt,1
7547572418531,3308.725,batt,1
7547622345919,3871.640,batt,1
7547672389814,3871.640,batt,1
7547722460218,3871.640,batt,1
7547772421772,3871.640,batt,1
7547822472229,3871.640,batt,1
7547872433157,3606.543,batt,1
7547922361899,3606.543,batt,1
7547972382305,3606.543,batt,1
7548022418961,3606.543,batt,1
7548072441138,3606.543,batt,1
7548122414462,3834.795,batt,1
7548172425857,3834.795,batt,1
7548222471679,3834.795,batt,1
7548272456774,3834.795,batt,1
7548322430567,3561.586,batt,1
7548372338424,3561.244,batt,1
7548422499503,3561.244,batt,1
7548472436265,3561.244,batt,1
7548522420006,3561.244,batt,1
7548572417600,3293.922,batt,1
7548622384726,3293.922,batt,1
7548672386018,3293.922,batt,1
7548722375018,3293.922,batt,1
7548772391466,3293.922,batt,1
7548822405831,3499.950,batt,1
7548872446028,3499.950,batt,1
7548922444039,3499.950,batt,1
7548972434185,3499.950,batt,1
7549022411571,3499.950,batt,1
7549072396510,3241.184,batt,1
7549122481289,3241.184,batt,1
7549172361178,3241.184,batt,1
7549222367417,3241.184,batt,1
7549272457040,3241.184,batt,1
7549322427604,3518.253,batt,1
7549372390095,3518.253,batt,1
7549422363315,3518.253,batt,1
7549472423303,3518.253,batt,1
7549522415220,3518.253,batt,1
7549572416460,3917.058,batt,1
7549622463948,3917.058,batt,1
7549672419981,3917.058,batt,1
7549722389034,3917.058,batt,1
7549772420065,3917.058,batt,1
7549822381775,3480.189,batt,1
7549872411556,3480.189,batt,1
7549922548364,3480.189,batt,1
7549972352943,3480.189,batt,1
7550022399494,3480.189,batt,1
7550072403703,3585.106,batt,1
7550122425255,3585.106,batt,1
7550172413005,3585.106,batt,1
7550222456848,3585.106,batt,1
7550272423141,3585.106,batt,1
7550322441776,4021.616,batt,1
7550372436506,4021.616,batt,1
7550422400976,4021.616,batt,1
7550480493236,4021.616,batt,1
7550522457152,4021.616,batt,1
7550572415945,3538.439,batt,1
7550622397446,3538.439,batt,1
7550672409779,3538.439,batt,1
7550722395811,3538.439,batt,1
7550772431113,3538.439,batt,1
7550822434279,3749.651,batt,1
7550872388177,3749.651,batt,1
7550922442801,3749.651,batt,1
7550972419145,3749.651,batt,1
7551022362106,3749.651,batt,1
7551072436416,3893.534,batt,1
7551122378022,3893.534,batt,1
7551172540403,3893.534,batt,1
7551222431646,3893.534,batt,1
7551272411689,3893.534,batt,1
7551322402669,3320.718,batt,1
7551372439324,3320.718,batt,1
7551422415461,3320.718,batt,1
7551472399722,3320.718,batt,1
7551522396587,3320.718,batt,1
7551572451002,3385.841,batt,1
7551622446461,3385.841,batt,1
7551672436087,3385.841,batt,1
7551722397275,3385.841,batt,1
7551772470232,3385.841,batt,1
7551822402099,3712.915,batt,1
7551872415682,3712.915,batt,1
7551922411922,3712.915,batt,1
7551972384309,3712.915,batt,1
7552022369455,3712.915,batt,1
7552072376997,3724.931,batt,1
7552122381153,3724.931,batt,1
7552172485307,3724.931,batt,1
7552222378425,3724.931,batt,1
7552272364092,3724.931,batt,1
7552322423664,3870.073,batt,1
7552372450840,3870.073,batt,1
7552422420883,3870.073,batt,1
7552472369677,3870.073,batt,1
7552522427686,3870.073,batt,1
7552572341845,3310.876,batt,1
7552622376625,3310.876,batt,1
7552672440780,3310.876,batt,1
7552722385719,3310.876,batt,1
7552772447218,3310.876,batt,1
7552822432416,3732.167,batt,1
7552872420948,3732.167,batt,1
7552922451198,3732.167,batt,1
7552972404106,3732.167,batt,1
7553022390086,3732.167,batt,1
7553072448303,3734.658,batt,1
7553122404440,3734.658,batt,1
7553172364900,3734.658,batt,1
7553222467074,3734.658,batt,1
7553272418211,3734.658,batt,1
7553322405233,3831.689,batt,1
7553372372776,3831.689,batt,1
7553422422087,3831.689,batt,1
7553472422442,3831.689,batt,1
7553522413994,3831.689,batt,1
7553572424505,3632.766,batt,1
7553622442827,3632.766,batt,1
7553672468702,3632.766,batt,1
7553722400412,3632.766,batt,1
7553772439828,3632.766,batt,1
7553822361591,3468.740,batt,1
7553872433037,3468.740,batt,1
7553922453652,3468.740,batt,1
7553972422497,3468.740,batt,1
7554022416601,3468.740,batt,1
7554072464559,3560.843,batt,1
7554122378040,3560.843,batt,1
7554172439435,3560.843,batt,1
7554222394686,3560.843,batt,1
7554272358531,3560.843,batt,1
7554322406905,2617.307,batt,1
7554372403614,2617.307,batt,1
7554422497143,2617.307,batt,1
7554472395209,2617.307,batt,1
7554522386449,2617.307,batt,1
7554572451645,3279.463,batt,1
7554622366742,3279.463,batt,1
7554672439594,3279.463,batt,1
7554722409897,3279.463,batt,1
7554772362701,3367.098,batt,1
7554822375191,3368.070,batt,1
7554872440387,3368.070,batt,1
7554922416575,3368.070,batt,1
7554972389951,3368.070,batt,1
7555022421503,3888.515,batt,1
7555072453523,3888.515,batt,1
7555122400181,3888.515,batt,1
7555172404286,3888.515,batt,1
7555222501721,3888.515,batt,1
7555272460826,3357.383,batt,1
7555322452900,3357.383,batt,1
7555372378725,3357.383,batt,1
7555422348976,3357.383,batt,1
7555472414225,3357.383,batt,1
7555522559210,3478.386,batt,1
7555572422798,3478.386,batt,1
7555622446173,3478.386,batt,1
7555672411893,3478.386,batt,1
7555722379748,3478.386,batt,1
7555772399685,3609.146,batt,1
7555822425091,3609.146,batt,1
7555872433154,3609.146,batt,1
7555922405228,3609.146,batt,1
7555972409019,3609.146,batt,1
7556022373750,3583.383,batt,1
7556072398791,3583.383,batt,1
7556122578776,3583.383,batt,1
7556172398719,3583.383,batt,1
7556222508862,3583.383,batt,1
7556272310316,3518.371,batt,1
7556322422594,3518.371,batt,1
7556372411178,3518.371,batt,1
7556422392262,3518.371,batt,1
7556472429491,3518.371,batt,1
7556522440574,4080.159,batt,1
7556572393274,4080.159,batt,1
7556622412846,4080.159,batt,1
7556672416273,4080.159,batt,1
7556722358192,4080.159,batt,1
7556772394014,3440.504,batt,1
7556822399108,3440.504,batt,1
7556872408369,3440.504,batt,1
7556922422629,3440.504,batt,1
7556972413557,3440.504,batt,1
7557022393287,3402.383,batt,1
7557072394110,3402.383,batt,1
7557122528263,3402.383,batt,1
7557172403829,3402.383,batt,1
7557222437672,3402.383,batt,1
7557272531461,3750.470,batt,1
7557322360154,3750.470,batt,1
7557372420090,3750.470,batt,1
7557422450340,3750.470,batt,1
7557472442830,3750.470,batt,1
7557522453132,3685.918,batt,1
7557572417289,3685.918,batt,1
7557622413269,3685.918,batt,1
7557672410082,3685.918,batt,1
7557722401843,3685.918,batt,1
7557772438238,3516.628,batt,1
7557822406510,3516.628,batt,1
7557872440145,3516.628,batt,1
7557922383313,3516.628,batt,1
7557972383355,3516.628,batt,1
7558022512300,3654.676,batt,1
7558072376616,3654.676,batt,1
7558122368950,3654.676,batt,1
7558172453886,3654.676,batt,1
7558222421637,3654.676,batt,1
7558272468657,3571.373,batt,1
7558322469324,3571.373,batt,1
7558372466293,3571.373,batt,1
7558422399409,3571.373,batt,1
7558472380494,3571.373,batt,1
7558522388921,3548.712,batt,1
7558572428076,3548.712,batt,1
7558622439160,3548.712,batt,1
7558672527324,3548.712,batt,1
7558722398203,3548.712,batt,1
7558772402151,3752.147,batt,1
7558822474743,3752.147,batt,1
7558872407183,3752.147,batt,1
7558922445088,3752.147,batt,1
7558972436224,3752.147,batt,1
7559022445068,3638.069,batt,1
7559072380424,3638.069,batt,1
7559122411195,3638.069,batt,1
7559172411393,3638.069,batt,1
7559222436590,3638.069,batt,1
7559272418820,3282.057,batt,1
7559322419800,3282.057,batt,1
7559372421560,3282.057,batt,1
7559422368948,3282.057,batt,1
7559472441175,3282.057,batt,1
7559522373615,3462.704,batt,1
7559572447040,3462.704,batt,1
7559622441926,3462.704,batt,1
7559672464571,3462.704,batt,1
7559722486488,3462.704,batt,1
7559772370179,3546.788,batt,1
7559822405272,3546.788,batt,1
7559872420418,3546.788,batt,1
7559922400981,3546.788,batt,1
7559972388680,3546.788,batt,1
7560022365493,3726.184,batt,1
7560072405586,3726.184,batt,1
7560122396722,3726.184,batt,1
7560172438273,3726.184,batt,1
7560222461023,3726.184,batt,1
7560272449190,3764.175,batt,1
7560322397046,3764.175,batt,1
7560372416254,3764.175,batt,1
7560422422390,3764.175,batt,1
7560472424359,3764.175,batt,1
7560522482003,3574.561,batt,1
7560572444807,3574.561,batt,1
7560622416724,3574.561,batt,1
7560672466244,3574.561,batt,1
7560722406600,3574.561,batt,1
7560772424246,3443.559,batt,1
7560822397986,3443.559,batt,1
7560872397247,3443.559,batt,1
7560922393956,3443.559,batt,1
7560972447903,3443.559,batt,1
7561022430445,3252.760,batt,1
7561072471423,3252.760,batt,1
7561122370947,3252.760,batt,1
7561172404686,3252.760,batt,1
7561222423947,3899.362,batt,1
7561272420134,3906.495,batt,1
7561322372730,3906.495,batt,1
7561372394750,3906.495,batt,1
7561422432343,3906.495,batt,1
7561472379626,2159.640,batt,1
7561522406647,2159.640,batt,1
7561572450698,2159.640,batt,1
7561622378763,2159.640,batt,1
7561672451459,2159.640,batt,1
7561722413585,3700.028,batt,1
7561772411284,3700.028,batt,1
7561822471115,3700.028,batt,1
7561872441575,3700.028,batt,1
7561922374275,3700.028,batt,1
7561972390462,3644.260,batt,1
7562022418889,3644.260,batt,1
7562072419868,3644.260,batt,1
7562122381630,3644.260,batt,1
7562172456149,3644.260,batt,1
7562222436140,3324.488,batt,1
7562272372954,3324.488,batt,1
7562322374663,3324.488,batt,1
7562372454546,3324.488,batt,1
7562422411985,3324.488,batt,1
7562472444526,3654.119,batt,1
7562522372435,3654.119,batt,1
7562572434559,3654.119,batt,1
7562622453037,3654.119,batt,1
7562672396466,3654.119,batt,1
7562722414008,4108.843,batt,1
7562772385405,4108.843,batt,1
7562822407686,4108.843,batt,1
7562872431946,4108.843,batt,1
7562922468862,4108.843,batt,1
7562972403385,3362.866,batt,1
7563022388896,3362.866,batt,1
7563072407479,3362.866,batt,1
7563122411167,3362.866,batt,1
7563172404178,3362.866,batt,1
7563222404376,3416.048,batt,1
7563272402334,3416.048,batt,1
7563322398835,3416.048,batt,1
7563372415387,3416.048,batt,1
7563422394752,3416.048,batt,1
7563472415835,3854.574,batt,1
7563522392284,3854.574,batt,1
7563572483782,3854.574,batt,1
7563622420909,3854.574,batt,1
7563672362723,3854.574,batt,1
7563722401931,3300.446,batt,1
7563772556656,3300.446,batt,1
7563822369151,3300.446,batt,1
7563872450128,3300.446,batt,1
7563922406734,3300.446,batt,1
7563972455473,3289.589,batt,1
7564022385360,3289.589,batt,1
7564072431703,3289.589,batt,1
7564122430235,3289.589,batt,1
7564172442672,3289.589,batt,1
7564222392820,3785.710,batt,1
7564272392757,3785.710,batt,1
7564322428371,3785.710,batt,1
7564372393831,3785.710,batt,1
7564422418924,3785.710,batt,1
7564472497349,3423.957,batt,1
7564522447966,3423.957,batt,1
7564572372489,3423.957,batt,1
7564622410551,3423.957,batt,1
7564672453352,3423.957,batt,1
7564722402145,3529.372,batt,1
7564772471873,3529.372,batt,1
7564822451551,3529.372,batt,1
7564872415292,3529.372,batt,1
7564922439864,3529.372,batt,1
7564972419959,3614.050,batt,1
7565022395106,3614.050,batt,1
7565072376971,3614.050,batt,1
7565122423574,3614.050,batt,1
7565172418720,3614.050,batt,1
7565222466938,3491.869,batt,1
7565272436408,3491.869,batt,1
7565322381816,3491.869,batt,1
7565372371129,3491.869,batt,1
7565422428149,3491.869,batt,1
7565472470065,3581.913,batt,1
7565522378078,3581.913,batt,1
7565572399890,3581.913,batt,1
7565622413682,3581.913,batt,1
7565672457733,3581.913,batt,1
7565722358975,3313.457,batt,1
7565772433703,3313.457,batt,1
7565822395985,3313.457,batt,1
7565872455401,3313.457,batt,1
7565922440339,3313.457,batt,1
7565972417673,3501.465,batt,1
7566022400476,3501.465,batt,1
7566072394112,3501.465,batt,1
7566122439934,3501.465,batt,1
7566172422685,3501.465,batt,1
7566222398769,3657.676,batt,1
7566272426050,3657.676,batt,1
7566322354479,3657.676,batt,1
7566372423842,3657.676,batt,1
7566422437842,3657.676,batt,1
7566472406010,3908.935,batt,1
7566522390011,3908.935,batt,1
7566572393021,3908.935,batt,1
7566622445093,3908.935,batt,1
7566672422271,3908.935,batt,1
7566722358617,3498.539,batt,1
7566772510217,3498.539,batt,1
7566822384221,3498.539,batt,1
7566872396710,3498.539,batt,1
7566922408106,3498.539,batt,1
7566972397524,3647.248,batt,1
7567022399440,3647.248,batt,1
7567072391931,3647.248,batt,1
7567122421295,3647.248,batt,1
7567172448159,3647.248,batt,1
7567222376224,3609.146,batt,1
7567272388036,3609.146,batt,1
7567322412765,3609.146,batt,1
7567372391349,3609.146,batt,1
7567422388058,3609.146,batt,1
7567472357319,3583.239,batt,1
7567522391371,3583.239,batt,1
7567572401152,3583.239,batt,1
7567622367653,3583.239,batt,1
7567672438162,3314.065,batt,1
7567722406122,3312.629,batt,1
7567772419809,3312.629,batt,1
7567822461725,3312.629,batt,1
7567872445309,3312.629,batt,1
7567922424362,3486.238,batt,1
7567972416071,3486.238,batt,1
7568022434550,3486.238,batt,1
7568072428863,3486.238,batt,1
7568122437394,3486.238,batt,1
7568172401343,3879.991,batt,1
7568222434561,3879.991,batt,1
7568272399969,3879.991,batt,1
7568322438551,3879.991,batt,1
7568372415990,3879.991,batt,1
7568422430406,3556.683,batt,1
7568472366856,3556.683,batt,1
7568522439761,3556.683,batt,1
7568572403866,3556.683,batt,1
7568622371409,3556.683,batt,1
7568672445199,3890.124,batt,1
7568722399669,3890.124,batt,1
7568772407940,3890.124,batt,1
7568822396420,3890.124,batt,1
7568872452138,3890.124,batt,1
7568922440878,4157.360,batt,1
7568972430399,4157.360,batt,1
7569022397838,4157.360,batt,1
7569072389026,4157.360,batt,1
7569122484117,4157.360,batt,1
7569172380725,3817.717,batt,1
7569222349934,3817.717,batt,1
7569272364143,3817.717,batt,1
7569322416527,3817.717,batt,1
7569372400736,3817.717,batt,1
7569422401507,3554.802,batt,1
7569472353686,3554.802,batt,1
7569522387841,3554.802,batt,1
7569572439340,3554.802,batt,1
7569622439747,3554.802,batt,1
7569672463642,4163.398,batt,1
7569722381134,4163.398,batt,1
7569772376124,4163.398,batt,1
7569822421269,4163.398,batt,1
7569872391781,4163.398,batt,1
7569922401614,3664.203,batt,1
7569972422749,3664.203,batt,1
7570022395188,3664.203,batt,1
7570072469238,3664.203,batt,1
7570122388241,3664.203,batt,1
7570172420886,3263.082,batt,1
7570222468166,3263.082,batt,1
7570272396127,3263.082,batt,1
7570322395179,3263.082,batt,1
7570372431106,3263.082,batt,1
7570422410159,3964.506,batt,1
7570472389889,3964.506,batt,1
7570522391597,3964.506,batt,1
7570572629653,3964.506,batt,1
7570622357411,3964.506,batt,1
7570672425108,3530.438,batt,1
7570722441920,3530.438,batt,1
7570772399151,3530.438,batt,1
7570822375599,3530.438,batt,1
7570872368871,3530.438,batt,1
7570922372246,3526.294,batt,1
7570972429838,3526.294,batt,1
7571022377174,3526.294,batt,1
7571072426277,3526.294,batt,1
7571122392882,3526.294,batt,1
7571172384122,3493.832,batt,1
7571222401664,3493.832,batt,1
7571272431653,3493.832,batt,1
7571322473048,3493.832,batt,1
7571372365384,3493.832,batt,1
7571422365739,3654.848,batt,1
7571472417186,3654.848,batt,1
7571522391187,3654.848,batt,1
7571572531745,3654.848,batt,1
7571622396687,3654.848,batt,1
7571672422509,3443.634,batt,1
7571722480310,3443.634,batt,1
7571772388740,3443.634,batt,1
7571822441749,3443.634,batt,1
7571872433771,3443.634,batt,1
7571922386575,4107.645,batt,1
7571972426095,4107.645,batt,1
7572022392544,4107.645,batt,1
7572072431595,4107.645,batt,1
7572122425595,4107.645,batt,1
7572172374285,3579.067,batt,1
7572222455418,3579.067,batt,1
7572272384004,3579.067,batt,1
7572322465606,3579.067,batt,1
7572372383515,3579.067,batt,1
7572422587509,4137.473,batt,1
7572472403025,4137.473,batt,1
7572522363902,4137.473,batt,1
7572572401859,4137.473,batt,1
7572622381277,4137.473,batt,1
7572672431682,3244.888,batt,1
7572722412714,3244.888,batt,1
7572772416193,3244.888,batt,1
7572822388372,3244.888,batt,1
7572872376070,3244.888,batt,1
7572922389445,3598.700,batt,1
7572972379644,3598.700,batt,1
7573022410622,3598.700,batt,1
7573072427643,3598.700,batt,1
7573122384821,3598.700,batt,1
7573172459705,3392.319,batt,1
7573222390061,3392.319,batt,1
7573272383489,3392.319,batt,1
7573322421967,3392.319,batt,1
7573372431176,3392.319,batt,1
7573422460696,3454.919,batt,1
7573472431051,3454.919,batt,1
7573522384376,3454.919,batt,1
7573572456916,3454.919,batt,1
7573622380502,3454.919,batt,1
7573672390856,3796.835,batt,1
7573722395637,3796.835,batt,1
7573772418022,3796.835,batt,1
7573822452022,3796.835,batt,1
7573872406857,3796.835,batt,1
7573922390336,3330.387,batt,1
7573972422982,3330.387,batt,1
7574022397399,3330.387,batt,1
7574072408535,3330.387,batt,1
7574122426701,3458.765,batt,1
7574172390650,3461.761,batt,1
7574222386995,3461.761,batt,1
7574272430056,3461.761,batt,1
7574322371194,3461.761,batt,1
7574372419776,3722.490,batt,1
7574422361642,3722.490,batt,1
7574472478816,3722.490,batt,1
7574522443182,3722.490,batt,1
7574572396194,3722.490,batt,1
7574622412434,3345.361,batt,1
7574672373258,3345.361,batt,1
7574722383508,3345.361,batt,1
7574772409956,3345.361,batt,1
7574822355103,3345.361,batt,1
7574872494464,3473.514,batt,1
7574922409040,3473.514,batt,1
7574972417936,3473.514,batt,1
7575022417821,3473.514,batt,1
7575072459425,3473.514,batt,1
7575122362282,4148.914,batt,1
7575172406541,4148.914,batt,1
7575222462988,4148.914,batt,1
7575272394647,4148.914,batt,1
7575322402813,4148.914,batt,1
7575372459156,3869.223,batt,1
7575422438573,3869.223,batt,1
7575472418824,3869.223,batt,1
7575522469386,3869.223,batt,1
7575572381826,3869.223,batt,1
7575622457751,3729.014,batt,1
7575672432846,3729.014,batt,1
7575722310547,3729.014,batt,1
7575772453710,3729.014,batt,1
7575822387400,3729.014,batt,1
7575872473065,3667.554,batt,1
7575922387640,3667.554,batt,1
7575972413463,3667.554,batt,1
7576022551730,3667.554,batt,1
7576072420734,3667.554,batt,1
7576122394579,3560.939,batt,1
7576172428005,3560.939,batt,1
7576222450026,3560.939,batt,1
7576272388455,3560.939,batt,1
7576322384695,3560.939,batt,1
7576372439683,3632.051,batt,1
7576422410143,3632.051,batt,1
7576472481433,3632.051,batt,1
7576522422830,3632.051,batt,1
7576572387561,3632.051,batt,1
7576622410831,3573.186,batt,1
7576672391395,3573.186,batt,1
7576722465028,3573.186,batt,1
7576772447935,3573.186,batt,1
7576822408864,3573.186,batt,1
7576872365417,3740.120,batt,1
7576922464050,3740.120,batt,1
7576972399042,3740.120,batt,1
7577022553663,3740.120,batt,1
7577072357044,3740.120,batt,1
7577122370315,3847.964,batt,1
7577172404001,3847.964,batt,1
7577222410866,3847.964,batt,1
7577272440855,3847.964,batt,1
7577322407513,3847.964,batt,1
7577372414586,3731.111,batt,1
7577422441450,3731.111,batt,1
7577472430398,3731.111,batt,1
7577522345495,3731.111,batt,1
7577572413139,3731.111,batt,1
7577622451617,3526.488,batt,1
7577672447753,3526.488,batt,1
7577722429514,3526.488,batt,1
7577772408880,3526.488,batt,1
7577822444338,3526.488,batt,1
7577872488441,3611.382,batt,1
7577922361038,3611.382,batt,1
7577972383632,3611.382,batt,1
7578022454766,3611.382,batt,1
7578072386268,3611.382,batt,1
7578122477922,3756.964,batt,1
7578172424892,3756.964,batt,1
7578222424361,3756.964,batt,1
7578272387842,3756.964,batt,1
7578322377415,3756.964,batt,1
7578372500631,3671.434,batt,1
7578422363802,3671.434,batt,1
7578472548995,3671.434,batt,1
7578522379771,3671.434,batt,1
7578572383511,3671.434,batt,1
7578622433291,3627.704,batt,1
7578672424062,3627.704,batt,1
7578722423271,3627.704,batt,1
7578772400345,3627.704,batt,1
7578822410230,3627.704,batt,1
7578872437980,3700.923,batt,1
7578922387658,3700.923,batt,1
7578972436449,3700.923,batt,1
7579022428574,3700.923,batt,1
7579072415179,3700.923,batt,1
7579122405690,3492.646,batt,1
7579172439377,3492.646,batt,1
7579222406191,3492.646,batt,1
7579272414670,3492.646,batt,1
7579322376796,3492.646,batt,1
7579372512824,3358.514,batt,1
7579422445576,3358.514,batt,1
7579472434212,3358.514,batt,1
7579522387381,3358.514,batt,1
7579572363100,3358.514,batt,1
7579622410589,3712.546,batt,1
7579672505420,3712.546,batt,1
7579722453224,3712.546,batt,1
7579772386757,3712.546,batt,1
7579822427423,3712.546,batt,1
7579872430330,3756.495,batt,1
7579922380946,3756.495,batt,1
7579985343069,3756.495,batt,1
7580022440820,3756.495,batt,1
7580072413310,3756.495,batt,1
7580122403978,3483.892,batt,1
7580172418550,3483.892,batt,1
7580222383125,3483.892,batt,1
7580272440248,3483.892,batt,1
7580322523100,3483.892,batt,1
7580372444707,3644.939,batt,1
7580422384490,3644.939,batt,1
7580472419219,3644.939,batt,1
7580522482592,3644.939,batt,1
7580572401074,3585.880,batt,1
7580622356847,3585.880,batt,1
7580672464281,3585.880,batt,1
7580722360941,3585.880,batt,1
7580772501968,3585.880,batt,1
7580822365608,3469.974,batt,1
7580872461793,3469.974,batt,1
7580922424128,3469.974,batt,1
7580972398493,3469.974,batt,1
7581025307567,3469.974,batt,1
7581072387015,3723.696,batt,1
7581122405494,3723.696,batt,1
7581172421890,3723.696,batt,1
7581222393651,3723.696,batt,1
7581272527544,3723.696,batt,1
7581322424932,3683.266,batt,1
7581372451536,3683.266,batt,1
7581422403090,3683.266,batt,1
7581472393653,3683.266,batt,1
7581522443485,3683.266,batt,1
7581572382747,3346.916,batt,1
7581622410184,3346.916,batt,1
7581672465121,3346.916,batt,1
7581722411362,3346.916,batt,1
7581772387290,3346.916,batt,1
7581822409727,3866.691,batt,1
7581872465757,3866.691,batt,1
7581922392155,3866.691,batt,1
7581972390947,3866.691,batt,1
7582022413541,3866.691,batt,1
7582076569194,3695.982,batt,1
7582122393990,3695.982,batt,1
7582172402365,3695.982,batt,1
7582222423083,3695.982,batt,1
7582272386720,3695.982,batt,1
7582322581028,3377.848,batt,1
7582372368888,3377.848,batt,1
7582422396794,3377.848,batt,1
7582472403242,3377.848,batt,1
7582522433648,3377.848,batt,1
7582572452231,3577.312,batt,1
7582622475293,3577.312,batt,1
7582672427576,3577.312,batt,1
7582722431836,3577.312,batt,1
7582772419587,3577.312,batt,1
7582822409681,2929.452,batt,1
7582872415296,2929.452,batt,1
7582922420963,2929.452,batt,1
7582972422828,2929.452,batt,1
7583022453181,2929.452,batt,1
7583072429578,3498.655,batt,1
7583122386913,3498.655,batt,1
7583172397111,3498.655,batt,1
7583222389080,3498.655,batt,1
7583272595054,3498.655,batt,1
7583322445569,3578.343,batt,1
7583372426288,3578.343,batt,1
7583422443986,3578.343,batt,1
7583472427674,3578.343,batt,1
7583522348187,3578.343,batt,1
7583572457393,3818.267,batt,1
7583622445873,3818.267,batt,1
7583672393364,3818.267,batt,1
7583722616472,3818.267,batt,1
7583772421468,3818.267,batt,1
7583822383594,3490.284,batt,1
7583872441030,3490.284,batt,1
7583922410448,3490.284,batt,1
7583972432000,3490.284,batt,1
7584022390012,3490.284,batt,1
7584072384742,3521.911,batt,1
7584122386398,3521.911,batt,1
7584172384878,3521.911,batt,1
7584222406742,3521.911,batt,1
7584272380274,3521.911,batt,1
7584322472449,3926.925,batt,1
7584372438638,3926.925,batt,1
7584422424253,3926.925,batt,1
7584472410493,3926.925,batt,1
7584522401213,3926.925,batt,1
7584572492971,3458.551,batt,1
7584622421973,3458.551,batt,1
7584672421755,3458.551,batt,1
7584722426744,3458.551,batt,1
7584772436734,3458.551,batt,1
7584822402506,3996.293,batt,1
7584872404423,3996.293,batt,1
7584922549461,3996.293,batt,1
7584972400340,3996.293,batt,1
7585022384966,3996.293,batt,1
7585072470006,3764.534,batt,1
7585122396820,3764.534,batt,1
7585172447746,3764.534,batt,1
7585222404456,3764.534,batt,1
7585272437570,3764.534,batt,1
7585322385062,3480.728,batt,1
7585372493382,3480.728,batt,1
7585422384677,3480.728,batt,1
7585472471539,3480.728,batt,1
7585522384709,3480.728,batt,1
7585572389907,3519.098,batt,1
7585622431666,3519.098,batt,1
7585672417229,3519.098,batt,1
7585722409251,3519.098,batt,1
7585772381273,3519.098,batt,1
7585822477562,4018.954,batt,1
7585872407658,4018.954,batt,1
7585922409523,4018.954,batt,1
7585972408940,4018.954,batt,1
7586022386066,4018.954,batt,1
7586072482251,3602.184,batt,1
7586122441617,3602.184,batt,1
7586172470616,3602.184,batt,1
7586222402379,3602.184,batt,1
7586272347891,3602.184,batt,1
7586322521105,2929.028,batt,1
7586372404692,2929.028,batt,1
7586422448014,2929.028,batt,1
7586472470504,2929.028,batt,1
7586522372580,2929.028,batt,1
7586572417985,4213.344,batt,1
7586622402715,4213.344,batt,1
7586672408538,4213.344,batt,1
7586722427538,4213.344,batt,1
7586772409195,4213.344,batt,1
7586822429028,3936.735,batt,1
7586872380009,3936.735,batt,1
7586922410623,3936.735,batt,1
7586972407435,3936.735,batt,1
7587022394978,3851.797,batt,1
7587072421009,3851.797,batt,1
7587122424228,3851.797,batt,1
7587172494476,3851.797,batt,1
7587222360928,3851.797,batt,1
7587272434509,3912.706,batt,1
7587322391948,3912.706,batt,1
7587372371626,3912.706,batt,1
7587422405678,3912.706,batt,1
7587472428375,3912.706,batt,1
7587522437271,4086.730,batt,1
7587572415595,4086.730,batt,1
7587622419283,4086.730,batt,1
7587672449845,4086.730,batt,1
7587722461813,4086.730,batt,1
7587772403940,3361.088,batt,1
7587822468564,3361.088,batt,1
7587872405847,3361.088,batt,1
7587922428909,3361.088,batt,1
7587972433066,3361.088,batt,1
7588022464930,4358.537,batt,1
7588072418723,4358.537,batt,1
7588122402411,4358.537,batt,1
7588172429536,4358.537,batt,1
7588222440255,4358.537,batt,1
7588272407954,3552.803,batt,1
7588322454921,3552.803,batt,1
7588372460536,3552.803,batt,1
7588422624323,3552.803,batt,1
7588472372446,3552.803,batt,1
7588522427121,3417.535,batt,1
7588572441330,3417.535,batt,1
7588622473714,3417.535,batt,1
7588672402821,3417.535,batt,1
7588722493694,3417.535,batt,1
7588772414467,3861.186,batt,1
7588822461539,3861.186,batt,1
7588872489497,3861.186,batt,1
7588922386417,3861.186,batt,1
7588972347293,3861.186,batt,1
7589022470300,3582.838,batt,1
7589072424875,3582.838,batt,1
7589122426948,3582.838,batt,1
7589172385793,3582.838,batt,1
7589222375783,3582.838,batt,1
7589272476447,3549.991,batt,1
7589322462323,3549.991,batt,1
7589372423772,3549.991,batt,1
7589422433241,3549.991,batt,1
7589472424273,3549.991,batt,1
7589524914921,4614.571,batt,1
7589572434461,4614.571,batt,1
7589622441430,4614.571,batt,1
7589672390379,4614.571,batt,1
7589722409692,4614.571,batt,1
7589772368641,3503.374,batt,1
7589822582010,3503.374,batt,1
7589872394141,3503.374,batt,1
7589922499544,3503.374,batt,1
7589972385735,3503.374,batt,1
7590022417287,3944.635,batt,1
7590072448057,3944.635,batt,1
7590122373362,3944.635,batt,1
7590172432517,3944.635,batt,1
7590222465006,3944.635,batt,1
7590272426767,4370.690,batt,1
7590322394935,4370.690,batt,1
7590372382998,4370.690,batt,1
7590422420748,4370.690,batt,1
7590472420373,4370.690,batt,1
7590522378124,3406.341,batt,1
7590572395614,3406.341,batt,1
7590622449508,3406.341,batt,1
7590672398718,3406.341,batt,1
7590722427405,3406.341,batt,1
7590772403542,3625.869,batt,1
7590822453687,3625.869,batt,1
7590872415188,3625.869,batt,1
7590922431063,3625.869,batt,1
7590972480062,3625.869,batt,1
7591022400366,3906.384,batt,1
7591072368118,3906.384,batt,1
7591122387065,3906.384,batt,1
7591172440804,3906.384,batt,1
7591222408971,3906.384,batt,1
7591272425003,3491.638,batt,1
7591322431138,3491.638,batt,1
7591372396546,3491.638,batt,1
7591422414972,3491.638,batt,1
7591472492044,3491.638,batt,1
7591522378755,3805.858,batt,1
7591572569157,3805.858,batt,1
7591622356913,3805.858,batt,1
7591672422838,3805.858,batt,1
7591722438505,3805.858,batt,1
7591772407975,4439.223,batt,1
7591822433954,4439.223,batt,1
7591872470974,4439.223,batt,1
7591922446173,4439.223,batt,1
7591972398508,4439.223,batt,1
7592022447506,3789.888,batt,1
7592072395362,3789.888,batt,1
7592122492537,3789.888,batt,1
7592172436799,3789.888,batt,1
7592222396426,3789.888,batt,1
7592272440894,3320.309,batt,1
7592322426457,3320.309,batt,1
7592372389416,3320.309,batt,1
7592422390135,3320.309,batt,1
7592472476321,3320.309,batt,1
7592522418708,3947.963,batt,1
7592572432604,3947.963,batt,1
7592622424365,3947.963,batt,1
7592672452531,3947.963,batt,1
7592722409293,3947.963,batt,1
7592772415741,3858.652,batt,1
7592822415158,3858.652,batt,1
7592872412544,3858.652,batt,1
7592922441960,3858.652,batt,1
7592972439450,3858.652,batt,1
7593022433607,3586.657,batt,1
7593072435628,3586.657,batt,1
7593122462127,3586.657,batt,1
7593172406754,3586.657,batt,1
7593222396692,3586.657,batt,1
7593272445691,4327.221,batt,1
7593322411619,4327.221,batt,1
7593372424578,4327.221,batt,1
7593422398423,4327.221,batt,1
7593472398829,3814.600,batt,1
7593522444286,3814.600,batt,1
7593572418704,3814.600,batt,1
7593622434787,3814.600,batt,1
7593672471391,3814.600,batt,1
7593722482109,3547.817,batt,1
7593772424132,3547.817,batt,1
7593822384904,3547.817,batt,1
7593872427185,3547.817,batt,1
7593922475298,3547.817,batt,1
7593972425967,4014.976,batt,1
7594022449550,4014.976,batt,1
7594072415999,4014.976,batt,1
7594122417499,4014.976,batt,1
7594172412281,4014.976,batt,1
7594222409146,3796.345,batt,1
7594272433927,3796.345,batt,1
7594322455947,3796.345,batt,1
7594372422448,3796.345,batt,1
7594422393429,3796.345,batt,1
7594472565497,3592.374,batt,1
7594522381846,3592.374,batt,1
7594572420585,3592.374,batt,1
7594622411929,3592.374,batt,1
7594672451554,3592.374,batt,1
7594722390660,3367.965,batt,1
7594772397993,3367.965,batt,1
7594822551052,3367.965,batt,1
7594872379536,3367.965,batt,1
7594922364682,3367.965,batt,1
7594972440920,3781.526,batt,1
7595022404349,3781.526,batt,1
7595072419911,3781.526,batt,1
7595122474118,3781.526,batt,1
7595172384840,3781.526,batt,1
7595222418943,3706.384,batt,1
7595272386174,3706.384,batt,1
7595322432360,3706.384,batt,1
7595372415528,3706.384,batt,1
7595422482807,3706.384,batt,1
7595472395820,3368.556,batt,1
7595522413778,3368.556,batt,1
7595572411112,3368.556,batt,1
7595622415633,3368.556,batt,1
7595672386301,3368.556,batt,1
7595722409363,3240.716,batt,1
7595772403624,3240.716,batt,1
7595822451477,3240.716,batt,1
7595872413760,3240.716,batt,1
7595922395729,3240.716,batt,1
7595972413583,3441.828,batt,1
7596022439927,3441.828,batt,1
7596072394605,3441.828,batt,1
7596122510529,3441.828,batt,1
7596172389064,3441.828,batt,1
7596222428949,3735.555,batt,1
7596272366597,3735.555,batt,1
7596322391951,3735.555,batt,1
7596372425065,3735.555,batt,1
7596422439064,3735.555,batt,1
7596472408534,3560.180,batt,1
7596522432482,3560.180,batt,1
7596572430805,3560.180,batt,1
7596622408556,3560.180,batt,1
7596672411619,3560.180,batt,1
7596722379422,3520.503,batt,1
7596772418369,3520.503,batt,1
7596822413776,3520.503,batt,1
7596872430588,3520.503,batt,1
7596922425370,3520.503,batt,1
7596972457911,4087.156,batt,1
7597022421235,4087.156,batt,1
7597072421746,4087.156,batt,1
7597122469651,4087.156,batt,1
7597172432350,4087.156,batt,1
7597222405101,3454.183,batt,1
7597272423893,3454.183,batt,1
7597322463830,3454.183,batt,1
7597372450330,3454.183,batt,1
7597422361052,3454.183,batt,1
7597472382864,3496.464,batt,1
7597522433165,3496.464,batt,1
7597572403885,3496.464,batt,1
7597622368042,3496.464,batt,1
7597672482821,3496.464,batt,1
7597722399844,3629.841,batt,1
7597772400772,3629.841,batt,1
7597822405084,3629.841,batt,1
7597872444188,3629.841,batt,1
7597922446157,3629.841,batt,1
7597972413335,3688.198,batt,1
7598022389471,3688.198,batt,1
7598072377587,3688.198,batt,1
7598122409711,3688.198,batt,1
7598172429648,3688.198,batt,1
7598222461200,3538.189,batt,1
7598272449575,3538.189,batt,1
7598322384255,3538.189,batt,1
7598372431431,3538.189,batt,1
7598422405952,3538.189,batt,1
7598472444691,3686.609,batt,1
7598522410776,3686.609,batt,1
7598572395662,3686.609,batt,1
7598622419349,3686.609,batt,1
7598672406943,3686.609,batt,1
7598722520732,3829.451,batt,1
7598772415361,3829.451,batt,1
7598822401445,3829.451,batt,1
7598872415861,3829.451,batt,1
7598922370019,3829.451,batt,1
7598972466048,3688.205,batt,1
7599022385050,3688.205,batt,1
7599072556858,3688.205,batt,1
7599122426644,3688.205,batt,1
7599172585691,3688.205,batt,1
7599222406103,3440.262,batt,1
7599272349324,3440.262,batt,1
7599322462592,3440.262,batt,1
7599372414197,3440.262,batt,1
7599422428041,3440.262,batt,1
7599472416521,3561.586,batt,1
7599522436979,3561.586,batt,1
7599572397022,3561.586,batt,1
7599622398470,3561.586,batt,1
7599672437574,3561.586,batt,1
7599722441938,3617.911,batt,1
7599772398492,3617.911,batt,1
7599822378743,3617.911,batt,1
7599872433575,3617.911,batt,1
7599922395597,3514.324,batt,1
7599972457252,3514.324,batt,1
7600022406670,3514.324,batt,1
7600072388327,3514.324,batt,1
7600122430399,3514.324,batt,1
7600172442629,3632.399,batt,1
7600222358871,3632.399,batt,1
7600272460056,3632.399,batt,1
7600322398849,3632.399,batt,1
7600372400037,3632.399,batt,1
7600422429089,3460.596,batt,1
7600472460536,3460.596,batt,1
7600522454797,3460.596,batt,1
7600572513119,3460.596,batt,1
7600622390664,3460.596,batt,1
7600672432528,3402.072,batt,1
7600722344499,3402.072,batt,1
7600772401519,3402.072,batt,1
7600822376405,3402.072,batt,1
7600872400613,3402.072,batt,1
7600922419196,3532.907,batt,1
7600972416790,3532.907,batt,1
7601022371886,3532.907,batt,1
7601072393229,3532.907,batt,1
7601122487487,3532.907,batt,1
7601172420604,3845.548,batt,1
7601222429344,3845.548,batt,1
7601272417459,3845.548,batt,1
7601322412345,3845.548,batt,1
7601372404470,3845.548,batt,1
7601422429251,3649.550,batt,1
7601472573404,3649.550,batt,1
7601522406731,3649.550,batt,1
7601572413961,3649.550,batt,1
7601622404732,3649.550,batt,1
7601672428211,3909.607,batt,1
7601722421795,3909.607,batt,1
7601772424701,3909.607,batt,1
7601822452399,3909.607,batt,1
7601872396244,3909.607,batt,1
7601922454670,3581.315,batt,1
7601972379870,3581.315,batt,1
7602022682872,3581.315,batt,1
7602072369121,3581.315,batt,1
7602122376871,3581.315,batt,1
7602172439672,3732.187,batt,1
7602222505077,3732.187,batt,1
7602272406788,3732.187,batt,1
7602322436100,3732.187,batt,1
7602372356405,3732.187,batt,1
7602422425038,3945.962,batt,1
7602472482006,3945.962,batt,1
7602522467830,3945.962,batt,1
7602572351625,3945.962,batt,1
7602622426769,3945.962,batt,1
7602672416707,3575.937,batt,1
7602722374094,3575.937,batt,1
7602772432624,3575.937,batt,1
7602822395583,3575.937,batt,1
7602872404375,3575.937,batt,1
7602922388949,3596.994,batt,1
7602972422115,3596.994,batt,1
7603022453770,3596.994,batt,1
7603072423240,3596.994,batt,1
7603122435053,3596.994,batt,1
7603172377388,4093.332,batt,1
7603222377065,4093.332,batt,1
7603272399971,4093.332,batt,1
7603322351108,4093.332,batt,1
7603372431825,4093.332,batt,1
7603422390566,3589.128,batt,1
7603472388004,3589.128,batt,1
7603522427993,3589.128,batt,1
7603572424285,3589.128,batt,1
7603622398234,3589.128,batt,1
7603672494940,3588.410,batt,1
7603722382902,3588.410,batt,1
7603772437161,3588.410,batt,1
7603822419807,3588.410,batt,1
7603872436203,3588.410,batt,1
7603922432756,3913.320,batt,1
7603972398059,3913.320,batt,1
7604022415809,3913.320,batt,1
7604072454860,3913.320,batt,1
7604122394331,3913.320,batt,1
7604172405414,3510.788,batt,1
7604222371603,3510.788,batt,1
7604272406904,3510.788,batt,1
7604322408196,3510.788,batt,1
7604372442352,3510.788,batt,1
7604422377031,3810.251,batt,1
7604472385510,3810.251,batt,1
7604522409562,3810.251,batt,1
7604572455905,3810.251,batt,1
7604622357147,3810.251,batt,1
7604672465155,3832.103,batt,1
7604722448218,3832.103,batt,1
7604772503675,3832.103,batt,1
7604822445854,3832.103,batt,1
7604872398346,3832.103,batt,1
7604922355368,3526.802,batt,1
7604972424627,3526.802,batt,1
7605022399201,3526.802,batt,1
7605072548822,3526.802,batt,1
7605122372775,3526.802,batt,1
7605172398806,3668.611,batt,1
7605222407025,3668.611,batt,1
7605272366703,3668.611,batt,1
7605322445493,3668.611,batt,1
7605372395120,3668.611,batt,1
7605422371829,4518.594,batt,1
7605472413640,4518.594,batt,1
7605522538835,4518.594,batt,1
7605572353101,4518.594,batt,1
7605622434443,4518.594,batt,1
7605672415215,3443.714,batt,1
7605722381820,3443.714,batt,1
7605772403320,3443.714,batt,1
7605822387164,3443.714,batt,1
7605872423299,3443.714,batt,1
7605922431257,3691.397,batt,1
7605972415831,3691.397,batt,1
7606022449778,3691.397,batt,1
7606072412321,3691.397,batt,1
7606122394760,3994.375,batt,1
7606172356417,3993.416,batt,1
7606222441873,3993.416,batt,1
7606272417958,3993.416,batt,1
7606322442270,3993.416,batt,1
7606372460540,3447.102,batt,1
7606422401574,3447.102,batt,1
7606472405261,3447.102,batt,1
7606522361919,3447.102,batt,1
7606572400658,3447.102,batt,1
7606622494812,3379.667,batt,1
7606672436262,3379.667,batt,1
7606722391982,3379.667,batt,1
7606772446345,3379.667,batt,1
7606822423107,3379.667,batt,1
7606872389920,4723.235,batt,1
7606922398816,4723.235,batt,1
7606972420628,4723.235,batt,1
7607022408379,4723.235,batt,1
7607072428629,4723.235,batt,1
7607122464451,3543.770,batt,1
7607172393037,3543.770,batt,1
7607222429692,3543.770,batt,1
7607272401558,3543.770,batt,1
7607322425401,3543.770,batt,1
7607372445339,3645.677,batt,1
7607422440016,3645.677,batt,1
7607472460005,3645.677,batt,1
7607522353071,3645.677,batt,1
7607572449881,3645.677,batt,1
7607622424872,4455.451,batt,1
7607672459236,4455.451,batt,1
7607722352614,4455.451,batt,1
7607772416404,4455.451,batt,1
7607822384468,4455.451,batt,1
7607872416384,3343.107,batt,1
7607922401114,3343.107,batt,1
7607972447717,3343.107,batt,1
7608022380105,3343.107,batt,1
7608072375251,3343.107,batt,1
7608122413313,3454.349,batt,1
7608172398251,3454.349,batt,1
7608222511831,3454.349,batt,1
7608272467968,3454.349,batt,1
7608322406554,3454.349,batt,1
7608372376492,4608.678,batt,1
7608422358149,4608.678,batt,1
7608472412617,4608.678,batt,1
7608522425367,4608.678,batt,1
7608572427232,4608.678,batt,1
7608622405556,3627.959,batt,1
7608672544344,3627.959,batt,1
7608722367984,3627.959,batt,1
7608772400109,3627.959,batt,1
7608822411609,3627.959,batt,1
7608872456701,3605.200,batt,1
7608922458670,3605.200,batt,1
7608972406526,3605.200,batt,1
7609022414537,3605.200,batt,1
7609072429005,3605.200,batt,1
7609122428527,4353.511,batt,1
7609172361435,4353.511,batt,1
7609222509337,4353.511,batt,1
7609272354175,4353.511,batt,1
7609322451402,4353.511,batt,1
7609372416289,3310.518,batt,1
7609422415758,3310.518,batt,1
7609472374759,3310.518,batt,1
7609522415321,3310.518,batt,1
7609572436769,3310.518,batt,1
7609622425665,3554.589,batt,1
7609672434665,3554.589,batt,1
7609722430749,3554.589,batt,1
7609772398292,3554.589,batt,1
7609822439999,3554.589,batt,1
7609872378637,4014.746,batt,1
7609922367950,4014.746,batt,1
7609972390752,4014.746,batt,1
7610022435532,4014.746,batt,1
7610072445261,4014.746,batt,1
7610122399888,3264.786,batt,1
7610172412013,3264.786,batt,1
7610222377472,3264.786,batt,1
7610272401524,3264.786,batt,1
7610322412191,3264.786,batt,1
7610372432076,3652.182,batt,1
7610422413993,3652.182,batt,1
7610472482731,3652.182,batt,1
7610522424910,3652.182,batt,1
7610572417609,3652.182,batt,1
7610622394318,4764.167,batt,1
7610672317904,4764.167,batt,1
7610722538252,4764.167,batt,1
7610772381007,4764.167,batt,1
7610822417193,4764.167,batt,1
7610872409892,3386.587,batt,1
7610922353581,3386.587,batt,1
7610972402893,3386.587,batt,1
7611022418663,3386.587,batt,1
7611072504015,3386.587,batt,1
7611122419320,3848.889,batt,1
7611172393425,3848.889,batt,1
7611222400655,3848.889,batt,1
7611272446477,3848.889,batt,1
7611322490528,3848.889,batt,1
7611372409582,4069.214,batt,1
7611422397646,4069.214,batt,1
7611472449821,4069.214,batt,1
7611522385126,4069.214,batt,1
7611572420635,4069.214,batt,1
7611622380991,3519.318,batt,1
7611672391345,3519.318,batt,1
7611722400814,3519.318,batt,1
7611772428095,3519.318,batt,1
7611822337879,3519.318,batt,1
7611872394950,3057.367,batt,1
7611922411034,3057.367,batt,1
7611972357067,3057.367,batt,1
7612022597154,3057.367,batt,1
7612072396264,3057.367,batt,1
7612122407504,4087.653,batt,1
7612172407546,4087.653,batt,1
7612222411858,4087.653,batt,1
7612272435129,4087.653,batt,1
7612322426056,4087.653,batt,1
7612372454483,3598.300,batt,1
7612422425203,3598.300,batt,1
7612472387798,3598.300,batt,1
7612522407944,3598.300,batt,1
7612572573033,3261.216,batt,1
7612622446256,3261.216,batt,1
7612672359685,3261.216,batt,1
7612722431548,3261.216,batt,1
7612772409976,3261.216,batt,1
7612822465902,3780.182,batt,1
7612872434070,3780.182,batt,1
7612922371249,3780.182,batt,1
7612972377853,3780.182,batt,1
7613022431175,3780.182,batt,1
7613072419915,3564.511,batt,1
7613122526465,3564.511,batt,1
7613172372136,3564.511,batt,1
7613222364157,3564.511,batt,1
7613272430343,3564.511,batt,1
7613322424031,3954.521,batt,1
7613372409126,3954.521,batt,1
7613422382814,3954.521,batt,1
7613472447229,3954.521,batt,1
7613522387429,3954.521,batt,1
7613572467417,4044.369,batt,1
7613622475271,4044.369,batt,1
7613672452970,4044.369,batt,1
7613722430565,4044.369,batt,1
7613772410295,4044.369,batt,1
7613822419555,3564.914,batt,1
7613872406160,3564.914,batt,1
7613922459742,3564.914,batt,1
7613972414785,3564.914,batt,1
7614022465868,3564.914,batt,1
7614072406380,3590.364,batt,1
7614122345174,3590.364,batt,1
7614172451515,3590.364,batt,1
7614222433432,3590.364,batt,1
7614272376445,3590.364,batt,1
7614322433099,4201.325,batt,1
7614372426162,4201.325,batt,1
7614422392872,4201.325,batt,1
7614472442131,4201.325,batt,1
7614522423059,4201.325,batt,1
7614572421226,3493.044,batt,1
7614622411529,3493.044,batt,1
7614672413029,3493.044,batt,1
7614722416300,3493.044,batt,1
7614772384833,3493.044,batt,1
7614822473674,3500.792,batt,1
7614872400593,3500.792,batt,1
7614922351835,3500.792,batt,1
7614972421718,3500.792,batt,1
7615022421604,3500.792,batt,1
7615072485915,3652.740,batt,1
7615122452000,3652.740,batt,1
7615172378919,3652.740,batt,1
7615222377294,3652.740,batt,1
7615272453896,3652.740,batt,1
7615322382742,3885.594,batt,1
7615372545280,3885.594,batt,1
7615422366212,3885.594,batt,1
7615472389847,3885.594,batt,1
7615522428326,3885.594,batt,1
7615572428732,3568.352,batt,1
7615622390702,3568.352,batt,1
7615672377047,3568.352,batt,1
7615722457086,3568.352,batt,1
7615772435723,3568.352,batt,1
7615822414515,3458.901,batt,1
7615872467525,3458.901,batt,1
7615922455015,3458.901,batt,1
7615972381153,3458.901,batt,1
7616022343435,3458.901,batt,1
7616072421183,3467.971,batt,1
7616122403622,3467.971,batt,1
7616172452464,3467.971,batt,1
7616222434903,3467.971,batt,1
7616272464579,3467.971,batt,1
7616322403060,3385.678,batt,1
7616372413623,3385.678,batt,1
7616422477153,3385.678,batt,1
7616472458028,3385.678,batt,1
7616522407238,3385.678,batt,1
7616572436550,3560.217,batt,1
7616622384719,3560.217,batt,1
7616672425489,3560.217,batt,1
7616722433031,3560.217,batt,1
7616772470363,3560.217,batt,1
7616822401657,3260.141,batt,1
7616872432323,3260.141,batt,1
7616922397002,3260.141,batt,1
7616972410429,3260.141,batt,1
7617022580882,3260.141,batt,1
7617072383638,3612.443,batt,1
7617122444824,3612.443,batt,1
7617172441898,3612.443,batt,1
7617222419909,3612.443,batt,1
7617272396566,3612.443,batt,1
7617322430566,3731.848,batt,1
7617372403317,3731.848,batt,1
7617422395130,3731.848,batt,1
7617472436212,3731.848,batt,1
7617522435890,3731.848,batt,1
7617572399005,3609.257,batt,1
7617622499149,3609.257,batt,1
7617672368621,3609.257,batt,1
7617722414652,3609.257,batt,1
7617772415319,3609.257,batt,1
7617822414840,3660.478,batt,1
7617872423892,3660.478,batt,1
7617922429507,3660.478,batt,1
7617972451996,3660.478,batt,1
7618022467819,3660.478,batt,1
7618072437080,3768.519,batt,1
7618122336136,3768.519,batt,1
7618172422269,3768.519,batt,1
7618222433144,3768.519,batt,1
7618272422405,3768.519,batt,1
7618322349584,3652.715,batt,1
7618372510976,3652.715,batt,1
7618422420031,3652.715,batt,1
7618472442885,3652.715,batt,1
7618522486675,3652.715,batt,1
7618572406355,3481.529,batt,1
7618622470406,3481.529,batt,1
7618672412533,3481.529,batt,1
7618722408773,3481.529,batt,1
7618772387982,3675.496,batt,1
7618822456095,3675.672,batt,1
7618872424158,3675.672,batt,1
7618922363629,3675.672,batt,1
7618972494501,3675.672,batt,1
7619022419857,3948.627,batt,1
7619072361255,3948.627,batt,1
7619122411139,3948.627,batt,1
7619172348475,3948.627,batt,1
7619222404296,3948.627,batt,1
7619272408349,3832.454,batt,1
7619322466983,3832.454,batt,1
7619372438380,3832.454,batt,1
7619422431599,3832.454,batt,1
7619472432370,3832.454,batt,1
7619522489233,4177.122,batt,1
7619572448912,4177.122,batt,1
7619622454943,4177.122,batt,1
7619672401237,4177.122,batt,1
7619722484193,4177.122,batt,1
7619772452621,3593.756,batt,1
7619822464746,3593.756,batt,1
7619872401248,3593.756,batt,1
7619922436862,3593.756,batt,1
7619972427477,3593.756,batt,1
7620022451946,3518.592,batt,1
7620072404020,3518.592,batt,1
7620122360105,3518.592,batt,1
7620172393323,3518.592,batt,1
7620222426385,3518.592,batt,1
7620272414709,3680.770,batt,1
7620322415949,3680.770,batt,1
7620372433282,3680.770,batt,1
7620422435303,3680.770,batt,1
7620472504926,3680.770,batt,1
7620522365180,3204.942,batt,1
7620572438970,3204.942,batt,1
7620622453908,3204.942,batt,1
7620672489782,3204.942,batt,1
7620722435086,3204.942,batt,1
7620772392577,3605.719,batt,1
7620822397358,3605.719,batt,1
7620872419327,3605.719,batt,1
7620922424004,3605.719,batt,1
7620972398838,3605.719,batt,1
7621022382943,4319.603,batt,1
7621072395225,4319.603,batt,1
7621122398756,4319.603,batt,1
7621172442807,4319.603,batt,1
7621222389309,4319.603,batt,1
7621272470807,3915.739,batt,1
7621322401476,3915.739,batt,1
7621372415892,3915.739,batt,1
7621422513223,3915.739,batt,1
7621472455715,3915.739,batt,1
7621522362634,3530.343,batt,1
7621572408561,3530.343,batt,1
7621622454851,3530.343,batt,1
7621672435102,3530.343,batt,1
7621722352230,3530.343,batt,1
7621772412635,3839.423,batt,1
7621822403718,3839.423,batt,1
7621872358137,3839.423,batt,1
7621922420937,3839.423,batt,1
7621972422594,3839.423,batt,1
7622022409928,3242.857,batt,1
7622072405959,3242.857,batt,1
7622122434646,3242.857,batt,1
7622172377711,3242.857,batt,1
7622222386086,3242.857,batt,1
7622272399044,3933.313,batt,1
7622322447470,3933.313,batt,1
7622372580217,3933.313,batt,1
7622422366619,3933.313,batt,1
7622472415722,3933.313,batt,1
7622522444826,4230.590,batt,1
7622572411744,4230.590,batt,1
7622622421941,4230.590,batt,1
7622672399380,4230.590,batt,1
7622722458587,4230.590,batt,1
7622772413734,4175.158,batt,1
7622822438255,4175.158,batt,1
7622872431995,4175.158,batt,1
7622922391413,4175.158,batt,1
7622972425777,4175.158,batt,1
7623022585345,3956.037,batt,1
7623072388778,3956.037,batt,1
7623122455225,3956.037,batt,1
7623172428497,3956.037,batt,1
7623222485881,3956.037,batt,1
7623272426185,4054.649,batt,1
7623322411800,4054.649,batt,1
7623372401686,4054.649,batt,1
7623422475216,4054.649,batt,1
7623472481455,4054.649,batt,1
7623522381083,3534.558,batt,1
7623572596380,3534.558,batt,1
7623622383876,3534.558,batt,1
7623672401261,3534.558,batt,1
7623722449739,3534.558,batt,1
7623772405720,3584.762,batt,1
7623822385085,3584.762,batt,1
7623872381898,3584.762,batt,1
7623922428397,3584.762,batt,1
7623972410106,3584.762,batt,1
7624022469157,4004.953,batt,1
7624072352067,4004.953,batt,1
7624122390753,4004.953,batt,1
7624172409701,4004.953,batt,1
7624222395525,4004.953,batt,1
7624272415827,3653.936,batt,1
7624322406806,3653.936,batt,1
7624372428306,3653.936,batt,1
7624422426786,3653.936,batt,1
7624472379433,3653.936,batt,1
7624522358798,2791.113,batt,1
7624572443578,2791.113,batt,1
7624622420860,2791.113,batt,1
7624672430797,2791.113,batt,1
7624722439329,2791.113,batt,1
7624772428485,4328.468,batt,1
7624822350092,4328.468,batt,1
7624872386383,4328.468,batt,1
7624922430382,4328.468,batt,1
7624972468079,4328.468,batt,1
7625022411456,3325.518,batt,1
7625072465038,3325.518,batt,1
7625122409978,3325.518,batt,1
7625172470383,3325.518,batt,1
7625222463341,3763.634,batt,1
7625272412708,3763.634,batt,1
7625322439936,3763.634,batt,1
7625372471488,3763.634,batt,1
7625422362054,3763.634,batt,1
7625472378293,3405.030,batt,1
7625522378127,3405.030,batt,1
7625572394366,3405.030,batt,1
7625622462427,3405.030,batt,1
7625672452626,3405.030,batt,1
7625722436366,3567.768,batt,1
7625772414690,3567.768,batt,1
7625822417336,3567.768,batt,1
7625872454043,3567.768,batt,1
7625922418826,3567.768,batt,1
7625972365536,3903.836,batt,1
7626022437972,3903.836,batt,1
7626072396713,3903.836,batt,1
7626122358371,3903.836,batt,1
7626172428046,3903.836,batt,1
7626222452566,4019.457,batt,1
7626272443546,4019.457,batt,1
7626322421037,4019.457,batt,1
7626372492066,4019.457,batt,1
7626422382215,4019.457,batt,1
7626472400017,3381.063,batt,1
7626522382351,3381.063,batt,1
7626572465204,3381.063,batt,1
7626622446079,3381.063,batt,1
7626672497162,3381.063,batt,1
7626722397571,3733.316,batt,1
7626772480684,3733.316,batt,1
7626822372239,3733.316,batt,1
7626872377958,3733.316,batt,1
7626922404405,3733.316,batt,1
7626972403770,3733.136,batt,1
7627022426260,3733.136,batt,1
7627072462550,3733.136,batt,1
7627122365147,3733.136,batt,1
7627172436750,3733.136,batt,1
7627222539601,3502.979,batt,1
7627272382929,3502.979,batt,1
7627322476510,3502.979,batt,1
7627372403064,3502.979,batt,1
7627422481906,3502.979,batt,1
7627472366222,3920.929,batt,1
7627522450689,3920.929,batt,1
7627572413805,3920.929,batt,1
7627622414993,3920.929,batt,1
7627672445294,3920.929,batt,1
7627722461273,4808.876,batt,1
7627772420379,4808.876,batt,1
7627822434014,4808.876,batt,1
7627872375620,4808.876,batt,1
7627922391651,4808.876,batt,1
7627972403828,3700.592,batt,1
7628022429963,3700.592,batt,1
7628072398027,3700.592,batt,1
7628122419631,3700.592,batt,1
7628172418006,3700.592,batt,1
7628222415861,3751.427,batt,1
7628272395226,3751.427,batt,1
7628322408653,3751.427,batt,1
7628372478381,3751.427,batt,1
7628422387436,3751.427,batt,1
7628472575702,3763.576,batt,1
7628522528245,3763.576,batt,1
7628572444643,3763.576,batt,1
7628622367344,3763.576,batt,1
7628672376917,3763.576,batt,1
7628722423207,3777.638,batt,1
7628772441895,3777.638,batt,1
7628822413187,3777.638,batt,1
7628872432343,3777.638,batt,1
7628922419834,3777.638,batt,1
7628972460916,3445.942,batt,1
7629022431584,3445.942,batt,1
7629072436105,3445.942,batt,1
7629122589007,3445.942,batt,1
7629172456553,3445.942,batt,1
7629222394722,3897.689,batt,1
7629272442991,3897.689,batt,1
7629322391420,3897.689,batt,1
7629372418441,3897.689,batt,1
7629422458377,3897.689,batt,1
7629472410296,3688.921,batt,1
7629522396848,3688.921,batt,1
7629572682195,3688.921,batt,1
7629622380474,3688.921,batt,1
7629672386766,3688.921,batt,1
7629722404412,3336.560,batt,1
7629772461223,3336.560,batt,1
7629822393871,3336.560,batt,1
7629872431620,3336.560,batt,1
7629922422131,3336.560,batt,1
7629972416653,4066.745,batt,1
7630022424090,4066.745,batt,1
7630072444600,4066.745,batt,1
7630122355843,4066.745,batt,1
7630172394217,4066.745,batt,1
7630222411185,3468.339,batt,1
7630272380760,3468.339,batt,1
7630322566577,3468.339,batt,1
7630372406624,3468.339,batt,1
7630422370834,3468.339,batt,1
7630472440353,3381.163,batt,1
7630522426281,3381.163,batt,1
7630572411479,3381.163,batt,1
7630622380741,3381.163,batt,1
7630672436510,3381.163,batt,1
7630722397543,3489.780,batt,1
7630772424251,3489.780,batt,1
7630822396689,3489.780,batt,1
7630872386784,3489.780,batt,1
7630922409065,3489.780,batt,1
7630972422388,3692.094,batt,1
7631022432117,3692.094,batt,1
7631072443408,3692.094,batt,1
7631122430586,3692.094,batt,1
7631172410264,3692.094,batt,1
7631222410931,3591.255,batt,1
7631272420452,3591.255,batt,1
7631322386380,3591.255,batt,1
7631372350434,3591.255,batt,1
7631422370788,3568.765,batt,1
7631472495566,3568.765,batt,1
7631522460973,3568.765,batt,1
7631572477838,3568.765,batt,1
7631622424548,3568.765,batt,1
7631672454016,3807.414,batt,1
7631722349582,3807.414,batt,1
7631772387591,3807.414,batt,1
7631822455131,3807.414,batt,1
7631872405435,3807.414,batt,1
7631922366520,3574.979,batt,1
7631972405727,3574.979,batt,1
7632022451497,3574.979,batt,1
7632072373260,3574.979,batt,1
7632122371427,3574.979,batt,1
7632172455373,3608.345,batt,1
7632222445103,3608.345,batt,1
7632272606286,3608.345,batt,1
7632322381022,3608.345,batt,1
7632372395282,3608.345,batt,1
7632422371210,3653.954,batt,1
7632472461250,3653.954,batt,1
7632522406189,3653.954,batt,1
7632572388992,3653.954,batt,1
7632622415075,3653.954,batt,1
7632672423033,3546.836,batt,1
7632722395159,3546.836,batt,1
7632772402493,3546.836,batt,1
7632822407274,3546.836,batt,1
7632872439034,3546.836,batt,1
7632922381213,3827.245,batt,1
7632972424379,3827.245,batt,1
7633022488690,3827.245,batt,1
7633072419254,3827.245,batt,1
7633122423671,3827.245,batt,1
7633172428244,3200.935,batt,1
7633222439796,3200.935,batt,1
7633272350778,3200.935,batt,1
7633322430089,3200.935,batt,1
7633372434870,3200.935,batt,1
7633422517462,3519.995,batt,1
7633472448860,3519.995,batt,1
7633522427601,3519.995,batt,1
7633572415039,3519.995,batt,1
7633622363364,3519.995,batt,1
7633672509078,3733.003,batt,1
7633722380218,3733.003,batt,1
7633772431404,3733.003,batt,1
7633822394572,3733.003,batt,1
7633872463987,3733.003,batt,1
7633922394448,3860.385,batt,1
7633972384073,3860.385,batt,1
7634022432395,3860.385,batt,1
7634072383741,3860.385,batt,1
7634122440344,3860.385,batt,1
7634172432261,3372.680,batt,1
7634222410741,3372.680,batt,1
7634272374117,3372.680,batt,1
7634322406658,3372.680,batt,1
7634372388992,3372.680,batt,1
7634422421221,3994.268,batt,1
7634472457720,3994.268,batt,1
7634522393389,3994.268,batt,1
7634572425097,3994.268,batt,1
7634622419670,3994.268,batt,1
7634672421691,3665.070,batt,1
7634722428243,3665.070,batt,1
7634772385162,3665.070,batt,1
7634822526397,3665.070,batt,1
7634872373267,3665.070,batt,1
7634922537366,4054.260,batt,1
7634972365434,4054.260,batt,1
7635022550783,4054.260,batt,1
7635072384893,4054.260,batt,1
7635122395090,4054.260,batt,1
7635172398414,3863.105,batt,1
7635222418924,3863.105,batt,1
7635272461933,3863.105,batt,1
7635322461402,3863.105,batt,1
7635372458528,3863.105,batt,1
7635422397373,3758.090,batt,1
7635472374083,3758.090,batt,1
7635522369489,3758.090,batt,1
7635572439790,3758.090,batt,1
7635622392385,3758.090,batt,1
7635672497841,3641.582,batt,1
7635722370647,3641.582,batt,1
7635772405896,3641.582,batt,1
7635822460989,3641.582,batt,1
7635872444833,3641.582,batt,1
7635922420761,4276.953,batt,1
7635972368513,4276.953,batt,1
7636022417512,4276.953,batt,1
7636072410054,4276.953,batt,1
7636122388326,4276.953,batt,1
7636172399774,3658.534,batt,1
7636222529708,3658.534,batt,1
7636272410014,3658.534,batt,1
7636322405368,3658.534,batt,1
7636372462544,3658.534,batt,1
7636422405140,3623.398,batt,1
7636472378672,3623.398,batt,1
7636522405067,3623.398,batt,1
7636572440160,3623.398,batt,1
7636622502388,3623.398,batt,1
7636672392069,4021.002,batt,1
7636722480858,4021.002,batt,1
7636772379705,4021.002,batt,1
7636822429016,4021.002,batt,1
7636872394164,4021.002,batt,1
7636922437746,3484.731,batt,1
7636972465391,3484.731,batt,1
7637022487672,3484.731,batt,1
7637072425685,3484.731,batt,1
7637122393019,3484.731,batt,1
7637172414363,3337.633,batt,1
7637222431227,3337.633,batt,1
7637272439602,3337.633,batt,1
7637322549328,3337.633,batt,1
7637372486612,3337.633,batt,1
7637422405614,3569.281,batt,1
7637472450082,3569.281,batt,1
7637522416271,3569.281,batt,1
7637572484853,3569.281,batt,1
7637622412188,4216.443,batt,1
7637672437386,4221.108,batt,1
7637722443469,4221.108,batt,1
7637772433407,4221.108,batt,1
7637822368503,4221.108,batt,1
7637872397972,3478.386,batt,1
7637922450616,3478.386,batt,1
7637972413888,3478.386,batt,1
7638022454762,3478.386,batt,1
7638072459596,3478.386,batt,1
7638122463648,4486.132,batt,1
7638172440618,4486.132,batt,1
7638222344933,4486.132,batt,1
7638272392682,4486.132,batt,1
7638322397776,4486.132,batt,1
7638372520054,3630.103,batt,1
7638422428328,3630.103,batt,1
7638472386132,3630.103,batt,1
7638522438203,3630.103,batt,1
7638572416996,3630.103,batt,1
7638622393184,4148.638,batt,1
7638672383487,4148.638,batt,1
7638722406706,4148.638,batt,1
7638772419195,4148.638,batt,1
7638822416216,4148.638,batt,1
7638872434227,3938.079,batt,1
7638922433539,3938.079,batt,1
7638972390405,3938.079,batt,1
7639022584140,3938.079,batt,1
7639072370438,3938.079,batt,1
7639122362407,3470.206,batt,1
7639172424531,3470.206,batt,1
7639222410927,3470.206,batt,1
7639272389511,3470.206,batt,1
7639322449083,3470.206,batt,1
7639372427719,3462.427,batt,1
7639422427553,3462.427,batt,1
7639472420408,3462.427,batt,1
7639522437168,3462.427,batt,1
7639572393982,3462.427,batt,1
7639622386264,3830.401,batt,1
7639672367400,3830.401,batt,1
7639722440304,3830.401,batt,1
7639772430451,3830.401,batt,1
7639822379088,3830.401,batt,1
7639872397411,3483.618,batt,1
7639922410317,3483.618,batt,1
7639972386870,3483.618,batt,1
7640022444202,3483.618,batt,1
7640072433827,3483.618,batt,1
7640122465535,3670.729,batt,1
7640172450265,3670.729,batt,1
7640222405048,3670.729,batt,1
7640272378320,3670.729,batt,1
7640322409090,3670.729,batt,1
7640372505796,3811.397,batt,1
7640422469224,3811.397,batt,1
7640472409529,3811.397,batt,1
7640522433059,3811.397,batt,1
7640572396904,3811.397,batt,1
7640622382988,4100.922,batt,1
7640672412821,4100.922,batt,1
7640722443071,4100.922,batt,1
7640772403062,4100.922,batt,1
7640822434092,4100.922,batt,1
7640872414708,3553.051,batt,1
7640922392563,3553.051,batt,1
7640972494529,3553.051,batt,1
7641022375564,3553.051,batt,1
7641072401803,3553.051,batt,1
7641122369867,3752.912,batt,1
7641172438709,3752.912,batt,1
7641222394221,3752.912,batt,1
7641272427699,3752.912,batt,1
7641322495917,3752.912,batt,1
7641372413878,3670.726,batt,1
7641422454439,3670.726,batt,1
7641472417972,3670.726,batt,1
7641522394941,3670.726,batt,1
7641572447326,3670.726,batt,1
7641622397525,3851.848,batt,1
7641672512043,3851.848,batt,1
7641722385162,3851.848,batt,1
7641772348330,3851.848,batt,1
7641822332487,3851.848,batt,1
7641872325758,1709.031,batt,1
7641922334237,1709.031,batt,1
7641972434276,1709.031,batt,1
