t_mono_ns,power_mW,src,valid
7769677410123,1502.905,batt,1
7769727438238,1502.905,batt,1
7769777425572,1502.905,batt,1
7769827456498,1677.853,batt,1
7769877477737,1677.853,batt,1
7769927495383,1677.853,batt,1
7769977409282,1677.853,batt,1
7770027410053,1677.853,batt,1
7770077423844,1544.557,batt,1
7770127414251,1544.557,batt,1
7770177529342,1544.557,batt,1
7770227494749,1544.557,batt,1
7770277460886,1544.557,batt,1
7770327453897,1319.542,batt,1
7770377463939,1319.542,batt,1
7770427453564,1319.542,batt,1
7770478033798,1319.542,batt,1
7770527441930,1319.542,batt,1
7770577439211,1267.978,batt,1
7770627436701,1267.978,batt,1
7770677478409,1267.978,batt,1
7770727440691,1267.978,batt,1
7770777458545,1267.978,batt,1
7770827442129,750.540,batt,1
7770877457327,750.540,batt,1
7770927457473,750.540,batt,1
7770977442985,750.540,batt,1
7771027443599,750.540,batt,1
7771077475307,696.725,batt,1
7771127452589,696.725,batt,1
7771177443048,696.725,batt,1
7771227441684,696.725,batt,1
7771277442820,696.725,batt,1
7771327443435,635.605,batt,1
7771377444258,635.605,batt,1
7771427443154,635.605,batt,1
7771477471633,635.605,batt,1
7771527442977,635.605,batt,1
7771577470414,584.324,batt,1
7771627439207,584.324,batt,1
7771677479821,584.324,batt,1
7771727457155,584.324,batt,1
7771777450062,584.324,batt,1
7771827443177,740.722,batt,1
7771877474989,740.722,batt,1
7771927442792,740.722,batt,1
7771977443824,740.722,batt,1
7772027439595,740.722,batt,1
7772077440210,688.166,batt,1
7772127443689,688.166,batt,1
7772177447690,688.166,batt,1
7772227444971,688.166,batt,1
7772277439128,688.166,batt,1
7772327454065,607.541,batt,1
7772377443430,607.541,batt,1
7772427459722,607.541,batt,1
7772477457316,607.541,batt,1
7772527444338,607.541,batt,1
7772577445265,664.994,batt,1
7772627447755,664.994,batt,1
7772677491441,664.994,batt,1
7772727488463,664.994,batt,1
7772777431006,664.994,batt,1
7772827462974,1726.805,batt,1
7772877442548,1726.805,batt,1
7772927443319,1726.805,batt,1
7772977426799,1726.805,batt,1
7773027474861,1726.805,batt,1
7773077474903,2237.012,batt,1
7773127482653,2237.012,batt,1
7773177487174,2237.012,batt,1
7773227533464,2237.012,batt,1
7773277493195,2237.012,batt,1
7773327535371,2746.013,batt,1
7773377470467,2746.013,batt,1
7773427487383,2746.013,batt,1
7773477562632,2746.013,batt,1
7773527462468,2746.013,batt,1
7773577730159,6266.460,batt,1
7773627566247,6266.460,batt,1
7773677490354,6266.460,batt,1
7773727521072,6266.460,batt,1
7773777622569,6266.460,batt,1
7773827726254,5893.198,batt,1
7773877546301,5893.198,batt,1
7773927526135,5893.198,batt,1
7773977460398,5893.198,batt,1
7774027522730,5893.198,batt,1
7774077517668,5801.038,batt,1
7774127644894,5801.038,batt,1
7774177598687,5801.038,batt,1
7774227478732,5801.038,batt,1
7774277485024,5801.038,batt,1
7774327446109,5796.381,batt,1
7774377481827,5796.381,batt,1
7774427470619,5796.381,batt,1
7774477677426,5796.381,batt,1
7774527560075,5796.381,batt,1
7774577520587,6463.208,batt,1
7774627518077,6463.208,batt,1
7774677535775,6463.208,batt,1
7774727636856,6463.208,batt,1
7774777557942,5973.723,batt,1
7774827512881,5974.586,batt,1
7774877567452,5974.586,batt,1
7774927601243,5974.586,batt,1
7774977600608,5974.586,batt,1
7775027553620,5563.623,batt,1
7775077549808,5563.623,batt,1
7775127693648,5563.623,batt,1
7775177562027,5563.623,batt,1
7775227511081,5563.623,batt,1
7775277582111,5676.024,batt,1
7775327491374,5676.024,batt,1
7775377770731,5676.024,batt,1
7775427500937,5676.024,batt,1
7775477563321,5676.024,batt,1
7775527534978,5490.842,batt,1
7775577615747,5490.842,batt,1
7775627642819,5490.842,batt,1
7775677608644,5490.842,batt,1
7775727475512,5490.842,batt,1
7775777693517,4790.740,batt,1
7775827583666,4790.740,batt,1
7775877520585,4790.740,batt,1
7775927552449,4790.740,batt,1
7775977573376,4790.740,batt,1
7776027556855,5352.783,batt,1
7776077581376,5352.783,batt,1
7776127473244,5352.783,batt,1
7776177482088,5352.783,batt,1
7776227529055,5352.783,batt,1
7776277746070,4937.235,batt,1
7776327535337,4937.235,batt,1
7776377502463,4937.235,batt,1
7776427489849,4937.235,batt,1
7776477523172,4937.235,batt,1
7776527555817,5650.206,batt,1
7776577551224,5650.206,batt,1
7776627454758,5650.206,batt,1
7776677520996,5650.206,batt,1
7776727497966,5650.206,batt,1
7776777503424,6607.465,batt,1
7776827528621,6607.465,batt,1
7776877513560,6607.465,batt,1
7776927554017,6607.465,batt,1
7776977482082,6607.465,batt,1
7777027451760,4961.567,batt,1
7777077521071,4961.567,batt,1
7777127477677,4961.567,batt,1
7777177706619,4961.567,batt,1
7777227533593,4961.567,batt,1
7777277482907,5443.666,batt,1
7777327543728,5443.666,batt,1
7777377592258,5443.666,batt,1
7777427453190,5443.666,batt,1
7777477723693,5443.666,batt,1
7777527468013,5412.287,batt,1
7777577555969,5412.287,batt,1
7777627505752,5412.287,batt,1
7777677636363,5412.287,batt,1
7777727520419,5412.287,batt,1
7777777543898,4851.956,batt,1
7777827482691,4851.956,batt,1
7777877527367,4851.956,batt,1
7777927472984,4851.956,batt,1
7777977488650,4851.956,batt,1
7778027502286,5070.135,batt,1
7778077488005,5070.135,batt,1
7778127521588,5070.135,batt,1
7778177660740,5070.135,batt,1
7778227489173,5070.135,batt,1
7778277523276,5069.549,batt,1
7778327633315,5069.549,batt,1
7778377500340,5069.549,batt,1
7778427523610,5069.549,batt,1
7778477718595,5069.549,batt,1
7778527618327,4563.712,batt,1
7778577468009,4563.712,batt,1
7778627688513,4563.712,batt,1
7778677563663,4563.712,batt,1
7778727491155,4563.712,batt,1
7778777519790,3871.167,batt,1
7778827518269,3871.167,batt,1
7778877520967,3871.167,batt,1
7778927618090,3871.167,batt,1
7778977501833,3871.167,batt,1
7779027618851,4972.127,batt,1
7779077503740,4972.127,batt,1
7779127469147,4972.127,batt,1
7779177449711,4972.127,batt,1
7779227571103,4972.127,batt,1
7779277587655,5418.855,batt,1
7779327476138,5418.855,batt,1
7779377547220,5418.855,batt,1
7779427526168,5418.855,batt,1
7779477484232,5418.855,batt,1
7779527514221,3296.582,batt,1
7779577496712,3296.582,batt,1
7779627502327,3296.582,batt,1
7779677497837,3296.582,batt,1
7779727495432,3296.582,batt,1
7779777475266,3508.258,batt,1
7779827668636,3508.258,batt,1
7779877481547,3508.258,batt,1
7779927519349,3508.258,batt,1
7779977636523,3508.258,batt,1
7780027481725,4059.136,batt,1
7780077516506,4059.136,batt,1
7780127513215,4059.136,batt,1
7780177463362,4059.136,batt,1
7780227541579,4059.136,batt,1
7780277485737,3653.267,batt,1
7780327463696,3653.267,batt,1
7780377514831,3653.267,batt,1
7780427679035,3653.267,batt,1
7780477520852,3653.267,batt,1
7780527494176,3694.217,batt,1
7780577508124,3694.217,batt,1
7780627503010,3694.217,batt,1
7780677474042,3694.217,batt,1
7780727452887,3694.217,batt,1
7780777487459,3495.791,batt,1
7780827479897,3495.791,batt,1
7780877541812,3495.791,batt,1
7780927550916,3495.791,batt,1
7780977470804,3724.394,batt,1
7781027516001,3726.006,batt,1
7781077446826,3726.006,batt,1
7781127472232,3726.006,batt,1
7781177493472,3726.006,batt,1
7781227485493,3754.410,batt,1
7781277500274,3754.410,batt,1
7781327476358,3754.410,batt,1
7781377522597,3754.410,batt,1
7781427476026,3754.410,batt,1
7781477516119,3558.944,batt,1
7781527470641,3558.944,batt,1
7781577445527,3558.944,batt,1
7781627567806,3558.944,batt,1
7781677535973,3558.944,batt,1
7781727502110,3566.189,batt,1
7781777511631,3566.189,batt,1
7781827459383,3566.189,batt,1
7781877550724,3566.189,batt,1
7781927507590,3566.189,batt,1
7781977535704,2940.208,batt,1
7782027493977,2940.208,batt,1
7782077472092,2940.208,batt,1
7782127493227,2940.208,batt,1
7782177469885,2940.208,batt,1
7782227476228,3536.909,batt,1
7782277690587,3536.909,batt,1
7782327537561,3536.909,batt,1
7782377470469,3536.909,batt,1
7782427572435,3536.909,batt,1
7782477486021,3422.225,batt,1
7782527462731,3422.225,batt,1
7782577456210,3422.225,batt,1
7782627478595,3422.225,batt,1
7782677526657,3422.225,batt,1
7782727892261,3739.963,batt,1
7782778135265,3739.963,batt,1
7782827495169,3739.963,batt,1
7782877510106,3739.963,batt,1
7782927486659,3739.963,batt,1
7782977485972,3518.930,batt,1
7783027570960,3518.930,batt,1
7783077503920,3518.930,batt,1
7783127495525,3518.930,batt,1
7783177519264,3518.930,batt,1
7783227505192,4149.995,batt,1
7783277537837,4149.995,batt,1
7783327527775,4149.995,batt,1
7783377509484,4149.995,batt,1
7783427447236,4149.995,batt,1
7783477471757,3260.745,batt,1
7783527742468,3260.745,batt,1
7783578056408,3260.745,batt,1
7783627601202,3260.745,batt,1
7783677495570,3260.745,batt,1
7783727492487,3588.438,batt,1
7783777515757,3588.438,batt,1
7783827457311,3588.438,batt,1
7783877551309,3588.438,batt,1
7783927502602,3588.438,batt,1
7783977554414,3704.088,batt,1
7784027569872,3704.088,batt,1
7784077548508,3704.088,batt,1
7784127444959,3704.088,batt,1
7784177448491,3704.088,batt,1
7784227521239,3554.589,batt,1
7784278139337,3554.589,batt,1
7784327470387,3554.589,batt,1
7784377814794,3554.589,batt,1
7784427504220,3554.589,batt,1
7784477665872,4053.414,batt,1
7784527449462,4053.414,batt,1
7784577553459,4053.414,batt,1
7784627495899,4053.414,batt,1
7784677484535,4053.414,batt,1
7784727676967,3430.540,batt,1
7784777454463,3430.540,batt,1
7784827495650,3430.540,batt,1
7784877524128,3430.540,batt,1
7784927483078,3430.540,batt,1
7784977443642,3334.623,batt,1
7785027461704,3334.623,batt,1
7785077506276,3334.623,batt,1
7785127465798,3334.623,batt,1
7785178178112,3334.623,batt,1
7785227467705,3590.419,batt,1
7785277525662,3590.419,batt,1
7785327526537,3590.419,batt,1
7785377442832,3590.419,batt,1
7785427474435,3590.419,batt,1
7785477504528,3477.319,batt,1
7785527486394,3477.319,batt,1
7785577530341,3477.319,batt,1
7785627493196,3477.319,batt,1
7785677456833,3477.319,batt,1
7785727457708,3618.839,batt,1
7785777507384,3618.839,batt,1
7785827465605,3618.839,batt,1
7785877551842,3618.839,batt,1
7785927459491,3618.839,batt,1
7785978168992,3483.179,batt,1
7786027564520,3483.179,batt,1
7786077583571,3483.179,batt,1
7786127467575,3483.179,batt,1
7786177482044,3483.179,batt,1
7786227460888,3672.316,batt,1
7786277466191,3672.316,batt,1
7786327473524,3672.316,batt,1
7786377485441,3672.316,batt,1
7786427491368,3672.316,batt,1
7786477482296,3597.835,batt,1
7786527496035,3597.835,batt,1
7786577535034,3597.835,batt,1
7786627499608,3597.835,batt,1
7786677510692,3597.835,batt,1
7786728201443,3688.191,batt,1
7786778034875,3688.191,batt,1
7786827531859,3688.191,batt,1
7786877433935,3688.191,batt,1
7786927445070,3688.191,batt,1
7786977540995,3593.039,batt,1
7787027453695,3593.039,batt,1
7787077487434,3593.039,batt,1
7787127462425,3593.039,batt,1
7787177551735,3427.416,batt,1
7787227543548,3424.286,batt,1
7787277475676,3424.286,batt,1
7787327480040,3424.286,batt,1
7787377462010,3424.286,batt,1
7787427507780,3740.816,batt,1
7787477485895,3740.816,batt,1
7787527509322,3740.816,batt,1
7787577942633,3740.816,batt,1
7787627458001,3740.816,batt,1
7787677454293,3908.540,batt,1
7787727447148,3908.540,batt,1
7787777618227,3908.540,batt,1
7787827539156,3908.540,batt,1
7787877475242,3908.540,batt,1
7787927463565,3450.382,batt,1
7787977506418,3450.382,batt,1
7788027483492,3450.382,batt,1
7788077563220,3450.382,batt,1
7788127536648,3450.382,batt,1
7788177539137,3330.115,batt,1
7788227490327,3330.115,batt,1
7788277605678,3330.115,batt,1
7788327491192,3330.115,batt,1
7788378168090,3330.115,batt,1
7788427574450,3132.689,batt,1
7788477612981,3132.689,batt,1
7788527457350,3132.689,batt,1
7788577588951,3132.689,batt,1
7788627501131,3132.689,batt,1
7788677472944,3684.325,batt,1
7788727526891,3684.325,batt,1
7788777647086,3684.325,batt,1
7788827511090,3684.325,batt,1
7788877455300,3684.325,batt,1
7788927493310,3521.403,batt,1
7788977501008,3521.403,batt,1
7789027464228,3521.403,batt,1
7789077444948,3521.403,batt,1
7789127571965,3521.403,batt,1
7789177578778,3423.623,batt,1
7789227954434,3423.623,batt,1
7789277620371,3423.623,batt,1
7789327543644,3423.623,batt,1
7789377719983,3423.623,batt,1
7789427501229,3624.791,batt,1
7789477528666,3624.791,batt,1
7789527479647,3624.791,batt,1
7789577567135,3624.791,batt,1
7789627455044,3624.791,batt,1
7789677516283,3684.147,batt,1
7789727543668,3684.147,batt,1
7789777640686,3684.147,batt,1
7789827537450,3684.147,batt,1
7789877561762,3684.147,batt,1
7789927570397,3572.404,batt,1
7789977555648,3572.404,batt,1
7790028219213,3572.404,batt,1
7790077527191,3572.404,batt,1
7790127573742,3572.404,batt,1
7790177547691,4188.556,batt,1
7790227535806,4188.556,batt,1
7790277527255,4188.556,batt,1
7790327491412,4188.556,batt,1
7790377546296,4188.556,batt,1
7790427506392,3557.196,batt,1
7790477490184,3557.196,batt,1
7790527475122,3557.196,batt,1
7790577589119,3557.196,batt,1
7790627472446,3557.196,batt,1
7790677483269,3965.644,batt,1
7790727447739,3965.644,batt,1
7790777549340,3965.644,batt,1
7790827757397,3965.644,batt,1
7790877568799,3965.644,batt,1
7790927498218,3314.894,batt,1
7790977460813,3314.894,batt,1
7791027493041,3314.894,batt,1
7791077473969,3314.894,batt,1
7791127527968,3314.894,batt,1
7791177541760,3516.239,batt,1
7791227534458,3516.239,batt,1
7791277568405,3516.239,batt,1
7791327516782,3516.239,batt,1
7791377477450,3516.239,batt,1
7791427479523,3541.810,batt,1
7791477537689,3541.810,batt,1
7791527509346,3541.810,batt,1
7791577901148,3541.810,batt,1
7791627978583,3541.810,batt,1
7791677467650,3524.451,batt,1
7791727493889,3524.451,batt,1
7791777514868,3524.451,batt,1
7791827484703,3524.451,batt,1
7791877440215,3524.451,batt,1
7791927465412,3618.144,batt,1
7791977502953,3618.144,batt,1
7792027507578,3618.144,batt,1
7792077495537,3618.144,batt,1
7792127523860,3618.144,batt,1
7792177665720,3498.766,batt,1
7792227498944,3498.766,batt,1
7792277521121,3498.766,batt,1
7792327824175,3498.766,batt,1
7792377653910,3498.766,batt,1
7792428249768,3742.075,batt,1
7792477452385,3742.075,batt,1
7792527537216,3742.075,batt,1
7792577463718,3742.075,batt,1
7792627539279,3742.075,batt,1
7792677520988,3539.210,batt,1
7792727651391,3539.210,batt,1
7792777485813,3539.210,batt,1
7792827509500,3539.210,batt,1
7792877480897,3539.210,batt,1
7792927658590,3337.903,batt,1
7792977595248,3337.903,batt,1
7793027487064,3337.903,batt,1
7793077497835,3337.903,batt,1
7793127464805,3337.903,batt,1
7793177446045,3188.296,batt,1
7793228395748,3188.296,batt,1
7793277565553,3188.296,batt,1
7793327480128,3188.296,batt,1
7793377462827,3188.296,batt,1
7793427655624,3638.267,batt,1
7793477557752,3638.267,batt,1
7793527468161,3638.267,batt,1
7793577615335,3638.267,batt,1
7793627519858,3593.263,batt,1
7793677461048,3593.263,batt,1
7793727481037,3593.263,batt,1
7793777523734,3593.263,batt,1
7793827509349,3593.263,batt,1
7793877525068,3824.084,batt,1
7793927475268,3824.084,batt,1
7793977472653,3824.084,batt,1
7794028157520,3824.084,batt,1
7794077531225,3824.084,batt,1
7794127493143,3826.373,batt,1
7794177460999,3826.373,batt,1
7794227510206,3826.373,batt,1
7794277439469,3826.373,batt,1
7794327488676,3826.373,batt,1
7794377573611,3437.954,batt,1
7794427584486,3437.954,batt,1
7794477484792,3437.954,batt,1
7794527635142,3437.954,batt,1
7794577526906,3437.954,batt,1
7794627517989,3723.141,batt,1
7794677554749,3723.141,batt,1
7794727580936,3723.141,batt,1
7794777571864,3723.141,batt,1
7794828326468,3723.141,batt,1
7794877538563,3854.941,batt,1
7794927527981,3854.941,batt,1
7794977421046,3854.941,batt,1
7795027726861,3854.941,batt,1
7795077527273,3854.941,batt,1
7795127495962,3571.202,batt,1
7795177489181,3571.202,batt,1
7795227548909,3571.202,batt,1
7795277507285,3571.202,batt,1
7795327506442,3571.202,batt,1
7795377564659,3452.373,batt,1
7795427510901,3452.373,batt,1
7795477572608,3452.373,batt,1
7795527605461,3452.373,batt,1
7795577506027,3452.373,batt,1
7795627982618,3250.255,batt,1
7795678319265,3250.255,batt,1
7795727440946,3250.255,batt,1
7795777585307,3250.255,batt,1
7795827509622,3250.255,batt,1
7795877482790,3722.444,batt,1
7795927489446,3722.444,batt,1
7795977524122,3722.444,batt,1
7796027489374,3722.444,batt,1
7796077611235,3722.444,batt,1
7796127461646,3770.149,batt,1
7796177535957,3770.149,batt,1
7796227478344,3770.149,batt,1
7796277625048,3770.149,batt,1
7796327446814,3770.149,batt,1
7796377464824,3612.097,batt,1
7796427568041,3612.097,batt,1
7796478206762,3612.097,batt,1
7796527490366,3612.097,batt,1
7796577973415,3612.097,batt,1
7796627622061,3948.808,batt,1
7796677503148,3948.808,batt,1
7796727505273,3948.808,batt,1
7796777441567,3948.808,batt,1
7796827488222,3948.808,batt,1
7796877664301,3572.885,batt,1
7796927484504,3572.885,batt,1
7796977503973,3572.885,batt,1
7797027383341,3572.885,batt,1
7797077457964,3572.885,batt,1
7797127485245,3380.317,batt,1
7797177516901,3380.317,batt,1
7797227571472,3380.317,batt,1
7797278449250,3380.317,batt,1
7797327447706,3380.317,batt,1
7797377563161,3933.779,batt,1
7797427567526,3933.779,batt,1
7797477487362,3933.779,batt,1
7797527589380,3933.779,batt,1
7797577508591,3933.779,batt,1
7797627478321,3638.783,batt,1
7797677474301,3638.783,batt,1
7797727504186,3638.783,batt,1
7797777502040,3638.783,batt,1
7797827500051,3638.783,batt,1
7797877483531,3636.097,batt,1
7797927459615,3636.097,batt,1
7797977456740,3636.097,batt,1
7798027806043,3636.097,batt,1
7798078198366,3636.097,batt,1
7798127462804,3429.627,batt,1
7798177593519,3429.627,batt,1
7798227530334,3429.627,batt,1
7798277488033,3429.627,batt,1
7798327490210,3429.627,batt,1
7798377496919,3655.731,batt,1
7798427612895,3655.731,batt,1
7798477459973,3655.731,batt,1
7798527560012,3655.731,batt,1
7798577572293,3655.731,batt,1
7798627491973,3380.220,batt,1
7798677447328,3380.220,batt,1
7798727516118,3380.220,batt,1
7798777433611,3380.220,batt,1
7798827570680,3380.220,batt,1
7798877838475,2993.076,batt,1
7798927480610,2993.076,batt,1
7798977588305,2993.076,batt,1
7799027503610,2993.076,batt,1
7799077505006,2993.076,batt,1
7799127456925,3376.224,batt,1
7799177628003,3376.224,batt,1
7799227450290,3376.224,batt,1
7799277529965,3376.224,batt,1
7799327532871,3376.224,batt,1
7799377514997,3318.756,batt,1
7799427469884,3318.756,batt,1
7799477469718,3318.756,batt,1
7799527451635,3318.756,batt,1
7799577502718,3340.963,batt,1
7799627864208,3342.893,batt,1
7799678254499,3342.893,batt,1
7799727515187,3342.893,batt,1
7799777680693,3342.893,batt,1
7799827636674,3475.583,batt,1
7799877517292,3475.583,batt,1
7799927493272,3475.583,batt,1
7799977510189,3475.583,batt,1
7800027463669,3475.583,batt,1
7800077475846,3602.579,batt,1
7800127479378,3602.579,batt,1
7800177493690,3602.579,batt,1
7800227488003,3602.579,batt,1
7800277525752,3602.579,batt,1
7800327514961,3216.188,batt,1
7800377389746,3216.188,batt,1
7800427536815,3216.188,batt,1
7800478216734,3216.188,batt,1
7800527631949,3216.188,batt,1
7800577534077,3674.614,batt,1
7800627463704,3674.614,batt,1
7800677497287,3674.614,batt,1
7800727549567,3674.614,batt,1
7800777499819,3674.614,batt,1
7800827527933,3440.669,batt,1
7800877628389,3440.669,batt,1
7800927481820,3440.669,batt,1
7800977456290,3440.669,batt,1
7801027547423,3440.669,batt,1
7801077570902,3747.896,batt,1
7801127525841,3747.896,batt,1
7801177547601,3747.896,batt,1
7801227517019,3747.896,batt,1
7801278268446,3747.896,batt,1
7801327542727,4040.492,batt,1
7801377474854,4040.492,batt,1
7801427538696,4040.492,batt,1
7801477571758,4040.492,batt,1
7801527477740,4040.492,batt,1
7801577503667,3576.248,batt,1
7801627508501,3576.248,batt,1
7801677450107,3576.248,batt,1
7801727441868,3576.248,batt,1
7801777548573,3576.248,batt,1
7801827573823,3583.148,batt,1
7801877512356,3583.148,batt,1
7801927526408,3583.148,batt,1
7801977460983,3583.148,batt,1
7802028225326,3583.148,batt,1
7802078142246,3298.621,batt,1
7802127484911,3298.621,batt,1
7802177895722,3298.621,batt,1
7802227592283,3298.621,batt,1
7802277559826,3298.621,batt,1
7802327498672,3793.369,batt,1
7802377494651,3793.369,batt,1
7802427522974,3793.369,batt,1
7802477523537,3793.369,batt,1
7802527618784,3793.369,batt,1
7802577525443,3491.686,batt,1
7802627469706,3491.686,batt,1
7802677519330,3491.686,batt,1
7802727691919,3491.686,batt,1
7802778263663,3491.686,batt,1
7802827889080,3380.768,batt,1
7802878100002,3380.768,batt,1
7802927604068,3380.768,batt,1
7802977564632,3380.768,batt,1
7803027493062,3380.768,batt,1
7803077483104,3698.977,batt,1
7803127461428,3698.977,batt,1
7803177477875,3698.977,batt,1
7803227554686,3698.977,batt,1
7803277491813,3698.977,batt,1
7803327540447,3651.655,batt,1
7803377534344,3651.655,batt,1
7803427514595,3651.655,batt,1
7803477499168,3651.655,batt,1
7803527540719,3651.655,batt,1
7803577476024,3126.199,batt,1
7803627608406,3126.199,batt,1
7803677650738,3126.199,batt,1
7803727514274,3126.199,batt,1
7803777503014,3126.199,batt,1
7803827617427,3674.085,batt,1
7803877517056,3674.085,batt,1
7803927552930,3674.085,batt,1
7803977574430,3674.085,batt,1
7804027442444,3674.085,batt,1
7804077475245,3517.965,batt,1
7804127450496,3517.965,batt,1
7804177494652,3517.965,batt,1
7804227520787,3517.965,batt,1
7804277540932,3517.965,batt,1
7804327485611,3589.099,batt,1
7804377474299,3589.099,batt,1
7804427472258,3589.099,batt,1
7804477991087,3589.099,batt,1
7804527606088,3589.099,batt,1
7804577547642,3713.033,batt,1
7804627464978,3713.033,batt,1
7804677519342,3713.033,batt,1
7804727487301,3713.033,batt,1
7804777462813,3713.033,batt,1
7804827504937,3540.535,batt,1
7804877575133,3540.535,batt,1
7804927516166,3540.535,batt,1
7804977498917,3540.535,batt,1
7805027569061,3540.535,batt,1
7805077517802,3616.328,batt,1
7805127494564,3616.328,batt,1
7805177522834,3616.328,batt,1
7805228339676,3616.328,batt,1
7805278094100,3550.800,batt,1
7805327576656,3544.658,batt,1
7805380540729,3544.658,batt,1
7805427637468,3544.658,batt,1
7805477465067,3544.658,batt,1
7805527661353,3544.658,batt,1
7805577476140,3440.745,batt,1
7805627482067,3440.745,batt,1
7805677570492,3440.745,batt,1
7805727542774,3440.745,batt,1
7805777460423,3419.757,batt,1
7805827485724,3420.580,batt,1
7805877560452,3420.580,batt,1
7805927463830,3420.580,batt,1
7805977696209,3420.580,batt,1
7806027496830,3680.088,batt,1
7806077639367,3680.088,batt,1
7806127649513,3680.088,batt,1
7806177603254,3680.088,batt,1
7806227471061,3680.088,batt,1
7806277489956,3605.248,batt,1
7806327487134,3605.248,batt,1
7806377451343,3605.248,batt,1
7806427466854,3605.248,batt,1
7806477566320,3605.248,batt,1
7806527541779,3360.764,batt,1
7806577491250,3360.764,batt,1
7806627532280,3360.764,batt,1
7806677486073,3360.764,batt,1
7806727499657,3360.764,batt,1
7806777646674,3662.961,batt,1
7806827639632,3662.961,batt,1
7806878236585,3662.961,batt,1
7806927551438,3662.961,batt,1
7806977575177,3662.961,batt,1
7807027483346,3555.524,batt,1
7807077442192,3555.524,batt,1
7807127500982,3555.524,batt,1
7807177580188,3555.524,batt,1
7807227507264,3555.524,batt,1
7807277579491,3416.212,batt,1
7807327540524,3416.212,batt,1
7807377580044,3416.212,batt,1
7807427488630,3416.212,batt,1
7807477639293,3416.212,batt,1
7807527458194,3292.371,batt,1
7807577447351,3292.371,batt,1
7807627460153,3292.371,batt,1
7807677692844,3292.371,batt,1
7807727926265,3292.371,batt,1
7807777621316,3926.410,batt,1
7807827501309,3926.410,batt,1
7807877473591,3926.410,batt,1
7807927490404,3926.410,batt,1
7807977630546,3926.410,batt,1
7808027491529,3492.646,batt,1
7808077469228,3492.646,batt,1
7808127500988,3492.646,batt,1
7808177558893,3492.646,batt,1
7808227460448,3492.646,batt,1
7808277483718,3559.153,batt,1
7808327515843,3559.153,batt,1
7808377500260,3559.153,batt,1
7808427616445,3559.153,batt,1
7808478067880,3559.153,batt,1
7808539170993,3482.232,batt,1
7808577613394,3482.232,batt,1
7808627547083,3482.232,batt,1
7808677526501,3482.232,batt,1
7808727511387,3482.232,batt,1
7808777525491,3551.909,batt,1
7808827489128,3551.909,batt,1
7808877485889,3551.909,batt,1
7808927490774,3551.909,batt,1
7808977501649,3551.909,batt,1
7809027439818,3564.783,batt,1
7809077545013,3564.783,batt,1
7809127458443,3564.783,batt,1
7809177882900,3564.783,batt,1
7809227487328,3564.783,batt,1
7809277590076,3477.654,batt,1
7809327496891,3477.654,batt,1
7809377582660,3477.654,batt,1
7809427526037,3477.654,batt,1
7809477493059,3477.654,batt,1
7809527479195,3315.532,batt,1
7809577477935,3315.532,batt,1
7809627476050,3315.532,batt,1
7809677615723,3315.532,batt,1
7809727457592,3315.532,batt,1
7809777626796,3487.371,batt,1
7809827567048,3487.371,batt,1
7809877474957,3487.371,batt,1
7809927493489,3487.371,batt,1
7809977473635,3487.371,batt,1
7810027583414,3351.799,batt,1
7810078113180,3351.799,batt,1
7810128221761,3351.799,batt,1
7810177538801,3351.799,batt,1
7810227566551,3351.799,batt,1
7810277544562,3889.716,batt,1
7810327466898,3889.716,batt,1
7810377499908,3889.716,batt,1
7810427589010,3889.716,batt,1
7810477503794,3889.716,batt,1
7810527529564,3408.570,batt,1
7810577629082,3408.570,batt,1
7810627462827,3408.570,batt,1
7810677486202,3408.570,batt,1
7810727564575,3408.570,batt,1
7810777489358,3620.660,batt,1
7810827457995,3620.660,batt,1
7810877427829,3620.660,batt,1
7810928463467,3620.660,batt,1
7810977517911,3620.660,batt,1
7811027388529,3697.920,batt,1
7811077593097,3697.920,batt,1
7811127460695,3697.920,batt,1
7811177503548,3697.920,batt,1
7811227528172,3697.920,batt,1
7811277448581,3685.564,batt,1
7811327544714,3685.564,batt,1
7811377461217,3685.564,batt,1
7811427505945,3685.564,batt,1
7811477496717,3685.564,batt,1
7811527621130,3374.077,batt,1
7811577568517,3374.077,batt,1
7811627427105,3374.077,batt,1
7811677653963,3374.077,batt,1
7811727776398,3667.905,batt,1
7811777504937,3669.494,batt,1
7811827458105,3669.494,batt,1
7811877557676,3669.494,batt,1
7811927492980,3669.494,batt,1
7811977564166,3432.356,batt,1
7812027514157,3431.695,batt,1
7812077472742,3431.695,batt,1
7812127470440,3431.695,batt,1
7812177481940,3431.695,batt,1
7812227592291,3378.528,batt,1
7812277490982,3378.528,batt,1
7812327523783,3378.528,batt,1
7812377478254,3378.528,batt,1
7812427488660,3378.528,batt,1
7812477914107,3366.710,batt,1
7812527583637,3366.710,batt,1
7812577478890,3366.710,batt,1
7812627479297,3366.710,batt,1
7812677547618,3366.710,batt,1
7812727437351,3436.224,batt,1
7812777610513,3436.224,batt,1
7812827495610,3436.224,batt,1
7812877511225,3436.224,batt,1
7812927554599,3436.224,batt,1
7812977596566,3353.140,batt,1
7813027480362,3353.140,batt,1
7813077477435,3353.140,batt,1
7813127572006,3353.140,batt,1
7813177650743,3353.140,batt,1
7813227387407,3520.387,batt,1
7813277744470,3520.387,batt,1
7813327646911,3520.387,batt,1
7813377535862,3520.387,batt,1
7813427495332,3520.387,batt,1
7813477479177,3533.416,batt,1
7813527586195,3533.416,batt,1
7813577473376,3533.416,batt,1
7813627476803,3533.416,batt,1
7813677473355,3533.416,batt,1
7813727515532,3420.168,batt,1
7813777502605,3420.168,batt,1
7813827481971,3420.168,batt,1
7813877521491,3420.168,batt,1
7813927516116,3420.168,batt,1
7813977686830,3520.267,batt,1
7814027664790,3520.267,batt,1
7814078099038,3520.267,batt,1
7814127576543,3520.267,batt,1
7814177463255,3520.267,batt,1
7814227590533,3560.559,batt,1
7814277493286,3560.559,batt,1
7814327497650,3560.559,batt,1
7814377539358,3560.559,batt,1
7814427507005,3560.559,batt,1
7814477485589,3647.606,batt,1
7814527474329,3647.606,batt,1
7814577547338,3647.606,batt,1
7814627559567,3647.606,batt,1
7814677558463,3647.606,batt,1
7814727470383,3493.381,batt,1
7814778159468,3493.381,batt,1
7814827470571,3493.381,batt,1
7814877744095,3493.381,batt,1
7814927761063,3493.381,batt,1
7814977539497,3709.031,batt,1
7815027437406,3709.031,batt,1
7815077442396,3709.031,batt,1
7815127566966,3709.031,batt,1
7815177510759,3709.031,batt,1
7815227530436,3820.411,batt,1
7815277535582,3820.411,batt,1
7815327455939,3820.411,batt,1
7815377458429,3820.411,batt,1
7815427480501,3820.411,batt,1
7815477497418,3812.350,batt,1
7815527437201,3812.350,batt,1
7815577590207,3812.350,batt,1
7815627471815,3812.350,batt,1
7815677927521,3812.350,batt,1
7815728235627,3228.061,batt,1
7815777520690,3228.061,batt,1
7815827573386,3228.061,batt,1
7815877506295,3228.061,batt,1
7815933411534,3228.061,batt,1
7815977480286,3258.751,batt,1
7816027514285,3258.751,batt,1
7816077520160,3258.751,batt,1
7816127493120,3258.751,batt,1
7816177507849,3258.751,batt,1
7816227497370,3577.864,batt,1
7816277512985,3577.864,batt,1
7816327850725,3577.864,batt,1
7816377470778,3577.864,batt,1
7816427885912,3577.864,batt,1
7816477705230,3103.297,batt,1
7816527523663,3103.297,batt,1
7816577720001,3103.297,batt,1
7816627647806,3103.297,batt,1
7816677482123,3103.297,batt,1
7816727494092,3370.438,batt,1
7816777518717,3370.438,batt,1
7816827492926,3370.438,batt,1
7816877566091,3370.438,batt,1
7816927461761,3370.438,batt,1
7816977478209,3472.613,batt,1
7817027549967,3472.613,batt,1
7817077585060,3472.613,batt,1
7817127460262,3472.613,batt,1
7817177487855,3472.613,batt,1
7817228238761,3804.487,batt,1
7817277787045,3804.487,batt,1
7817327525168,3804.487,batt,1
7817377567135,3804.487,batt,1
7817427621603,3804.487,batt,1
7817477512533,3703.398,batt,1
7817527452473,3703.398,batt,1
7817577461681,3703.398,batt,1
7817627512659,3703.398,batt,1
7817677546763,3703.398,batt,1
7817727463526,3737.628,batt,1
7817777521587,3737.628,batt,1
7817827488661,3737.628,batt,1
7817877502922,3737.628,batt,1
7817927609263,3737.628,batt,1
7817977697948,3361.144,batt,1
7818027901265,3361.144,batt,1
7818078091614,3361.144,batt,1
7818127472664,3361.144,batt,1
7818177514423,3746.407,batt,1
7818227474518,3751.092,batt,1
7818277502372,3751.092,batt,1
7818327506476,3751.092,batt,1
7818377631046,3751.092,batt,1
7818427550621,3565.982,batt,1
7818477525872,3565.982,batt,1
7818527524664,3565.982,batt,1
7818577448563,3565.982,batt,1
7818627696619,3565.982,batt,1
7818677560675,3442.972,batt,1
7818727516499,3442.972,batt,1
7818777495448,3442.972,batt,1
7818827938550,3442.972,batt,1
7818878094994,3442.972,batt,1
7818927488439,3905.427,batt,1
7818977530563,3905.427,batt,1
7819027576749,3905.427,batt,1
7819077468669,3905.427,batt,1
7819127456420,3905.427,batt,1
7819177491513,3503.484,batt,1
7819227627332,3503.484,batt,1
7819277539669,3503.484,batt,1
7819327451119,3503.484,batt,1
7819377529128,3503.484,batt,1
7819427543701,3524.381,batt,1
7819477520774,3524.381,batt,1
7819527496182,3524.381,batt,1
7819577845485,3524.381,batt,1
7819628227547,3524.381,batt,1
7819678283681,3444.762,batt,1
7819727611815,3444.762,batt,1
7819777633263,3444.762,batt,1
7819827554505,3444.762,batt,1
7819877476736,3444.762,batt,1
7819927529798,3597.782,batt,1
7819977573276,3597.782,batt,1
7820027503112,3597.782,batt,1
7820077496695,3597.782,batt,1
7820127491269,3597.782,batt,1
7820177532716,3447.010,batt,1
7820227547757,3447.010,batt,1
7820277582798,3447.010,batt,1
7820327450709,3447.010,batt,1
7820377529915,3447.010,batt,1
7820428196553,3285.096,batt,1
7820477867698,3285.096,batt,1
7820527508896,3285.096,batt,1
7820578130795,3285.096,batt,1
7820627474241,3285.096,batt,1
7820677513292,3582.549,batt,1
7820727521824,3582.549,batt,1
7820777539938,3582.549,batt,1
7820827521439,3582.549,batt,1
7820877591270,3582.549,batt,1
7820927601937,3854.760,batt,1
7820977524950,3854.760,batt,1
7821027439317,3854.760,batt,1
7821077472431,3854.760,batt,1
7821127533617,3854.760,batt,1
7821177522462,3828.714,batt,1
7821227828589,3828.714,batt,1
7821278171486,3828.714,batt,1
7821327471808,3828.714,batt,1
7821377562316,3828.714,batt,1
7821427481839,3942.917,batt,1
7821477609586,3942.917,batt,1
7821527564942,3942.917,batt,1
7821577468893,3942.917,batt,1
7821627443623,3942.917,batt,1
7821677460696,3456.320,batt,1
7821727541412,3456.320,batt,1
7821777514893,3456.320,batt,1
7821827525820,3456.320,batt,1
7821877513727,3456.320,batt,1
7821927487519,3451.620,batt,1
7821977543133,3451.620,batt,1
7822027796032,3451.620,batt,1
7822077494780,3451.620,batt,1
7822127523676,3451.620,batt,1
7822177523405,3730.215,batt,1
7822227524697,3730.215,batt,1
7822277521198,3730.215,batt,1
7822327465460,3730.215,batt,1
7822377520448,3730.215,batt,1
7822427528719,3459.666,batt,1
7822477565062,3459.666,batt,1
7822527495627,3459.666,batt,1
7822577504991,3459.666,batt,1
7822627542532,3459.666,batt,1
7822677592260,3592.321,batt,1
7822727699174,3592.321,batt,1
7822777624791,3592.321,batt,1
7822827512128,3592.321,batt,1
7822877512587,3592.321,batt,1
7822927533462,4034.255,batt,1
7822977465641,4034.255,batt,1
7823027608439,4034.255,batt,1
7823077598377,4034.255,batt,1
7823127497797,4034.255,batt,1
7823177478204,3452.522,batt,1
7823227587774,3452.522,batt,1
7823277550005,3452.522,batt,1
7823327479215,3452.522,batt,1
7823377481497,3452.522,batt,1
7823427497476,3646.350,batt,1
7823477597828,3646.350,batt,1
7823527592870,3646.350,batt,1
7823577912434,3646.350,batt,1
7823627617745,3646.350,batt,1
7823677534924,4327.000,batt,1
7823727658348,4327.000,batt,1
7823777551831,4327.000,batt,1
7823827501041,4327.000,batt,1
7823877508530,4327.000,batt,1
7823927527061,3219.732,batt,1
7823977468147,3219.732,batt,1
7824027513396,3219.732,batt,1
7824077533125,3219.732,batt,1
7824127497699,3219.732,batt,1
7824177620185,3501.634,batt,1
7824227423150,3501.634,batt,1
7824277578916,3501.634,batt,1
7824327546615,3501.634,batt,1
7824378024508,3663.146,batt,1
7824428203868,3663.146,batt,1
7824477553147,3663.146,batt,1
7824527568814,3663.146,batt,1
7824577620625,3663.146,batt,1
7824627555669,3464.299,batt,1
7824677526024,3464.299,batt,1
7824727482318,3464.299,batt,1
7824777616679,3464.299,batt,1
7824827580420,3464.299,batt,1
7824877522599,3411.201,batt,1
7824927568108,3411.201,batt,1
7824977677626,3411.201,batt,1
7825027468768,3411.201,batt,1
7825077482403,3411.201,batt,1
7825127514788,3625.784,batt,1
7825177775656,3625.784,batt,1
7825227636431,3625.784,batt,1
7825277601265,3625.784,batt,1
7825327609588,3625.784,batt,1
7825377440208,3801.511,batt,1
7825427536341,3801.511,batt,1
7825477541852,3801.511,batt,1
7825527435595,3801.511,batt,1
7825577485218,3801.511,batt,1
7825627598643,3141.011,batt,1
7825677521603,3141.011,batt,1
7825727538572,3141.011,batt,1
7825777497990,3141.011,batt,1
7825827523865,3141.011,batt,1
7825877523802,3536.399,batt,1
7825927445253,3536.399,batt,1
7825977832419,3536.399,batt,1
7826028333072,3536.399,batt,1
7826077564542,3536.399,batt,1
7826127468597,3960.508,batt,1
7826177469316,3960.508,batt,1
7826227554929,3960.508,batt,1
7826277560283,3960.508,batt,1
7826327513191,3960.508,batt,1
7826377549117,3617.061,batt,1
7826427492182,3617.061,batt,1
7826477528837,3617.061,batt,1
7826527638407,3617.061,batt,1
7826577461058,3617.061,batt,1
7826627474329,3513.028,batt,1
7826677529474,3513.028,batt,1
7826727663262,3513.028,batt,1
7826777875069,3513.028,batt,1
7826828361139,3513.028,batt,1
7826877533131,3380.087,batt,1
7826927475258,3380.087,batt,1
7826977457436,3380.087,batt,1
7827027607265,3380.087,batt,1
7827077506529,3380.087,batt,1
7827127501831,3625.852,batt,1
7827177507186,3625.852,batt,1
7827227511030,3625.852,batt,1
7827277496645,3625.852,batt,1
7827327542102,3625.852,batt,1
7827377462928,3138.655,batt,1
7827427506979,3138.655,batt,1
7827478079401,3138.655,batt,1
7827527509875,3138.655,batt,1
7827578248803,3138.655,batt,1
7827627870678,3643.053,batt,1
7827677537761,3643.053,batt,1
7827727449993,3643.053,batt,1
7827777489825,3643.053,batt,1
7827827513669,3643.053,batt,1
7827877639853,3620.264,batt,1
7827927457244,3620.264,batt,1
7827977474264,3620.264,batt,1
7828027514149,3620.264,batt,1
7828077520024,3620.264,batt,1
7828127505431,3616.941,batt,1
7828177496515,3616.941,batt,1
7828227511036,3616.941,batt,1
7828277465767,3616.941,batt,1
7828327760436,3616.941,batt,1
7828378190049,3392.392,batt,1
7828427643544,3392.392,batt,1
7828477562442,3392.392,batt,1
7828527465560,3392.392,batt,1
7828577547006,3392.392,batt,1
7828627537569,3530.900,batt,1
7828677512611,3530.900,batt,1
7828727462759,3530.900,batt,1
7828777666753,3530.900,batt,1
7828827457999,3530.900,batt,1
7828877521321,3537.804,batt,1
7828927656359,3537.804,batt,1
7828977562966,3537.804,batt,1
7829027482802,3537.804,batt,1
7829077522634,3537.804,batt,1
7829127863552,3462.633,batt,1
7829178297384,3462.633,batt,1
7829227535781,3462.633,batt,1
7829277666965,3462.633,batt,1
7829327507949,3462.633,batt,1
7829377522834,3931.221,batt,1
7829427521730,3931.221,batt,1
7829477470472,3931.221,batt,1
7829527502075,3931.221,batt,1
7829577619093,3931.221,batt,1
7829627474972,3397.446,batt,1
7829677484493,3397.446,batt,1
7829727575262,3397.446,batt,1
7829777540253,3397.446,batt,1
7829827535816,3397.446,batt,1
7829877477057,3601.493,batt,1
7829928215307,3601.493,batt,1
7829977711978,3601.493,batt,1
7830027529890,3601.493,batt,1
7830077624669,3601.493,batt,1
7830127553306,3584.154,batt,1
7830177543922,3584.154,batt,1
7830227463185,3584.154,batt,1
7830277614576,3584.154,batt,1
7830327530610,3584.154,batt,1
7830377470185,3468.506,batt,1
7830427526163,3468.506,batt,1
7830477477665,3468.506,batt,1
7830527489009,3468.506,batt,1
7830577501654,3468.506,batt,1
7830627488624,3381.908,batt,1
7830677437990,3381.908,batt,1
7830727679275,3381.908,batt,1
7830777524165,3381.908,batt,1
7830827479625,3878.875,batt,1
7830877534874,3878.875,batt,1
7830927501115,3878.875,batt,1
7830977463397,3878.875,batt,1
7831027549218,3878.875,batt,1
7831077373588,3798.800,batt,1
7831127500606,3798.800,batt,1
7831177495439,3798.800,batt,1
7831227513710,3798.800,batt,1
7831277510262,3798.800,batt,1
7831327552491,3629.956,batt,1
7831377456442,3629.956,batt,1
7831427620229,3629.956,batt,1
7831477545534,3629.956,batt,1
7831527774371,3629.956,batt,1
7831577515202,3988.428,batt,1
7831627792736,3988.428,batt,1
7831677643042,3988.428,batt,1
7831727601419,3988.428,batt,1
7831777503547,3988.428,batt,1
7831827544473,3600.998,batt,1
7831877469726,3600.998,batt,1
7831927654346,3600.998,batt,1
7831977595691,3600.998,batt,1
7832027501049,3600.998,batt,1
7832077547860,3609.581,batt,1
7832127482123,3609.581,batt,1
7832177487477,3609.581,batt,1
7832227595432,3609.581,batt,1
7832277383762,3609.581,batt,1
7832327652181,3858.467,batt,1
7832377460927,3858.467,batt,1
7832427667161,3858.467,batt,1
7832477603507,3858.467,batt,1
7832527487927,3858.467,batt,1
7832577562706,3836.656,batt,1
7832627549936,3836.656,batt,1
7832677501750,3836.656,batt,1
7832727476949,3836.656,batt,1
7832777522875,3836.656,batt,1
7832827645414,3576.832,batt,1
7832877476867,3576.832,batt,1
7832927441337,3576.832,batt,1
7832977691788,3576.832,batt,1
7833027937761,3576.832,batt,1
7833077646874,3329.811,batt,1
7833127536294,3329.811,batt,1
7833177558887,3329.811,batt,1
7833227457942,3329.811,batt,1
7833277563502,3329.811,batt,1
7833327525368,3341.820,batt,1
7833377527754,3341.820,batt,1
7833427450663,3341.820,batt,1
7833477482214,3341.820,batt,1
7833527635064,3341.820,batt,1
7833577488548,3771.566,batt,1
7833627477132,3771.566,batt,1
7833677643471,3771.566,batt,1
7833727538256,3771.566,batt,1
7833777652253,3771.566,batt,1
7833827771875,4054.391,batt,1
7833877693690,4054.391,batt,1
7833927534049,4054.391,batt,1
7833977522424,4054.391,batt,1
7834027591266,4054.391,batt,1
7834077499123,3562.727,batt,1
7834127484010,3562.727,batt,1
7834177473062,3562.727,batt,1
7834227496020,3562.727,batt,1
7834277511374,3562.727,batt,1
7834327477094,3634.337,batt,1
7834377506406,3634.337,batt,1
7834427496501,3634.337,batt,1
7834477548156,3634.337,batt,1
7834527501116,3634.337,batt,1
7834577436680,3988.574,batt,1
7834627802649,3988.574,batt,1
7834677575667,3988.574,batt,1
7834727547220,3988.574,batt,1
7834777679029,3988.574,batt,1
7834827488972,3301.520,batt,1
7834877471983,3301.520,batt,1
7834927460463,3301.520,batt,1
7834977473473,3301.520,batt,1
7835027509035,3301.520,batt,1
7835077564232,3424.945,batt,1
7835127596200,3424.945,batt,1
7835177548639,3424.945,batt,1
7835227507172,3424.945,batt,1
7835277539452,3424.945,batt,1
7835327445851,3500.847,batt,1
7835377652294,3500.847,batt,1
7835427660564,3500.847,batt,1
7835477684564,3500.847,batt,1
7835527554870,3500.847,batt,1
7835577504653,4218.101,batt,1
7835627458863,4218.101,batt,1
7835677504789,4218.101,batt,1
7835727509258,4218.101,batt,1
7835777486644,4218.101,batt,1
7835827467156,3608.064,batt,1
7835877528238,3608.064,batt,1
7835927492760,3608.064,batt,1
7835977471709,3608.064,batt,1
7836027574196,3608.064,batt,1
7836077543353,3612.003,batt,1
7836127446314,3612.003,batt,1
7836177502188,3612.003,batt,1
7836227640872,3612.003,batt,1
7836277543208,3612.003,batt,1
7836327606009,3640.569,batt,1
7836377598655,3640.569,batt,1
7836427567969,3640.569,batt,1
7836477607124,3640.569,batt,1
7836527622947,3640.569,batt,1
7836577539346,3291.456,batt,1
7836627493504,3291.456,batt,1
7836677492139,3291.456,batt,1
7836727513326,3291.456,batt,1
7836777462901,3291.456,batt,1
7836827586585,3610.882,batt,1
7836877503713,3610.882,batt,1
7836927649480,3610.882,batt,1
7836977733478,3610.882,batt,1
7837028175955,3167.520,batt,1
7837077515287,3167.520,batt,1
7837127525901,3167.520,batt,1
7837177539849,3167.520,batt,1
7837227501871,3167.520,batt,1
7837277537277,3612.488,batt,1
7837327552006,3612.488,batt,1
7837377509653,3612.488,batt,1
7837427517456,3612.488,batt,1
7837477594422,3612.488,batt,1
7837527489519,3297.587,batt,1
7837577493624,3297.587,batt,1
7837627656682,3297.587,batt,1
7837677465167,3297.587,batt,1
7837727704265,3297.587,batt,1
7837777528999,3646.905,batt,1
7837828300477,3646.905,batt,1
7837878019329,3646.905,batt,1
7837927542927,3646.905,batt,1
7837977530261,3646.905,batt,1
7838027527386,3554.892,batt,1
7838077500241,3554.892,batt,1
7838127501273,3554.892,batt,1
7838177461576,3554.892,batt,1
7838227517606,3554.892,batt,1
7838277559001,2843.754,batt,1
7838327490087,2843.754,batt,1
7838377563981,2843.754,batt,1
7838427480275,2843.754,batt,1
7838477538597,2843.754,batt,1
7838527475672,3796.987,batt,1
7838577550087,3796.987,batt,1
7838627642105,3796.987,batt,1
7838677540952,3796.987,batt,1
7838727471100,3796.987,batt,1
7838777654939,3546.582,batt,1
7838827510870,3546.582,batt,1
7838877575702,3546.582,batt,1
7838927496632,3546.582,batt,1
7838977520579,3546.582,batt,1
7839027523278,3561.453,batt,1
7839077491758,3561.453,batt,1
7839127590860,3561.453,batt,1
7839177484238,3561.453,batt,1
7839227542507,3561.453,batt,1
7839277555518,3432.356,batt,1
7839327652328,3432.356,batt,1
7839378123450,3432.356,batt,1
7839427740795,3432.356,batt,1
7839477535426,3432.356,batt,1
7839527640256,3868.238,batt,1
7839577575977,3868.238,batt,1
7839627505396,3868.238,batt,1
7839677571947,3868.238,batt,1
7839727476835,3868.238,batt,1
7839777509689,3476.586,batt,1
7839827510929,3476.586,batt,1
7839877593364,3476.586,batt,1
7839927466066,3476.586,batt,1
7839977636468,3476.586,batt,1
7840027593125,3182.438,batt,1
7840077896492,3182.438,batt,1
7840127674144,3182.438,batt,1
7840177440235,3182.438,batt,1
7840227456266,3182.438,batt,1
7840277542347,4301.879,batt,1
7840327530410,4301.879,batt,1
7840377530244,4301.879,batt,1
7840427515338,4301.879,batt,1
7840477559025,4301.879,batt,1
7840527484694,3481.151,batt,1
7840577555619,3481.151,batt,1
7840627603368,3481.151,batt,1
7840677463518,3481.151,batt,1
7840727487674,3481.151,batt,1
7840777589640,3501.858,batt,1
7840827458592,3501.858,batt,1
7840877456395,3501.858,batt,1
7840927729241,3501.858,batt,1
7840977877092,3501.858,batt,1
7841027540268,3950.528,batt,1
7841077514582,3950.528,batt,1
7841127549414,3950.528,batt,1
7841177545342,3950.528,batt,1
7841227468928,3950.528,batt,1
7841277462564,3617.217,batt,1
7841327508281,3617.217,batt,1
7841377637851,3617.217,batt,1
7841427495345,3617.217,batt,1
7841477479085,3617.217,batt,1
7841527517407,3600.257,batt,1
7841577490419,3600.257,batt,1
7841627460774,3600.257,batt,1
7841678168088,3600.257,batt,1
7841727791995,3600.257,batt,1
7841777503868,4083.981,batt,1
7841827508441,4083.981,batt,1
7841877601449,4083.981,batt,1
7841927463213,4083.981,batt,1
7841977549086,4083.981,batt,1
7842027511056,3507.137,batt,1
7842077534119,3507.137,batt,1
7842127490776,3507.137,batt,1
7842177500037,3507.137,batt,1
7842227549817,3507.137,batt,1
7842277527412,3499.102,batt,1
7842327694845,3499.102,batt,1
7842377579786,3499.102,batt,1
7842427528683,3499.102,batt,1
7842478081470,3499.102,batt,1
7842528187186,3322.342,batt,1
7842577474332,3322.342,batt,1
7842627509581,3322.342,batt,1
7842677497852,3322.342,batt,1
7842727474353,3322.342,batt,1
7842777519238,3446.348,batt,1
7842827502353,3446.348,batt,1
7842877538332,3446.348,batt,1
7842927516655,3446.348,batt,1
7842977508937,3446.348,batt,1
7843027447835,3535.210,batt,1
7843077462095,3535.210,batt,1
7843127553801,3535.210,batt,1
7843177601082,3535.210,batt,1
7843227448836,3776.078,batt,1
7843277838450,3779.891,batt,1
7843327467253,3779.891,batt,1
7843377443650,3779.891,batt,1
7843427678945,3779.891,batt,1
7843477428057,3686.622,batt,1
7843527632885,3686.622,batt,1
7843577541315,3686.622,batt,1
7843627469432,3686.622,batt,1
7843677668843,3686.622,batt,1
7843727469359,3440.185,batt,1
7843777465652,3440.185,batt,1
7843827450590,3440.185,batt,1
7843877595732,3440.185,batt,1
7843927598170,3440.185,batt,1
7843977436914,3464.799,batt,1
7844027514714,3464.799,batt,1
7844078079428,3464.799,batt,1
7844127703803,3464.799,batt,1
7844177565099,3464.799,batt,1
7844227807165,3686.799,batt,1
7844277523570,3686.799,batt,1
7844327488977,3686.799,batt,1
7844377488655,3686.799,batt,1
7844427531820,3686.799,batt,1
7844477563945,3551.056,batt,1
7844527466229,3551.056,batt,1
7844577584393,3551.056,batt,1
7844627481260,3551.056,batt,1
7844677472657,3551.056,batt,1
7844727588633,3441.903,batt,1
7844778052776,3441.903,batt,1
7844827630278,3441.903,batt,1
7844878188638,3441.903,batt,1
7844927826607,3441.903,batt,1
7844977514782,4026.898,batt,1
7845027918042,4026.898,batt,1
7845077562521,4026.898,batt,1
7845127485690,4026.898,batt,1
7845177467295,4026.898,batt,1
7845227491035,3588.611,batt,1
7845277480035,3588.611,batt,1
7845327505337,3588.611,batt,1
7845377556263,3588.611,batt,1
7845427479432,3588.611,batt,1
7845477498432,2638.297,batt,1
7845527490297,2638.297,batt,1
7845577538619,2638.297,batt,1
7845628174476,2638.297,batt,1
7845677837652,2638.297,batt,1
7845727571348,4192.723,batt,1
7845777532745,4192.723,batt,1
7845827553620,4192.723,batt,1
7845877535850,4192.723,batt,1
7845927514590,4192.723,batt,1
7845977500414,3484.228,batt,1
7846027492852,3484.228,batt,1
7846077547632,3484.228,batt,1
7846127514289,3484.228,batt,1
7846177641099,3484.228,batt,1
7846227519581,3393.413,batt,1
7846277471552,3393.413,batt,1
7846327608257,3393.413,batt,1
7846377538196,3393.413,batt,1
7846428323424,3393.413,batt,1
7846478109097,4102.175,batt,1
7846527530979,4102.175,batt,1
7846577831793,4102.175,batt,1
7846627547416,4102.175,batt,1
7846677477252,4102.175,batt,1
7846727472190,3780.400,batt,1
7846777568479,3780.400,batt,1
7846827470399,3780.400,batt,1
7846877558355,3780.400,batt,1
7846927491107,3780.400,batt,1
7846977580209,3750.011,batt,1
7847027513222,3750.011,batt,1
7847077558835,3750.011,batt,1
7847127406798,3750.011,batt,1
7847177795788,3750.011,batt,1
7847228153267,3806.399,batt,1
7847277527650,3806.399,batt,1
7847327588784,3806.399,batt,1
7847377478100,3806.399,batt,1
7847427476059,3806.399,batt,1
7847477478548,3304.589,batt,1
7847527621972,3304.589,batt,1
7847577650607,3304.589,batt,1
7847627490393,3304.589,batt,1
7847677496112,3304.589,batt,1
7847727458290,3552.803,batt,1
7847777491664,3552.803,batt,1
7847827543007,3552.803,batt,1
7847877976214,3552.803,batt,1
7847927471739,3552.803,batt,1
7847977642713,3706.760,batt,1
7848027684004,3706.760,batt,1
7848077468688,3706.760,batt,1
7848127599559,3706.760,batt,1
7848177665797,3706.760,batt,1
7848227524125,3740.345,batt,1
7848277554374,3740.345,batt,1
7848327487387,3740.345,batt,1
7848377478887,3740.345,batt,1
7848427635956,3740.345,batt,1
7848477418504,3442.324,batt,1
7848527515314,3442.324,batt,1
7848577565146,3442.324,batt,1
7848627504461,3442.324,batt,1
7848681481005,3442.324,batt,1
7848727418974,3990.753,batt,1
7848777966917,3990.753,batt,1
7848827602543,3990.753,batt,1
7848877553315,3990.753,batt,1
7848927615803,3990.753,batt,1
7848977516056,3579.443,batt,1
7849027435111,3579.443,batt,1
7849077615669,3579.443,batt,1
7849127477381,3579.443,batt,1
7849177641950,3579.443,batt,1
7849227601056,3315.488,batt,1
7849277456727,3315.488,batt,1
7849327545568,3315.488,batt,1
7849377622431,3315.488,batt,1
7849427445238,3315.488,batt,1
7849478255309,3634.561,batt,1
7849527875570,3634.561,batt,1
7849577619161,3634.561,batt,1
7849627536133,3634.561,batt,1
7849677472739,3937.680,batt,1
7849727514498,3937.680,batt,1
7849777514384,3937.680,batt,1
7849827535884,3937.680,batt,1
7849877465251,3937.680,batt,1
7849927604143,3816.617,batt,1
7849977495698,3816.617,batt,1
7850027481887,3816.617,batt,1
7850077546823,3816.617,batt,1
7850127605613,3816.617,batt,1
7850177655133,3516.070,batt,1
7850227501846,3516.070,batt,1
7850278137338,3516.070,batt,1
7850327864315,3516.070,batt,1
7850377509888,3516.070,batt,1
7850427595032,3570.277,batt,1
7850477478098,3570.277,batt,1
7850527621782,3570.277,batt,1
7850577530368,3570.277,batt,1
7850627446454,3570.277,batt,1
7850677485609,3471.743,batt,1
7850727470495,3471.743,batt,1
7850777462933,3471.743,batt,1
7850827528494,3471.743,batt,1
7850877510256,3471.743,batt,1
7850927547067,3410.210,batt,1
7850977732469,3410.210,batt,1
7851027482986,3410.210,batt,1
7851078094730,3410.210,batt,1
7851127677127,3410.210,batt,1
7851177496393,3842.339,batt,1
7851227560079,3842.339,batt,1
7851277477311,3842.339,batt,1
7851327544226,3842.339,batt,1
7851377470208,3842.339,batt,1
7851427612433,3550.333,batt,1
7851477528467,3550.333,batt,1
7851527471427,3550.333,batt,1
7851577467511,3550.333,batt,1
7851627512343,3550.333,batt,1
7851677468741,3310.397,batt,1
7851727462741,3310.397,batt,1
7851777550697,3310.397,batt,1
7851828197179,3310.397,batt,1
7851877981498,3310.397,batt,1
7851927658893,3873.265,batt,1
7851977509252,3873.265,batt,1
7852027615957,3873.265,batt,1
7852077490430,3873.265,batt,1
7852127741454,3873.265,batt,1
7852177565199,3562.403,batt,1
7852227520086,3562.403,batt,1
7852277681061,3562.403,batt,1
7852327392361,3562.403,batt,1
7852377496307,3562.403,batt,1
7852427500671,3630.989,batt,1
7852477547014,3630.989,batt,1
7852527401904,3630.989,batt,1
7852577921462,3630.989,batt,1
7852627989680,3630.989,batt,1
7852677525203,3919.656,batt,1
7852727510715,3919.656,batt,1
7852777493361,3919.656,batt,1
7852827481997,3919.656,batt,1
7852877530059,3919.656,batt,1
7852927470415,3677.087,batt,1
7852977708211,3677.087,batt,1
7853027557163,3677.087,batt,1
7853077513248,3677.087,batt,1
7853127505790,3677.087,batt,1
7853177547185,3454.088,batt,1
7853227464677,3454.088,batt,1
7853277480604,3454.088,batt,1
7853327421325,3454.088,batt,1
7853377588550,3454.088,batt,1
7853427956498,3585.292,batt,1
7853477486657,3585.292,batt,1
7853527551489,3585.292,batt,1
7853577529344,3585.292,batt,1
7853627477565,3585.292,batt,1
7853677476148,3708.290,batt,1
7853727473690,3708.290,batt,1
7853777530450,3708.290,batt,1
7853827483566,3708.290,batt,1
7853877491264,3708.290,batt,1
7853927459640,3372.096,batt,1
7853977633844,3372.096,batt,1
7854027488681,3372.096,batt,1
7854077495911,3372.096,batt,1
7854127456891,3372.096,batt,1
7854177580836,3524.695,batt,1
7854227538171,3524.695,batt,1
7854277555921,3524.695,batt,1
7854327520495,3524.695,batt,1
7854377475694,3524.695,batt,1
7854427462351,3459.861,batt,1
7854477556453,3459.861,batt,1
7854527478164,3459.861,batt,1
7854577523205,3459.861,batt,1
7854627547777,3459.861,batt,1
7854677473863,3625.520,batt,1
7854727572496,3625.520,batt,1
7854777596287,3625.520,batt,1
7854827463937,3625.520,batt,1
7854877495228,3625.520,batt,1
7854927682817,3671.610,batt,1
7854977947591,3671.610,batt,1
7855027696702,3671.610,batt,1
7855077459980,3671.610,batt,1
7855127447575,3671.610,batt,1
7855177501678,3726.704,batt,1
7855227503699,3726.704,batt,1
7855277445565,3726.704,batt,1
7855327510397,3726.704,batt,1
7855377493304,3726.704,batt,1
7855427511158,3550.117,batt,1
7855477528439,3550.117,batt,1
7855527534783,3550.117,batt,1
7855577605969,3550.117,batt,1
7855627840223,3626.411,batt,1
7855677594490,3626.411,batt,1
7855727820516,3626.411,batt,1
7855777671083,3626.411,batt,1
7855827610137,3626.411,batt,1
7855877849547,3910.096,batt,1
7855927472725,3910.096,batt,1
7855977489745,3910.096,batt,1
7856027488433,3910.096,batt,1
7856077552796,3910.096,batt,1
7856127514089,3729.032,batt,1
7856177495225,3729.032,batt,1
7856227577557,3729.032,batt,1
7856277551506,3729.032,batt,1
7856327530923,3729.032,batt,1
7856377900538,3616.735,batt,1
7856427618244,3616.735,batt,1
7856477508810,3616.735,batt,1
7856528128835,3616.735,batt,1
7856577567070,3616.735,batt,1
7856627547216,3695.102,batt,1
7856677512415,3695.102,batt,1
7856727462303,3695.102,batt,1
7856777557290,3695.102,batt,1
7856827546603,3695.102,batt,1
7856877572061,3436.713,batt,1
7856927490334,3436.713,batt,1
7856977579957,3436.713,batt,1
7857027474012,3436.713,batt,1
7857077514157,3436.713,batt,1
7857127644612,3245.825,batt,1
7857177767828,3245.825,batt,1
7857227930209,3245.825,batt,1
7857277535470,3245.825,batt,1
7857327906856,3245.825,batt,1
7857377490139,3894.768,batt,1
7857427515180,3894.768,batt,1
7857477514076,3894.768,batt,1
7857527580575,3894.768,batt,1
7857577582752,3894.768,batt,1
7857627501859,3265.522,batt,1
7857677598148,3265.522,batt,1
7857727549181,3265.522,batt,1
7857777475840,3265.522,batt,1
7857827517703,3265.522,batt,1
7857877512225,4078.663,batt,1
7857927479299,4078.663,batt,1
7857977514027,4078.663,batt,1
7858027601515,4078.663,batt,1
7858077746501,4078.663,batt,1
7858127442020,4493.491,batt,1
7858177508362,4493.491,batt,1
7858227434187,4493.491,batt,1
7858277574642,4493.491,batt,1
7858327477447,4493.491,batt,1
7858377526238,3468.173,batt,1
7858427495968,3468.173,batt,1
7858477615642,3468.173,batt,1
7858527519333,3468.173,batt,1
7858577644059,3468.173,batt,1
7858627561811,3417.948,batt,1
7858677461700,3417.948,batt,1
7858727503563,3417.948,batt,1
7858777607248,3417.948,batt,1
7858827590572,3417.948,batt,1
7858878091798,3504.945,batt,1
7858927454306,3504.945,batt,1
7858977487524,3504.945,batt,1
7859027469650,3504.945,batt,1
7859077536513,3504.945,batt,1
7859127510826,3515.615,batt,1
7859177531961,3515.615,batt,1
7859227558148,3515.615,batt,1
7859277543503,3515.615,batt,1
7859327514067,3515.615,batt,1
7859377525463,3681.503,batt,1
7859427483162,3681.503,batt,1
7859477491225,3681.503,batt,1
7859527551734,3681.503,batt,1
7859578077073,3681.503,batt,1
7859627733687,4181.001,batt,1
7859677592535,4181.001,batt,1
7859727487112,4181.001,batt,1
7859777607775,4181.001,batt,1
7859827495581,4181.001,batt,1
7859877444062,3618.822,batt,1
7859927531393,3618.822,batt,1
7859977531226,3618.822,batt,1
7860027552309,3618.822,batt,1
7860077476364,3618.822,batt,1
7860127609788,3718.718,batt,1
7860177504676,3718.718,batt,1
7860227529405,3718.718,batt,1
7860277469501,3718.718,batt,1
7860327831564,3107.371,batt,1
7860377987331,3099.301,batt,1
7860427437857,3099.301,batt,1
7860477481960,3099.301,batt,1
7860527486637,3099.301,batt,1
7860577573448,3099.301,batt,1
7860627520939,3799.683,batt,1
7860677441817,3799.683,batt,1
7860727403422,3799.683,batt,1
7860777610802,3799.683,batt,1
7860827475744,3799.683,batt,1
7860877477348,3528.764,batt,1
7860927438224,3528.764,batt,1
7860977473526,3528.764,batt,1
7861027903451,3528.764,batt,1
7861077671052,3528.764,batt,1
7861127835568,3866.441,batt,1
7861177700302,3866.441,batt,1
7861227504776,3866.441,batt,1
7861277537994,3866.441,batt,1
7861327486528,3866.441,batt,1
7861377508131,3502.418,batt,1
7861427478070,3502.418,batt,1
7861477539464,3502.418,batt,1
7861527526278,3502.418,batt,1
7861577453457,3502.418,batt,1
7861627496258,3679.734,batt,1
7861677489061,3679.734,batt,1
7861727634567,3679.734,batt,1
7861777540393,3679.734,batt,1
7861827660640,3679.734,batt,1
7861877919894,3771.246,batt,1
7861927746763,3771.246,batt,1
7861977529364,3771.246,batt,1
7862027616174,3771.246,batt,1
7862077547780,3847.654,batt,1
7862127466470,3847.654,batt,1
7862177487189,3847.654,batt,1
7862227515824,3847.654,batt,1
7862277496127,3847.654,batt,1
7862327496794,3501.634,batt,1
7862377530272,3501.634,batt,1
7862427580469,3501.634,batt,1
7862477519159,3501.634,batt,1
7862527491545,3501.634,batt,1
7862577894805,3513.649,batt,1
7862627684123,3513.649,batt,1
7862678001396,3513.649,batt,1
7862727994251,3513.649,batt,1
7862777579148,3513.649,batt,1
7862827461433,3542.578,batt,1
7862877550639,3542.578,batt,1
7862927511984,3542.578,batt,1
7862977541348,3542.578,batt,1
7863027528266,3542.578,batt,1
7863077499975,3643.878,batt,1
7863127512517,3643.878,batt,1
7863177461466,3643.878,batt,1
7863227554266,3643.878,batt,1
7863277435041,3643.878,batt,1
7863327842988,3443.933,batt,1
7863377598662,3443.933,batt,1
7863428174989,3443.933,batt,1
7863477729523,3443.933,batt,1
7863527561184,3443.933,batt,1
7863577783981,3621.688,batt,1
7863627515124,3621.688,batt,1
7863677641464,3621.688,batt,1
7863727482969,3621.688,batt,1
7863777441085,3621.688,batt,1
7863827516490,3698.291,batt,1
7863877542677,3698.291,batt,1
7863927455117,3698.291,batt,1
7863977546615,3698.291,batt,1
7864027527074,3698.291,batt,1
7864077586281,3468.907,batt,1
7864127398776,3468.907,batt,1
7864177722038,3468.907,batt,1
7864227624531,3468.907,batt,1
7864278037842,3468.907,batt,1
7864327502535,4165.504,batt,1
7864377548773,4165.504,batt,1
7864427588762,4165.504,batt,1
7864477439381,4165.504,batt,1
7864527445152,4165.504,batt,1
7864577622377,3449.645,batt,1
7864627530182,3449.645,batt,1
7864677473298,3449.645,batt,1
7864727505995,3449.645,batt,1
7864777540203,3449.645,batt,1
7864827444414,3650.244,batt,1
7864877492684,3650.244,batt,1
7864927516371,3650.244,batt,1
7864977623441,3650.244,batt,1
7865027862591,3650.244,batt,1
7865077560090,3867.095,batt,1
7865127492634,3867.095,batt,1
7865177471582,3867.095,batt,1
7865227467979,3867.095,batt,1
7865277514998,3867.095,batt,1
7865327505197,3960.985,batt,1
7865377599247,3960.985,batt,1
7865427554446,3960.985,batt,1
7865477451210,3960.985,batt,1
7865527529166,3960.985,batt,1
7865577649205,3585.279,batt,1
7865627472950,3585.279,batt,1
7865677583874,3585.279,batt,1
7865727512980,3585.279,batt,1
7865778045299,3585.279,batt,1
7865827691288,3885.899,batt,1
7865877541647,3885.899,batt,1
7865927576636,3885.899,batt,1
7865977478816,3885.899,batt,1
7866027496462,3885.899,batt,1
7866077460776,3449.645,batt,1
7866127481859,3449.645,batt,1
7866177500598,3449.645,batt,1
7866227523139,3449.645,batt,1
7866277479745,3449.645,batt,1
7866327494995,3524.381,batt,1
7866377562170,3524.381,batt,1
7866427506693,3524.381,batt,1
7866477656939,3524.381,batt,1
7866528140717,3524.381,batt,1
7866577814779,4182.638,batt,1
7866627553630,4182.638,batt,1
7866677553412,4182.638,batt,1
7866727522153,4182.638,batt,1
7866777473498,4182.638,batt,1
7866827456926,3593.039,batt,1
7866877671337,3593.039,batt,1
7866927500603,3593.039,batt,1
7866977458719,3593.039,batt,1
7867027537092,3593.039,batt,1
7867077516405,3870.830,batt,1
7867127849511,3870.830,batt,1
7867177563623,3870.830,batt,1
7867227535801,3870.830,batt,1
7867278109577,3870.830,batt,1
7867327846866,4266.041,batt,1
7867377459054,4266.041,batt,1
7867427517897,4266.041,batt,1
7867477487523,4266.041,batt,1
7867527545011,4266.041,batt,1
7867577548386,3553.486,batt,1
7867627520721,3553.486,batt,1
7867677439567,3553.486,batt,1
7867727468410,3553.486,batt,1
7867777681519,3553.486,batt,1
7867827542919,3925.227,batt,1
7867877470567,3925.227,batt,1
7867927610449,3925.227,batt,1
7867977495182,3925.227,batt,1
7868027442725,3925.227,batt,1
7868078089312,3692.430,batt,1
7868127716291,3692.430,batt,1
7868177561077,3692.430,batt,1
7868227500756,3692.430,batt,1
7868277506110,3561.528,batt,1
7868327569015,3560.500,batt,1
7868377447082,3560.500,batt,1
7868427472696,3560.500,batt,1
7868477546590,3560.500,batt,1
7868527511737,3652.725,batt,1
7868577596151,3652.725,batt,1
7868627543226,3652.725,batt,1
7868677560872,3652.725,batt,1
7868727646276,3652.725,batt,1
7868777603194,3573.467,batt,1
7868827534228,3573.467,batt,1
7868878056494,3573.467,batt,1
7868927526968,3573.467,batt,1
7868977768826,3573.467,batt,1
7869027448929,3410.872,batt,1
7869077483814,3410.872,batt,1
7869127445003,3410.872,batt,1
7869177505772,3410.872,batt,1
7869227573989,3410.872,batt,1
7869277474555,3421.402,batt,1
7869327488503,3421.402,batt,1
7869377479535,3421.402,batt,1
7869427519107,3421.402,batt,1
7869477474046,3421.402,batt,1
7869527477108,3822.848,batt,1
7869577588397,3822.848,batt,1
7869627520264,3822.848,batt,1
7869677545514,3822.848,batt,1
7869727566649,3822.848,batt,1
7869777689864,3615.844,batt,1
7869827455486,3615.844,batt,1
7869877475423,3615.844,batt,1
7869927541869,3615.844,batt,1
7869977486705,3615.844,batt,1
7870027525704,3504.609,batt,1
7870077534339,3504.609,batt,1
7870127508757,3504.609,batt,1
7870177475258,3504.609,batt,1
7870227552590,3504.609,batt,1
7870277669555,3982.096,batt,1
7870327729439,3982.096,batt,1
7870377502509,3982.096,batt,1
7870427575257,3982.096,batt,1
7870477817844,3982.096,batt,1
7870527619090,3692.449,batt,1
7870577477990,3692.449,batt,1
7870627640527,3692.449,batt,1
7870677587081,3692.449,batt,1
7870727448481,3692.449,batt,1
7870777602373,3507.697,batt,1
7870827523771,3507.697,batt,1
7870877529334,3507.697,batt,1
7870927444795,3507.697,batt,1
7870977540928,3507.697,batt,1
7871027537324,3290.223,batt,1
7871077738142,3290.223,batt,1
7871127820629,3290.223,batt,1
7871177619844,3290.223,batt,1
7871227473379,3290.223,batt,1
7871277499827,3662.433,batt,1
7871327505650,3662.433,batt,1
7871377503556,3662.433,batt,1
7871427526046,3662.433,batt,1
7871477513536,3662.433,batt,1
7871527529202,4163.302,batt,1
7871577487162,4163.302,batt,1
7871627554963,4163.302,batt,1
7871677481465,4163.302,batt,1
7871727537860,4163.302,batt,1
7871777968723,3679.720,batt,1
7871827845487,3679.720,batt,1
7871877780739,3679.720,batt,1
7871927858956,3679.720,batt,1
7871977522289,3679.720,batt,1
7872027521133,3528.909,batt,1
7872077625130,3528.909,batt,1
7872127520696,3528.909,batt,1
7872177631933,3528.909,batt,1
7872227531873,3528.909,batt,1
7872277483739,3717.337,batt,1
7872327454355,3717.337,batt,1
7872377498563,3717.337,batt,1
7872427560113,3717.337,batt,1
7872477526198,3717.337,batt,1
7872527566759,3404.124,batt,1
7872577476075,3404.124,batt,1
7872627483981,3404.124,batt,1
7872678253949,3404.124,batt,1
7872727583333,3404.124,batt,1
7872777622020,3947.867,batt,1
7872827432588,3947.867,batt,1
7872877560751,3947.867,batt,1
7872927487097,3947.867,batt,1
7872977617917,3947.867,batt,1
7873027492858,3481.465,batt,1
7873077569513,3481.465,batt,1
7873127589033,3481.465,batt,1
7873177458506,3481.465,batt,1
7873227474693,3481.465,batt,1
7873277481766,3330.178,batt,1
7873327777425,3330.178,batt,1
7873377980117,3330.178,batt,1
7873428147967,3330.178,batt,1
7873478005513,3330.178,batt,1
7873527572338,4151.494,batt,1
7873577504413,4151.494,batt,1
7873627478571,4151.494,batt,1
7873677523924,4151.494,batt,1
7873727505216,4151.494,batt,1
7873777498331,3614.551,batt,1
7873827512175,3614.551,batt,1
7873877504769,3614.551,batt,1
7873927472729,3614.551,batt,1
7873977572455,3614.551,batt,1
7874027500937,3689.446,batt,1
7874077535197,3689.446,batt,1
7874127540186,3689.446,batt,1
7874177978081,3689.446,batt,1
7874228261812,4622.623,batt,1
7874277450732,4619.958,batt,1
7874327582124,4619.958,batt,1
7874377515084,4619.958,batt,1
7874427540594,4619.958,batt,1
7874477556730,4619.958,batt,1
7874527466045,3400.985,batt,1
7874577483170,3400.985,batt,1
7874627515086,3400.985,batt,1
7874677539919,3400.985,batt,1
7874727480483,3398.026,batt,1
7874777471255,3398.026,batt,1
7874827456401,3398.026,batt,1
7874877497953,3398.026,batt,1
7874927566222,3398.026,batt,1
7874977622929,4231.874,batt,1
7875027542348,4231.874,batt,1
7875077510776,4231.874,batt,1
7875127495090,4231.874,batt,1
7875177536276,4231.874,batt,1
7875227553974,3419.839,batt,1
7875277619379,3419.839,batt,1
7875327545829,3419.839,batt,1
7875377478321,3419.839,batt,1
7875427470030,3419.839,batt,1
7875477531580,3623.398,batt,1
7875527474332,3623.398,batt,1
7875577540414,3623.398,batt,1
7875627454729,3623.398,batt,1
7875677868614,3623.398,batt,1
7875727670015,4394.626,batt,1
7875777540478,4394.626,batt,1
7875827598799,4394.626,batt,1
7875877582071,4394.626,batt,1
7875927544353,4394.626,batt,1
7875977526896,3597.583,batt,1
7876027496782,3597.583,batt,1
7876077517136,3597.583,batt,1
7876127449159,3597.583,batt,1
7876177470034,3597.583,batt,1
7876227483305,3486.533,batt,1
7876277503919,3486.533,batt,1
7876327582396,3486.533,batt,1
7876377625041,3486.533,batt,1
7876427618469,3486.533,batt,1
7876477966366,3649.039,batt,1
7876527593397,3649.039,batt,1
7876577567034,3649.039,batt,1
7876627496869,3649.039,batt,1
7876677505661,3649.039,batt,1
7876727534609,3654.663,batt,1
7876777600065,3654.663,batt,1
7876827566462,3654.663,batt,1
7876877578639,3654.663,batt,1
7876927440352,3654.663,batt,1
7876977542318,3557.405,batt,1
7877027524236,3557.405,batt,1
7877077501882,3557.405,batt,1
7877127667284,3557.405,batt,1
7877177591026,3557.405,batt,1
7877227814187,3572.390,batt,1
7877277744387,3572.390,batt,1
7877327541779,3572.390,batt,1
7877377458177,3572.390,batt,1
7877427437543,3572.390,batt,1
7877477638100,2484.798,batt,1
7877527466324,2484.798,batt,1
7877577526051,2484.798,batt,1
7877627577967,2484.798,batt,1
7877677496761,2484.798,batt,1
7877727600654,3162.874,batt,1
7877777461221,3162.874,batt,1
7877827466575,3162.874,batt,1
7877877489794,3162.874,batt,1
7877927537022,3162.874,batt,1
7877977972520,3839.371,batt,1
7878027633093,3839.371,batt,1
7878077616885,3839.371,batt,1
7878127516097,3839.371,batt,1
7878177569991,3839.371,batt,1
7878227446078,3773.890,batt,1
7878277510754,3773.890,batt,1
7878327450902,3773.890,batt,1
7878377601460,3773.890,batt,1
7878427537546,3773.890,batt,1
7878477473527,3600.998,batt,1
7878527563098,3600.998,batt,1
7878577480225,3600.998,batt,1
7878627504642,3600.998,batt,1
7878677663481,3600.998,batt,1
7878727673002,4023.703,batt,1
7878777923245,4023.703,batt,1
7878827714179,4023.703,batt,1
7878877475686,4023.703,batt,1
7878927535570,4023.703,batt,1
7878977529466,3808.191,batt,1
7879027636015,3808.191,batt,1
7879077526946,3808.191,batt,1
7879127522769,3808.191,batt,1
7879177515415,3808.191,batt,1
7879227526395,3657.845,batt,1
7879277454980,3657.845,batt,1
7879327646371,3657.845,batt,1
7879377472303,3657.845,batt,1
7879427556718,3657.845,batt,1
7879477603790,4082.778,batt,1
7879527964551,4082.778,batt,1
7879578009227,4082.778,batt,1
7879627452670,4082.778,batt,1
7879677709944,4082.778,batt,1
7879727607385,3862.235,batt,1
7879777519356,3862.235,batt,1
7879827530909,3862.235,batt,1
7879877526055,3862.235,batt,1
7879927449224,3862.235,batt,1
7879977499733,3393.435,batt,1
7880027625970,3393.435,batt,1
7880077490078,3393.435,batt,1
7880127563191,3393.435,batt,1
7880177476568,3393.435,batt,1
7880227751394,3502.139,batt,1
7880278195903,3502.139,batt,1
7880327683407,3502.139,batt,1
7880377512933,3502.139,batt,1
7880427457873,3502.139,batt,1
7880477503747,3961.071,batt,1
7880527634983,3961.071,batt,1
7880577536173,3961.071,batt,1
7880627529080,3961.071,batt,1
7880677572558,3961.071,batt,1
7880727543695,3598.153,batt,1
7880777469312,3598.153,batt,1
7880827587788,3598.153,batt,1
7880877538040,3598.153,batt,1
7880927388867,3598.153,batt,1
7880977649110,3462.335,batt,1
7881027787898,3462.335,batt,1
7881077795544,3462.335,batt,1
7881127632934,3462.335,batt,1
7881177416316,3401.074,batt,1
7881227468179,3401.074,batt,1
7881277499314,3401.074,batt,1
7881327389359,3401.074,batt,1
7881377497158,3401.074,batt,1
7881427510065,3497.530,batt,1
7881477522190,3497.530,batt,1
7881527557647,3497.530,batt,1
7881577665915,3497.530,batt,1
7881627443776,3497.530,batt,1
7881677508504,3524.212,batt,1
7881727675520,3524.212,batt,1
7881777624834,3524.212,batt,1
7881827782216,3524.212,batt,1
7881877546743,3524.212,batt,1
7881927566629,3812.815,batt,1
7881977520370,3812.815,batt,1
7882027499579,3812.815,batt,1
7882077518735,3812.815,batt,1
7882127478101,3812.815,batt,1
7882177654388,3588.784,batt,1
7882227490112,3588.784,batt,1
7882277460519,3588.784,batt,1
7882327562485,3588.784,batt,1
7882377580131,3588.784,batt,1
7882427446010,3418.358,batt,1
7882477523862,3418.358,batt,1
7882527495572,3418.358,batt,1
7882577869822,3418.358,batt,1
7882627586434,3418.358,batt,1
7882677485021,3657.148,batt,1
7882727641777,3657.148,batt,1
7882777456199,3657.148,batt,1
7882827501240,3657.148,batt,1
7882877489564,3657.148,batt,1
7882927553458,3526.221,batt,1
7882977477877,3526.221,batt,1
7883027479429,3526.221,batt,1
7883077518116,3526.221,batt,1
7883127521647,3526.221,batt,1
7883177551584,3474.850,batt,1
7883227440588,3474.850,batt,1
7883277682446,3474.850,batt,1
7883328230597,3474.850,batt,1
7883378178766,3474.850,batt,1
7883427587054,4019.954,batt,1
7883477612668,4019.954,batt,1
7883527583075,4019.954,batt,1
7883577555514,4019.954,batt,1
7883627633574,4019.954,batt,1
7883677492995,3956.892,batt,1
7883727746728,3956.892,batt,1
7883777553130,3956.892,batt,1
7883827472913,3956.892,batt,1
7883877584619,3956.892,batt,1
7883927517267,3737.987,batt,1
7883977532048,3737.987,batt,1
7884027551933,3737.987,batt,1
7884077871810,3737.987,batt,1
7884127594099,3737.987,batt,1
7884177547841,4396.826,batt,1
7884227613245,4396.826,batt,1
7884277517040,4396.826,batt,1
7884327546248,4396.826,batt,1
7884377524624,4396.826,batt,1
7884427519457,3607.870,batt,1
7884477503042,3607.870,batt,1
7884527494334,3607.870,batt,1
7884577510677,3607.870,batt,1
7884627573426,3607.870,batt,1
7884677450815,3493.548,batt,1
7884727493772,3493.548,batt,1
7884777496523,3493.548,batt,1
7884827640206,3493.548,batt,1
7884877602645,3493.548,batt,1
7884927496388,4527.532,batt,1
7884977510805,4527.532,batt,1
7885027484025,4527.532,batt,1
7885077633437,4527.532,batt,1
7885127452651,4527.532,batt,1
7885177473474,3685.378,batt,1
7885227594502,3685.378,batt,1
7885277469183,3685.378,batt,1
7885327504953,3685.378,batt,1
7885377587180,3685.378,batt,1
7885427490037,3670.022,batt,1
7885477403832,3670.022,batt,1
7885527459809,3670.022,batt,1
7885577986764,3670.022,batt,1
7885627504475,3670.022,batt,1
7885677616910,4181.085,batt,1
7885727574245,4181.085,batt,1
7885777484967,4181.085,batt,1
7885827441051,4181.085,batt,1
7885877476509,4181.085,batt,1
7885927529206,3669.846,batt,1
7885977507738,3669.846,batt,1
7886027444657,3669.846,batt,1
7886077446678,3669.846,batt,1
7886127526040,3669.846,batt,1
7886177552280,3617.564,batt,1
7886227748045,3617.564,batt,1
7886277663454,3617.564,batt,1
7886327752087,3617.564,batt,1
7886377499324,3617.564,batt,1
7886427445097,4124.119,batt,1
7886477539563,4124.119,batt,1
7886527529501,4124.119,batt,1
7886577526366,4124.119,batt,1
7886627535106,4124.119,batt,1
7886677443848,3816.433,batt,1
7886727546648,3816.433,batt,1
7886777594813,3816.433,batt,1
7886827483660,3816.433,batt,1
7886877525003,3816.433,batt,1
7886927541920,3660.846,batt,1
7886977470401,3660.846,batt,1
7887027437059,3660.846,batt,1
7887077419914,3660.846,batt,1
7887127789476,4075.979,batt,1
7887177777435,4075.784,batt,1
7887227565504,4075.784,batt,1
7887277562525,4075.784,batt,1
7887327590744,4075.784,batt,1
7887377583911,3630.497,batt,1
7887427514788,3630.497,batt,1
7887477490716,3630.497,batt,1
7887527470811,3630.497,batt,1
7887577487988,3630.497,batt,1
7887627621932,3724.263,batt,1
7887677503852,3724.263,batt,1
7887727858103,3724.263,batt,1
7887777876009,3724.263,batt,1
7887827883603,3724.263,batt,1
7887877563498,4648.592,batt,1
7887927489584,4648.592,batt,1
7887977604258,4648.592,batt,1
7888027498261,4648.592,batt,1
7888077489970,4648.592,batt,1
7888127495116,3625.346,batt,1
7888177552708,3625.346,batt,1
7888227466555,3625.346,batt,1
7888277530814,3625.346,batt,1
7888327659289,3625.346,batt,1
7888377441785,3728.737,batt,1
7888427491097,3728.737,batt,1
7888477810505,3728.737,batt,1
7888527767371,3728.737,batt,1
7888577659656,3728.737,batt,1
7888628113278,4555.800,batt,1
7888677555055,4555.800,batt,1
7888727665875,4555.800,batt,1
7888777443111,4555.800,batt,1
7888827476121,4555.800,batt,1
7888877592409,3749.672,batt,1
7888927463653,3749.672,batt,1
7888977520360,3749.672,batt,1
7889027584462,3749.672,batt,1
7889077377167,3749.672,batt,1
7889127469966,3556.208,batt,1
7889177539069,3556.208,batt,1
7889227575568,3556.208,batt,1
7889277568787,3556.208,batt,1
7889327790229,3556.208,batt,1
7889377570850,4504.772,batt,1
7889427488759,4504.772,batt,1
7889477601871,4504.772,batt,1
7889527571393,4504.772,batt,1
7889577591434,4504.772,batt,1
7889627482573,3525.955,batt,1
7889677477876,3525.955,batt,1
7889727478230,3525.955,batt,1
7889777518792,3525.955,batt,1
7889827479356,3525.955,batt,1
7889877483356,3531.455,batt,1
7889927531521,3531.455,batt,1
7889977486513,3531.455,batt,1
7890027554365,3531.455,batt,1
7890077835545,3531.455,batt,1
7890127941886,4118.037,batt,1
7890177590792,4118.037,batt,1
7890227497451,4118.037,batt,1
7890277498899,4118.037,batt,1
7890327455141,4118.037,batt,1
7890377557419,3360.334,batt,1
7890427487411,3360.334,batt,1
7890477524067,3360.334,batt,1
7890527509161,3360.334,batt,1
7890577499880,3360.334,batt,1
7890627493620,3579.332,batt,1
7890677631731,3579.332,batt,1
7890727506048,3579.332,batt,1
7890777519787,3579.332,batt,1
7890827712063,3579.332,batt,1
7890878071366,4113.047,batt,1
7890928306766,4113.047,batt,1
7890977570631,4113.047,batt,1
7891027472342,4113.047,batt,1
7891077494519,4113.047,batt,1
7891127509456,3688.921,batt,1
7891177491947,3688.921,batt,1
7891227494437,3688.921,batt,1
7891277479791,3688.921,batt,1
7891327535196,3688.921,batt,1
7891377486334,3602.902,batt,1
7891427497573,3602.902,batt,1
7891477642715,3602.902,batt,1
7891527588957,3602.902,batt,1
7891577565770,3602.902,batt,1
7891627627216,4171.451,batt,1
7891677616217,4171.451,batt,1
7891727486419,4171.451,batt,1
7891777618749,4171.451,batt,1
7891827544105,4171.451,batt,1
7891877514721,3530.221,batt,1
7891927470389,3530.221,batt,1
7891977514388,3530.221,batt,1
7892027547867,3530.221,batt,1
7892077575252,3530.221,batt,1
7892127516441,3530.097,batt,1
7892177571273,3530.097,batt,1
7892227467048,3530.097,batt,1
7892277609325,3530.097,batt,1
7892327918212,3530.097,batt,1
7892377778675,4008.410,batt,1
7892427538463,4008.410,batt,1
7892477474132,4008.410,batt,1
7892527468758,4008.410,batt,1
7892577573536,4008.410,batt,1
7892627479831,3733.781,batt,1
7892677532059,3733.781,batt,1
7892727443145,3733.781,batt,1
7892777573340,3733.781,batt,1
7892827487238,3733.781,batt,1
7892877499207,3524.839,batt,1
7892927630755,3524.839,batt,1
7892977486999,3524.839,batt,1
7893027380430,3524.839,batt,1
7893078041443,3616.328,batt,1
7893127712015,3609.379,batt,1
7893178203866,3609.379,batt,1
7893227602154,3609.379,batt,1
7893277529542,3609.379,batt,1
7893327457242,3609.379,batt,1
7893377729412,3723.141,batt,1
7893427469201,3723.141,batt,1
7893477553876,3723.141,batt,1
7893527500221,3723.141,batt,1
7893577488076,3272.262,batt,1
7893627470514,3267.069,batt,1
7893677484931,3267.069,batt,1
7893727521899,3267.069,batt,1
7893777490587,3267.069,batt,1
7893827476671,3436.311,batt,1
7893877621032,3436.311,batt,1
7893927626387,3436.311,batt,1
7893977583513,3436.311,batt,1
7894027465277,3436.311,batt,1
7894077503860,3584.732,batt,1
7894127443747,3584.732,batt,1
7894177466966,3584.732,batt,1
7894227529766,3584.732,batt,1
7894277569026,3584.732,batt,1
7894327515944,3496.690,batt,1
7894377623171,3496.690,batt,1
7894427621546,3496.690,batt,1
7894477495081,3496.690,batt,1
7894527526424,3496.690,batt,1
7894577577090,3826.472,batt,1
7894627774887,3826.472,batt,1
7894677563737,3826.472,batt,1
7894727593361,3826.472,batt,1
7894777552831,3826.472,batt,1
7894827435272,3535.501,batt,1
7894877541666,3535.501,batt,1
7894927483740,3535.501,batt,1
7894977445190,3535.501,batt,1
7895027451794,3535.501,batt,1
7895077434180,1760.532,batt,1
7895127558177,1760.532,batt,1
