t_mono_ns,power_mW,src,valid
8479121468548,754.233,batt,1
8479171485915,1670.754,batt,1
8479221476720,1670.754,batt,1
8479271495285,1670.754,batt,1
8479321524839,1670.754,batt,1
8479371532259,1670.754,batt,1
8479421459264,1802.508,batt,1
8479471458298,1802.508,batt,1
8479521453374,1802.508,batt,1
8479571452929,1802.508,batt,1
8479621553314,1802.508,batt,1
8479671512349,1234.575,batt,1
8479721520863,1234.575,batt,1
8479771500887,1234.575,batt,1
8479821493827,1234.575,batt,1
8479871497913,1234.575,batt,1
8479921490750,1229.813,batt,1
8479971490409,1229.813,batt,1
8480021476944,1229.813,batt,1
8480071481967,1229.813,batt,1
8480121489334,1229.813,batt,1
8480171489723,944.017,batt,1
8480221502767,944.017,batt,1
8480271503051,944.017,batt,1
8480321487763,944.017,batt,1
8480371491015,944.017,batt,1
8480421488175,612.442,batt,1
8480471487573,612.442,batt,1
8480521486555,612.442,batt,1
8480571493558,612.442,batt,1
8480621500457,612.442,batt,1
8480671503397,573.339,batt,1
8480721481078,573.339,batt,1
8480771487976,573.339,batt,1
8480821490344,573.339,batt,1
8480871487503,573.339,batt,1
8480921488985,622.150,batt,1
8480971504893,622.150,batt,1
8481021485439,622.150,batt,1
8481071491191,622.150,batt,1
8481121517985,622.150,batt,1
8481171487905,652.750,batt,1
8481221523970,652.750,batt,1
8481271487692,652.750,batt,1
8481321501882,652.750,batt,1
8481371484042,652.750,batt,1
8481421486201,586.843,batt,1
8481471485808,586.843,batt,1
8481521525154,586.843,batt,1
8481571489554,586.843,batt,1
8481621524941,586.843,batt,1
8481671491320,581.834,batt,1
8481721518738,581.834,batt,1
8481771488242,581.834,batt,1
8481821487537,581.834,batt,1
8481871490685,581.834,batt,1
8481921525291,598.990,batt,1
8481971518597,598.990,batt,1
8482021465289,598.990,batt,1
8482071491509,598.990,batt,1
8482121501793,1559.838,batt,1
8482171524108,1559.838,batt,1
8482221484237,1559.838,batt,1
8482271484625,1559.838,batt,1
8482321486784,1559.838,batt,1
8482371489048,1662.684,batt,1
8482421492352,1662.684,batt,1
8482471510344,1662.684,batt,1
8482521517608,1662.684,batt,1
8482571488465,1662.684,batt,1
8482621507916,2289.186,batt,1
8482671542678,2289.186,batt,1
8482721511088,2289.186,batt,1
8482771538923,2289.186,batt,1
8482821520823,2289.186,batt,1
8482871514649,2362.825,batt,1
8482921541182,2362.825,batt,1
8482971640005,2362.825,batt,1
8483021551333,2362.825,batt,1
8483071688645,2362.825,batt,1
8483121688512,6124.973,batt,1
8483171514739,6124.973,batt,1
8483221703091,6124.973,batt,1
8483271827642,6124.973,batt,1
8483321513195,6124.973,batt,1
8483371541552,6909.110,batt,1
8483421627667,6909.110,batt,1
8483471630607,6909.110,batt,1
8483521522978,6909.110,batt,1
8483571767526,6909.110,batt,1
8483621804684,5848.978,batt,1
8483671554871,5848.978,batt,1
8483721541926,5848.978,batt,1
8483771643041,5848.978,batt,1
8483821657387,5848.978,batt,1
8483871511738,6203.874,batt,1
8483921533584,6203.874,batt,1
8483971511421,6203.874,batt,1
8484021533839,6203.874,batt,1
8484071510166,6203.874,batt,1
8484121528262,3038.358,batt,1
8484171526359,3038.358,batt,1
8484221668358,3038.358,batt,1
8484271562447,3038.358,batt,1
8484321602417,3038.358,batt,1
8484371553328,6121.972,batt,1
8484421511530,6121.972,batt,1
8484471565979,6121.972,batt,1
8484521629491,6121.972,batt,1
8484571537746,6121.972,batt,1
8484621675266,5978.039,batt,1
8484671590240,5978.039,batt,1
8484721545473,5978.039,batt,1
8484771600235,5978.039,batt,1
8484821450055,5978.039,batt,1
8484871506796,5988.853,batt,1
8484921550047,5988.853,batt,1
8484971544915,5988.853,batt,1
8485021662071,5988.853,batt,1
8485071513921,5988.853,batt,1
8485121534257,5580.574,batt,1
8485171502875,5580.574,batt,1
8485221762579,5580.574,batt,1
8485271644690,5580.574,batt,1
8485321598152,5580.574,batt,1
8485371581041,5527.342,batt,1
8485421542576,5527.342,batt,1
8485471544996,5527.342,batt,1
8485521585591,5527.342,batt,1
8485571509575,5527.342,batt,1
8485621552306,4538.487,batt,1
8485671512644,4538.487,batt,1
8485721546260,4538.487,batt,1
8485771531180,4538.487,batt,1
8485821516621,4538.487,batt,1
8485871587007,5566.195,batt,1
8485921681247,5566.195,batt,1
8485971563514,5566.195,batt,1
8486021577131,5566.195,batt,1
8486071510646,5566.195,batt,1
8486121535200,5984.369,batt,1
8486171594285,5984.369,batt,1
8486221563632,5984.369,batt,1
8486276500962,5984.369,batt,1
8486321545295,5984.369,batt,1
8486371775156,4653.983,batt,1
8486421634923,4653.983,batt,1
8486471562761,4653.983,batt,1
8486521501328,4653.983,batt,1
8486571560205,4653.983,batt,1
8486621537989,4649.246,batt,1
8486671457599,4649.246,batt,1
8486721570328,4649.246,batt,1
8486771510249,4649.246,batt,1
8486821759588,4649.246,batt,1
8486871568107,6019.838,batt,1
8486921630994,6019.838,batt,1
8486971506177,6019.838,batt,1
8487021569064,6019.838,batt,1
8487071540442,6019.838,batt,1
8487121548278,5917.103,batt,1
8487171593353,5917.103,batt,1
8487221533535,5917.103,batt,1
8487271579651,5917.103,batt,1
8487321638162,5917.103,batt,1
8487371509023,4636.907,batt,1
8487421785497,4636.907,batt,1
8487471428031,4636.907,batt,1
8487521570030,4636.907,batt,1
8487571754736,4636.907,batt,1
8487621628149,5280.106,batt,1
8487671503853,5280.106,batt,1
8487721522522,5280.106,batt,1
8487771533587,5280.106,batt,1
8487821535069,5280.106,batt,1
8487871623163,5732.789,batt,1
8487921509128,5732.789,batt,1
8487971577743,5732.789,batt,1
8488021627088,5732.789,batt,1
8488071505970,5732.789,batt,1
8488121572971,5076.308,batt,1
8488171567161,5076.308,batt,1
8488221566560,5076.308,batt,1
8488271723402,5076.308,batt,1
8488321576138,5076.308,batt,1
8488371562308,5203.944,batt,1
8488421585248,5203.944,batt,1
8488471563866,5203.944,batt,1
8488521544307,5203.944,batt,1
8488571500790,5067.940,batt,1
8488621516595,5067.940,batt,1
8488671573857,5067.940,batt,1
8488721570443,5067.940,batt,1
8488771505625,5067.940,batt,1
8488821547470,4609.369,batt,1
8488871530672,4609.369,batt,1
8488921538455,4609.369,batt,1
8488971525511,4609.369,batt,1
8489021602720,4609.369,batt,1
8489071551235,4038.915,batt,1
8489121605111,4038.915,batt,1
8489171627061,4038.915,batt,1
8489221500422,4038.915,batt,1
8489271501695,4038.915,batt,1
8489321588487,3728.674,batt,1
8489371530284,3728.674,batt,1
8489421599889,3728.674,batt,1
8489471486739,3728.674,batt,1
8489521570666,3728.674,batt,1
8489571539545,3810.755,batt,1
8489621518632,3810.755,batt,1
8489671523135,3810.755,batt,1
8489721579094,3810.755,batt,1
8489771606148,3810.755,batt,1
8489821552111,3590.335,batt,1
8489871516459,3590.335,batt,1
8489921541638,3590.335,batt,1
8489971535672,3590.335,batt,1
8490021708556,3590.335,batt,1
8490071499315,3585.249,batt,1
8490121529077,3585.249,batt,1
8490171590766,3585.249,batt,1
8490221587769,3585.249,batt,1
8490271616281,3585.249,batt,1
8490321566046,3634.002,batt,1
8490371514144,3634.002,batt,1
8490421558646,3634.002,batt,1
8490471592470,3634.002,batt,1
8490521558745,3634.002,batt,1
8490571547727,4185.482,batt,1
8490621530200,4185.482,batt,1
8490671523661,4185.482,batt,1
8490721763782,4185.482,batt,1
8490771568238,4185.482,batt,1
8490821585449,3706.760,batt,1
8490871562869,3706.760,batt,1
8490921561226,3706.760,batt,1
8490971537240,3706.760,batt,1
8491021592419,3706.760,batt,1
8491071560412,3873.610,batt,1
8491121530958,3873.610,batt,1
8491171513117,3873.610,batt,1
8491221538036,3873.610,batt,1
8491271532175,3873.610,batt,1
8491321566312,3270.510,batt,1
8491371528941,3270.510,batt,1
8491421531360,3270.510,batt,1
8491471546852,3270.510,batt,1
8491521553178,3270.510,batt,1
8491571532786,3506.294,batt,1
8491621572808,3506.294,batt,1
8491671552780,3506.294,batt,1
8491721496243,3506.294,batt,1
8491771671783,3506.294,batt,1
8491821570403,3391.199,batt,1
8491871534490,3391.199,batt,1
8491921616751,3391.199,batt,1
8491971533027,3391.199,batt,1
8492021636069,3391.199,batt,1
8492071514846,3343.052,batt,1
8492121601534,3343.052,batt,1
8492171550257,3343.052,batt,1
8492221559291,3343.052,batt,1
8492271570929,3343.052,batt,1
8492321558141,3612.617,batt,1
8492371534050,3612.617,batt,1
8492421557771,3612.617,batt,1
8492471520140,3612.617,batt,1
8492521555631,3612.617,batt,1
8492571573675,3466.271,batt,1
8492621553439,3466.271,batt,1
8492671532578,3466.271,batt,1
8492721636505,3466.271,batt,1
8492771519397,3466.271,batt,1
8492821565565,3643.216,batt,1
8492871556006,3643.216,batt,1
8492921594674,3643.216,batt,1
8492971561886,3643.216,batt,1
8493021533994,3643.216,batt,1
8493071547038,3979.728,batt,1
8493121524407,3979.728,batt,1
8493171508493,3979.728,batt,1
8493221556588,3979.728,batt,1
8493271606611,3979.728,batt,1
8493321527991,3601.540,batt,1
8493371552441,3601.540,batt,1
8493421494446,3601.540,batt,1
8493471513531,3601.540,batt,1
8493521523711,3601.540,batt,1
8493571504673,3304.907,batt,1
8493621580632,3304.907,batt,1
8493671513782,3304.907,batt,1
8493721525733,3304.907,batt,1
8493771576276,3304.907,batt,1
8493821536405,3490.908,batt,1
8493871572521,3490.908,batt,1
8493921648793,3490.908,batt,1
8493971546007,3490.908,batt,1
8494021600821,3490.908,batt,1
8494071535794,3607.999,batt,1
8494121534620,3607.999,batt,1
8494171519540,3607.999,batt,1
8494221669403,3607.999,batt,1
8494271520213,3607.999,batt,1
8494321519559,3547.517,batt,1
8494371539791,3547.517,batt,1
8494421600438,3547.517,batt,1
8494471544317,3547.517,batt,1
8494521595069,3547.517,batt,1
8494571575666,3713.926,batt,1
8494621572721,3713.926,batt,1
8494671534777,3713.926,batt,1
8494721588341,3713.926,batt,1
8494771560917,3626.775,batt,1
8494821602034,3626.775,batt,1
8494871581537,3626.775,batt,1
8494921531927,3626.775,batt,1
8494971545596,3626.775,batt,1
8495021715407,3360.334,batt,1
8495071593090,3360.334,batt,1
8495121544365,3360.334,batt,1
8495171574180,3360.334,batt,1
8495221493008,3360.334,batt,1
8495271533030,3407.168,batt,1
8495321525190,3407.168,batt,1
8495371547244,3407.168,batt,1
8495421610547,3407.168,batt,1
8495471528282,3407.168,batt,1
8495521645854,3326.089,batt,1
8495571568432,3326.089,batt,1
8495621496635,3326.089,batt,1
8495671542074,3326.089,batt,1
8495721549545,3326.089,batt,1
8495771532330,3625.869,batt,1
8495821590321,3625.869,batt,1
8495871536336,3625.869,batt,1
8495921551359,3625.869,batt,1
8495971544404,3625.869,batt,1
8496021536251,3159.773,batt,1
8496071539660,3159.773,batt,1
8496121555725,3159.773,batt,1
8496171696057,3159.773,batt,1
8496221456400,3159.773,batt,1
8496271563660,3429.966,batt,1
8496321622432,3429.966,batt,1
8496371621987,3429.966,batt,1
8496421561804,3429.966,batt,1
8496471507142,3429.966,batt,1
8496521548935,3710.416,batt,1
8496571509064,3710.416,batt,1
8496621548254,3710.416,batt,1
8496671535257,3710.416,batt,1
8496721519552,3710.416,batt,1
8496771550200,3429.549,batt,1
8496821507464,3429.549,batt,1
8496871512332,3429.549,batt,1
8496921529386,3429.549,batt,1
8496971599095,3429.549,batt,1
8497021544954,3570.449,batt,1
8497071701536,3570.449,batt,1
8497121551095,3570.449,batt,1
8497171602732,3570.449,batt,1
8497221569736,3570.449,batt,1
8497271561687,3490.966,batt,1
8497321553065,3490.966,batt,1
8497371519808,3490.966,batt,1
8497421596288,3490.966,batt,1
8497471555688,3490.966,batt,1
8497521646751,3707.461,batt,1
8497571559902,3707.461,batt,1
8497621536853,3707.461,batt,1
8497671580626,3707.461,batt,1
8497721611378,3707.461,batt,1
8497771509165,3748.952,batt,1
8497821627050,3748.952,batt,1
8497871515514,3748.952,batt,1
8497921526371,3748.952,batt,1
8497971550248,3748.952,batt,1
8498021601833,3489.947,batt,1
8498071563108,3489.947,batt,1
8498121539643,3489.947,batt,1
8498171527375,3489.947,batt,1
8498221532294,3489.947,batt,1
8498271554974,3220.978,batt,1
8498321525259,3220.978,batt,1
8498371514970,3220.978,batt,1
8498421533223,3220.978,batt,1
8498471555954,3220.978,batt,1
8498521530458,4070.460,batt,1
8498571637301,4070.460,batt,1
8498621516287,4070.460,batt,1
8498671537716,4070.460,batt,1
8498721557218,4070.460,batt,1
8498771508650,3654.311,batt,1
8498821586588,3654.311,batt,1
8498871539269,3654.311,batt,1
8498921560803,3654.311,batt,1
8498971521557,3654.311,batt,1
8499021605224,3500.342,batt,1
8499071564363,3500.342,batt,1
8499121516628,3500.342,batt,1
8499171543682,3500.342,batt,1
8499221571413,3500.342,batt,1
8499271506543,3582.321,batt,1
8499321574325,3582.321,batt,1
8499371564714,3582.321,batt,1
8499421580310,3582.321,batt,1
8499471546220,3582.321,batt,1
8499521565879,3531.116,batt,1
8499571571788,3531.116,batt,1
8499621552177,3531.116,batt,1
8499671550169,3531.116,batt,1
8499721487382,3531.116,batt,1
8499771622663,2882.202,batt,1
8499821512585,2882.202,batt,1
8499871512557,2882.202,batt,1
8499921590599,2882.202,batt,1
8499971552968,2882.202,batt,1
8500021618406,3121.388,batt,1
8500071530412,3121.388,batt,1
8500121517727,3121.388,batt,1
8500171520407,3121.388,batt,1
8500221530118,3121.388,batt,1
8500271578786,3608.085,batt,1
8500321630163,3608.085,batt,1
8500371511388,3608.085,batt,1
8500421563754,3608.085,batt,1
8500471550913,3608.085,batt,1
8500521549270,3538.994,batt,1
8500571619344,3538.994,batt,1
8500621542964,3538.994,batt,1
8500671576685,3538.994,batt,1
8500721560042,3538.994,batt,1
8500771520848,3651.509,batt,1
8500821545663,3651.509,batt,1
8500871600320,3651.509,batt,1
8500921528471,3651.509,batt,1
8500971551098,3651.509,batt,1
8501021533466,3421.896,batt,1
8501071521095,3421.896,batt,1
8501121561690,3421.896,batt,1
8501171589317,3421.896,batt,1
8501221531374,3992.006,batt,1
8501271586761,3992.006,batt,1
8501321579649,3992.006,batt,1
8501371543893,3992.006,batt,1
8501421532094,3992.006,batt,1
8501471511597,3305.981,batt,1
8501521555734,3305.981,batt,1
8501571533675,3305.981,batt,1
8501621510627,3305.981,batt,1
8501671537420,3305.981,batt,1
8501721487029,3924.974,batt,1
8501771629444,3924.974,batt,1
8501821602386,3924.974,batt,1
8501871502985,3924.974,batt,1
8501921520144,3924.974,batt,1
8501971518345,3450.806,batt,1
8502021556440,3450.806,batt,1
8502071539902,3450.806,batt,1
8502121589664,3450.806,batt,1
8502171532866,3450.806,batt,1
8502221544452,3554.931,batt,1
8502271776657,3554.931,batt,1
8502321540802,3554.931,batt,1
8502371596761,3554.931,batt,1
8502421711209,3554.931,batt,1
8502471508478,3560.767,batt,1
8502521611624,3560.767,batt,1
8502571582690,3560.767,batt,1
8502621592505,3560.767,batt,1
8502671564248,3560.767,batt,1
8502721524794,3923.153,batt,1
8502771522422,3923.153,batt,1
8502821535310,3923.153,batt,1
8502871492366,3923.153,batt,1
8502921549680,3923.153,batt,1
8502971571109,3994.268,batt,1
8503021496656,3994.268,batt,1
8503071628707,3994.268,batt,1
8503121541285,3994.268,batt,1
8503171541153,3994.268,batt,1
8503221547322,3653.768,batt,1
8503271556668,3653.768,batt,1
8503321525183,3653.768,batt,1
8503371510467,3653.768,batt,1
8503421607988,3653.768,batt,1
8503471535826,3990.280,batt,1
8503521568505,3990.280,batt,1
8503571564571,3990.280,batt,1
8503621598604,3990.280,batt,1
8503671576701,3990.280,batt,1
8503721558392,3442.475,batt,1
8503771605498,3442.475,batt,1
8503821679478,3442.475,batt,1
8503871508100,3442.475,batt,1
8503921596924,3442.475,batt,1
8503971665904,3668.611,batt,1
8504021549993,3668.611,batt,1
8504071519341,3668.611,batt,1
8504121612487,3668.611,batt,1
8504171503139,3668.611,batt,1
8504221562588,3486.929,batt,1
8504271537612,3486.929,batt,1
8504321522480,3486.929,batt,1
8504371538805,3486.929,batt,1
8504421581224,3486.929,batt,1
8504471565519,3822.014,batt,1
8504521558355,3822.014,batt,1
8504571568951,3822.014,batt,1
8504621772928,3822.014,batt,1
8504671517698,3822.014,batt,1
8504721590949,2979.400,batt,1
8504771523579,2979.400,batt,1
8504821536258,2979.400,batt,1
8504871626644,2979.400,batt,1
8504921511619,2979.400,batt,1
8504971545704,3534.775,batt,1
8505021577863,3534.775,batt,1
8505071536117,3534.775,batt,1
8505121590358,3534.775,batt,1
8505171600537,3534.775,batt,1
8505221506970,3378.528,batt,1
8505271560638,3378.528,batt,1
8505321574724,3378.528,batt,1
8505371557977,3378.528,batt,1
8505421573782,3378.528,batt,1
8505471538494,3634.163,batt,1
8505521576069,3634.163,batt,1
8505571533385,3634.163,batt,1
8505621536534,3634.163,batt,1
8505671516923,3634.163,batt,1
8505721545748,3577.312,batt,1
8505771553740,3577.312,batt,1
8505821573763,3577.312,batt,1
8505871603942,3577.312,batt,1
8505921574435,3577.312,batt,1
8505971523211,3541.339,batt,1
8506021654376,3541.339,batt,1
8506071559403,3541.339,batt,1
8506121554583,3541.339,batt,1
8506171571846,3541.339,batt,1
8506221537079,3840.792,batt,1
8506271497364,3840.792,batt,1
8506321590094,3840.792,batt,1
8506371530119,3840.792,batt,1
8506421625609,3840.792,batt,1
8506471555530,3631.928,batt,1
8506521518680,3631.928,batt,1
8506571590525,3631.928,batt,1
8506621565966,3631.928,batt,1
8506671535990,3631.928,batt,1
8506721537889,3560.731,batt,1
8506771544944,3560.731,batt,1
8506821557311,3560.731,batt,1
8506871536293,3560.731,batt,1
8506921526109,3560.731,batt,1
8506971514362,3549.991,batt,1
8507021647716,3549.991,batt,1
8507071511077,3549.991,batt,1
8507121602296,3549.991,batt,1
8507171597424,3549.991,batt,1
8507221601562,3247.179,batt,1
8507271548983,3247.179,batt,1
8507321521403,3247.179,batt,1
8507371734858,3247.179,batt,1
8507421511763,3460.097,batt,1
8507471545224,3460.097,batt,1
8507521558684,3460.097,batt,1
8507571517876,3460.097,batt,1
8507621489046,3460.097,batt,1
8507671520267,3536.954,batt,1
8507721580237,3536.954,batt,1
8507771553178,3536.954,batt,1
8507821543515,3536.954,batt,1
8507871582860,3536.954,batt,1
8507921554447,3607.606,batt,1
8507971528795,3607.606,batt,1
8508021538870,3607.606,batt,1
8508071600715,3607.606,batt,1
8508121586364,3607.606,batt,1
8508171554097,3704.602,batt,1
8508221535996,3704.602,batt,1
8508271512427,3704.602,batt,1
8508321585522,3704.602,batt,1
8508371611847,3704.602,batt,1
8508421513279,3608.541,batt,1
8508471494918,3608.541,batt,1
8508521524316,3608.541,batt,1
8508571540381,3608.541,batt,1
8508621573164,3608.541,batt,1
8508671533502,3345.577,batt,1
8508721542119,3345.577,batt,1
8508771543913,3345.577,batt,1
8508821566957,3345.577,batt,1
8508871664686,3345.577,batt,1
8508921534193,3530.343,batt,1
8508971537915,3530.343,batt,1
8509021564240,3530.343,batt,1
8509071589419,3530.343,batt,1
8509121541944,3530.343,batt,1
8509171564936,3347.777,batt,1
8509221565376,3347.777,batt,1
8509271536547,3347.777,batt,1
8509321602662,3347.777,batt,1
8509371542167,3347.777,batt,1
8509421538284,3604.035,batt,1
8509471570234,3604.035,batt,1
8509521514218,3604.035,batt,1
8509571602416,3604.035,batt,1
8509621636449,3604.035,batt,1
8509671531841,3899.264,batt,1
8509721553582,3899.264,batt,1
8509771569543,3899.264,batt,1
8509821513735,3899.264,batt,1
8509871544591,3899.264,batt,1
8509921538782,3063.233,batt,1
8509971526827,3063.233,batt,1
8510021563672,3063.233,batt,1
8510071552759,3063.233,batt,1
8510121583094,3063.233,batt,1
8510171513589,3488.833,batt,1
8510221524758,3488.833,batt,1
8510271598165,3488.833,batt,1
8510321527930,3488.833,batt,1
8510371537589,3488.833,batt,1
8510421551987,3586.140,batt,1
8510471567584,3586.140,batt,1
8510521542452,3586.140,batt,1
8510571547007,3586.140,batt,1
8510621501146,3586.140,batt,1
8510671550387,3328.575,batt,1
8510721543588,3328.575,batt,1
8510771518300,3328.575,batt,1
8510821539469,3328.575,batt,1
8510871486005,3328.575,batt,1
8510921517226,3859.329,batt,1
8510971569487,3859.329,batt,1
8511021509825,3859.329,batt,1
8511071500474,3859.329,batt,1
8511121641119,3859.329,batt,1
8511171538958,3976.772,batt,1
8511221536586,3976.772,batt,1
8511271564838,3976.772,batt,1
8511321552623,3976.772,batt,1
8511371589000,3976.772,batt,1
8511421594388,3522.469,batt,1
8511471544882,3522.469,batt,1
8511521558030,3522.469,batt,1
8511571560189,3522.469,batt,1
8511621528495,3522.469,batt,1
8511671627526,3825.670,batt,1
8511721560573,3825.670,batt,1
8511771525702,3825.670,batt,1
8511821522861,3825.670,batt,1
8511871557467,3825.670,batt,1
8511921544053,3557.234,batt,1
8511971539077,3557.234,batt,1
8512021747168,3557.234,batt,1
8512071536729,3557.234,batt,1
8512121556700,3557.234,batt,1
8512171664950,3680.969,batt,1
8512221537269,3680.969,batt,1
8512271540990,3680.969,batt,1
8512321571899,3680.969,batt,1
8512371533173,3680.969,batt,1
8512421521479,3744.141,batt,1
8512471527492,3744.141,batt,1
8512521521422,3744.141,batt,1
8512571557591,3744.141,batt,1
8512621528240,3744.141,batt,1
8512671573002,4141.066,batt,1
8512721658961,4141.066,batt,1
8512771545238,4141.066,batt,1
8512821503961,4141.066,batt,1
8512871532057,4141.066,batt,1
8512921607599,3589.184,batt,1
8512971555072,3589.184,batt,1
8513021524680,3589.184,batt,1
8513071537412,3589.184,batt,1
8513121564726,3589.184,batt,1
8513171583187,3598.551,batt,1
8513221616908,3598.551,batt,1
8513271600838,3598.551,batt,1
8513321518000,3598.551,batt,1
8513371549429,3598.551,batt,1
8513421551119,3881.444,batt,1
8513471680306,3881.444,batt,1
8513521548875,3881.444,batt,1
8513571544211,3881.444,batt,1
8513621607358,3881.444,batt,1
8513671539050,3674.968,batt,1
8513721650685,3674.968,batt,1
8513771510661,3674.968,batt,1
8513821593651,3674.968,batt,1
8513871559874,3773.378,batt,1
8513921539898,3773.378,batt,1
8513971542734,3773.378,batt,1
8514021523488,3773.378,batt,1
8514071545125,3773.378,batt,1
8514121573638,4290.550,batt,1
8514171526944,4290.550,batt,1
8514221520822,4290.550,batt,1
8514271610323,4290.550,batt,1
8514321668261,4290.550,batt,1
8514371546778,3372.420,batt,1
8514421565187,3372.420,batt,1
8514471582085,3372.420,batt,1
8514521565390,3372.420,batt,1
8514571530571,3372.420,batt,1
8514621552574,3310.876,batt,1
8514671522754,3310.876,batt,1
8514721623765,3310.876,batt,1
8514771566394,3310.876,batt,1
8514821600271,3310.876,batt,1
8514871552067,4066.558,batt,1
8514921579694,4066.558,batt,1
8514971594405,4066.558,batt,1
8515021564325,4066.558,batt,1
8515071536902,4066.558,batt,1
8515121524374,3645.649,batt,1
8515171558095,3645.649,batt,1
8515221548275,3645.649,batt,1
8515271602568,3645.649,batt,1
8515321526969,3645.649,batt,1
8515371660843,3371.285,batt,1
8515421525141,3371.285,batt,1
8515471540060,3371.285,batt,1
8515521549094,3371.285,batt,1
8515571544274,3371.285,batt,1
8515621589818,2779.790,batt,1
8515671468022,2779.790,batt,1
8515721586219,2779.790,batt,1
8515771549369,2779.790,batt,1
8515821585277,2779.790,batt,1
8515871655924,3457.795,batt,1
8515921633240,3457.795,batt,1
8515971574515,3457.795,batt,1
8516021543863,3457.795,batt,1
8516071544512,3457.795,batt,1
8516121552608,3607.328,batt,1
8516171613620,3607.328,batt,1
8516221562134,3607.328,batt,1
8516271563512,3607.328,batt,1
8516321495882,3607.328,batt,1
8516371510905,3380.675,batt,1
8516421586916,3380.675,batt,1
8516471523660,3380.675,batt,1
8516521547590,3380.675,batt,1
8516571535062,3380.675,batt,1
8516621578990,4019.457,batt,1
8516671527713,4019.457,batt,1
8516721582371,4019.457,batt,1
8516771537188,4019.457,batt,1
8516821541899,4019.457,batt,1
8516871639576,3463.966,batt,1
8516921545540,3463.966,batt,1
8516971579677,3463.966,batt,1
8517021571159,3463.966,batt,1
8517071543059,3463.966,batt,1
8517121564436,3461.524,batt,1
8517171534305,3461.524,batt,1
8517221617868,3461.524,batt,1
8517271519509,3461.524,batt,1
8517321547500,3461.524,batt,1
8517371505286,3410.380,batt,1
8517421579266,3410.380,batt,1
8517471632309,3410.380,batt,1
8517521573532,3410.380,batt,1
8517571550119,3410.380,batt,1
8517621536341,3587.519,batt,1
8517671521886,3587.519,batt,1
8517721544513,3587.519,batt,1
8517771531464,3587.519,batt,1
8517821485864,3587.519,batt,1
8517871583073,2504.694,batt,1
8517921511067,2504.694,batt,1
8517971556194,2504.694,batt,1
8518021529239,2504.694,batt,1
8518071555512,2504.694,batt,1
8518121523870,3493.385,batt,1
8518171505613,3493.385,batt,1
8518221555323,3493.385,batt,1
8518271488265,3493.385,batt,1
8518321519173,3493.385,batt,1
8518371517374,3539.039,batt,1
8518421598021,3539.039,batt,1
8518471599347,3539.039,batt,1
8518521588121,3539.039,batt,1
8518571552104,3539.039,batt,1
8518621565773,3464.064,batt,1
8518671553818,3464.064,batt,1
8518721569674,3464.064,batt,1
8518771522304,3464.064,batt,1
8518821528785,3464.064,batt,1
8518871508497,3590.302,batt,1
8518921786221,3590.302,batt,1
8518971565001,3590.302,batt,1
8519021533724,3590.302,batt,1
8519071568174,3590.302,batt,1
8519121529084,3434.494,batt,1
8519171519108,3434.494,batt,1
8519221544600,3434.494,batt,1
8519271561758,3434.494,batt,1
8519321542043,3434.494,batt,1
8519371552014,3425.026,batt,1
8519421525737,3425.026,batt,1
8519471527063,3425.026,batt,1
8519521572085,3425.026,batt,1
8519571657523,3425.026,batt,1
8519621522863,3261.825,batt,1
8519671641269,3261.825,batt,1
8519721686812,3261.825,batt,1
8519771558506,3261.825,batt,1
8519821574779,3261.825,batt,1
8519871540533,3529.712,batt,1
8519921559306,3529.712,batt,1
8519971552351,3529.712,batt,1
8520021539875,3529.712,batt,1
8520071571460,3512.306,batt,1
8520121536016,3512.306,batt,1
8520171562654,3512.306,batt,1
8520221605229,3512.306,batt,1
8520271526609,3512.306,batt,1
8520321621473,3737.245,batt,1
8520371535406,3737.245,batt,1
8520421514961,3737.245,batt,1
8520471491184,3737.245,batt,1
8520521508082,3737.245,batt,1
8520571560813,3411.116,batt,1
8520621535681,3411.116,batt,1
8520671587890,3411.116,batt,1
8520721533228,3411.116,batt,1
8520771522159,3411.116,batt,1
8520821656553,3961.460,batt,1
8520871536060,3961.460,batt,1
8520921547385,3961.460,batt,1
8520971532253,3961.460,batt,1
8521021607379,3961.460,batt,1
8521071538915,3664.725,batt,1
8521121607999,3664.725,batt,1
8521171514276,3664.725,batt,1
8521221657889,3664.725,batt,1
8521271539687,3664.725,batt,1
8521321522367,3646.700,batt,1
8521371530255,3646.700,batt,1
8521421555122,3646.700,batt,1
8521471591551,3646.700,batt,1
8521521544441,3646.700,batt,1
8521571528632,3503.765,batt,1
8521621604747,3503.765,batt,1
8521671541595,3503.765,batt,1
8521721574014,3503.765,batt,1
8521771607891,3503.765,batt,1
8521821586405,3464.799,batt,1
8521871514191,3464.799,batt,1
8521921579942,3464.799,batt,1
8521971550696,3464.799,batt,1
8522021549157,3464.799,batt,1
8522071559441,2966.465,batt,1
8522121631546,2966.465,batt,1
8522171514073,2966.465,batt,1
8522221556491,2966.465,batt,1
8522271542349,2966.465,batt,1
8522321612683,3470.107,batt,1
8522371581041,3470.107,batt,1
8522421500546,3470.107,batt,1
8522471520725,3470.107,batt,1
8522521548040,3470.107,batt,1
8522571567907,3345.789,batt,1
8522621504703,3345.789,batt,1
8522671524466,3345.789,batt,1
8522721633705,3345.789,batt,1
8522771570241,3345.789,batt,1
8522821530839,3621.673,batt,1
8522871521905,3621.673,batt,1
8522921523387,3621.673,batt,1
8522971540702,3621.673,batt,1
8523021532028,3621.673,batt,1
8523071543874,3471.709,batt,1
8523121577907,3471.709,batt,1
8523171532307,3471.709,batt,1
8523221593162,3471.709,batt,1
8523271585843,3471.709,batt,1
8523321518733,3502.136,batt,1
8523371535735,3502.136,batt,1
8523421590601,3502.136,batt,1
8523471535991,3502.136,batt,1
8523521529505,3502.136,batt,1
8523571625046,3292.689,batt,1
8523621554499,3292.689,batt,1
8523671493691,3292.689,batt,1
8523721586525,3292.689,batt,1
8523771521082,3292.689,batt,1
8523821620842,3712.888,batt,1
8523871525608,3712.888,batt,1
8523921592453,3712.888,batt,1
8523971518729,3712.888,batt,1
8524021505836,3712.888,batt,1
8524071542109,3563.506,batt,1
8524121645827,3563.506,batt,1
8524171538511,3563.506,batt,1
8524221557544,3563.506,batt,1
8524271510694,3563.506,batt,1
8524321587851,3668.611,batt,1
8524371570740,3668.611,batt,1
8524421517328,3668.611,batt,1
8524471538184,3668.611,batt,1
8524521671121,3668.611,batt,1
8524571548648,4489.019,batt,1
8524621552317,4489.019,batt,1
8524671531456,4489.019,batt,1
8524721584447,4489.019,batt,1
8524771578117,4489.019,batt,1
8524821548298,3654.657,batt,1
8524871560717,3654.657,batt,1
8524921520898,3654.657,batt,1
8524971543265,3654.657,batt,1
8525021573756,3654.657,batt,1
8525071558624,4065.972,batt,1
8525121620990,4065.972,batt,1
8525176611964,4065.972,batt,1
8525221590257,4065.972,batt,1
8525271550334,4065.972,batt,1
8525321512286,3534.435,batt,1
8525371568141,3534.435,batt,1
8525421528635,3534.435,batt,1
8525471493139,3534.435,batt,1
8525521563109,3534.435,batt,1
8525571532716,3642.866,batt,1
8525621529147,3642.866,batt,1
8525671619220,3642.866,batt,1
8525721521746,3642.866,batt,1
8525771540988,3642.866,batt,1
8525821532471,3540.999,batt,1
8525871502808,3540.999,batt,1
8525921548455,3540.999,batt,1
8525971514626,3540.999,batt,1
8526021539024,3540.999,batt,1
8526071553005,3846.288,batt,1
8526121584018,3846.288,batt,1
8526171537949,3846.288,batt,1
8526224562052,3846.288,batt,1
8526271531538,3658.030,batt,1
8526321514427,3658.030,batt,1
8526371545491,3658.030,batt,1
8526421520412,3658.030,batt,1
8526471670587,3658.030,batt,1
8526521543531,3428.238,batt,1
8526571519962,3428.238,batt,1
8526621594046,3428.238,batt,1
8526671532092,3428.238,batt,1
8526721523314,3428.238,batt,1
8526771565889,3767.001,batt,1
8526821513883,3767.001,batt,1
8526871533594,3767.001,batt,1
8526921579814,3767.001,batt,1
8526971523850,3767.001,batt,1
8527021534706,3640.561,batt,1
8527071585145,3640.561,batt,1
8527121556107,3640.561,batt,1
8527171549569,3640.561,batt,1
8527221505323,3640.561,batt,1
8527271758308,3632.954,batt,1
8527321602972,3632.954,batt,1
8527371533310,3632.954,batt,1
8527421539636,3632.954,batt,1
8527471547263,3632.954,batt,1
8527521754729,3304.424,batt,1
8527571538769,3304.424,batt,1
8527621525043,3304.424,batt,1
8527671517463,3304.424,batt,1
8527721532486,3304.424,batt,1
8527771536729,3681.142,batt,1
8527821535919,3681.142,batt,1
8527871541359,3681.142,batt,1
8527921562008,3681.142,batt,1
8527971582031,3681.142,batt,1
8528021569867,3909.266,batt,1
8528071750094,3909.266,batt,1
8528121517989,3909.266,batt,1
8528171489212,3909.266,batt,1
8528221660012,3909.266,batt,1
8528271565819,3978.948,batt,1
8528321546208,3978.948,batt,1
8528371536336,3978.948,batt,1
8528421541829,3978.948,batt,1
8528471537217,3978.948,batt,1
8528521555157,3603.964,batt,1
8528571636585,3603.964,batt,1
8528621575464,3603.964,batt,1
8528671523927,3603.964,batt,1
8528721569470,3603.964,batt,1
8528771541005,4018.374,batt,1
8528821595715,4018.374,batt,1
8528871588551,4018.374,batt,1
8528921552795,4018.374,batt,1
8528971491570,4018.374,batt,1
8529021578883,4002.262,batt,1
8529071574428,4002.262,batt,1
8529121540129,4002.262,batt,1
8529171534060,4002.262,batt,1
8529221542208,4002.262,batt,1
8529271546086,4157.651,batt,1
8529321552568,4157.651,batt,1
8529371556862,4157.651,batt,1
8529421543918,4157.651,batt,1
8529471529515,4157.651,batt,1
8529521719168,3747.562,batt,1
8529571524614,3747.562,batt,1
8529621524430,3747.562,batt,1
8529671516745,3747.562,batt,1
8529721600985,3747.562,batt,1
8529771525438,3336.026,batt,1
8529821529785,3336.026,batt,1
8529871568349,3336.026,batt,1
8529921491552,3336.026,batt,1
8529971536470,3336.026,batt,1
8530021545140,3635.610,batt,1
8530071532716,3635.610,batt,1
8530121597061,3635.610,batt,1
8530171543075,3635.610,batt,1
8530221570963,3635.610,batt,1
8530271544269,3503.484,batt,1
8530321530282,3503.484,batt,1
8530371546399,3503.484,batt,1
8530421596109,3503.484,batt,1
8530471542593,3503.484,batt,1
8530521682925,3889.116,batt,1
8530571548369,3889.116,batt,1
8530621577507,3889.116,batt,1
8530671524355,3889.116,batt,1
8530721584429,3889.116,batt,1
8530771577890,3755.289,batt,1
8530821610048,3755.289,batt,1
8530871528460,3755.289,batt,1
8530921580253,3755.289,batt,1
8530971511737,3755.289,batt,1
8531021582227,3403.949,batt,1
8531071543398,3403.949,batt,1
8531121623003,3403.949,batt,1
8531171661359,3403.949,batt,1
8531221603311,3403.949,batt,1
8531271555107,3899.301,batt,1
8531321524038,3899.301,batt,1
8531371536509,3899.301,batt,1
8531421568199,3899.301,batt,1
8531471631294,3899.301,batt,1
8531521527414,4275.928,batt,1
8531571694464,4275.928,batt,1
8531621432100,4275.928,batt,1
8531671525923,4275.928,batt,1
8531721573758,4275.928,batt,1
8531771573781,3462.163,batt,1
8531821536723,3462.163,batt,1
8531871518674,3462.163,batt,1
8531921550780,3462.163,batt,1
8531971542263,3462.163,batt,1
8532021586452,3829.818,batt,1
8532071538769,3829.818,batt,1
8532121549469,3829.818,batt,1
8532171532045,3829.818,batt,1
8532221545819,3829.818,batt,1
8532271534124,4183.241,batt,1
8532321521804,4183.241,batt,1
8532371563077,4183.241,batt,1
8532421543414,4183.241,batt,1
8532471550937,3479.159,batt,1
8532521533513,3479.159,batt,1
8532571525516,3479.159,batt,1
8532621610277,3479.159,batt,1
8532671554365,3479.159,batt,1
8532721603085,3482.826,batt,1
8532771498008,3482.826,batt,1
8532821559020,3482.826,batt,1
8532871620916,3482.826,batt,1
8532921499173,3482.826,batt,1
8532971568518,3537.510,batt,1
8533021763015,3537.510,batt,1
8533071549607,3537.510,batt,1
8533121555620,3537.510,batt,1
8533171564810,3537.510,batt,1
8533221525564,3488.209,batt,1
8533271505537,3488.209,batt,1
8533321565246,3488.209,batt,1
8533371598238,3488.209,batt,1
8533421604251,3488.209,batt,1
8533471532454,3259.670,batt,1
8533521586434,3259.670,batt,1
8533571559323,3259.670,batt,1
8533621471485,3259.670,batt,1
8533671583172,3259.670,batt,1
8533721586321,3660.127,batt,1
8533771558949,3660.127,batt,1
8533821614596,3660.127,batt,1
8533871524935,3660.127,batt,1
8533921708547,3660.127,batt,1
8533971511181,3502.700,batt,1
8534021535787,3502.700,batt,1
8534071603517,3502.700,batt,1
8534121527137,3502.700,batt,1
8534171514401,3502.700,batt,1
8534221524008,3881.655,batt,1
8534271546583,3881.655,batt,1
8534321568585,3881.655,batt,1
8534371590587,3881.655,batt,1
8534421585194,3881.655,batt,1
8534471534282,3701.974,batt,1
8534521538577,3701.974,batt,1
8534571551881,3701.974,batt,1
8534621534405,3701.974,batt,1
8534671526825,3701.974,batt,1
8534721610492,3884.030,batt,1
8534771572653,3884.030,batt,1
8534821497158,3884.030,batt,1
8534871487650,3884.030,batt,1
8534921660273,3884.030,batt,1
8534971552123,3630.625,batt,1
8535021633551,3630.625,batt,1
8535071526546,3630.625,batt,1
8535121502456,3630.625,batt,1
8535171589456,3630.625,batt,1
8535221551304,3687.331,batt,1
8535271615493,3687.331,batt,1
8535321513332,3687.331,batt,1
8535371589343,3687.331,batt,1
8535421562753,3687.331,batt,1
8535471533038,3673.023,batt,1
8535521552540,3673.023,batt,1
8535571529023,3673.023,batt,1
8535621544879,3673.023,batt,1
8535671547559,3673.023,batt,1
8535721557947,3612.964,batt,1
8535771519326,3612.964,batt,1
8535821538672,3612.964,batt,1
8535871501978,3612.964,batt,1
8535921624134,3612.964,batt,1
8535971575045,3696.843,batt,1
8536021534028,3696.843,batt,1
8536071558426,3696.843,batt,1
8536121601000,3696.843,batt,1
8536171534307,3696.843,batt,1
8536221517352,3613.566,batt,1
8536271605082,3613.566,batt,1
8536321500369,3613.566,batt,1
8536371755073,3613.566,batt,1
8536421519635,3613.566,batt,1
8536471613510,4042.799,batt,1
8536521507912,4042.799,batt,1
8536571518560,4042.799,batt,1
8536621520459,4042.799,batt,1
8536671510014,4042.799,batt,1
8536721603889,3498.772,batt,1
8536771560320,3498.772,batt,1
8536821526647,3498.772,batt,1
8536871528442,3498.772,batt,1
8536921544975,3498.772,batt,1
8536971501459,3940.833,batt,1
8537021534971,3940.833,batt,1
8537071565202,3940.833,batt,1
8537121561997,3940.833,batt,1
8537171562958,3940.833,batt,1
8537221549597,3528.477,batt,1
8537271564464,3528.477,batt,1
8537321594122,3528.477,batt,1
8537371513002,3528.477,batt,1
8537421569639,3528.477,batt,1
8537471632005,3728.959,batt,1
8537521620883,3728.959,batt,1
8537571523253,3728.959,batt,1
8537621587754,3728.959,batt,1
8537671589705,3728.959,batt,1
8537721553063,3820.963,batt,1
8537771525848,3820.963,batt,1
8537821703054,3820.963,batt,1
8537871506052,3820.963,batt,1
8537921553470,3820.963,batt,1
8537971607399,3521.742,batt,1
8538021554872,3521.742,batt,1
8538071519844,3521.742,batt,1
8538121549503,3521.742,batt,1
8538171541245,3521.742,batt,1
8538221535853,3845.976,batt,1
8538271543637,3845.976,batt,1
8538321566212,3845.976,batt,1
8538371543372,3845.976,batt,1
8538421540843,3845.976,batt,1
8538471524774,4141.144,batt,1
8538521540266,4141.144,batt,1
8538571548570,4141.144,batt,1
8538621538334,4141.144,batt,1
8538671533462,3546.876,batt,1
8538721487914,3546.876,batt,1
8538771519499,3546.876,batt,1
8538821544418,3546.876,batt,1
8538871586680,3546.876,batt,1
8538921563476,3411.359,batt,1
8538971523605,3411.359,batt,1
8539021551648,3411.359,batt,1
8539071543860,3411.359,batt,1
8539121532530,3411.359,batt,1
8539171576302,3948.709,batt,1
8539221542004,3948.709,batt,1
8539271557288,3948.709,batt,1
8539321533666,3948.709,batt,1
8539371529940,3948.709,batt,1
8539421537776,3357.544,batt,1
8539471490666,3357.544,batt,1
8539521562354,3357.544,batt,1
8539571542326,3357.544,batt,1
8539621539538,3357.544,batt,1
8539671686953,3835.366,batt,1
8539721531721,3835.366,batt,1
8539771613721,3835.366,batt,1
8539821589683,3835.366,batt,1
8539871525907,3835.366,batt,1
8539921579314,3684.151,batt,1
8539973406265,3684.151,batt,1
8540021614829,3684.151,batt,1
8540071575427,3684.151,batt,1
8540121564097,3684.151,batt,1
8540171501987,3576.592,batt,1
8540221516229,3576.592,batt,1
8540271537398,3576.592,batt,1
8540321523516,3576.592,batt,1
8540371526769,3576.592,batt,1
8540421541532,3440.669,batt,1
8540471583273,3440.669,batt,1
8540521576786,3440.669,batt,1
8540571531811,3440.669,batt,1
8540621500378,3440.669,batt,1
8540671517901,3856.861,batt,1
8540721598756,3856.861,batt,1
8540771548364,3856.861,batt,1
8540821580522,3856.861,batt,1
8540871510600,3856.861,batt,1
8540921636974,3399.840,batt,1
8540971541949,3399.840,batt,1
8541021511661,3399.840,batt,1
8541071599547,3399.840,batt,1
8541121562488,3399.840,batt,1
8541171516836,3769.468,batt,1
8541221540036,3769.468,batt,1
8541271522040,3769.468,batt,1
8541321529198,3769.468,batt,1
8541371509275,3769.468,batt,1
8541421584505,3884.846,batt,1
8541471593695,3884.846,batt,1
8541521595385,3884.846,batt,1
8541571608065,3884.846,batt,1
8541621556996,3884.846,batt,1
8541671562801,3907.058,batt,1
8541721598657,3907.058,batt,1
8541771555765,3907.058,batt,1
8541821584799,3907.058,batt,1
8541871530136,3907.058,batt,1
8541921724790,3848.208,batt,1
8541971514872,3848.208,batt,1
8542021507135,3848.208,batt,1
8542071629187,3848.208,batt,1
8542121542338,3848.208,batt,1
8542171532049,3391.597,batt,1
8542221527125,3391.597,batt,1
8542271527514,3391.597,batt,1
8542321596129,3391.597,batt,1
8542371532613,3391.597,batt,1
8542421577063,3699.316,batt,1
8542471520578,3699.316,batt,1
8542521655702,3699.316,batt,1
8542571538124,3699.316,batt,1
8542621585334,3699.316,batt,1
8542671536453,3549.606,batt,1
8542721588246,3549.606,batt,1
8542771596811,3549.606,batt,1
8542821561472,3549.606,batt,1
8542871524726,3549.606,batt,1
8542921591779,3541.465,batt,1
8542971543991,3541.465,batt,1
8543021525265,3541.465,batt,1
8543071543778,3541.465,batt,1
8543121544739,3541.465,batt,1
8543171578356,3861.864,batt,1
8543221543901,3861.864,batt,1
8543271509291,3861.864,batt,1
8543321517179,3861.864,batt,1
8543371568086,3861.864,batt,1
8543421620192,3437.546,batt,1
8543471512250,3437.546,batt,1
8543521567168,3437.546,batt,1
8543571588337,3437.546,batt,1
8543621520238,3437.546,batt,1
8543671542448,3655.184,batt,1
8543721542003,3655.184,batt,1
8543771572547,3655.184,batt,1
8543821518666,3655.184,batt,1
8543871422755,3655.184,batt,1
8543921572878,3998.773,batt,1
8543971580714,3998.773,batt,1
8544021538344,3998.773,batt,1
8544071547117,3998.773,batt,1
8544121549849,3998.773,batt,1
8544171597111,3791.670,batt,1
8544221609999,3791.670,batt,1
8544271666583,3791.670,batt,1
8544321551090,3791.670,batt,1
8544371542520,3791.670,batt,1
8544421591761,3637.008,batt,1
8544471551213,3637.008,batt,1
8544521647015,3637.008,batt,1
8544571547667,3637.008,batt,1
8544621616438,3628.358,batt,1
8544671634847,3626.266,batt,1
8544721567164,3626.266,batt,1
8544771542397,3626.266,batt,1
8544821558462,3626.266,batt,1
8544871561975,3523.074,batt,1
8544921573145,3523.074,batt,1
8544971498795,3523.074,batt,1
8545021506215,3523.074,batt,1
8545071654307,3523.074,batt,1
8545121500741,3674.968,batt,1
8545171688989,3674.968,batt,1
8545221495789,3674.968,batt,1
8545271485605,3674.968,batt,1
8545321554741,3674.968,batt,1
8545371555077,3578.068,batt,1
8545421603641,3578.068,batt,1
8545471525907,3578.068,batt,1
8545521530722,3578.068,batt,1
8545571588921,3578.068,batt,1
8545621591914,3962.602,batt,1
8545671508763,3962.602,batt,1
8545721580868,3962.602,batt,1
8545771530268,3962.602,batt,1
8545821599925,3962.602,batt,1
8545871515993,4008.171,batt,1
8545921551901,4008.171,batt,1
8545971564789,4008.171,batt,1
8546021515178,4008.171,batt,1
8546071650511,4008.171,batt,1
8546121568818,3740.503,batt,1
8546171549363,3740.503,batt,1
8546221547616,3740.503,batt,1
8546271593003,3740.503,batt,1
8546321544174,3740.503,batt,1
8546371522167,3583.493,batt,1
8546421620053,3583.493,batt,1
8546471565130,3583.493,batt,1
8546521584268,3583.493,batt,1
8546571532418,3583.493,batt,1
8546621538067,3901.513,batt,1
8546671546788,3901.513,batt,1
8546721565197,3901.513,batt,1
8546771546315,3901.513,batt,1
8546821561911,3901.513,batt,1
8546871517144,3584.100,batt,1
8546921634352,3584.100,batt,1
8546971557972,3584.100,batt,1
8547021600598,3584.100,batt,1
8547071662860,3584.100,batt,1
8547121524658,3339.782,batt,1
8547171561452,3339.782,batt,1
8547221599026,3339.782,batt,1
8547271506917,3339.782,batt,1
8547321503400,3339.782,batt,1
8547371487538,3753.484,batt,1
8547421558237,3753.484,batt,1
8547471513731,3753.484,batt,1
8547521608075,3753.484,batt,1
8547571532424,3753.484,batt,1
8547621546093,3760.649,batt,1
8547671589553,3760.649,batt,1
8547721522912,3760.649,batt,1
8547771544914,3760.649,batt,1
8547821551083,3760.649,batt,1
8547871569232,3501.067,batt,1
8547921576703,3501.067,batt,1
8547971516833,3501.067,batt,1
8548021540814,3501.067,batt,1
8548071583493,3501.067,batt,1
8548121533362,3241.016,batt,1
8548171536250,3241.016,batt,1
8548221589553,3241.016,batt,1
8548271615826,3241.016,batt,1
8548321526530,3241.016,batt,1
8548371530720,3457.055,batt,1
8548421493036,3457.055,batt,1
8548471566652,3457.055,batt,1
8548521566363,3457.055,batt,1
8548571500659,3457.055,batt,1
8548621573337,3617.778,batt,1
8548671510342,3617.778,batt,1
8548721553489,3617.778,batt,1
8548771639604,3617.778,batt,1
8548821542131,3617.778,batt,1
8548871552779,4024.903,batt,1
8548921543168,4024.903,batt,1
8548971571107,4024.903,batt,1
8549021561079,4024.903,batt,1
8549071534854,4024.903,batt,1
8549121525295,3361.572,batt,1
8549171488861,3361.572,batt,1
8549221537685,3361.572,batt,1
8549271635675,3361.572,batt,1
8549321689968,3361.572,batt,1
8549371542756,3969.892,batt,1
8549421520541,3969.892,batt,1
8549471513117,3969.892,batt,1
8549521531109,3969.892,batt,1
8549571498217,3969.892,batt,1
8549621598655,3414.818,batt,1
8549671524774,3414.818,batt,1
8549721548547,3414.818,batt,1
8549771584664,3414.818,batt,1
8549821554688,3414.818,batt,1
8549871560076,3533.540,batt,1
8549921604318,3533.540,batt,1
8549971526062,3533.540,batt,1
8550021533325,3533.540,batt,1
8550071542828,3533.540,batt,1
8550121560924,4087.064,batt,1
8550171601780,4087.064,batt,1
8550221566596,4087.064,batt,1
8550271600994,4087.064,batt,1
8550321532270,4087.064,batt,1
8550371488024,3521.840,batt,1
8550421590857,3521.840,batt,1
8550471528643,3521.840,batt,1
8550528773563,3521.840,batt,1
8550571624417,3521.840,batt,1
8550621497674,3739.087,batt,1
8550671552539,3739.087,batt,1
8550721523501,3739.087,batt,1
8550771622377,3739.087,batt,1
8550821528757,3739.087,batt,1
8550871564509,4303.327,batt,1
8550921591563,4303.327,batt,1
8550971502839,4303.327,batt,1
8551021539789,4303.327,batt,1
8551071584707,3383.568,batt,1
8551121553586,3381.292,batt,1
8551171735167,3381.292,batt,1
8551221494208,3381.292,batt,1
8551271572823,3381.292,batt,1
8551321502641,3397.536,batt,1
8551371542403,3397.536,batt,1
8551421566697,3397.536,batt,1
8551471539013,3397.536,batt,1
8551521550078,3397.536,batt,1
8551571519999,3865.437,batt,1
8551621505908,3865.437,batt,1
8551671512077,3865.437,batt,1
8551721520747,3865.437,batt,1
8551771572540,3865.437,batt,1
8551821622770,3573.499,batt,1
8551871583056,3573.499,batt,1
8551921560788,3573.499,batt,1
8551971538417,3573.499,batt,1
8552021567711,3573.499,batt,1
8552071515548,3763.395,batt,1
8552121553644,3763.395,batt,1
8552171562626,3763.395,batt,1
8552221537546,3763.395,batt,1
8552271540174,3763.395,batt,1
8552321621341,3154.230,batt,1
8552371538086,3154.230,batt,1
8552421601181,3154.230,batt,1
8552471526259,3154.230,batt,1
8552521545084,3154.230,batt,1
8552571593387,3845.805,batt,1
8552621503258,3845.805,batt,1
8552671572811,3845.805,batt,1
8552721604865,3845.805,batt,1
8552771543015,3845.805,batt,1
8552821626734,3701.110,batt,1
8552871525042,3701.110,batt,1
8552921586939,3701.110,batt,1
8552971525038,3701.110,batt,1
8553021623027,3701.110,batt,1
8553071541751,3755.079,batt,1
8553121544952,3755.079,batt,1
8553171521591,3755.079,batt,1
8553221526562,3755.079,batt,1
8553271555491,3755.079,batt,1
8553321551817,3924.746,batt,1
8553371542310,3924.746,batt,1
8553421543896,3924.746,batt,1
8553471543087,3924.746,batt,1
8553521541600,3924.746,batt,1
8553571551519,3619.517,batt,1
8553621539252,3619.517,batt,1
8553671596409,3619.517,batt,1
8553721505446,3619.517,batt,1
8553771548541,3619.517,batt,1
8553821517524,3514.263,batt,1
8553871531454,3514.263,batt,1
8553921507989,3514.263,batt,1
8553971526814,3514.263,batt,1
8554021530379,3514.263,batt,1
8554071598630,3702.508,batt,1
8554121598498,3702.508,batt,1
8554171562429,3702.508,batt,1
8554221516100,3702.508,batt,1
8554271604037,3702.508,batt,1
8554321516668,3492.708,batt,1
8554371673666,3492.708,batt,1
8554421544579,3492.708,batt,1
8554471532780,3492.708,batt,1
8554521527960,3492.708,batt,1
8554571485485,3717.353,batt,1
8554621535768,3717.353,batt,1
8554671592613,3717.353,batt,1
8554721570241,3717.353,batt,1
8554771484903,3717.353,batt,1
8554821555133,4090.553,batt,1
8554871534636,4090.553,batt,1
8554921592263,4090.553,batt,1
8554971569735,4090.553,batt,1
8555021569967,4090.553,batt,1
8555071510826,3579.474,batt,1
8555121519131,3579.474,batt,1
8555171616183,3579.474,batt,1
8555221531990,3579.474,batt,1
8555271623470,3579.474,batt,1
8555321556776,4010.384,batt,1
8555371531124,4010.384,batt,1
8555421548074,4010.384,batt,1
8555471570076,4010.384,batt,1
8555521710773,4010.384,batt,1
8555571508563,3714.520,batt,1
8555621525878,3714.520,batt,1
8555671545172,3714.520,batt,1
8555721569153,3714.520,batt,1
8555771577510,3714.520,batt,1
8555821522848,3590.596,batt,1
8555871536986,3590.596,batt,1
8555921510083,3590.596,batt,1
8555971583230,3590.596,batt,1
8556021556588,3590.596,batt,1
8556071574632,3545.730,batt,1
8556121481585,3545.730,batt,1
8556171596814,3545.730,batt,1
8556221546631,3545.730,batt,1
8556271619152,3545.730,batt,1
8556321556001,4062.130,batt,1
8556371596909,4062.130,batt,1
8556421617765,4062.130,batt,1
8556471523312,4062.130,batt,1
8556521566252,4062.130,batt,1
8556571597160,3351.907,batt,1
8556621532810,3351.907,batt,1
8556671516428,3351.907,batt,1
8556721513431,3351.907,batt,1
8556771609494,3351.907,batt,1
8556821556342,3962.317,batt,1
8556871632353,3962.317,batt,1
8556921523266,3962.317,batt,1
8556971541778,3962.317,batt,1
8557021565656,3962.317,batt,1
8557071525003,3987.913,batt,1
8557121534871,3987.913,batt,1
8557171533853,3987.913,batt,1
8557221482576,3987.913,batt,1
8557271649418,3462.209,batt,1
8557321526789,3457.887,batt,1
8557371673266,3457.887,batt,1
8557421510066,3457.887,batt,1
8557471536859,3457.887,batt,1
8557521580840,3578.380,batt,1
8557571546490,3578.380,batt,1
8557621522608,3578.380,batt,1
8557671527996,3578.380,batt,1
8557721585206,3578.380,batt,1
8557771543616,4056.016,batt,1
8557821669313,4056.016,batt,1
8557871555851,4056.016,batt,1
8557921539260,4056.016,batt,1
8557971550430,4056.016,batt,1
8558021661440,4017.951,batt,1
8558071516207,4017.951,batt,1
8558121613259,4017.951,batt,1
8558171549952,4017.951,batt,1
8558221613932,4017.951,batt,1
8558271592289,3852.414,batt,1
8558321529554,3852.414,batt,1
8558371521922,3852.414,batt,1
8558421536425,3852.414,batt,1
8558471536657,3852.414,batt,1
8558521611053,3835.876,batt,1
8558571526652,3835.876,batt,1
8558621516572,3835.876,batt,1
8558671533314,3835.876,batt,1
8558721531359,3835.876,batt,1
8558771507529,4005.588,batt,1
8558821739994,4005.588,batt,1
8558871527628,4005.588,batt,1
8558925278065,4005.588,batt,1
8558971508613,4005.588,batt,1
8559021581968,3809.839,batt,1
8559071558972,3809.839,batt,1
8559121573422,3809.839,batt,1
8559171513500,3809.839,batt,1
8559221524252,3809.839,batt,1
8559271719271,3609.882,batt,1
8559321500759,3609.882,batt,1
8559371566145,3609.882,batt,1
8559421556221,3609.882,batt,1
8559471555256,3609.882,batt,1
8559521561737,3216.505,batt,1
8559571567542,3216.505,batt,1
8559621546317,3216.505,batt,1
8559671577589,3216.505,batt,1
8559721525375,3216.505,batt,1
8559771533628,3476.483,batt,1
8559821586775,3476.483,batt,1
8559871564924,3476.483,batt,1
8559921906501,3476.483,batt,1
8559971502682,3476.483,batt,1
8560021595411,3570.062,batt,1
8560071584341,3570.062,batt,1
8560121553272,3570.062,batt,1
8560171544442,3570.062,batt,1
8560221508477,3570.062,batt,1
8560271547354,3614.050,batt,1
8560321668572,3614.050,batt,1
8560371541985,3614.050,batt,1
8560421527999,3614.050,batt,1
8560471537918,3614.050,batt,1
8560521521484,3613.683,batt,1
8560571641035,3613.683,batt,1
8560621551426,3613.683,batt,1
8560671572387,3613.683,batt,1
8560721599129,3613.683,batt,1
8560771510092,3783.651,batt,1
8560821602405,3783.651,batt,1
8560871507119,3783.651,batt,1
8560921565318,3783.651,batt,1
8560971538936,3783.651,batt,1
8561021667290,3664.190,batt,1
8561071527995,3664.190,batt,1
8561121561924,3664.190,batt,1
8561171636893,3664.190,batt,1
8561221581762,3664.190,batt,1
8561271635586,3783.852,batt,1
8561321593320,3783.852,batt,1
8561371498867,3783.852,batt,1
8561421543733,3783.852,batt,1
8561471572766,3783.852,batt,1
8561521639090,3865.624,batt,1
8561571560262,3865.624,batt,1
8561621525495,3865.624,batt,1
8561671501978,3865.624,batt,1
8561721542521,3865.624,batt,1
8561771556867,3520.606,batt,1
8561821572412,3520.606,batt,1
8561871546290,3520.606,batt,1
8561921589281,3520.606,batt,1
8561971545296,3520.606,batt,1
8562021583652,3592.666,batt,1
8562071527844,3592.666,batt,1
8562121556773,3592.666,batt,1
8562171538464,3592.666,batt,1
8562221533384,3592.666,batt,1
8562271587937,3198.466,batt,1
8562321527754,3198.466,batt,1
8562371583245,3198.466,batt,1
8562421579779,3198.466,batt,1
8562471531159,3198.466,batt,1
8562521537692,3593.529,batt,1
8562571515842,3593.529,batt,1
8562621613102,3593.529,batt,1
8562671541878,3593.529,batt,1
8562721617837,3593.529,batt,1
8562771604215,3919.339,batt,1
8562821537991,3919.339,batt,1
8562871611919,3919.339,batt,1
8562921522831,3919.339,batt,1
8562971547229,3919.339,batt,1
8563021593866,3518.422,batt,1
8563071562328,3518.422,batt,1
8563121616360,3518.422,batt,1
8563171544355,3518.422,batt,1
8563221515942,3518.422,batt,1
8563271550600,3729.910,batt,1
8563321580467,3729.910,batt,1
8563371588667,3729.910,batt,1
8563421555567,3729.910,batt,1
8563471530852,3446.704,batt,1
8563521588790,3441.241,batt,1
8563571546420,3441.241,batt,1
8563621587432,3441.241,batt,1
8563671549175,3441.241,batt,1
8563721508211,3236.861,batt,1
8563771522348,3236.861,batt,1
8563821712940,3236.861,batt,1
8563871559218,3236.861,batt,1
8563921531742,3236.861,batt,1
8563971571973,4158.159,batt,1
8564021585746,4158.159,batt,1
8564071606603,4158.159,batt,1
8564121548451,4158.159,batt,1
8564171564620,4158.159,batt,1
8564221592508,3789.455,batt,1
8564271543991,3789.455,batt,1
8564321549015,3789.455,batt,1
8564371532268,3789.455,batt,1
8564421603800,3789.455,batt,1
8564471538253,3695.102,batt,1
8564521574578,3695.102,batt,1
8564571590851,3695.102,batt,1
8564621581500,3695.102,batt,1
8564671625741,3695.102,batt,1
8564721505612,4149.187,batt,1
8564771501417,4149.187,batt,1
8564821595032,4149.187,batt,1
8564871557713,4149.187,batt,1
8564921546799,4149.187,batt,1
8564971558125,3863.284,batt,1
8565021521796,3863.284,batt,1
8565071575255,3863.284,batt,1
8565121565748,3863.284,batt,1
8565171592333,3863.284,batt,1
8565225449121,3497.084,batt,1
8565271545247,3497.084,batt,1
8565321805628,3497.084,batt,1
8565371550190,3497.084,batt,1
8565421549953,3497.084,batt,1
8565471601382,3981.418,batt,1
8565521610832,3981.418,batt,1
8565571627887,3981.418,batt,1
8565621553902,3981.418,batt,1
8565671524656,3981.418,batt,1
8565721548012,3590.820,batt,1
8565771520381,3590.820,batt,1
8565821564778,3590.820,batt,1
8565871600217,3590.820,batt,1
8565921502640,3590.820,batt,1
8565971543443,3574.841,batt,1
8566021561019,3574.841,batt,1
8566071629426,3574.841,batt,1
8566121631377,3574.841,batt,1
8566171533539,3574.841,batt,1
8566221648090,3880.999,batt,1
8566276801247,3880.999,batt,1
8566321491476,3880.999,batt,1
8566371522592,3880.999,batt,1
8566421509231,3880.999,batt,1
8566471626491,4232.252,batt,1
8566521525684,4232.252,batt,1
8566571542686,4232.252,batt,1
8566621581147,4232.252,batt,1
8566671512787,4232.252,batt,1
8566721572184,3720.166,batt,1
8566771544552,3720.166,batt,1
8566821548586,3720.166,batt,1
8566871554912,3720.166,batt,1
8566921580247,3720.166,batt,1
8566971569542,3986.727,batt,1
8567021578420,3986.727,batt,1
8567071537872,3986.727,batt,1
8567121582321,3986.727,batt,1
8567171566095,3986.727,batt,1
8567221492163,3397.863,batt,1
8567271505780,3397.863,batt,1
8567321708506,3397.863,batt,1
8567371595825,3397.863,batt,1
8567421603088,3397.863,batt,1
8567471579727,3526.899,batt,1
8567521511576,3526.899,batt,1
8567571536755,3526.899,batt,1
8567621527612,3526.899,batt,1
8567671578259,3526.899,batt,1
8567721571512,4174.592,batt,1
8567771565859,4174.592,batt,1
8567821529946,4174.592,batt,1
8567871509710,4174.592,batt,1
8567921594263,4174.592,batt,1
8567971585329,3640.911,batt,1
8568021576134,3640.911,batt,1
8568071570481,3640.911,batt,1
8568121619253,3640.911,batt,1
8568171596725,3640.911,batt,1
8568221554354,3177.505,batt,1
8568271619741,3177.505,batt,1
8568321581797,3177.505,batt,1
8568371530051,3177.505,batt,1
8568421588771,3177.505,batt,1
8568471607180,3788.487,batt,1
8568521568455,3788.487,batt,1
8568571536812,3788.487,batt,1
8568621739851,3788.487,batt,1
8568671530298,3788.487,batt,1
8568721508759,3478.554,batt,1
8568771559355,3478.554,batt,1
8568821550837,3478.554,batt,1
8568871527632,3478.554,batt,1
8568921549843,3478.554,batt,1
8568971587470,3675.849,batt,1
8569021535880,3675.849,batt,1
8569071536998,3675.849,batt,1
8569121559052,3675.849,batt,1
8569171581523,3675.849,batt,1
8569221609775,3506.517,batt,1
8569271599174,3506.517,batt,1
8569321557272,3506.517,batt,1
8569371588597,3506.517,batt,1
8569421517425,3506.517,batt,1
8569471510782,3482.134,batt,1
8569521595022,3482.134,batt,1
8569571517808,3482.134,batt,1
8569621716941,3482.134,batt,1
8569671512387,3757.787,batt,1
8569721493713,3757.065,batt,1
8569771594932,3757.065,batt,1
8569821546311,3757.065,batt,1
8569871526075,3757.065,batt,1
8569921641877,3630.322,batt,1
8569971532737,3630.322,batt,1
8570021512709,3630.322,batt,1
8570071531274,3630.322,batt,1
8570121533642,3630.322,batt,1
8570171560540,4194.134,batt,1
8570221551814,4194.134,batt,1
8570271527098,4194.134,batt,1
8570321596495,4194.134,batt,1
8570371549229,4194.134,batt,1
8570421491493,3416.461,batt,1
8570471532141,3416.461,batt,1
8570521602111,3416.461,batt,1
8570571525262,3416.461,batt,1
8570621586534,3416.461,batt,1
8570671520986,4316.303,batt,1
8570721521322,4316.303,batt,1
8570771565564,4316.303,batt,1
8570821506162,4316.303,batt,1
8570871566340,4316.303,batt,1
8570921574645,4339.565,batt,1
8570971577377,4339.565,batt,1
8571021611983,4339.565,batt,1
8571071551227,4339.565,batt,1
8571121540835,4339.565,batt,1
8571171532994,3726.901,batt,1
8571221560152,3726.901,batt,1
8571271546635,3726.901,batt,1
8571321520097,3726.901,batt,1
8571371501163,3726.901,batt,1
8571421555508,3455.799,batt,1
8571471567875,3455.799,batt,1
8571521557326,3455.799,batt,1
8571571543913,3455.799,batt,1
8571621628986,3455.799,batt,1
8571671544116,3939.016,batt,1
8571721585962,3939.016,batt,1
8571771578798,3939.016,batt,1
8571821524552,3939.016,batt,1
8571871545565,3939.016,batt,1
8571921618399,3537.419,batt,1
8571971580039,3537.419,batt,1
8572021588916,3537.419,batt,1
8572071570920,3537.419,batt,1
8572121625577,3537.419,batt,1
8572171563780,3237.595,batt,1
8572221525315,3237.595,batt,1
8572271708979,3237.595,batt,1
8572321588746,3237.595,batt,1
8572371634758,3237.595,batt,1
8572421614626,3603.098,batt,1
8572471549600,3603.098,batt,1
8572521549728,3603.098,batt,1
8572571572667,3603.098,batt,1
8572621501235,3603.098,batt,1
8572671549955,4167.374,batt,1
8572721511438,4167.374,batt,1
8572771547138,4167.374,batt,1
8572821588306,4167.374,batt,1
8572871552966,4167.374,batt,1
8572921620072,3704.288,batt,1
8572971596867,3704.288,batt,1
8573021512830,3704.288,batt,1
8573071558478,3704.288,batt,1
8573121572564,3704.288,batt,1
8573171550557,3630.989,batt,1
8573221605006,3630.989,batt,1
8573271548990,3630.989,batt,1
8573321583960,3630.989,batt,1
8573371576224,3630.989,batt,1
8573421535415,3261.374,batt,1
8573471647311,3261.374,batt,1
8573521519213,3261.374,batt,1
8573571493509,3261.374,batt,1
8573621634934,3261.374,batt,1
8573671532253,3500.174,batt,1
8573721515194,3500.174,batt,1
8573771525321,3500.174,batt,1
8573821692163,3500.174,batt,1
8573871564951,3500.174,batt,1
8573921526278,3964.582,batt,1
8573971652860,3964.582,batt,1
8574021553095,3964.582,batt,1
8574071541817,3964.582,batt,1
8574121550382,3964.582,batt,1
8574171517959,3584.934,batt,1
8574221549597,3584.934,batt,1
8574271523944,3584.934,batt,1
8574321546102,3584.934,batt,1
8574371635967,3584.934,batt,1
8574421546931,3871.797,batt,1
8574471595495,3871.797,batt,1
8574521556614,3871.797,batt,1
8574571582210,3871.797,batt,1
8574621580306,3871.797,batt,1
8574671535852,4266.224,batt,1
8574721534470,4266.224,batt,1
8574771544441,4266.224,batt,1
8574821594411,4266.224,batt,1
8574871540270,4266.224,batt,1
8574921533210,2390.176,batt,1
8574971575837,2390.176,batt,1
8575021529560,2390.176,batt,1
8575071534688,2390.176,batt,1
8575121591272,2390.176,batt,1
8575171546714,3955.375,batt,1
8575221555956,3955.375,batt,1
8575271520981,3955.375,batt,1
8575321622616,3955.375,batt,1
8575371565923,3955.375,batt,1
8575421592248,4388.599,batt,1
8575471544721,4388.599,batt,1
8575521600889,4388.599,batt,1
8575571568882,4388.599,batt,1
8575621571614,4388.599,batt,1
8575671494765,3331.846,batt,1
8575721484477,3331.846,batt,1
8575771600695,3331.846,batt,1
8575821525096,3331.846,batt,1
8575871622929,3507.643,batt,1
8575921523216,3507.643,batt,1
8575971530792,3507.643,batt,1
8576021531493,3507.643,batt,1
8576071615837,3507.643,batt,1
8576121569143,4043.799,batt,1
8576171518491,4043.799,batt,1
8576221812204,4043.799,batt,1
8576271507706,4043.799,batt,1
8576321562051,4043.799,batt,1
8576371571814,3441.738,batt,1
8576421568244,3441.738,batt,1
8576471532852,3441.738,batt,1
8576521524282,3441.738,batt,1
8576571535347,3441.738,batt,1
8576621594692,3538.743,batt,1
8576671537999,3538.743,batt,1
8576721670310,3538.743,batt,1
8576771547421,3538.743,batt,1
8576821580517,3538.743,batt,1
8576871545645,3882.910,batt,1
8576921516555,3882.910,batt,1
8576971574963,3882.910,batt,1
8577021593319,3882.910,batt,1
8577071546053,3882.910,batt,1
8577121512380,3833.763,batt,1
8577171581724,3833.763,batt,1
8577221632163,3833.763,batt,1
8577271542189,3833.763,batt,1
8577321674397,3833.763,batt,1
8577371510259,3711.540,batt,1
8577421519032,3711.540,batt,1
8577471535878,3711.540,batt,1
8577521586630,3711.540,batt,1
8577571497021,3711.540,batt,1
8577621525845,3129.797,batt,1
8577671505766,3129.797,batt,1
8577721522664,3129.797,batt,1
8577771542843,3129.797,batt,1
8577821562033,3129.797,batt,1
8577871526277,3958.892,batt,1
8577921614683,3958.892,batt,1
8577971558354,3958.892,batt,1
8578021579419,3958.892,batt,1
8578071542933,3958.892,batt,1
8578121573321,3628.693,batt,1
8578171534648,3628.693,batt,1
8578221580972,3628.693,batt,1
8578271591308,3628.693,batt,1
8578321593988,3628.693,batt,1
8578371515524,4126.440,batt,1
8578421631326,4126.440,batt,1
8578471539894,4126.440,batt,1
8578521576063,4126.440,batt,1
8578571510932,4126.440,batt,1
8578621548767,3425.191,batt,1
8578671526969,3425.191,batt,1
8578721583709,3425.191,batt,1
8578771532276,3425.191,batt,1
8578821533706,3425.191,batt,1
8578871588832,3543.726,batt,1
8578921566253,3543.726,batt,1
8578971503414,3543.726,batt,1
8579021546405,3543.726,batt,1
8579071735746,3543.726,batt,1
8579121553379,3688.005,batt,1
8579171538976,3688.005,batt,1
8579221555249,3688.005,batt,1
8579271578241,3688.005,batt,1
8579321621180,3688.005,batt,1
8579371533186,3699.155,batt,1
8579421581854,3699.155,batt,1
8579471567399,3699.155,batt,1
8579521671118,3699.155,batt,1
8579571524271,3699.155,batt,1
8579621587938,3525.203,batt,1
8579671521089,3525.203,batt,1
8579721500124,3525.203,batt,1
8579771517543,3525.203,batt,1
8579821609960,3525.203,batt,1
8579871531131,3312.021,batt,1
8579921577873,3312.021,batt,1
8579971549251,3312.021,batt,1
8580021509224,3312.021,batt,1
8580071534560,3312.021,batt,1
8580121565364,3842.893,batt,1
8580171534242,3842.893,batt,1
8580221565099,3842.893,batt,1
8580271561581,3842.893,batt,1
8580321577906,3842.893,batt,1
8580371601627,3584.526,batt,1
8580421518268,3584.526,batt,1
8580471580998,3584.526,batt,1
8580521588574,3584.526,batt,1
8580571561775,3584.526,batt,1
8580621532737,3284.970,batt,1
8580671523022,3284.970,batt,1
8580721581273,3284.970,batt,1
8580771558328,3284.970,batt,1
8580821579081,3284.970,batt,1
8580871641498,3663.492,batt,1
8580921541838,3663.492,batt,1
8580971509310,3663.492,batt,1
8581021622612,3663.492,batt,1
8581071565710,3663.492,batt,1
8581121539276,3498.319,batt,1
8581171528832,3498.319,batt,1
8581221522345,3498.319,batt,1
8581271549035,3498.319,batt,1
8581321569891,3498.319,batt,1
8581371601008,3763.359,batt,1
8581421617333,3763.359,batt,1
8581471589701,3763.359,batt,1
8581521489832,3763.359,batt,1
8581571565218,3763.359,batt,1
8581621561492,3765.260,batt,1
8581671545474,3765.260,batt,1
8581721558050,3765.260,batt,1
8581771527189,3765.260,batt,1
8581821573097,3765.260,batt,1
8581871560569,3575.046,batt,1
8581921540437,3575.046,batt,1
8581971578272,3575.046,batt,1
8582021517985,3575.046,batt,1
8582071543477,3947.008,batt,1
8582121611624,3947.578,batt,1
8582171533316,3947.578,batt,1
8582221536725,3947.578,batt,1
8582271694869,3947.578,batt,1
8582321551043,4068.432,batt,1
8582371684553,4068.432,batt,1
8582421560153,4068.432,batt,1
8582471562051,4068.432,batt,1
8582521568690,4068.432,batt,1
8582571624962,3512.245,batt,1
8582621544311,3512.245,batt,1
8582671550376,3512.245,batt,1
8582721629408,3512.245,batt,1
8582771500529,3512.245,batt,1
8582821578155,3824.488,batt,1
8582871584011,3824.488,batt,1
8582921537682,3824.488,batt,1
8582971542862,3824.488,batt,1
8583021487835,3824.488,batt,1
8583071541035,3894.421,batt,1
8583121517517,3894.421,batt,1
8583171599726,3894.421,batt,1
8583221542147,3894.421,batt,1
8583271540140,3894.421,batt,1
8583321538080,3618.648,batt,1
8583371559926,3618.648,batt,1
8583421552450,3618.648,batt,1
8583471704293,3618.648,batt,1
8583521500885,3618.648,batt,1
8583571505179,3552.291,batt,1
8583621546764,3552.291,batt,1
8583671524861,3552.291,batt,1
8583721528010,3552.291,batt,1
8583771523659,3552.291,batt,1
8583821530089,4177.865,batt,1
8583871657609,4177.865,batt,1
8583921629300,4177.865,batt,1
8583971464432,4177.865,batt,1
8584021579713,4177.865,batt,1
8584071524009,3454.492,batt,1
8584121609760,3454.492,batt,1
8584171513224,3454.492,batt,1
8584221557205,3454.492,batt,1
8584271573842,3454.492,batt,1
8584321546679,3812.402,batt,1
8584371544099,3812.402,batt,1
8584421540946,3812.402,batt,1
8584471695496,3812.402,batt,1
8584521582190,3812.402,batt,1
8584571526486,4012.739,batt,1
8584621595466,4012.739,batt,1
8584671582053,4012.739,batt,1
8584721569108,4012.739,batt,1
8584771558403,4012.739,batt,1
8584821609675,3653.417,batt,1
8584871550065,3653.417,batt,1
8584921613785,3653.417,batt,1
8584971521051,3653.417,batt,1
8585021580448,3653.417,batt,1
8585071565108,3691.924,batt,1
8585121552267,3691.924,batt,1
8585171544999,3691.924,batt,1
8585221586637,3691.924,batt,1
8585271570098,3691.924,batt,1
8585321570278,4294.467,batt,1
8585371493377,4294.467,batt,1
8585421559284,4294.467,batt,1
8585471545663,4294.467,batt,1
8585521592247,4294.467,batt,1
8585571576230,3425.685,batt,1
8585621548494,3425.685,batt,1
8585671585235,3425.685,batt,1
8585721572030,3425.685,batt,1
8585771575075,3425.685,batt,1
8585821559943,3310.993,batt,1
8585871554029,3310.993,batt,1
8585921518950,3310.993,batt,1
8585971605638,3310.993,batt,1
8586021586495,3310.993,batt,1
8586071550791,4465.169,batt,1
8586121544513,4465.169,batt,1
8586171579900,4465.169,batt,1
8586221575809,4465.169,batt,1
8586271563958,4465.169,batt,1
8586321571169,3631.033,batt,1
8586371584370,3631.033,batt,1
8586421546686,3631.033,batt,1
8586471501451,3631.033,batt,1
8586521693552,3631.033,batt,1
8586571449729,3502.582,batt,1
8586621553864,3502.582,batt,1
8586671571283,3502.582,batt,1
8586721568338,3502.582,batt,1
8586771622215,3502.582,batt,1
8586821552605,3660.849,batt,1
8586871531431,3660.849,batt,1
8586921566141,3660.849,batt,1
8586971573561,3660.849,batt,1
8587021496191,3660.849,batt,1
8587071526474,3518.710,batt,1
8587121549987,3518.710,batt,1
8587171549958,3518.710,batt,1
8587221583940,3518.710,batt,1
8587271526413,3518.710,batt,1
8587321652422,3700.028,batt,1
8587371596771,3700.028,batt,1
8587421499297,3700.028,batt,1
8587471541507,3700.028,batt,1
8587521531219,3700.028,batt,1
8587571551554,3827.955,batt,1
8587621528558,3827.955,batt,1
8587671598528,3827.955,batt,1
8587721556157,3827.955,batt,1
8587771513057,3827.955,batt,1
8587821616932,3625.729,batt,1
8587871542270,3625.729,batt,1
8587921547918,3625.729,batt,1
8587971610597,3625.729,batt,1
8588021543903,3625.729,batt,1
8588071593197,3719.125,batt,1
8588121542128,3719.125,batt,1
8588171518819,3719.125,batt,1
8588221525457,3719.125,batt,1
8588271574438,3709.235,batt,1
8588321556389,3701.038,batt,1
8588371551309,3701.038,batt,1
8588421552583,3701.038,batt,1
8588471565471,3701.038,batt,1
8588521598202,3605.227,batt,1
8588571569893,3605.227,batt,1
8588621536063,3605.227,batt,1
8588671545618,3605.227,batt,1
8588721547829,3605.227,batt,1
8588771526551,3569.381,batt,1
8588821531523,3569.381,batt,1
8588871527380,3569.381,batt,1
8588921610266,3569.381,batt,1
8588971593259,3569.381,batt,1
8589021569638,4142.738,batt,1
8589071541225,4142.738,batt,1
8589121504374,4142.738,batt,1
8589171699340,4142.738,batt,1
8589221557285,4142.738,batt,1
8589271542413,3477.717,batt,1
8589321616029,3477.717,batt,1
8589371583501,3477.717,batt,1
8589421515037,3477.717,batt,1
8589471515998,3477.717,batt,1
8589521518314,3698.297,batt,1
8589571558024,3698.297,batt,1
8589621655336,3698.297,batt,1
8589671556769,3698.297,batt,1
8589721532835,3698.297,batt,1
8589771588639,3634.700,batt,1
8589821530070,3634.700,batt,1
8589871514469,3634.700,batt,1
8589921596418,3634.700,batt,1
8589971599567,3634.700,batt,1
8590021613600,3723.320,batt,1
8590071582167,3723.320,batt,1
8590121619950,3723.320,batt,1
8590171535184,3723.320,batt,1
8590221599998,3723.320,batt,1
8590271521169,3535.794,batt,1
8590321586035,3535.794,batt,1
8590371672358,3535.794,batt,1
8590421471971,3535.794,batt,1
8590471549128,3535.794,batt,1
8590521547798,3680.074,batt,1
8590571568237,3680.074,batt,1
8590621568938,3680.074,batt,1
8590671552244,3680.074,batt,1
8590721564142,3680.074,batt,1
8590771560416,3990.539,batt,1
8590821582418,3990.539,batt,1
8590871507132,3990.539,batt,1
8590921644599,3990.539,batt,1
8590971496242,3990.539,batt,1
8591021538139,3607.350,batt,1
8591071551027,3607.350,batt,1
8591121547822,3607.350,batt,1
8591171501857,3607.350,batt,1
8591221577243,3607.350,batt,1
8591271536852,3738.323,batt,1
8591321565000,3738.323,batt,1
8591371559607,3738.323,batt,1
8591421637389,3738.323,batt,1
8591471508197,3738.323,batt,1
8591521585979,3283.480,batt,1
8591571557045,3283.480,batt,1
8591621582016,3283.480,batt,1
8591671562978,3283.480,batt,1
8591721662270,3283.480,batt,1
8591771636617,3456.390,batt,1
8591821515967,3456.390,batt,1
8591871514533,3456.390,batt,1
8591921673875,3456.390,batt,1
8591971525205,3456.390,batt,1
8592021544551,3325.726,batt,1
8592071535148,3325.726,batt,1
8592121619440,3325.726,batt,1
8592171536289,3325.726,batt,1
8592221623237,3325.726,batt,1
8592271544878,4087.319,batt,1
8592321545995,4087.319,batt,1
8592371523624,4087.319,batt,1
8592421595729,4087.319,batt,1
8592471505599,4087.319,batt,1
8592521571246,4037.805,batt,1
8592571528094,4037.805,batt,1
8592621516868,4037.805,batt,1
8592671554494,4037.805,batt,1
8592721614308,4037.805,batt,1
8592771525584,3691.906,batt,1
8592821620345,3691.906,batt,1
8592871581203,3691.906,batt,1
8592921516906,3691.906,batt,1
8592971557293,3691.906,batt,1
8593021603357,3686.603,batt,1
8593071587704,3686.603,batt,1
8593121592103,3686.603,batt,1
8593171577283,3686.603,batt,1
8593221513663,3686.603,batt,1
8593271535873,3458.148,batt,1
8593321716361,3458.148,batt,1
8593371503786,3458.148,batt,1
8593421515528,3458.148,batt,1
8593471583050,3458.148,batt,1
8593521570574,3848.889,batt,1
8593571562942,3848.889,batt,1
8593621709941,3848.889,batt,1
8593671537469,3848.889,batt,1
8593721603168,3848.889,batt,1
8593771507413,3783.669,batt,1
8593821570092,3783.669,batt,1
8593871550012,3783.669,batt,1
8593921568472,3783.669,batt,1
8593971651254,3783.669,batt,1
8594021529094,3502.812,batt,1
8594071497504,3502.812,batt,1
8594121534037,3502.812,batt,1
8594171603069,3502.812,batt,1
8594221547417,3502.812,batt,1
8594271523379,3494.505,batt,1
8594321680899,3494.505,batt,1
8594371596185,3494.505,batt,1
8594421573241,3494.505,batt,1
8594471566390,3798.267,batt,1
8594521670265,3803.382,batt,1
8594571498679,3803.382,batt,1
8594621628855,3803.382,batt,1
8594671600129,3803.382,batt,1
8594721603799,3492.813,batt,1
8594771492367,3492.813,batt,1
8594821592128,3492.813,batt,1
8594871545122,3492.813,batt,1
8594921564832,3492.813,batt,1
8594971585220,3759.023,batt,1
8595021583265,3759.023,batt,1
8595071542821,3759.023,batt,1
8595121626280,3759.023,batt,1
8595171559795,3759.023,batt,1
8595221527528,3624.509,batt,1
8595271589946,3624.509,batt,1
8595321536169,3624.509,batt,1
8595371594785,3624.509,batt,1
8595421623662,3624.509,batt,1
8595471542229,3755.982,batt,1
8595521615220,3755.982,batt,1
8595571563578,3755.982,batt,1
8595621568550,3755.982,batt,1
8595671556699,3755.982,batt,1
8595721595471,3724.263,batt,1
8595771591901,3724.263,batt,1
8595821613591,3724.263,batt,1
8595871516847,3724.263,batt,1
8595921544578,3724.263,batt,1
8595971619704,3572.232,batt,1
8596021530824,3572.232,batt,1
8596071548920,3572.232,batt,1
8596121506705,3572.232,batt,1
8596171548759,3572.232,batt,1
8596221563418,3985.528,batt,1
8596271584274,3985.528,batt,1
8596321693982,3985.528,batt,1
8596371515313,3985.528,batt,1
8596421520858,3985.528,batt,1
8596471590411,4204.352,batt,1
8596521533457,4204.352,batt,1
8596571555876,4204.352,batt,1
8596621532098,4204.352,batt,1
8596671517122,4204.352,batt,1
8596721554280,3515.546,batt,1
8596771652114,3515.546,batt,1
8596821571202,3515.546,batt,1
8596871606642,3515.546,batt,1
8596921593489,3515.546,batt,1
8596971556274,3614.919,batt,1
8597021533277,3614.919,batt,1
8597071545176,3614.919,batt,1
8597121566136,3614.919,batt,1
8597171594493,3614.919,batt,1
8597221544726,3486.701,batt,1
8597271540062,3486.701,batt,1
8597321533836,3486.701,batt,1
8597371621878,3486.701,batt,1
8597421528832,3486.701,batt,1
8597471558855,3703.898,batt,1
8597521567472,3703.898,batt,1
8597571585620,3703.898,batt,1
8597621534968,3703.898,batt,1
8597671603896,3703.898,batt,1
8597721548036,4007.430,batt,1
8597771545195,4007.430,batt,1
8597821584801,4007.430,batt,1
8597871543368,4007.430,batt,1
8597921546777,4007.430,batt,1
8597971658568,3556.893,batt,1
8598021529221,3556.893,batt,1
8598071606430,3556.893,batt,1
8598121561350,3556.893,batt,1
8598171547572,3556.893,batt,1
8598221580616,3952.237,batt,1
8598271526110,3952.237,batt,1
8598321586861,3952.237,batt,1
8598371536574,3952.237,batt,1
8598421660604,3952.237,batt,1
8598471501622,3630.365,batt,1
8598521506281,3630.365,batt,1
8598571539742,3630.365,batt,1
8598621627211,3630.365,batt,1
8598671525571,3630.365,batt,1
8598721522417,3816.297,batt,1
8598771659312,3816.297,batt,1
8598821550902,3816.297,batt,1
8598871537384,3816.297,batt,1
8598921616989,3816.297,batt,1
8598971542535,4110.872,batt,1
8599021578131,4110.872,batt,1
8599071557166,4110.872,batt,1
8599121597032,4110.872,batt,1
8599171540026,4110.872,batt,1
8599221540362,3620.561,batt,1
8599271530439,3620.561,batt,1
8599321488120,3620.561,batt,1
8599371580120,3620.561,batt,1
8599421616497,3620.561,batt,1
8599471595896,3547.859,batt,1
8599521531703,3547.859,batt,1
8599571570163,3547.859,batt,1
8599621531438,3547.859,batt,1
8599671535680,3547.859,batt,1
8599721670231,3890.839,batt,1
8599771561769,3890.839,batt,1
8599821541428,3890.839,batt,1
8599871582440,3890.839,batt,1
8599921580537,3890.839,batt,1
8599971571811,3415.475,batt,1
8600021594386,3415.475,batt,1
8600071560765,3415.475,batt,1
8600121557872,3415.475,batt,1
8600171562896,3415.475,batt,1
8600221611043,3372.032,batt,1
8600271533465,3372.032,batt,1
8600321529218,3372.032,batt,1
8600371542731,3372.032,batt,1
8600421567545,3372.032,batt,1
8600471596631,4167.574,batt,1
8600521576603,4167.574,batt,1
8600571584856,4167.574,batt,1
8600621544829,4167.574,batt,1
8600671542769,3591.255,batt,1
8600721581906,3591.255,batt,1
8600771516359,3591.255,batt,1
8600821782677,3591.255,batt,1
8600871590831,3591.255,batt,1
8600921538409,3666.142,batt,1
8600971655304,3666.142,batt,1
8601021586944,3666.142,batt,1
8601071516397,3666.142,batt,1
8601121599127,3666.142,batt,1
8601171589776,4254.695,batt,1
8601221609226,4254.695,batt,1
8601271554772,4254.695,batt,1
8601321545577,4254.695,batt,1
8601371577683,4254.695,batt,1
8601421512084,3782.943,batt,1
8601471581949,3782.943,batt,1
8601521510361,3782.943,batt,1
8601571658713,3782.943,batt,1
8601621611134,3782.943,batt,1
8601671575742,3458.697,batt,1
8601721548006,3458.697,batt,1
8601771537145,3458.697,batt,1
8601821590813,3458.697,batt,1
8601871602920,3458.697,batt,1
8601921586642,4074.549,batt,1
8601971533646,4074.549,batt,1
8602021513983,4074.549,batt,1
8602071532548,4074.549,batt,1
8602121561894,4074.549,batt,1
8602171515773,3587.803,batt,1
8602221539077,3587.803,batt,1
8602271574204,3587.803,batt,1
8602321624643,3587.803,batt,1
8602371577533,3587.803,batt,1
8602421549120,3513.596,batt,1
8602471561539,3513.596,batt,1
8602521572552,3513.596,batt,1
8602571557472,3513.596,batt,1
8602621572287,3513.596,batt,1
8602671569811,4322.909,batt,1
8602721529783,4322.909,batt,1
8602771515641,4322.909,batt,1
8602821499363,4322.909,batt,1
8602871590113,4322.909,batt,1
8602921598470,3044.398,batt,1
8602971468706,3044.398,batt,1
8603021492166,3044.398,batt,1
8603071517033,3044.398,batt,1
