t_mono_ns,power_mW,src,valid
8605448249256,1724.694,batt,1
8605498262977,1724.694,batt,1
8605548286386,1724.694,batt,1
8605598312555,1724.694,batt,1
8605648303412,1643.347,batt,1
8605698369111,1643.347,batt,1
8605748248930,1643.347,batt,1
8605798249370,1643.347,batt,1
8605848247883,1643.347,batt,1
8605898252074,1302.118,batt,1
8605948248504,1302.118,batt,1
8605998339618,1302.118,batt,1
8606048299018,1302.118,batt,1
8606098295813,1302.118,batt,1
8606148289326,1235.980,batt,1
8606198282267,1235.980,batt,1
8606248282135,1235.980,batt,1
8606298279971,1235.980,batt,1
8606348285828,1235.980,batt,1
8606398259915,1189.164,batt,1
8606448338738,1189.164,batt,1
8606498262306,1189.164,batt,1
8606548315245,1189.164,batt,1
8606598281311,1189.164,batt,1
8606648283470,683.327,batt,1
8606698281306,683.327,batt,1
8606748282945,683.327,batt,1
8606798293645,683.327,batt,1
8606848298721,683.327,batt,1
8606898279683,665.026,batt,1
8606948311268,665.026,batt,1
8606998278949,665.026,batt,1
8607048293347,665.026,batt,1
8607098278475,665.026,batt,1
8607148298342,639.323,batt,1
8607198275762,639.323,batt,1
8607248281932,639.323,batt,1
8607298281279,639.323,batt,1
8607348282813,639.323,batt,1
8607398281899,605.166,batt,1
8607448298224,605.166,batt,1
8607498280332,605.166,batt,1
8607548450090,605.166,batt,1
8607598308712,605.166,batt,1
8607648292121,633.202,batt,1
8607698281000,633.202,batt,1
8607748299564,633.202,batt,1
8607798278807,633.202,batt,1
8607848327788,633.202,batt,1
8607898314531,669.867,batt,1
8607948295336,669.867,batt,1
8607998280569,669.867,batt,1
8608048322258,669.867,batt,1
8608098281918,669.867,batt,1
8608148279755,656.501,batt,1
8608198310611,656.501,batt,1
8608248293395,656.501,batt,1
8608298281180,656.501,batt,1
8608348302036,656.501,batt,1
8608398300237,597.802,batt,1
8608448270054,597.802,batt,1
8608498286223,597.802,batt,1
8608548292652,597.802,batt,1
8608598244657,597.802,batt,1
8608648291346,1686.014,batt,1
8608698315119,1686.014,batt,1
8608748310507,1686.014,batt,1
8608798297667,1686.014,batt,1
8608848306076,1686.014,batt,1
8608898336984,2735.155,batt,1
8608948328154,2735.155,batt,1
8608998383176,2735.155,batt,1
8609048290546,2735.155,batt,1
8609098290674,2735.155,batt,1
8609148610897,2503.341,batt,1
8609198357959,2503.341,batt,1
8609248342775,2503.341,batt,1
8609298319414,2503.341,batt,1
8609348305948,2503.341,batt,1
8609398414354,5464.388,batt,1
8609448472345,5464.388,batt,1
8609498597573,5464.388,batt,1
8609548344948,5464.388,batt,1
8609598362263,5464.388,batt,1
8609648296560,5211.562,batt,1
8609698346790,5211.562,batt,1
8609748331241,5211.562,batt,1
8609798561936,5211.562,batt,1
8609848362642,6478.316,batt,1
8609898309178,6478.316,batt,1
8609948356336,6478.316,batt,1
8609998297976,6478.316,batt,1
8610048297635,6478.316,batt,1
8610098306773,6523.625,batt,1
8610148527311,6523.625,batt,1
8610198377599,6523.625,batt,1
8610248339864,6523.625,batt,1
8610298309315,6523.625,batt,1
8610348362411,6166.065,batt,1
8610398437484,6166.065,batt,1
8610448357562,6166.065,batt,1
8610498360138,6166.065,batt,1
8610548388650,6166.065,batt,1
8610598289354,5837.989,batt,1
8610648343439,5837.989,batt,1
8610698510541,5837.989,batt,1
8610748369058,5837.989,batt,1
8610798302157,5837.989,batt,1
8610848340825,5597.584,batt,1
8610898628393,5597.584,batt,1
8610948475504,5597.584,batt,1
8610998307408,5597.584,batt,1
8611048350347,5597.584,batt,1
8611098491252,5124.702,batt,1
8611148299875,5124.702,batt,1
8611198323804,5124.702,batt,1
8611248329557,5124.702,batt,1
8611298568428,5124.702,batt,1
8611348357625,5122.974,batt,1
8611398328066,5122.974,batt,1
8611448321579,5122.974,batt,1
8611498520660,5122.974,batt,1
8611548226838,5122.974,batt,1
8611598338473,5240.668,batt,1
8611648357454,5240.668,batt,1
8611698511692,5240.668,batt,1
8611748481769,5240.668,batt,1
8611798331120,5240.668,batt,1
8611848313696,5214.803,batt,1
8611898324189,5214.803,batt,1
8611948300359,5214.803,batt,1
8611998323663,5214.803,batt,1
8612048320249,5214.803,batt,1
8612098311419,4908.177,batt,1
8612148315453,4908.177,batt,1
8612198421411,4908.177,batt,1
8612248313261,4908.177,batt,1
8612298424688,4908.177,batt,1
8612348469658,4937.806,batt,1
8612398537388,4937.806,batt,1
8612448357574,4937.806,batt,1
8612498332598,4937.806,batt,1
8612548448191,4937.806,batt,1
8612598512328,5684.107,batt,1
8612648357668,5684.107,batt,1
8612698300715,5684.107,batt,1
8612748395631,5684.107,batt,1
8612798367166,5684.107,batt,1
8612848343128,5241.874,batt,1
8612898437733,5241.874,batt,1
8612948306718,5241.874,batt,1
8612998372938,5241.874,batt,1
8613048444783,5241.874,batt,1
8613098287259,4133.057,batt,1
8613148327021,4133.057,batt,1
8613198325639,4133.057,batt,1
8613248312954,4133.057,batt,1
8613298325530,4133.057,batt,1
8613348315502,4849.926,batt,1
8613398404950,4849.926,batt,1
8613448535699,4849.926,batt,1
8613498360832,4849.926,batt,1
8613548385542,4849.926,batt,1
8613598510406,5023.439,batt,1
8613648355018,5023.439,batt,1
8613698310251,5023.439,batt,1
8613748479905,5023.439,batt,1
8613798339569,5023.439,batt,1
8613848430371,5002.477,batt,1
8613898443519,5002.477,batt,1
8613948341306,5002.477,batt,1
8613998332841,5002.477,batt,1
8614048371822,5002.477,batt,1
8614098320389,5742.923,batt,1
8614148302652,5742.923,batt,1
8614198377153,5742.923,batt,1
8614248516392,5742.923,batt,1
8614298368451,5742.923,batt,1
8614348349829,5145.445,batt,1
8614398316885,5145.445,batt,1
8614448429562,5145.445,batt,1
8614498468126,5145.445,batt,1
8614548254614,5145.445,batt,1
8614598544578,4967.110,batt,1
8614648243464,4967.110,batt,1
8614698683163,4967.110,batt,1
8614748362050,4967.110,batt,1
8614798451394,4967.110,batt,1
8614848514489,4693.173,batt,1
8614898422484,4693.173,batt,1
8614948334750,4693.173,batt,1
8614998381074,4693.173,batt,1
8615048369223,4693.173,batt,1
8615098335029,3321.748,batt,1
8615148334584,3321.748,batt,1
8615198318515,3321.748,batt,1
8615248357496,3321.748,batt,1
8615298362936,3321.748,batt,1
8615348322909,3918.644,batt,1
8615398365327,3918.644,batt,1
8615448402693,3918.644,batt,1
8615498366781,3918.644,batt,1
8615548360398,3918.644,batt,1
8615598329173,3653.593,batt,1
8615648348258,3653.593,batt,1
8615698438071,3653.593,batt,1
8615748333150,3653.593,batt,1
8615798359006,3653.593,batt,1
8615848283407,3911.144,batt,1
8615898319420,3911.144,batt,1
8615948301735,3911.144,batt,1
8615998366914,3911.144,batt,1
8616048376468,3727.760,batt,1
8616098406439,3727.760,batt,1
8616148338808,3727.760,batt,1
8616198339613,3727.760,batt,1
8616248341564,3727.760,batt,1
8616298392055,3785.775,batt,1
8616348344320,3785.775,batt,1
8616398400227,3785.775,batt,1
8616448349628,3785.775,batt,1
8616498310121,3785.775,batt,1
8616548386497,3691.746,batt,1
8616598381833,3691.746,batt,1
8616648381701,3691.746,batt,1
8616698387037,3691.746,batt,1
8616748324875,3691.746,batt,1
8616798356095,3557.784,batt,1
8616848343776,3557.784,batt,1
8616898351508,3557.784,batt,1
8616948387520,3557.784,batt,1
8616998303067,3557.784,batt,1
8617048339287,3235.161,batt,1
8617098350405,3235.161,batt,1
8617148451727,3235.161,batt,1
8617198313109,3235.161,batt,1
8617248369069,3235.161,batt,1
8617298412633,3830.532,batt,1
8617348353075,3830.532,batt,1
8617398364505,3830.532,batt,1
8617448377132,3830.532,batt,1
8617498308929,3830.532,batt,1
8617548381971,3818.267,batt,1
8617598360589,3818.267,batt,1
8617648309521,3818.267,batt,1
8617698368449,3818.267,batt,1
8617748332849,3818.267,batt,1
8617798347612,3639.327,batt,1
8617848370499,3639.327,batt,1
8617898365836,3639.327,batt,1
8617948333048,3639.327,batt,1
8617998390882,3639.327,batt,1
8618048275545,3764.086,batt,1
8618098321921,3764.086,batt,1
8618148285957,3764.086,batt,1
8618198320615,3764.086,batt,1
8618248278400,3764.086,batt,1
8618298292486,3438.450,batt,1
8618348335373,3438.450,batt,1
8618398374823,3438.450,batt,1
8618448348701,3438.450,batt,1
8618498396432,3438.450,batt,1
8618548337187,3541.386,batt,1
8618598384813,3541.386,batt,1
8618648362494,3541.386,batt,1
8618698382256,3541.386,batt,1
8618748420352,3541.386,batt,1
8618798360690,3979.434,batt,1
8618848352745,3979.434,batt,1
8618898317770,3979.434,batt,1
8618948328106,3979.434,batt,1
8618998359274,3979.434,batt,1
8619048367944,3540.274,batt,1
8619098352760,3540.274,batt,1
8619148308201,3540.274,batt,1
8619198335932,3540.274,batt,1
8619248330852,3540.274,batt,1
8619298350875,3215.420,batt,1
8619348299130,3215.420,batt,1
8619398375766,3215.420,batt,1
8619448346988,3215.420,batt,1
8619498359095,3215.420,batt,1
8619548396305,3518.864,batt,1
8619598277009,3518.864,batt,1
8619648309115,3518.864,batt,1
8619698546789,3518.864,batt,1
8619748314944,3518.864,batt,1
8619798389497,4016.133,batt,1
8619848376396,4016.133,batt,1
8619898328348,4016.133,batt,1
8619948319466,4016.133,batt,1
8619998281522,4016.133,batt,1
8620048429145,3480.357,batt,1
8620098334224,3480.357,batt,1
8620148427474,3480.357,batt,1
8620198338125,3480.357,batt,1
8620248389137,3480.357,batt,1
8620298329632,3680.794,batt,1
8620348411840,3680.794,batt,1
8620398418010,3680.794,batt,1
8620448333869,3680.794,batt,1
8620498353267,3680.794,batt,1
8620548332927,3972.117,batt,1
8620598301025,3972.117,batt,1
8620648465002,3972.117,batt,1
8620698345498,3972.117,batt,1
8620748346772,3972.117,batt,1
8620798359035,3384.281,batt,1
8620848392807,3384.281,batt,1
8620898318198,3384.281,batt,1
8620948332127,3384.281,batt,1
8620998351942,3384.281,batt,1
8621048341758,3644.969,batt,1
8621098378343,3644.969,batt,1
8621148372638,3644.969,batt,1
8621198365943,3644.969,batt,1
8621248406851,3644.969,batt,1
8621298414166,3655.907,batt,1
8621348290235,3655.907,batt,1
8621399161432,3655.907,batt,1
8621449117290,3655.907,batt,1
8621498910236,2975.365,batt,1
8621549071349,2966.065,batt,1
8621598824869,2966.065,batt,1
8621649038481,2966.065,batt,1
8621698526384,2966.065,batt,1
8621748304487,2966.065,batt,1
8621798319979,4071.501,batt,1
8621848491977,4071.501,batt,1
8621898353827,4071.501,batt,1
8621948355257,4071.501,batt,1
8621998344760,4020.810,batt,1
8622048319472,4018.491,batt,1
8622098386057,4018.491,batt,1
8622148352696,4018.491,batt,1
8622198345168,4018.491,batt,1
8622248344671,3803.436,batt,1
8622298342299,3803.436,batt,1
8622348415185,3803.436,batt,1
8622398334586,3803.436,batt,1
8622448295652,3803.436,batt,1
8622498374945,3684.843,batt,1
8622548318564,3684.843,batt,1
8622598395564,3684.843,batt,1
8622648344340,3684.843,batt,1
8622698364050,3684.843,batt,1
8622748369751,3545.389,batt,1
8622798374931,3545.389,batt,1
8622848333081,3545.389,batt,1
8622898276283,3545.389,batt,1
8622948433750,3545.389,batt,1
8622998421743,3475.416,batt,1
8623048422965,3475.416,batt,1
8623098349657,3475.416,batt,1
8623148357076,3475.416,batt,1
8623198331580,3475.416,batt,1
8623248432070,3454.016,batt,1
8623298466988,3454.016,batt,1
8623348347224,3454.016,batt,1
8623398313759,3454.016,batt,1
8623448371906,3454.016,batt,1
8623498318494,3446.530,batt,1
8623548335340,3446.530,batt,1
8623598346769,3446.530,batt,1
8623648359032,3446.530,batt,1
8623698437023,3446.530,batt,1
8623748344601,3835.975,batt,1
8623798386655,3835.975,batt,1
8623848314806,3835.975,batt,1
8623898311600,3835.975,batt,1
8623948352664,3835.975,batt,1
8623998413832,3745.425,batt,1
8624048348702,3745.425,batt,1
8624098453722,3745.425,batt,1
8624148294896,3745.425,batt,1
8624198302628,3745.425,batt,1
8624248366660,3457.981,batt,1
8624298359601,3457.981,batt,1
8624348310251,3457.981,batt,1
8624398331056,3457.981,batt,1
8624448357537,3457.981,batt,1
8624498386154,3702.853,batt,1
8624548356491,3702.853,batt,1
8624598241361,3702.853,batt,1
8624648355028,3702.853,batt,1
8624698981231,3702.853,batt,1
8624749096981,3031.696,batt,1
8624798901489,3031.696,batt,1
8624848912502,3031.696,batt,1
8624898995076,3031.696,batt,1
8624948847395,3031.696,batt,1
8624998421754,3294.688,batt,1
8625048306990,3294.688,batt,1
8625098334877,3294.688,batt,1
8625148414430,3294.688,batt,1
8625198284561,3294.688,batt,1
8625248348281,3913.646,batt,1
8625298384658,3913.646,batt,1
8625348381974,3913.646,batt,1
8625398274292,3913.646,batt,1
8625448401708,3913.646,batt,1
8625498348504,3423.131,batt,1
8625548361392,3423.131,batt,1
8625598437663,3423.131,batt,1
8625648356544,3423.131,batt,1
8625698303861,3423.131,batt,1
8625748341696,3566.875,batt,1
8625798378385,3566.875,batt,1
8625848349451,3566.875,batt,1
8625898400776,3566.875,batt,1
8625948368456,3566.875,batt,1
8625998323534,3440.323,batt,1
8626048361577,3440.323,batt,1
8626098328529,3440.323,batt,1
8626148385634,3440.323,batt,1
8626198393626,3440.323,batt,1
8626248385057,3869.661,batt,1
8626298321228,3869.661,batt,1
8626348349428,3869.661,batt,1
8626398353931,3869.661,batt,1
8626448352236,3869.661,batt,1
8626498290126,3607.155,batt,1
8626548352387,3607.155,batt,1
8626598407253,3607.155,batt,1
8626648340456,3607.155,batt,1
8626698303658,3607.155,batt,1
8626748368471,3388.216,batt,1
8626798331257,3388.216,batt,1
8626848309666,3388.216,batt,1
8626898318440,3388.216,batt,1
8626948415232,3388.216,batt,1
8626998379944,3249.961,batt,1
8627048349031,3249.961,batt,1
8627098354159,3249.961,batt,1
8627148334131,3249.961,batt,1
8627198304155,3249.961,batt,1
8627248454487,3383.630,batt,1
8627298307432,3383.630,batt,1
8627348299904,3383.630,batt,1
8627398334406,3383.630,batt,1
8627448296930,3383.630,batt,1
8627498298204,3593.212,batt,1
8627548360205,3593.212,batt,1
8627598387937,3593.212,batt,1
8627648405564,3593.212,batt,1
8627698408973,3593.212,batt,1
8627748406132,3403.882,batt,1
8627798369855,3403.882,batt,1
8627848355921,3403.882,batt,1
8627898936501,3403.882,batt,1
8627948528463,3403.882,batt,1
8627998769938,3869.074,batt,1
8628048744181,3869.074,batt,1
8628098999354,3869.074,batt,1
8628149041147,3869.074,batt,1
8628198507228,4626.702,batt,1
8628248983019,4626.702,batt,1
8628298460610,4626.702,batt,1
8628348488862,4626.702,batt,1
8628398384410,4626.702,batt,1
8628448336935,3454.420,batt,1
8628498380239,3454.420,batt,1
8628548283442,3454.420,batt,1
8628598464607,3454.420,batt,1
8628648354946,3454.420,batt,1
8628698290649,3987.935,batt,1
8628748336296,3987.935,batt,1
8628798395276,3987.935,batt,1
8628848374155,3987.935,batt,1
8628898436104,3987.935,batt,1
8628948483991,3628.735,batt,1
8628998368705,3628.735,batt,1
8629048318678,3628.735,batt,1
8629098298182,3628.735,batt,1
8629148310757,3628.735,batt,1
8629198338124,3817.551,batt,1
8629248492362,3817.551,batt,1
8629298312599,3817.551,batt,1
8629348315175,3817.551,batt,1
8629398478059,3817.551,batt,1
8629448484072,2386.913,batt,1
8629498400087,2386.913,batt,1
8629548366154,2386.913,batt,1
8629598390864,2386.913,batt,1
8629648300839,2386.913,batt,1
8629698386433,4141.344,batt,1
8629748353385,4141.344,batt,1
8629798327888,4141.344,batt,1
8629848367025,4141.344,batt,1
8629898339081,4141.344,batt,1
8629948397072,3736.213,batt,1
8629998404283,3736.213,batt,1
8630048296758,3736.213,batt,1
8630098300740,3736.213,batt,1
8630148316648,3736.213,batt,1
8630198364483,3888.781,batt,1
8630248371330,3888.781,batt,1
8630298298751,3888.781,batt,1
8630348380075,3888.781,batt,1
8630398357911,3888.781,batt,1
8630448332832,4151.508,batt,1
8630498330616,4151.508,batt,1
8630548343191,4151.508,batt,1
8630598341757,4151.508,batt,1
8630648389696,4151.508,batt,1
8630698298212,3762.217,batt,1
8630748382452,3762.217,batt,1
8630798320967,3762.217,batt,1
8630848311720,3762.217,batt,1
8630898350388,3762.217,batt,1
8630948342808,3611.576,batt,1
8630998382622,3611.576,batt,1
8631048368688,3611.576,batt,1
8631098298870,3611.576,batt,1
8631148381756,3611.576,batt,1
8631198363707,3903.351,batt,1
8631248320660,3903.351,batt,1
8631298386098,3903.351,batt,1
8631348329248,3903.351,batt,1
8631398367136,3903.351,batt,1
8631448346847,3468.806,batt,1
8631498348694,3468.806,batt,1
8631548384238,3468.806,batt,1
8631598331346,3468.806,batt,1
8631648301527,3468.806,batt,1
8631698404256,2775.542,batt,1
8631748390218,2775.542,batt,1
8631798327639,2775.542,batt,1
8631848323757,2775.542,batt,1
8631898445964,2775.542,batt,1
8631948291669,2491.324,batt,1
8631998311849,2491.324,batt,1
8632048318227,2491.324,batt,1
8632098393144,2491.324,batt,1
8632148398220,2491.324,batt,1
8632198435742,4669.031,batt,1
8632248298218,4669.031,batt,1
8632298317251,4669.031,batt,1
8632348332691,4669.031,batt,1
8632398280790,4669.031,batt,1
8632448361905,2163.464,batt,1
8632498336096,2163.464,batt,1
8632548341849,2163.464,batt,1
8632598451036,2163.464,batt,1
8632648346844,2163.464,batt,1
8632698412647,3212.027,batt,1
8632748470117,3212.027,batt,1
8632798399986,3212.027,batt,1
8632848362146,3212.027,batt,1
8632898292433,3212.027,batt,1
8632948330268,2637.899,batt,1
8632998315396,2637.899,batt,1
8633048385887,2637.899,batt,1
8633098346693,2637.899,batt,1
8633148355362,2637.899,batt,1
8633198307783,4239.640,batt,1
8633248366034,4239.640,batt,1
8633298321684,4239.640,batt,1
8633348345613,4239.640,batt,1
8633398371782,4239.640,batt,1
8633448306808,2508.861,batt,1
8633498315529,2508.861,batt,1
8633548431435,2508.861,batt,1
8633598357502,2508.861,batt,1
8633648420701,2508.861,batt,1
8633698312551,3578.755,batt,1
8633748329397,3578.755,batt,1
8633798344837,3578.755,batt,1
8633848377568,3578.755,batt,1
8633898362957,3578.755,batt,1
8633948305535,4177.954,batt,1
8633998322954,4177.954,batt,1
8634048300165,4177.954,batt,1
8634098446904,4177.954,batt,1
8634148301463,4177.954,batt,1
8634198343673,3063.775,batt,1
8634248402132,3063.775,batt,1
8634298450280,3063.775,batt,1
8634348237445,3063.775,batt,1
8634398397881,3063.775,batt,1
8634448315407,4960.066,batt,1
8634498410115,4960.066,batt,1
8634548406962,4960.066,batt,1
8634598328811,4960.066,batt,1
8634648389718,3718.914,batt,1
8634698377919,3718.914,batt,1
8634748317737,3718.914,batt,1
8634798478485,3718.914,batt,1
8634848213412,3718.914,batt,1
8634898351661,3574.769,batt,1
8634948342466,3574.769,batt,1
8634998333584,3574.769,batt,1
8635048370429,3574.769,batt,1
8635098347068,3574.769,batt,1
8635148358029,3626.549,batt,1
8635198355032,3626.549,batt,1
8635248387711,3626.549,batt,1
8635298363621,3626.549,batt,1
8635348289064,3626.549,batt,1
8635398309243,3988.938,batt,1
8635448460356,3988.938,batt,1
8635498307988,3988.938,batt,1
8635548493163,3988.938,batt,1
8635598391731,3988.938,batt,1
8635648295352,2661.582,batt,1
8635698356155,2661.582,batt,1
8635748393782,2661.582,batt,1
8635798350786,2661.582,batt,1
8635848433568,2661.582,batt,1
8635898723843,3685.382,batt,1
8635948329764,3685.382,batt,1
8635998489523,3685.382,batt,1
8636048477776,3685.382,batt,1
8636098418010,3685.382,batt,1
8636148455845,3862.855,batt,1
8636199084913,3862.855,batt,1
8636248679532,3862.855,batt,1
8636298478832,3862.855,batt,1
8636348438857,3862.855,batt,1
8636398342373,3808.696,batt,1
8636448290835,3808.696,batt,1
8636498499239,3808.696,batt,1
8636548871752,3808.696,batt,1
8636599027344,3808.696,batt,1
8636648424364,3671.784,batt,1
8636698434283,3671.784,batt,1
8636748463369,3671.784,batt,1
8636798284647,3671.784,batt,1
8636848422844,3671.784,batt,1
8636898299226,3781.817,batt,1
8636948401330,3781.817,batt,1
8636998416666,3781.817,batt,1
8637048211904,3781.817,batt,1
8637098328018,3781.817,batt,1
8637148427778,3342.678,batt,1
8637198307805,3342.678,batt,1
8637248482980,3342.678,batt,1
8637298339675,3342.678,batt,1
8637348393291,3342.678,batt,1
8637398348993,3734.978,batt,1
8637448417504,3734.978,batt,1
8637498434038,3734.978,batt,1
8637548347449,3734.978,batt,1
8637598293673,3734.978,batt,1
8637648543637,3790.128,batt,1
8637698514078,3790.128,batt,1
8637748518841,3790.128,batt,1
8637798343714,3790.128,batt,1
8637848351029,3790.128,batt,1
8637898424332,2333.594,batt,1
8637948324098,2333.594,batt,1
8637998378964,2333.594,batt,1
8638048315865,2333.594,batt,1
8638098702231,2333.594,batt,1
8638148330235,3874.169,batt,1
8638198281041,3874.169,batt,1
8638248393978,3874.169,batt,1
8638299225488,3874.169,batt,1
8638348787973,3874.169,batt,1
8638398558524,4156.598,batt,1
8638448299857,4156.598,batt,1
8638498288058,4156.598,batt,1
8638548392402,4156.598,batt,1
8638598325917,4156.598,batt,1
8638648312868,3570.826,batt,1
8638698280289,3570.826,batt,1
8638748228282,3570.826,batt,1
8638798385489,3570.826,batt,1
8638848319838,3570.826,batt,1
8638898496627,4088.390,batt,1
8638948412278,4088.390,batt,1
8638998379855,4088.390,batt,1
8639048348005,4088.390,batt,1
8639098280530,4088.390,batt,1
8639148399405,3578.922,batt,1
8639198432344,3578.922,batt,1
8639248281539,3578.922,batt,1
8639298351821,3578.922,batt,1
8639348376167,3578.922,batt,1
8639398344160,2006.015,batt,1
8639448356215,2006.015,batt,1
8639498370353,2006.015,batt,1
8639548323347,2006.015,batt,1
8639598301600,2006.015,batt,1
8639648410006,2936.850,batt,1
8639698432529,2936.850,batt,1
8639748225840,2936.850,batt,1
8639798378360,2936.850,batt,1
8639848324583,2936.850,batt,1
8639898492154,2550.516,batt,1
8639948313276,2550.516,batt,1
8639998313665,2550.516,batt,1
8640048389051,2550.516,batt,1
8640098228558,2550.516,batt,1
8640148295507,3548.171,batt,1
8640198931606,3548.171,batt,1
8640248370709,3548.171,batt,1
8640298324275,3548.171,batt,1
8640348584448,3548.171,batt,1
8640398321510,4222.806,batt,1
8640448452312,4222.806,batt,1
8640498373483,4222.806,batt,1
8640548452515,4222.806,batt,1
8640598363062,3791.629,batt,1
8640648490739,3791.447,batt,1
8640698428941,3791.447,batt,1
8640748337197,3791.447,batt,1
8640798377896,3791.447,batt,1
8640848336984,3826.038,batt,1
8640898296592,3826.038,batt,1
8640948383697,3826.038,batt,1
8640998300650,3826.038,batt,1
8641048382598,3826.038,batt,1
8641098234605,4019.203,batt,1
8641148353324,4019.203,batt,1
8641198282724,4019.203,batt,1
8641248313945,4019.203,batt,1
8641298338499,4019.203,batt,1
8641348306962,4434.574,batt,1
8641398407555,4434.574,batt,1
8641448289249,4434.574,batt,1
8641498295939,4434.574,batt,1
8641548367367,4434.574,batt,1
8641598344110,3791.994,batt,1
8641648344655,3791.994,batt,1
8641698340252,3791.994,batt,1
8641748353556,3791.994,batt,1
8641798311133,3791.994,batt,1
8641848373811,3254.443,batt,1
8641898284046,3254.443,batt,1
8641948368078,3254.443,batt,1
8641998355550,3254.443,batt,1
8642048352709,3254.443,batt,1
8642098340806,3920.890,batt,1
8642148396141,3920.890,batt,1
8642198361322,3920.890,batt,1
8642248329627,3920.890,batt,1
8642298361577,3920.890,batt,1
8642348354882,3616.561,batt,1
8642398407457,3616.561,batt,1
8642448337482,3616.561,batt,1
8642498382974,3616.561,batt,1
8642548338676,3616.561,batt,1
8642598380521,3505.788,batt,1
8642648605018,3505.788,batt,1
8642698330778,3505.788,batt,1
8642748279137,3505.788,batt,1
8642798409001,3505.788,batt,1
8642848354495,3921.164,batt,1
8642898399309,3921.164,batt,1
8642948281367,3921.164,batt,1
8642998397325,3921.164,batt,1
8643048273029,3921.164,batt,1
8643098372790,3313.617,batt,1
8643148363335,3313.617,batt,1
8643198313047,3313.617,batt,1
8643248343747,3313.617,batt,1
8643298307157,3313.617,batt,1
8643348281140,2531.224,batt,1
8643398302101,2531.224,batt,1
8643448404517,2531.224,batt,1
8643498388396,2531.224,batt,1
8643548334306,2531.224,batt,1
8643598403234,3728.999,batt,1
8643648349666,3728.999,batt,1
8643698317555,3728.999,batt,1
8643748333516,3728.999,batt,1
8643798375361,3728.999,batt,1
8643848309970,4022.818,batt,1
8643898368899,4022.818,batt,1
8643948288560,4022.818,batt,1
8643998369050,4022.818,batt,1
8644048324179,4022.818,batt,1
8644098375816,3790.470,batt,1
8644148279332,3790.470,batt,1
8644198468205,3790.470,batt,1
8644248327139,3790.470,batt,1
8644298321850,3790.470,batt,1
8644348374737,3977.226,batt,1
8644398411478,3977.226,batt,1
8644448339056,3977.226,batt,1
8644498365850,3977.226,batt,1
8644548351916,3977.226,batt,1
8644598382095,4217.801,batt,1
8644648375452,4217.801,batt,1
8644698296468,4217.801,batt,1
8644748360448,4217.801,batt,1
8644798345837,4217.801,batt,1
8644848350444,2152.490,batt,1
8644898331405,2152.490,batt,1
8644948314763,2152.490,batt,1
8644998285985,2152.490,batt,1
8645048537096,2152.490,batt,1
8645098432591,4247.492,batt,1
8645148358294,4247.492,batt,1
8645198317850,4247.492,batt,1
8645248350165,4247.492,batt,1
8645298345449,4247.492,batt,1
8645348305474,3774.285,batt,1
8645398356798,3774.285,batt,1
8645448352603,3774.285,batt,1
8645498380595,3774.285,batt,1
8645548418430,3774.285,batt,1
8645598467202,4430.233,batt,1
8645648351708,4430.233,batt,1
8645698311421,4430.233,batt,1
8645748356079,4430.233,batt,1
8645798356311,4430.233,batt,1
8645848384146,3189.985,batt,1
8645898387763,3189.985,batt,1
8645948315289,3189.985,batt,1
8645998421560,3189.985,batt,1
8646048581892,3189.985,batt,1
8646098314579,4979.813,batt,1
8646148287468,4979.813,batt,1
8646198401499,4979.813,batt,1
8646248373763,4979.813,batt,1
8646298438160,4979.813,batt,1
8646348393133,3934.583,batt,1
8646398330971,3934.583,batt,1
8646448421044,3934.583,batt,1
8646498389506,3934.583,batt,1
8646548388176,3934.583,batt,1
8646598364867,4119.819,batt,1
8646648343693,4119.819,batt,1
8646698345800,4119.819,batt,1
8646748311815,4119.819,batt,1
8646798340327,4119.819,batt,1
8646848326601,2800.822,batt,1
8646898320740,2800.822,batt,1
8646948331649,2800.822,batt,1
8646998386723,2800.822,batt,1
8647048391173,3759.232,batt,1
8647098339844,3759.232,batt,1
8647148403356,3759.232,batt,1
8647198361245,3759.232,batt,1
8647248491734,3759.232,batt,1
8647298305878,3952.807,batt,1
8647348319443,3952.807,batt,1
8647398346028,3952.807,batt,1
8647448340323,3952.807,batt,1
8647498343420,3952.807,batt,1
8647548362974,4536.902,batt,1
8647598328988,4536.902,batt,1
8647648359636,4536.902,batt,1
8647698425856,4536.902,batt,1
8647748356402,4536.902,batt,1
8647798328406,3580.475,batt,1
8647848364002,3580.475,batt,1
8647898307412,3580.475,batt,1
8647948345873,3580.475,batt,1
8647998371885,3580.475,batt,1
8648048300661,3131.759,batt,1
8648098392401,3131.759,batt,1
8648148415653,3131.759,batt,1
8648198227297,3131.759,batt,1
8648248373254,3131.759,batt,1
8648298327393,2766.126,batt,1
8648348300074,2766.126,batt,1
8648398315358,2766.126,batt,1
8648448368453,2766.126,batt,1
8648498320301,2766.126,batt,1
8648548317720,4210.286,batt,1
8648598390242,4210.286,batt,1
8648648320268,4210.286,batt,1
8648698384665,4210.286,batt,1
8648748369064,4210.286,batt,1
8648798315079,4110.477,batt,1
8648848315936,4110.477,batt,1
8648898388614,4110.477,batt,1
8648948346555,4110.477,batt,1
8648998328454,4110.477,batt,1
8649048301344,2403.511,batt,1
8649098394281,2403.511,batt,1
8649148306651,2403.511,batt,1
8649198314071,2403.511,batt,1
8649248342114,2403.511,batt,1
8649298338180,3877.147,batt,1
8649348291538,3877.147,batt,1
8649398314426,3877.147,batt,1
8649448344292,3877.147,batt,1
8649498354993,3877.147,batt,1
8649548353871,2369.924,batt,1
8649598318896,2369.924,batt,1
8649656816748,2369.924,batt,1
8649698496230,2369.924,batt,1
8649748291415,2369.924,batt,1
8649798321699,3637.602,batt,1
8649848350211,3637.602,batt,1
8649898360443,3637.602,batt,1
8649948343905,3637.602,batt,1
8649998392365,3637.602,batt,1
8650048366712,4493.275,batt,1
8650098378246,4493.275,batt,1
8650148339833,4493.275,batt,1
8650198355273,4493.275,batt,1
8650248376338,4493.275,batt,1
8650298355789,4324.122,batt,1
8650348395603,4324.122,batt,1
8650398338233,4324.122,batt,1
8650448314611,4324.122,batt,1
8650498338280,4324.122,batt,1
8650548333773,3858.157,batt,1
8650598364473,3858.157,batt,1
8650648366163,3858.157,batt,1
8650705363642,3858.157,batt,1
8650748392564,3858.157,batt,1
8650798282331,4160.032,batt,1
8650848369852,4160.032,batt,1
8650898349564,4160.032,batt,1
8650948403336,4160.032,batt,1
8650998368308,4160.032,batt,1
8651048410675,4322.876,batt,1
8651098346898,4322.876,batt,1
8651148355411,4322.876,batt,1
8651198375226,4322.876,batt,1
8651248318480,4322.876,batt,1
8651298425897,4226.307,batt,1
8651348395088,4226.307,batt,1
8651398396518,4226.307,batt,1
8651448304149,4226.307,batt,1
8651498364744,4226.307,batt,1
8651548336747,3930.465,batt,1
8651598327865,3930.465,batt,1
8651648431792,3930.465,batt,1
8651698288591,3930.465,batt,1
8651750200226,3930.465,batt,1
8651798380562,2737.293,batt,1
8651848520270,2737.293,batt,1
8651898347955,2737.293,batt,1
8651948367926,2737.293,batt,1
8651998338888,2737.293,batt,1
8652048316829,4719.686,batt,1
8652098328727,4719.686,batt,1
8652148314845,4719.686,batt,1
8652198418512,4719.686,batt,1
8652248364995,4719.686,batt,1
8652298346165,3317.817,batt,1
8652348377542,3317.817,batt,1
8652398290173,3317.817,batt,1
8652448325977,3317.817,batt,1
8652498383394,3317.817,batt,1
8652548312743,3890.465,batt,1
8652598330891,3890.465,batt,1
8652648399455,3890.465,batt,1
8652698408697,3890.465,batt,1
8652748370232,3890.465,batt,1
8652798320778,3200.158,batt,1
8652848318823,3200.158,batt,1
8652898354783,3200.158,batt,1
8652948337984,3200.158,batt,1
8652998340143,3200.158,batt,1
8653048372354,2472.482,batt,1
8653098292380,2472.482,batt,1
8653148331465,2472.482,batt,1
8653198384560,2472.482,batt,1
8653248293180,2363.676,batt,1
8653298304922,2363.676,batt,1
8653348341716,2363.676,batt,1
8653398379447,2363.676,batt,1
8653448337649,2363.676,batt,1
8653498297986,3771.533,batt,1
8653548365299,3771.533,batt,1
8653598332199,3771.533,batt,1
8653648339566,3771.533,batt,1
8653698328288,3771.533,batt,1
8653748343155,3807.585,batt,1
8653798370418,3807.585,batt,1
8653848352317,3807.585,batt,1
8653898315363,3807.585,batt,1
8653948310230,3807.585,batt,1
8653998314525,3823.537,batt,1
8654048331944,3823.537,batt,1
8654098298791,3823.537,batt,1
8654148370219,3823.537,batt,1
8654198339671,3823.537,batt,1
8654248398130,4292.575,batt,1
8654298316177,4292.575,batt,1
8654348314534,4292.575,batt,1
8654398307475,4292.575,batt,1
8654448289114,4292.575,batt,1
8654498391843,3762.575,batt,1
8654548481291,3762.575,batt,1
8654598652039,3762.575,batt,1
8654648984085,3762.575,batt,1
8654698417302,3762.575,batt,1
8654748380295,2667.998,batt,1
8654798418651,2667.998,batt,1
8654848385915,2667.998,batt,1
8654898385418,2667.998,batt,1
8654948367995,2667.998,batt,1
8654998379528,4338.105,batt,1
8655048316794,4338.105,batt,1
8655098338379,4338.105,batt,1
8655148341215,4338.105,batt,1
8655198336552,4338.105,batt,1
8655248354023,3010.246,batt,1
8655298303579,3010.246,batt,1
8655348291155,3010.246,batt,1
8655398328470,3010.246,batt,1
8655448317244,3010.246,batt,1
8655498386172,2981.001,batt,1
8655548344582,2981.001,batt,1
8655598286274,2981.001,batt,1
8655648324630,2981.001,batt,1
8655698390589,2981.001,batt,1
8655748608940,3901.585,batt,1
8655798300587,3901.585,batt,1
8655848354151,3901.585,batt,1
8655898523701,3901.585,batt,1
8655952501475,3901.585,batt,1
8655998469167,3833.293,batt,1
8656048302008,3833.293,batt,1
8656098332968,3833.293,batt,1
8656148329867,3833.293,batt,1
8656198432752,3833.293,batt,1
8656248392048,3527.980,batt,1
8656298318272,3527.980,batt,1
8656348318504,3527.980,batt,1
8656398305820,3527.980,batt,1
8656448301937,3527.980,batt,1
8656498400812,3595.855,batt,1
8656548427137,3595.855,batt,1
8656598356642,3595.855,batt,1
8656648349635,3595.855,batt,1
8656698347784,3595.855,batt,1
8656748347547,4454.002,batt,1
8656798324030,4454.002,batt,1
8656848382854,4454.002,batt,1
8656898281110,4454.002,batt,1
8656948379516,4454.002,batt,1
8656998352145,3564.269,batt,1
8657048366022,3564.269,batt,1
8657098330578,3564.269,batt,1
8657148392267,3564.269,batt,1
8657198333907,3564.269,batt,1
8657248354659,3528.492,batt,1
8657298338798,3528.492,batt,1
8657348314708,3528.492,batt,1
8657398349522,3528.492,batt,1
8657448297985,3528.492,batt,1
8657498324883,1649.546,batt,1
8657548374592,1649.546,batt,1
8657598360450,1649.546,batt,1
8657648340630,1649.546,batt,1
8657698336175,1649.546,batt,1
8657748345157,2414.146,batt,1
8657798333671,2414.146,batt,1
8657848347496,2414.146,batt,1
8657898337624,2414.146,batt,1
8657948377334,2414.146,batt,1
8657998305641,3671.082,batt,1
8658048256031,3671.082,batt,1
8658098351521,3671.082,batt,1
8658148378419,3671.082,batt,1
8658198324121,3671.082,batt,1
8658248352321,3851.793,batt,1
8658298318335,3851.793,batt,1
8658348406325,3851.793,batt,1
8658398303904,3851.793,batt,1
8658448386842,3851.793,batt,1
8658498278587,4007.978,batt,1
8658548344130,4007.978,batt,1
8658598426391,4007.978,batt,1
8658648236368,4007.978,batt,1
8658698351701,4007.978,batt,1
8658748295945,4136.363,batt,1
8658798340395,4136.363,batt,1
8658848434947,4136.363,batt,1
8658898324661,4136.363,batt,1
8658948327497,4136.363,batt,1
8658998422571,4600.635,batt,1
8659048322545,4600.635,batt,1
8659098360016,4600.635,batt,1
8659148377591,4600.635,batt,1
8659198326314,4600.635,batt,1
8659248354462,2317.857,batt,1
8659298335320,2317.857,batt,1
8659348390602,2317.857,batt,1
8659398381199,2317.857,batt,1
8659448306902,2578.643,batt,1
8659498438484,2578.643,batt,1
8659548304606,2578.643,batt,1
8659598429730,2578.643,batt,1
8659648396994,2578.643,batt,1
8659698290198,3527.578,batt,1
8659748319856,3527.578,batt,1
8659798409877,3527.578,batt,1
8659848298811,3527.578,batt,1
8659898349718,3527.578,batt,1
8659948393543,2669.417,batt,1
8659998363047,2669.417,batt,1
8660048360831,2669.417,batt,1
8660098367156,2669.417,batt,1
8660148265985,2669.417,batt,1
8660198338038,4444.118,batt,1
8660248322489,4444.118,batt,1
8660298339023,4444.118,batt,1
8660348372171,4444.118,batt,1
8660398309280,4444.118,batt,1
8660448281960,2853.738,batt,1
8660498346045,2853.738,batt,1
8660548404088,2853.738,batt,1
8660598404476,2853.738,batt,1
8660648292315,2853.738,batt,1
8660698438481,1879.525,batt,1
8660748371683,1879.525,batt,1
8660798372176,1879.525,batt,1
8660848331680,1879.525,batt,1
8660898400191,1879.525,batt,1
8660948381205,3567.485,batt,1
8660998325605,3567.485,batt,1
8661048444792,3567.485,batt,1
8661098704288,3567.485,batt,1
8661148432288,3567.485,batt,1
8661198330075,2231.925,batt,1
8661248423742,2231.925,batt,1
8661298317258,2231.925,batt,1
8661348351396,2231.925,batt,1
8661398474385,2231.925,batt,1
8661448312226,4040.608,batt,1
8661498373081,4040.608,batt,1
8661548365813,4040.608,batt,1
8661598360681,4040.608,batt,1
8661648340392,4040.608,batt,1
8661698362916,3812.859,batt,1
8661748327524,3812.859,batt,1
8661798414837,3812.859,batt,1
8661848357518,3812.859,batt,1
8661898275148,3812.859,batt,1
8661948390585,2744.216,batt,1
8661998352589,2744.216,batt,1
8662048501984,2744.216,batt,1
8662098336491,2744.216,batt,1
8662148337921,2744.216,batt,1
8662198413255,3524.879,batt,1
8662248274689,3524.879,batt,1
8662298314139,3524.879,batt,1
8662348354370,3524.879,batt,1
8662398348977,3524.879,batt,1
8662448330616,2215.316,batt,1
8662498374493,2215.316,batt,1
8662548335299,2215.316,batt,1
8662598355374,2215.316,batt,1
8662648391022,2215.316,batt,1
8662698484168,4712.703,batt,1
8662748352789,4712.703,batt,1
8662798366406,4712.703,batt,1
8662848348357,4712.703,batt,1
8662898358693,4712.703,batt,1
8662948303719,3698.468,batt,1
8662998375042,3698.468,batt,1
8663048434179,3698.468,batt,1
8663098336966,3698.468,batt,1
8663148324177,3698.468,batt,1
8663198381387,3722.923,batt,1
8663248342245,3722.923,batt,1
8663298316124,3722.923,batt,1
8663348370625,3722.923,batt,1
8663398384034,3722.923,batt,1
8663448314997,3801.330,batt,1
8663498402206,3801.330,batt,1
8663548310982,3801.330,batt,1
8663598359963,3801.330,batt,1
8663648364361,3801.330,batt,1
8663698354958,3957.841,batt,1
8663748331024,3957.841,batt,1
8663798361672,3957.841,batt,1
8663848418257,3957.841,batt,1
8663898339793,3957.841,batt,1
8663948286746,3723.176,batt,1
8663998359736,3723.176,batt,1
8664048372676,3723.176,batt,1
8664098485092,3723.176,batt,1
8664148296059,3723.176,batt,1
8664198281604,1980.164,batt,1
8664248380271,1980.164,batt,1
8664298345764,1980.164,batt,1
8664348396099,1980.164,batt,1
8664398327999,1980.164,batt,1
8664448388126,4366.934,batt,1
8664498285704,4366.934,batt,1
8664548308852,4366.934,batt,1
8664598411217,4366.934,batt,1
8664648324785,4366.934,batt,1
8664698411108,3710.637,batt,1
8664748338738,3710.637,batt,1
8664798286055,3710.637,batt,1
8664848363264,3710.637,batt,1
8664898304071,3710.637,batt,1
8664948483048,2519.434,batt,1
8664998556663,2519.434,batt,1
8665049160940,2519.434,batt,1
8665098295416,2519.434,batt,1
8665148315387,2519.434,batt,1
8665198344264,2187.967,batt,1
8665248372047,2187.967,batt,1
8665298311864,2187.967,batt,1
8665348320794,2187.967,batt,1
8665398451856,2187.967,batt,1
8665448312977,3268.852,batt,1
8665498350760,3268.852,batt,1
8665548339430,3268.852,batt,1
8665598370182,3268.852,batt,1
8665648313176,4311.237,batt,1
8665698360490,4324.331,batt,1
8665748402961,4324.331,batt,1
8665798318820,4324.331,batt,1
8665848291293,4324.331,batt,1
8665898443499,3760.618,batt,1
8665948335193,3760.618,batt,1
8665998317509,3760.618,batt,1
8666048352167,3760.618,batt,1
8666098334431,3760.618,batt,1
8666148390547,3639.493,batt,1
8666198486453,3639.493,batt,1
8666248421843,3639.493,batt,1
8666298299891,3639.493,batt,1
8666348451681,3639.493,batt,1
8666398327282,4078.061,batt,1
8666448326420,4078.061,batt,1
8666498361599,4078.061,batt,1
8666548337977,4078.061,batt,1
8666598314200,4078.061,batt,1
8666648387919,3772.505,batt,1
8666698508617,3772.505,batt,1
8666748455152,3772.505,batt,1
8666798535434,3772.505,batt,1
8666848405305,3772.505,batt,1
8666898312728,2313.491,batt,1
8666948411811,2313.491,batt,1
8666998327514,2313.491,batt,1
8667048293737,2313.491,batt,1
8667098361571,2313.491,batt,1
8667148399042,3971.433,batt,1
8667198402711,3971.433,batt,1
8667248359663,3971.433,batt,1
8667298325781,3971.433,batt,1
8667348338774,3971.433,batt,1
8667398375932,4021.272,batt,1
8667448320697,4021.272,batt,1
8667498355355,4021.272,batt,1
8667548358607,4021.272,batt,1
8667598321028,4021.272,batt,1
8667648384123,2876.357,batt,1
8667698284722,2876.357,batt,1
8667748364223,2876.357,batt,1
8667798354612,2876.357,batt,1
8667848313543,2876.357,batt,1
8667898364763,2677.444,batt,1
8667948358537,2677.444,batt,1
8667998404132,2677.444,batt,1
8668048370303,2677.444,batt,1
8668098330328,2677.444,batt,1
8668148330872,3756.314,batt,1
8668198349176,3756.314,batt,1
8668248395449,3756.314,batt,1
8668298347974,3756.314,batt,1
8668348342373,3756.314,batt,1
8668398626711,3160.893,batt,1
8668448310963,3160.893,batt,1
8668498416504,3160.893,batt,1
8668548762820,3160.893,batt,1
8668598427124,3160.893,batt,1
8668648300850,2661.670,batt,1
8668698262333,2661.670,batt,1
8668748410634,2661.670,batt,1
8668798317639,2661.670,batt,1
8668848507553,2661.670,batt,1
8668898327113,3665.950,batt,1
8668948342553,3665.950,batt,1
8668998326848,3665.950,batt,1
8669048349215,3665.950,batt,1
8669098352624,3665.950,batt,1
8669148528007,4144.717,batt,1
8669198388296,4144.717,batt,1
8669248316446,4144.717,batt,1
8669298286783,4144.717,batt,1
8669348298473,4144.717,batt,1
8669398323601,2798.646,batt,1
8669448301542,2798.646,batt,1
8669498325367,2798.646,batt,1
8669548404867,2798.646,batt,1
8669598368538,2798.646,batt,1
8669648342833,3584.044,batt,1
8669698315879,3584.044,batt,1
8669748345537,3584.044,batt,1
8669798331655,3584.044,batt,1
8669848326731,3584.044,batt,1
8669898303578,4108.737,batt,1
8669948385891,4108.737,batt,1
8669998344510,4108.737,batt,1
8670048319430,4108.737,batt,1
8670098423409,4108.737,batt,1
8670148502128,3282.618,batt,1
8670198317314,3282.618,batt,1
8670248400564,3282.618,batt,1
8670298314340,3282.618,batt,1
8670348385300,3282.618,batt,1
8670398292357,4122.394,batt,1
8670448352067,4122.394,batt,1
8670498384069,4122.394,batt,1
8670548395290,4122.394,batt,1
8670598369064,4122.394,batt,1
8670648394140,4187.896,batt,1
8670698356196,4187.896,batt,1
8670749426501,4187.896,batt,1
8670798294786,4187.896,batt,1
8670848314497,4187.896,batt,1
8670898280511,2774.041,batt,1
8670948353502,2774.041,batt,1
8670998393941,2774.041,batt,1
8671048353497,2774.041,batt,1
8671098386072,2774.041,batt,1
8671148305108,4119.870,batt,1
8671198446586,4119.870,batt,1
8671248356925,4119.870,batt,1
8671298327523,4119.870,batt,1
8671348334734,4119.870,batt,1
8671398430536,4095.407,batt,1
8671448354468,4095.407,batt,1
8671498364908,4095.407,batt,1
8671548338787,4095.407,batt,1
8671598366622,4095.407,batt,1
8671648450185,3568.765,batt,1
8671698393231,3568.765,batt,1
8671748326799,3568.765,batt,1
8671800555508,3568.765,batt,1
8671848366428,3568.765,batt,1
8671898370462,3576.144,batt,1
8671948402829,3576.144,batt,1
8671998332230,3576.144,batt,1
8672048333035,3576.144,batt,1
8672098403421,3966.885,batt,1
8672148295843,3966.885,batt,1
8672198316387,3966.885,batt,1
8672248306568,3966.885,batt,1
8672298366433,3966.885,batt,1
8672348372238,2308.594,batt,1
8672398417938,2308.594,batt,1
8672448292757,2308.594,batt,1
8672498328717,2308.594,batt,1
8672548302439,2308.594,batt,1
8672598433553,2050.890,batt,1
8672648625655,2050.890,batt,1
8672698332405,2050.890,batt,1
8672748400708,2050.890,batt,1
8672798321255,2050.890,batt,1
8672848355080,3856.486,batt,1
8672898369166,3856.486,batt,1
8672948365492,3856.486,batt,1
8672998298486,3856.486,batt,1
8673048436891,3856.486,batt,1
8673098300721,4354.745,batt,1
8673148349962,4354.745,batt,1
8673198327851,4354.745,batt,1
8673248352874,4354.745,batt,1
8673298342794,4354.745,batt,1
8673348328026,4381.366,batt,1
8673398335706,4381.366,batt,1
8673448358385,4381.366,batt,1
8673498367524,4381.366,batt,1
8673548345673,4381.366,batt,1
8673598348040,3550.373,batt,1
8673648379521,3550.373,batt,1
8673698351056,3550.373,batt,1
8673748354674,3550.373,batt,1
8673798374384,3550.373,batt,1
8673848341649,3935.626,batt,1
8673898230686,3935.626,batt,1
8673948300187,3935.626,batt,1
8673998344428,3935.626,batt,1
8674048347577,3935.626,batt,1
8674098395828,3807.552,batt,1
8674148421528,3807.552,batt,1
8674198304576,3807.552,batt,1
8674248375900,3807.552,batt,1
8674298362486,3807.552,batt,1
8674348370687,3033.387,batt,1
8674398361076,3033.387,batt,1
8674448385369,3033.387,batt,1
8674498463516,3033.387,batt,1
8674548328283,3033.387,batt,1
8674598287058,2196.107,batt,1
8674648353069,2196.107,batt,1
8674698400488,2196.107,batt,1
8674748333430,2196.107,batt,1
8674798438815,2196.107,batt,1
8674848335769,4010.884,batt,1
8674898323658,4010.884,batt,1
8674948406127,4010.884,batt,1
8674998372506,4010.884,batt,1
8675048373154,4010.884,batt,1
8675098330679,4000.092,batt,1
8675148373566,4000.092,batt,1
8675198315519,4000.092,batt,1
8675248420748,4000.092,batt,1
8675298492332,4000.092,batt,1
8675348295799,3345.405,batt,1
8675398354571,3345.405,batt,1
8675448366521,3345.405,batt,1
8675498344463,3345.405,batt,1
8675548309175,3345.405,batt,1
8675598397894,2606.236,batt,1
8675648390209,2606.236,batt,1
8675698320079,2606.236,batt,1
8675748301874,2606.236,batt,1
8675798371167,2606.236,batt,1
8675848366295,2896.161,batt,1
8675898409598,2896.161,batt,1
8675948370456,2896.161,batt,1
8675998315742,2896.161,batt,1
8676048324724,2896.161,batt,1
8676098421255,4468.769,batt,1
8676148398623,4468.769,batt,1
8676198361252,4468.769,batt,1
8676248380703,4468.769,batt,1
8676298344165,4468.769,batt,1
8676348360178,3094.147,batt,1
8676398388534,3094.147,batt,1
8676448346476,3094.147,batt,1
8676498293688,3094.147,batt,1
8676548360689,3094.147,batt,1
8676598338943,4304.763,batt,1
8676648356935,4304.763,batt,1
8676698285086,4304.763,batt,1
8676748344951,4304.763,batt,1
8676798329611,4304.763,batt,1
8676848411351,3688.748,batt,1
8676898287941,3688.748,batt,1
8676948391972,3688.748,batt,1
8676998335018,3688.748,batt,1
8677048331865,3688.748,batt,1
8677098508446,3432.561,batt,1
8677148443055,3432.561,batt,1
8677198502139,3432.561,batt,1
8677248350917,3432.561,batt,1
8677298355524,3432.561,batt,1
8677348384974,4010.065,batt,1
8677398335572,4010.065,batt,1
8677448299139,4010.065,batt,1
8677498414524,4010.065,batt,1
8677548366059,4010.065,batt,1
8677598389989,3447.511,batt,1
8677648385950,3447.511,batt,1
8677698509251,3447.511,batt,1
8677748410268,3447.511,batt,1
8677798313419,3447.511,batt,1
8677848331619,4699.963,batt,1
8677898380860,4699.963,batt,1
8677948377238,4699.963,batt,1
8677998329243,4699.963,batt,1
8678048314892,4699.963,batt,1
8678109549593,3969.832,batt,1
8678148299367,3969.832,batt,1
8678198359545,3969.832,batt,1
8678248359829,3969.832,batt,1
8678298442142,2744.650,batt,1
8678348290347,2744.650,batt,1
8678398355525,2744.650,batt,1
8678448413725,2744.650,batt,1
8678498305314,2744.650,batt,1
8678548432834,3928.265,batt,1
8678598351558,3928.265,batt,1
8678648323145,3928.265,batt,1
8678698329054,3928.265,batt,1
8678748298037,3928.265,batt,1
8678798368059,3063.529,batt,1
8678848334698,3063.529,batt,1
8678898342482,3063.529,batt,1
8678948373025,3063.529,batt,1
8678998331019,3063.529,batt,1
8679048344219,3496.973,batt,1
8679098325910,3496.973,batt,1
8679148282915,3496.973,batt,1
8679198411632,3496.973,batt,1
8679248216558,3496.973,batt,1
8679298494438,2888.061,batt,1
8679348433526,2888.061,batt,1
8679398408863,2888.061,batt,1
8679448397949,2888.061,batt,1
8679498327350,2888.061,batt,1
8679548425131,3819.177,batt,1
8679598325262,3819.177,batt,1
8679648396221,3819.177,batt,1
8679698357496,3819.177,batt,1
8679748368822,3819.177,batt,1
8679798331242,1974.153,batt,1
8679848336422,1974.153,batt,1
8679898373164,1974.153,batt,1
8679948376416,1974.153,batt,1
8679998354149,1974.153,batt,1
8680048350475,3716.249,batt,1
8680098391800,3716.249,batt,1
8680148340366,3716.249,batt,1
8680198256695,3716.249,batt,1
8680248476816,3716.249,batt,1
8680298331688,3583.691,batt,1
8680348264213,3583.691,batt,1
8680398360432,3583.691,batt,1
8680448368893,3583.691,batt,1
8680498333241,3583.691,batt,1
8680548355608,4424.093,batt,1
8680598355163,4424.093,batt,1
8680648362322,4424.093,batt,1
8680698364325,4424.093,batt,1
8680748376744,4424.093,batt,1
8680798321561,3491.134,batt,1
8680848441477,3491.134,batt,1
8680898374211,3491.134,batt,1
8680948341058,3491.134,batt,1
8680998352280,3491.134,batt,1
8681048341887,3682.377,batt,1
8681098319880,3682.377,batt,1
8681148338185,3682.377,batt,1
8681198374718,3682.377,batt,1
8681248271776,3682.377,batt,1
8681298346328,4082.778,batt,1
8681348362393,4082.778,batt,1
8681398319397,4082.778,batt,1
8681448366764,4082.778,batt,1
8681498293560,4082.778,batt,1
8681548408685,3819.048,batt,1
8681598394542,3819.048,batt,1
8681648431023,3819.048,batt,1
8681698271052,3819.048,batt,1
8681748429508,3819.048,batt,1
8681798341982,3519.590,batt,1
8681848419191,3519.590,batt,1
8681898381820,3519.590,batt,1
8681948324971,3519.590,batt,1
8681998381712,3519.590,batt,1
8682048346424,4398.906,batt,1
8682098340510,4398.906,batt,1
8682148365742,4398.906,batt,1
8682198314360,4398.906,batt,1
8682248342821,4398.906,batt,1
8682298267170,2348.210,batt,1
8682348311828,2348.210,batt,1
8682398283779,2348.210,batt,1
8682448265262,2348.210,batt,1
8682498285233,2348.210,batt,1
8682548292652,1776.623,batt,1
