t_mono_ns,power_mW,src,valid
7897508698538,1211.552,batt,1
7897558728892,1722.331,batt,1
7897608714768,1722.331,batt,1
7897658731059,1722.331,batt,1
7897708746986,1722.331,batt,1
7897758753382,1722.331,batt,1
7897808702540,1655.745,batt,1
7897858696645,1655.745,batt,1
7897908696009,1655.745,batt,1
7897958695999,1655.745,batt,1
7898009002595,1655.745,batt,1
7898058975346,1365.148,batt,1
7898108749197,1365.148,batt,1
7898158746322,1365.148,batt,1
7898208734698,1365.148,batt,1
7898258732708,1365.148,batt,1
7898308729365,1310.991,batt,1
7898358730292,1310.991,batt,1
7898408717939,1310.991,batt,1
7898458704752,1310.991,batt,1
7898508734220,1310.991,batt,1
7898558732075,951.288,batt,1
7898608728888,951.288,batt,1
7898658731273,951.288,batt,1
7898708680952,951.288,batt,1
7898758728180,951.288,batt,1
7898808729056,678.358,batt,1
7898858732535,678.358,batt,1
7898908725338,678.358,batt,1
7898958729025,678.358,batt,1
7899008744431,678.358,batt,1
7899058745567,590.411,batt,1
7899108724985,590.411,batt,1
7899158732214,590.411,batt,1
7899208725954,590.411,batt,1
7899258731777,590.411,batt,1
7899308745100,652.718,batt,1
7899358729778,652.718,batt,1
7899408758933,652.718,batt,1
7899458701685,652.718,batt,1
7899508762038,652.718,batt,1
7899558734268,705.392,batt,1
7899608728165,705.392,batt,1
7899658730759,705.392,batt,1
7899708727051,705.392,batt,1
7899758730270,705.392,batt,1
7899808724114,621.055,batt,1
7899858730249,621.055,batt,1
7899908734250,621.055,batt,1
7899958732885,621.055,batt,1
7900008730688,621.055,batt,1
7900058761510,601.482,batt,1
7900108759625,601.482,batt,1
7900158730501,601.482,batt,1
7900208760594,601.482,batt,1
7900258730898,601.482,batt,1
7900308731825,600.324,batt,1
7900358759574,600.324,batt,1
7900408728107,600.324,batt,1
7900458723670,600.324,batt,1
7900508730430,600.324,batt,1
7900558762086,1652.316,batt,1
7900608735827,1652.316,batt,1
7900658748212,1652.316,batt,1
7900708755233,1652.316,batt,1
7900758734442,1652.316,batt,1
7900808765994,2566.485,batt,1
7900858755411,2566.485,batt,1
7900908760244,2566.485,batt,1
7900958762786,2566.485,batt,1
7901008765537,2566.485,batt,1
7901058742663,2958.355,batt,1
7901108757287,2958.355,batt,1
7901158983104,2958.355,batt,1
7901208760600,2958.355,batt,1
7901258812203,2958.355,batt,1
7901308937294,5600.402,batt,1
7901358870879,5600.402,batt,1
7901408772643,5600.402,batt,1
7901459048563,5600.402,batt,1
7901508829652,5600.402,batt,1
7901558812143,6452.422,batt,1
7901608767655,6452.422,batt,1
7901658740041,6452.422,batt,1
7901708813362,6452.422,batt,1
7901758775593,6452.422,batt,1
7901808988962,6958.860,batt,1
7901858949266,6958.860,batt,1
7901908849571,6958.860,batt,1
7901958733366,6958.860,batt,1
7902008856530,6958.860,batt,1
7902058797875,6515.937,batt,1
7902108826302,6515.937,batt,1
7902158892540,6515.937,batt,1
7902208848260,6515.937,batt,1
7902258771013,6515.937,batt,1
7902308809960,5731.525,batt,1
7902358777086,5731.525,batt,1
7902408827491,5731.525,batt,1
7902458708995,5731.525,batt,1
7902508859137,4920.431,batt,1
7902558768660,4920.431,batt,1
7902608921042,4920.431,batt,1
7902658867804,4920.431,batt,1
7902708751391,4920.431,batt,1
7902758740287,5680.685,batt,1
7902808930168,5680.685,batt,1
7902858949011,5680.685,batt,1
7902908831921,5680.685,batt,1
7902958766548,5680.685,batt,1
7903008963043,5335.858,batt,1
7903058998761,5335.858,batt,1
7903108703916,5335.858,batt,1
7903158825621,5335.858,batt,1
7903208958628,5335.858,batt,1
7903258889036,6450.267,batt,1
7903308764707,6450.267,batt,1
7903358797769,6450.267,batt,1
7903408808175,6450.267,batt,1
7903458856445,6450.267,batt,1
7903508745656,5046.476,batt,1
7903558787937,5046.476,batt,1
7903608797770,5046.476,batt,1
7903659012181,5046.476,batt,1
7903708848269,5046.476,batt,1
7903758822270,4662.744,batt,1
7903808805073,4662.744,batt,1
7903858811521,4662.744,batt,1
7903908764950,4662.744,batt,1
7903958769002,4662.744,batt,1
7904008847584,5320.738,batt,1
7904058809293,5320.738,batt,1
7904108770691,5320.738,batt,1
7904159023329,5320.738,batt,1
7904208849783,5320.738,batt,1
7904258747588,5696.854,batt,1
7904308772577,5696.854,batt,1
7904358815691,5696.854,batt,1
7904408800473,5696.854,batt,1
7904458766297,5696.854,batt,1
7904508870451,5130.129,batt,1
7904558801797,5130.129,batt,1
7904608821682,5130.129,batt,1
7904658856618,5130.129,batt,1
7904708996709,5130.129,batt,1
7904758743893,4632.567,batt,1
7904808803152,4632.567,batt,1
7904858889233,4632.567,batt,1
7904908843964,4632.567,batt,1
7904958788174,4632.567,batt,1
7905008769988,5439.516,batt,1
7905058808466,5439.516,batt,1
7905108782571,5439.516,batt,1
7905158746937,5439.516,batt,1
7905208782395,5439.516,batt,1
7905258797488,5254.806,batt,1
7905308819353,5254.806,batt,1
7905358751011,5254.806,batt,1
7905408777875,5254.806,batt,1
7905458812812,5254.806,batt,1
7905508808062,4437.988,batt,1
7905558779980,4437.988,batt,1
7905608941893,4437.988,batt,1
7905658839854,4437.988,batt,1
7905708774481,4437.988,batt,1
7905758866083,4970.732,batt,1
7905808791492,4970.732,batt,1
7905858952988,4970.732,batt,1
7905908839179,4970.732,batt,1
7905958789951,4970.732,batt,1
7906008811295,4179.676,batt,1
7906058800243,4179.676,batt,1
7906108751172,4179.676,batt,1
7906158775328,4179.676,batt,1
7906208847034,4179.676,batt,1
7906258823692,5495.423,batt,1
7906308812380,5495.423,batt,1
7906358784974,5495.423,batt,1
7906409073237,5495.423,batt,1
7906458736987,5495.423,batt,1
7906508813433,5255.115,batt,1
7906558933680,5255.115,batt,1
7906608728415,5255.115,batt,1
7906658840746,5255.115,batt,1
7906708776623,5255.115,batt,1
7906761372633,5008.253,batt,1
7906808825768,5008.253,batt,1
7906858749041,5008.253,batt,1
7906908856997,5008.253,batt,1
7906958771156,5008.253,batt,1
7907008822290,5494.719,batt,1
7907058738949,5494.719,batt,1
7907108768938,5494.719,batt,1
7907158784865,5494.719,batt,1
7907208809646,5494.719,batt,1
7907258771512,4039.233,batt,1
7907308770095,4039.233,batt,1
7907358751440,4039.233,batt,1
7907408778564,4039.233,batt,1
7907458793554,4039.233,batt,1
7907508790731,4052.829,batt,1
7907558785721,4052.829,batt,1
7907608795190,4052.829,batt,1
7907658833929,4052.829,batt,1
7907708839023,4052.829,batt,1
7907758805107,4074.215,batt,1
7907808784369,4074.215,batt,1
7907858752849,4074.215,batt,1
7907908804556,4074.215,batt,1
7907958814910,4074.215,batt,1
7908008780422,4109.733,batt,1
7908058793849,4109.733,batt,1
7908108833369,4109.733,batt,1
7908158771225,4109.733,batt,1
7908208808089,4109.733,batt,1
7908258813756,3666.310,batt,1
7908308852026,3666.310,batt,1
7908358791341,3666.310,batt,1
7908408845652,3666.310,batt,1
7908458790695,3666.310,batt,1
7908508783862,3573.950,batt,1
7908558831455,3573.950,batt,1
7908608908787,3573.950,batt,1
7908658853466,3573.950,batt,1
7908708784603,3768.037,batt,1
7908758755740,3767.132,batt,1
7908808789687,3767.132,batt,1
7908858811864,3767.132,batt,1
7908908766438,3767.132,batt,1
7908958812729,3823.032,batt,1
7909008797667,3823.032,batt,1
7909058853228,3823.032,batt,1
7909108808011,3823.032,batt,1
7909158771544,3823.032,batt,1
7909208759347,3558.431,batt,1
7909258800481,3558.431,batt,1
7909308862136,3558.431,batt,1
7909358758483,3558.431,batt,1
7909408862168,3558.431,batt,1
7909458807732,3047.363,batt,1
7909508771838,3047.363,batt,1
7909558841825,3047.363,batt,1
7909608763901,3047.363,batt,1
7909658827118,3047.363,batt,1
7909708820077,3267.306,batt,1
7909758792620,3267.306,batt,1
7909808781204,3267.306,batt,1
7909858793016,3267.306,batt,1
7909908888993,3267.306,batt,1
7909958759924,3669.846,batt,1
7910008812777,3669.846,batt,1
7910058780424,3669.846,batt,1
7910108801611,3669.846,batt,1
7910158759519,3669.846,batt,1
7910208859975,3510.450,batt,1
7910258812935,3510.450,batt,1
7910308864121,3510.450,batt,1
7910358769739,3510.450,batt,1
7910408821654,3510.450,batt,1
7910458895496,3882.634,batt,1
7910508783145,3882.634,batt,1
7910558785166,3882.634,batt,1
7910608833801,3882.634,batt,1
7910658802125,3882.634,batt,1
7910708838155,3584.560,batt,1
7910758759710,3584.560,batt,1
7910808810271,3584.560,batt,1
7910858792241,3584.560,batt,1
7910908773013,3584.560,batt,1
7910958757482,3505.001,batt,1
7911008774607,3505.001,batt,1
7911058808242,3505.001,batt,1
7911108763910,3505.001,batt,1
7911158762806,3505.001,batt,1
7911208812951,4160.198,batt,1
7911258791118,4160.198,batt,1
7911308752359,4160.198,batt,1
7911358806098,4160.198,batt,1
7911408796661,4160.198,batt,1
7911458781339,3872.929,batt,1
7911508803047,3872.929,batt,1
7911558774496,3872.929,batt,1
7911608798339,3872.929,batt,1
7911658782704,3872.929,batt,1
7911708836078,3799.268,batt,1
7911758775028,3799.268,batt,1
7911808772831,3799.268,batt,1
7911858792455,3799.268,batt,1
7911908785518,3799.268,batt,1
7911959054146,4142.976,batt,1
7912008770342,4142.976,batt,1
7912058747677,4142.976,batt,1
7912108812144,4142.976,batt,1
7912158810571,4142.976,batt,1
7912208826498,3691.018,batt,1
7912258780291,3691.018,batt,1
7912308744709,3691.018,batt,1
7912358829384,3691.018,batt,1
7912408808437,3691.018,batt,1
7912458795303,3676.727,batt,1
7912508791022,3676.727,batt,1
7912558778147,3676.727,batt,1
7912608826313,3676.727,batt,1
7912658772294,3676.727,batt,1
7912708780200,3434.076,batt,1
7912758817585,3434.076,batt,1
7912808775441,3434.076,batt,1
7912858806992,3434.076,batt,1
7912908781202,3434.076,batt,1
7912958800358,3563.447,batt,1
7913008783056,3563.447,batt,1
7913058803150,3563.447,batt,1
7913108755276,3563.447,batt,1
7913158772662,3563.447,batt,1
7913208805932,3316.245,batt,1
7913258797797,3316.245,batt,1
7913308825963,3316.245,batt,1
7913358777829,3316.245,batt,1
7913408865004,3316.245,batt,1
7913458767341,3800.646,batt,1
7913508773685,3800.646,batt,1
7913558850964,3800.646,batt,1
7913608714656,3800.646,batt,1
7913658815632,3800.646,batt,1
7913708756405,3394.578,batt,1
7913758816602,3394.578,batt,1
7913808760603,3394.578,batt,1
7913858783093,3394.578,batt,1
7913908876049,3394.578,batt,1
7913958799166,3617.911,batt,1
7914008796916,3617.911,batt,1
7914058803260,3617.911,batt,1
7914108829395,3617.911,batt,1
7914158792563,3617.911,batt,1
7914208805938,3553.486,batt,1
7914258768064,3553.486,batt,1
7914308776283,3553.486,batt,1
7914358772836,3553.486,batt,1
7914408745222,3553.486,batt,1
7914458731827,2575.707,batt,1
7914508763795,2575.707,batt,1
7914558831231,2575.707,batt,1
7914608765337,2575.707,batt,1
7914658894282,2575.707,batt,1
7914708789743,3585.077,batt,1
7914758825982,3585.077,batt,1
7914808842013,3585.077,batt,1
7914858785338,3585.077,batt,1
7914908780224,3585.077,batt,1
7914958770683,3499.160,batt,1
7915008860410,3499.160,batt,1
7915058796652,3499.160,batt,1
7915108724560,3499.160,batt,1
7915158839182,4212.655,batt,1
7915208788965,4212.655,batt,1
7915258759945,4212.655,batt,1
7915308764831,4212.655,batt,1
7915358786591,4212.655,batt,1
7915408785800,3781.126,batt,1
7915458813914,3781.126,batt,1
7915508779113,3781.126,batt,1
7915558749156,3781.126,batt,1
7915608790915,3781.126,batt,1
7915658835748,3750.732,batt,1
7915708830113,3750.732,batt,1
7915758853852,3750.732,batt,1
7915808767438,3750.732,batt,1
7915858773782,3750.732,batt,1
7915908756845,3891.627,batt,1
7915958769387,3891.627,batt,1
7916008794793,3891.627,batt,1
7916058780512,3891.627,batt,1
7916108758784,3891.627,batt,1
7916158846688,3602.602,batt,1
7916208818554,3602.602,batt,1
7916258804429,3602.602,batt,1
7916308821502,3602.602,batt,1
7916358829877,3602.602,batt,1
7916408860335,4087.064,batt,1
7916458825534,4087.064,batt,1
7916508847763,4087.064,batt,1
7916558809994,4087.064,batt,1
7916608816858,4087.064,batt,1
7916658827421,3878.113,batt,1
7916708792360,3878.113,batt,1
7916758811932,3878.113,batt,1
7916808817287,3878.113,batt,1
7916858755664,3878.113,batt,1
7916908812371,3701.964,batt,1
7916958802465,3701.964,batt,1
7917008761831,3701.964,batt,1
7917058997752,3701.964,batt,1
7917108744936,3701.964,batt,1
7917158765342,3647.415,batt,1
7917208804133,3647.415,batt,1
7917258813966,3647.415,batt,1
7917308829373,3647.415,batt,1
7917358769520,3647.415,batt,1
7917408780968,3462.593,batt,1
7917458774760,3462.593,batt,1
7917508768761,3462.593,batt,1
7917558758230,3462.593,batt,1
7917608796240,3462.593,batt,1
7917658782220,3735.517,batt,1
7917708881738,3735.517,batt,1
7917758777095,3735.517,batt,1
7917808786616,3735.517,batt,1
7917858823272,3735.517,batt,1
7917908764565,3609.626,batt,1
7917958852782,3609.626,batt,1
7918008756577,3609.626,batt,1
7918058807815,3609.626,batt,1
7918108821398,3609.626,batt,1
7918158818472,3903.195,batt,1
7918208785754,3903.195,batt,1
7918258823399,3903.195,batt,1
7918308788286,3903.195,batt,1
7918358755048,3903.195,batt,1
7918408803942,3834.242,batt,1
7918458755288,3834.242,batt,1
7918508789235,3834.242,batt,1
7918558783652,3834.242,batt,1
7918608835255,3834.242,batt,1
7918658848682,3747.045,batt,1
7918708805392,3747.045,batt,1
7918758756113,3747.045,batt,1
7918808795216,3747.045,batt,1
7918858790675,3747.045,batt,1
7918908775717,3938.436,batt,1
7918958812841,3938.436,batt,1
7919008937984,3938.436,batt,1
7919058670638,3938.436,batt,1
7919108774739,3938.436,batt,1
7919158811707,3785.633,batt,1
7919208791281,3785.633,batt,1
7919258725335,3785.633,batt,1
7919308781001,3785.633,batt,1
7919358788751,3785.633,batt,1
7919408834416,3942.928,batt,1
7919458803105,3942.928,batt,1
7919508862624,3942.928,batt,1
7919558760378,3942.928,batt,1
7919608829376,3942.928,batt,1
7919658796086,3783.671,batt,1
7919708791128,3783.671,batt,1
7919758767472,3783.671,batt,1
7919808904750,3783.671,batt,1
7919858726464,3783.671,batt,1
7919908788483,3626.759,batt,1
7919958843159,3626.759,batt,1
7920008839816,3626.759,batt,1
7920058832045,3626.759,batt,1
7920108772089,3626.759,batt,1
7920158750569,3476.650,batt,1
7920208796860,3476.650,batt,1
7920258825130,3476.650,batt,1
7920308810849,3476.650,batt,1
7920358812975,3476.650,batt,1
7920408818433,4046.065,batt,1
7920458771914,4046.065,batt,1
7920508801122,4046.065,batt,1
7920558727103,4046.065,batt,1
7920608905734,4046.065,batt,1
7920658747343,4066.035,batt,1
7920708756447,4066.035,batt,1
7920758819664,4066.035,batt,1
7920808771531,4066.035,batt,1
7920858754802,4066.035,batt,1
7920908749480,3605.200,batt,1
7920958775667,3605.200,batt,1
7921008861331,3605.200,batt,1
7921058763459,3605.200,batt,1
7921108792876,3605.200,batt,1
7921158856457,3385.120,batt,1
7921208785981,3385.120,batt,1
7921258773158,3385.120,batt,1
7921308784033,3385.120,batt,1
7921358766472,3385.120,batt,1
7921408809012,3583.093,batt,1
7921458780826,3583.093,batt,1
7921508801180,3583.093,batt,1
7921558806013,3583.093,batt,1
7921608811420,3603.074,batt,1
7921658726568,3603.074,batt,1
7921708830461,3603.074,batt,1
7921758767589,3603.074,batt,1
7921808838774,3603.074,batt,1
7921858745590,3364.141,batt,1
7921908780579,3364.141,batt,1
7921958765517,3364.141,batt,1
7922008779100,3364.141,batt,1
7922058816277,3364.141,batt,1
7922108756268,3739.402,batt,1
7922158796101,3739.402,batt,1
7922208786768,3739.402,batt,1
7922258764050,3739.402,batt,1
7922308836590,3739.402,batt,1
7922358769186,3542.919,batt,1
7922408882870,3542.919,batt,1
7922458786926,3542.919,batt,1
7922508797071,3542.919,batt,1
7922558794405,3542.919,batt,1
7922608801843,3642.117,batt,1
7922658850165,3642.117,batt,1
7922708794844,3642.117,batt,1
7922758808739,3642.117,batt,1
7922808785240,3642.117,batt,1
7922858734607,3667.020,batt,1
7922908759127,3667.020,batt,1
7922958787241,3667.020,batt,1
7923008793741,3667.020,batt,1
7923058757534,3667.020,batt,1
7923108952154,3627.646,batt,1
7923158799075,3627.646,batt,1
7923208760160,3627.646,batt,1
7923258794159,3627.646,batt,1
7923308829409,3627.646,batt,1
7923358779556,3417.948,batt,1
7923408776734,3417.948,batt,1
7923458788650,3417.948,batt,1
7923508817962,3417.948,batt,1
7923558826910,3417.948,batt,1
7923608815755,4161.232,batt,1
7923658759027,4161.232,batt,1
7923708773027,4161.232,batt,1
7923758796246,4161.232,batt,1
7923808883733,4161.232,batt,1
7923858751383,3131.407,batt,1
7923908808923,3131.407,batt,1
7923958816205,3131.407,batt,1
7924008867287,3131.407,batt,1
7924058760561,3131.407,batt,1
7924108788935,3313.820,batt,1
7924158801529,3313.820,batt,1
7924208791415,3313.820,batt,1
7924258796144,3313.820,batt,1
7924308810717,3313.820,batt,1
7924358750396,3722.311,batt,1
7924408771115,3722.311,batt,1
7924458761522,3722.311,batt,1
7924508762032,3722.311,batt,1
7924558777595,3722.311,batt,1
7924608837739,3904.805,batt,1
7924658761585,3904.805,batt,1
7924708766888,3904.805,batt,1
7924758809845,3904.805,batt,1
7924808809418,3904.805,batt,1
7924858785294,3760.319,batt,1
7924908812315,3760.319,batt,1
7924958789597,3760.319,batt,1
7925008782556,3760.319,batt,1
7925058780827,3760.319,batt,1
7925108796702,3532.690,batt,1
7925158780442,3532.690,batt,1
7925208815483,3532.690,batt,1
7925258769328,3532.690,batt,1
7925308773797,3532.690,batt,1
7925358804672,4048.399,batt,1
7925408870962,4048.399,batt,1
7925458792881,4048.399,batt,1
7925508813443,4048.399,batt,1
7925558838432,4048.399,batt,1
7925608827277,3823.667,batt,1
7925658850235,3823.667,batt,1
7925708803299,3823.667,batt,1
7925758771571,3823.667,batt,1
7925808873850,3823.667,batt,1
7925858826549,3144.842,batt,1
7925908799977,3144.842,batt,1
7925958907100,3144.842,batt,1
7926008781937,3144.842,batt,1
7926058768750,3144.842,batt,1
7926108833738,3183.828,batt,1
7926158789562,3183.828,batt,1
7926208772521,3183.828,batt,1
7926258794125,3183.828,batt,1
7926308825469,3183.828,batt,1
7926358781762,4011.077,batt,1
7926408827636,4011.077,batt,1
7926458782262,4011.077,batt,1
7926508852146,4011.077,batt,1
7926558820887,4011.077,batt,1
7926608751347,3661.907,batt,1
7926658790763,3661.907,batt,1
7926708833721,3661.907,batt,1
7926758795587,3661.907,batt,1
7926808793285,3661.907,batt,1
7926858800045,3629.112,batt,1
7926908855919,3629.112,batt,1
7926958831483,3629.112,batt,1
7927008775485,3629.112,batt,1
7927058768443,3629.112,batt,1
7927108811817,3374.178,batt,1
7927158787329,3374.178,batt,1
7927208769142,3374.178,batt,1
7927258790017,3374.178,batt,1
7927308817141,3374.178,batt,1
7927358851193,3548.029,batt,1
7927408756446,3548.029,batt,1
7927458807841,3548.029,batt,1
7927508808924,3548.029,batt,1
7927558803081,3548.029,batt,1
7927608795936,3525.762,batt,1
7927658768687,3525.762,batt,1
7927708862163,3525.762,batt,1
7927758852674,3525.762,batt,1
7927808775219,3751.993,batt,1
7927858736720,3751.993,batt,1
7927908775563,3751.993,batt,1
7927958776490,3751.993,batt,1
7928008862519,3751.993,batt,1
7928058879228,3560.521,batt,1
7928108848333,3560.521,batt,1
7928158796710,3560.521,batt,1
7928208764148,3560.521,batt,1
7928258766690,3560.521,batt,1
7928308853136,3522.638,batt,1
7928358848178,3522.638,batt,1
7928408784159,3522.638,batt,1
7928458910083,3522.638,batt,1
7928508785181,3522.638,batt,1
7928558825690,3432.499,batt,1
7928608809222,3432.499,batt,1
7928658806087,3432.499,batt,1
7928708791338,3432.499,batt,1
7928758756225,3432.499,batt,1
7928808834962,3620.213,batt,1
7928858784433,3620.213,batt,1
7928908782183,3620.213,batt,1
7928958768476,3620.213,batt,1
7929008730394,3620.213,batt,1
7929058826527,3852.100,batt,1
7929108783862,3852.100,batt,1
7929158825152,3852.100,batt,1
7929208796862,3852.100,batt,1
7929258824663,3852.100,batt,1
7929308828091,4167.305,batt,1
7929358771155,4167.305,batt,1
7929408827758,4167.305,batt,1
7929458768947,4167.305,batt,1
7929508802999,4167.305,batt,1
7929558789552,3563.105,batt,1
7929608806156,3563.105,batt,1
7929658826353,3563.105,batt,1
7929708792073,3563.105,batt,1
7929758805604,3563.105,batt,1
7929808752263,3249.628,batt,1
7929858962194,3249.628,batt,1
7929908769846,3249.628,batt,1
7929958784106,3249.628,batt,1
7930008763576,3249.628,batt,1
7930058772524,3998.061,batt,1
7930108765014,3998.061,batt,1
7930158774118,3998.061,batt,1
7930208773066,3998.061,batt,1
7930258824826,3998.061,batt,1
7930308751224,3940.152,batt,1
7930358783244,3940.152,batt,1
7930408853440,3940.152,batt,1
7930458854472,3940.152,batt,1
7930508787693,3940.152,batt,1
7930558820807,3291.262,batt,1
7930608786110,3291.262,batt,1
7930658824536,3291.262,batt,1
7930708814995,3291.262,batt,1
7930758805038,3291.262,batt,1
7930808796694,3995.035,batt,1
7930858814080,3995.035,batt,1
7930908814538,3995.035,batt,1
7930958784946,3995.035,batt,1
7931008782852,3995.035,batt,1
7931058822320,3634.526,batt,1
7931108816581,3634.526,batt,1
7931158854330,3634.526,batt,1
7931208778072,3634.526,batt,1
7931258744990,3634.526,batt,1
7931308778990,3447.416,batt,1
7931358814812,3447.416,batt,1
7931408800583,3447.416,batt,1
7931458771095,3447.416,batt,1
7931508811344,3447.416,batt,1
7931558863468,3420.743,batt,1
7931608767679,3420.743,batt,1
7931658810741,3420.743,batt,1
7931708753649,3420.743,batt,1
7931758765826,3420.743,batt,1
7931808782013,3617.778,batt,1
7931858833460,3617.778,batt,1
7931908782514,3617.778,batt,1
7931958853804,3617.778,batt,1
7932008834732,3617.778,batt,1
7932058790348,3768.548,batt,1
7932108810858,3768.548,batt,1
7932158793973,3768.548,batt,1
7932208804067,3768.548,batt,1
7932258796089,3768.548,batt,1
7932308831390,3711.897,batt,1
7932358772475,3711.897,batt,1
7932408806058,3711.897,batt,1
7932458797506,3711.897,batt,1
7932508771299,3711.897,batt,1
7932558740196,3650.587,batt,1
7932608827631,3650.587,batt,1
7932658790227,3650.587,batt,1
7932708940420,3650.587,batt,1
7932758820830,3650.587,batt,1
7932808752541,3546.023,batt,1
7932858861434,3546.023,batt,1
7932908818873,3546.023,batt,1
7932958818655,3546.023,batt,1
7933008828175,3546.023,batt,1
7933058773584,3704.945,batt,1
7933108786646,3704.945,batt,1
7933158773928,3704.945,batt,1
7933208769907,3704.945,batt,1
7933258749377,3704.945,batt,1
7933308744263,3465.938,batt,1
7933358769460,3465.938,batt,1
7933408805699,3465.938,batt,1
7933458863448,3465.938,batt,1
7933508818595,3465.938,batt,1
7933558784159,3692.797,batt,1
7933608784514,3692.797,batt,1
7933658779191,3692.797,batt,1
7933708846367,3692.797,batt,1
7933758790889,3692.797,batt,1
7933808799994,3736.774,batt,1
7933858872429,3736.774,batt,1
7933908784974,3736.774,batt,1
7933958867722,3736.774,batt,1
7934021345744,3710.404,batt,1
7934058804787,3710.404,batt,1
7934108757903,3710.404,batt,1
7934158794610,3710.404,batt,1
7934208785486,3710.404,batt,1
7934258776153,3993.246,batt,1
7934308805205,3993.246,batt,1
7934358813892,3993.246,batt,1
7934408750967,3993.246,batt,1
7934458829288,3993.246,batt,1
7934508814227,3764.119,batt,1
7934558823487,3764.119,batt,1
7934608827852,3764.119,batt,1
7934658851539,3764.119,batt,1
7934708731376,3764.119,batt,1
7934758776260,3915.446,batt,1
7934808819791,3915.446,batt,1
7934858791396,3915.446,batt,1
7934908848988,3915.446,batt,1
7934958786324,3915.446,batt,1
7935008753190,3410.460,batt,1
7935058837969,3410.460,batt,1
7935108752857,3410.460,batt,1
7935158792377,3410.460,batt,1
7935208826428,3410.460,batt,1
7935258797357,3331.736,batt,1
7935308795732,3331.736,batt,1
7935358769004,3331.736,batt,1
7935408813836,3331.736,batt,1
7935458792212,3331.736,batt,1
7935508754859,4182.438,batt,1
7935558904168,4182.438,batt,1
7935608774682,4182.438,batt,1
7935658762225,4182.438,batt,1
7935708839087,4182.438,batt,1
7935758827098,3560.217,batt,1
7935808782037,3560.217,batt,1
7935858775986,3560.217,batt,1
7935908784725,3560.217,batt,1
7935958786226,3560.217,batt,1
7936008802621,3584.009,batt,1
7936058768237,3584.009,batt,1
7936108777602,3584.009,batt,1
7936158840455,3584.009,batt,1
7936208805550,3584.009,batt,1
7936258791373,3592.942,batt,1
7936308845424,3592.942,batt,1
7936358786145,3592.942,batt,1
7936408829727,3592.942,batt,1
7936458805082,3592.942,batt,1
7936508792573,3424.697,batt,1
7936558819801,3424.697,batt,1
7936608804844,3424.697,batt,1
7936658845614,3424.697,batt,1
7936708852739,3424.697,batt,1
7936758807105,3554.931,batt,1
7936808803657,3554.931,batt,1
7936858780992,3554.931,batt,1
7936908845511,3554.931,batt,1
7936958822429,3554.931,batt,1
7937008763149,3779.274,batt,1
7937058791263,3779.274,batt,1
7937108849481,3779.274,batt,1
7937158685986,3779.274,batt,1
7937208791962,3779.274,batt,1
7937258839086,3766.638,batt,1
7937308796786,3766.638,batt,1
7937358791984,3766.638,batt,1
7937408811505,3766.638,batt,1
7937458805922,3766.638,batt,1
7937508756225,3606.657,batt,1
7937558830692,3606.657,batt,1
7937608783652,3606.657,batt,1
7937658786975,3606.657,batt,1
7937708779830,3606.657,batt,1
7937758769352,3305.981,batt,1
7937808744446,3305.981,batt,1
7937858778966,3305.981,batt,1
7937908825674,3305.981,batt,1
7937958796550,3305.981,batt,1
7938008899349,4004.434,batt,1
7938058778145,4004.434,batt,1
7938108823498,4004.434,batt,1
7938158846716,4004.434,batt,1
7938208816499,4004.434,batt,1
7938258819301,3417.446,batt,1
7938308849238,3417.446,batt,1
7938358751731,3417.446,batt,1
7938408768178,3417.446,batt,1
7938458829260,3417.446,batt,1
7938508860656,3918.880,batt,1
7938558796741,3918.880,batt,1
7938608835636,3918.880,batt,1
7938658890624,3918.880,batt,1
7938708759785,3918.880,batt,1
7938758727744,3417.371,batt,1
7938808781639,3417.371,batt,1
7938858739859,3417.371,batt,1
7938908881876,3417.371,batt,1
7938958789889,3417.371,batt,1
7939008855555,3820.278,batt,1
7939058769089,3820.278,batt,1
7939108912824,3820.278,batt,1
7939158750111,3820.278,batt,1
7939208812494,3820.278,batt,1
7939258805245,3372.419,batt,1
7939308826068,3372.419,batt,1
7939358781892,3372.419,batt,1
7939408829537,3372.419,batt,1
7939458804996,3372.419,batt,1
7939508780143,3664.542,batt,1
7939558831902,3664.542,batt,1
7939608832934,3664.542,batt,1
7939658806154,3664.542,batt,1
7939708736927,3664.542,batt,1
7939758863319,3302.118,batt,1
7939808776228,3302.118,batt,1
7939858788718,3302.118,batt,1
7939908758709,3302.118,batt,1
7939958773854,3302.118,batt,1
7940008809364,4121.748,batt,1
7940058747585,4121.748,batt,1
7940108772366,4121.748,batt,1
7940158843656,4121.748,batt,1
7940208825938,3522.807,batt,1
7940258772596,3522.807,batt,1
7940308773158,3522.807,batt,1
7940358791481,3522.807,batt,1
7940408826001,3522.807,batt,1
7940458798596,3795.151,batt,1
7940508804107,3795.151,batt,1
7940558737953,3795.151,batt,1
7940608772942,3795.151,batt,1
7940658838763,3795.151,batt,1
7940708814222,3452.854,batt,1
7940758774682,3452.854,batt,1
7940808847795,3452.854,batt,1
7940858767006,3452.854,batt,1
7940908906419,3452.854,batt,1
7940958781829,4146.364,batt,1
7941008910617,4146.364,batt,1
7941058782381,4146.364,batt,1
7941108843880,4146.364,batt,1
7941158788767,4146.364,batt,1
7941208843287,3471.643,batt,1
7941258769112,3471.643,batt,1
7941308803216,3471.643,batt,1
7941358758519,3471.643,batt,1
7941408824289,3471.643,batt,1
7941458829695,4054.777,batt,1
7941508749062,4054.777,batt,1
7941558939932,4054.777,batt,1
7941608845706,4054.777,batt,1
7941658832207,4054.777,batt,1
7941708778136,3741.336,batt,1
7941758754584,3741.336,batt,1
7941808830145,3741.336,batt,1
7941858773001,3741.336,batt,1
7941908959913,3741.336,batt,1
7941958741263,3447.176,batt,1
7942008762190,3447.176,batt,1
7942058784210,3447.176,batt,1
7942108793523,3447.176,batt,1
7942158852313,3447.176,batt,1
7942208824908,3972.212,batt,1
7942258763754,3972.212,batt,1
7942308794993,3972.212,batt,1
7942358801285,3972.212,batt,1
7942408821118,3972.212,batt,1
7942458762359,3970.860,batt,1
7942508794692,3970.860,batt,1
7942558812338,3970.860,batt,1
7942608768995,3970.860,batt,1
7942658818828,3970.860,batt,1
7942708817411,3234.392,batt,1
7942758785162,3234.392,batt,1
7942808851296,3234.392,batt,1
7942858798319,3234.392,batt,1
7942908859245,3234.392,batt,1
7942958821892,3769.244,batt,1
7943008767092,3769.244,batt,1
7943058826403,3769.244,batt,1
7943108804414,3769.244,batt,1
7943158823466,3769.244,batt,1
7943208776895,3988.747,batt,1
7943258776780,3988.747,batt,1
7943308728126,3988.747,batt,1
7943358867070,3988.747,batt,1
7943408751594,3988.747,batt,1
7943458765490,3417.783,batt,1
7943508792615,3417.783,batt,1
7943558776563,3417.783,batt,1
7943608788845,3417.783,batt,1
7943658827792,3417.783,batt,1
7943708776273,3473.545,batt,1
7943758774335,3473.545,batt,1
7943808819897,3473.545,batt,1
7943858789002,3473.545,batt,1
7943908930499,3473.545,batt,1
7943958724661,4310.920,batt,1
7944008804024,4310.920,batt,1
7944058813232,4310.920,batt,1
7944108796191,4310.920,batt,1
7944158899511,4310.920,batt,1
7944208873565,3753.229,batt,1
7944258766891,3753.229,batt,1
7944308769381,3753.229,batt,1
7944358759475,3753.229,batt,1
7944408800453,3753.229,batt,1
7944458841067,3519.775,batt,1
7944508788715,3519.775,batt,1
7944558822454,3519.775,batt,1
7944608799423,3519.775,batt,1
7944658801861,3519.775,batt,1
7944708840860,3787.192,batt,1
7944758835017,3787.192,batt,1
7944808906984,3787.192,batt,1
7944858848850,3787.192,batt,1
7944908815664,3787.192,batt,1
7944958774718,3528.308,batt,1
7945008760073,3528.308,batt,1
7945058878184,3528.308,batt,1
7945108852393,3528.308,batt,1
7945158908371,3528.308,batt,1
7945208808104,3804.716,batt,1
7945258738877,3804.716,batt,1
7945308776678,3804.716,batt,1
7945358825521,3804.716,batt,1
7945408777335,3804.716,batt,1
7945458823678,4033.634,batt,1
7945508769242,4033.634,batt,1
7945558778190,4033.634,batt,1
7945608803179,4033.634,batt,1
7945658814940,4033.634,batt,1
7945708782587,3680.261,batt,1
7945758823565,3680.261,batt,1
7945808797045,3680.261,batt,1
7945858780056,3680.261,batt,1
7945908826555,3680.261,batt,1
7945958770870,3976.869,batt,1
7946008741902,3976.869,batt,1
7946058807567,3976.869,batt,1
7946108831254,3976.869,batt,1
7946158855410,3976.869,batt,1
7946208793579,3597.289,batt,1
7946258818099,3597.289,batt,1
7946308808089,3597.289,batt,1
7946358792559,3597.289,batt,1
7946408849995,3596.054,batt,1
7946458794570,3594.324,batt,1
7946508787373,3594.324,batt,1
7946558782310,3594.324,batt,1
7946608785842,3594.324,batt,1
7946658785936,3618.625,batt,1
7946708778166,3618.625,batt,1
7946758787634,3618.625,batt,1
7946808782520,3618.625,batt,1
7946858755584,3618.625,batt,1
7946908794583,3594.003,batt,1
7946958767595,3594.003,batt,1
7947008784199,3594.003,batt,1
7947058821948,3594.003,batt,1
7947108838396,3594.003,batt,1
7947158833438,3452.283,batt,1
7947208789002,3452.283,batt,1
7947258808314,3452.283,batt,1
7947308799294,3452.283,batt,1
7947358866000,3452.283,batt,1
7947408823648,3574.498,batt,1
7947458797597,3574.498,batt,1
7947508833627,3574.498,batt,1
7947558787577,3574.498,batt,1
7947608725016,3574.498,batt,1
7947658784327,3740.277,batt,1
7947708798484,3740.277,batt,1
7947758821598,3740.277,batt,1
7947808772214,3740.277,batt,1
7947858810901,3740.277,batt,1
7947908843494,3497.870,batt,1
7947958794787,3497.870,batt,1
7948008807641,3497.870,batt,1
7948058807579,3497.870,batt,1
7948108789757,3497.870,batt,1
7948158813809,3525.664,batt,1
7948208790310,3525.664,batt,1
7948258873683,3525.664,batt,1
7948308818778,3525.664,batt,1
7948358910016,3525.664,batt,1
7948408745948,3814.367,batt,1
7948458815675,3814.367,batt,1
7948508811394,3814.367,batt,1
7948558781906,3814.367,batt,1
7948608816686,3814.367,batt,1
7948658734647,3839.478,batt,1
7948708838124,3839.478,batt,1
7948758842020,3839.478,batt,1
7948808795865,3839.478,batt,1
7948858834396,3839.478,batt,1
7948908755325,3669.317,batt,1
7948958773596,3669.317,batt,1
7949008789263,3669.317,batt,1
7949058787846,3669.317,batt,1
7949108815439,3669.317,batt,1
7949158745744,3793.896,batt,1
7949208782972,3793.896,batt,1
7949258908167,3793.896,batt,1
7949308787275,3793.896,batt,1
7949358732631,3793.896,batt,1
7949408900949,4227.932,batt,1
7949458784484,4227.932,batt,1
7949508872388,4227.932,batt,1
7949558773579,4227.932,batt,1
7949608772787,4227.932,batt,1
7949658813453,3781.053,batt,1
7949708796360,3781.053,batt,1
7949758772236,3781.053,batt,1
7949808800507,3781.053,batt,1
7949858788778,3781.053,batt,1
7949908778924,3707.975,batt,1
7949958861204,3707.975,batt,1
7950008818799,3707.975,batt,1
7950058757697,3707.975,batt,1
7950108818518,3707.975,batt,1
7950158775384,4061.544,batt,1
7950208812873,4061.544,batt,1
7950258777395,4061.544,batt,1
7950308798062,4061.544,batt,1
7950358827113,4061.544,batt,1
7950408784709,3568.695,batt,1
7950458850270,3568.695,batt,1
7950508773335,3568.695,batt,1
7950558798688,3568.695,batt,1
7950608788887,3568.695,batt,1
7950658796533,4041.828,batt,1
7950708768190,4041.828,batt,1
7950758819064,4041.828,batt,1
7950808830043,4041.828,batt,1
7950858764045,4041.828,batt,1
7950908799399,4172.615,batt,1
7950958803763,4172.615,batt,1
7951008854273,4172.615,batt,1
7951058795150,4172.615,batt,1
7951108830764,4172.615,batt,1
7951158743516,3631.876,batt,1
7951208793296,3631.876,batt,1
7951258820786,3631.876,batt,1
7951308773225,3631.876,batt,1
7951358859306,3631.876,batt,1
7951408817526,3452.373,batt,1
7951458792465,3452.373,batt,1
7951508860630,3452.373,batt,1
7951558775310,3452.373,batt,1
7951608792122,3452.373,batt,1
7951658786487,3964.392,batt,1
7951708779185,3964.392,batt,1
7951758825268,3964.392,batt,1
7951808848069,3964.392,batt,1
7951858768374,3964.392,batt,1
7951908780655,3658.891,batt,1
7951958761583,3658.891,batt,1
7952008810270,3658.891,batt,1
7952058770104,3658.891,batt,1
7952108791552,3658.891,batt,1
7952158783261,3571.856,batt,1
7952208790334,3571.856,batt,1
7952258779907,3571.856,batt,1
7952308848958,3571.856,batt,1
7952358777387,3571.856,batt,1
7952408815293,3716.606,batt,1
7952458791221,3716.606,batt,1
7952508822876,3716.606,batt,1
7952558788076,3716.606,batt,1
7952608798065,3400.405,batt,1
7952658783160,3398.606,batt,1
7952708831794,3398.606,batt,1
7952758785952,3398.606,batt,1
7952808827034,3398.606,batt,1
7952858672862,3707.810,batt,1
7952908815869,3707.810,batt,1
7952958821848,3707.810,batt,1
7953008804963,3707.810,batt,1
7953058757507,3707.810,batt,1
7953108955355,3536.361,batt,1
7953158764622,3536.361,batt,1
7953208793569,3536.361,batt,1
7953258802881,3536.361,batt,1
7953308806205,3536.361,batt,1
7953358789216,3417.290,batt,1
7953408771498,3417.290,batt,1
7953458776227,3417.290,batt,1
7953508797935,3417.290,batt,1
7953558849278,3417.290,batt,1
7953608805467,3550.715,batt,1
7953658862747,3550.715,batt,1
7953708814978,3550.715,batt,1
7953758778614,3550.715,batt,1
7953808804593,3550.715,batt,1
7953858803437,3902.552,batt,1
7953908797229,3902.552,batt,1
7953958797740,3902.552,batt,1
7954008768147,3902.552,batt,1
7954058760065,3902.552,batt,1
7954108764169,3557.709,batt,1
7954158778794,3557.709,batt,1
7954208797742,3557.709,batt,1
7954258836480,3557.709,batt,1
7954308754650,3557.709,batt,1
7954358773181,3468.704,batt,1
7954408806503,3468.704,batt,1
7954458832482,3468.704,batt,1
7954508809139,3468.704,batt,1
7954558829336,3468.704,batt,1
7954608823493,3513.417,batt,1
7954658761870,3513.417,batt,1
7954708829619,3513.417,batt,1
7954758806224,3513.417,batt,1
7954808764444,3513.417,batt,1
7954858755372,3487.036,batt,1
7954908983949,3487.036,batt,1
7954958795663,3487.036,batt,1
7955008800913,3487.036,batt,1
7955058860224,3487.036,batt,1
7955108859797,3784.982,batt,1
7955158780050,3784.982,batt,1
7955208784050,3784.982,batt,1
7955258777790,3784.982,batt,1
7955308826008,3784.982,batt,1
7955358782561,3962.977,batt,1
7955408850258,3962.977,batt,1
7955458785614,3962.977,batt,1
7955508816853,3962.977,batt,1
7955558808301,3962.977,batt,1
7955608795271,3559.362,batt,1
7955658810573,3559.362,batt,1
7955708873165,3559.362,batt,1
7955758849562,3559.362,batt,1
7955808832573,3559.362,batt,1
7955858799543,3909.419,batt,1
7955908735108,3909.419,batt,1
7955958821606,3909.419,batt,1
7956008787586,3909.419,batt,1
7956058767368,3909.419,batt,1
7956108772983,3927.617,batt,1
7956158790264,3927.617,batt,1
7956208820982,3927.617,batt,1
7956258735766,3927.617,batt,1
7956308761745,3927.617,batt,1
7956358791213,3865.943,batt,1
7956408790682,3865.943,batt,1
7956458929730,3865.943,batt,1
7956508745507,3865.943,batt,1
7956558821224,3865.943,batt,1
7956608826995,3375.249,batt,1
7956658811412,3375.249,batt,1
7956708783903,3375.249,batt,1
7956758761497,3375.249,batt,1
7956808875963,3375.249,batt,1
7956858816372,3387.591,batt,1
7956908808601,3387.591,batt,1
7956958783904,3387.591,batt,1
7957008799415,3387.591,batt,1
7957058785030,3387.591,batt,1
7957108772572,3821.429,batt,1
7957158829383,3821.429,batt,1
7957208802916,3821.429,batt,1
7957258788010,3821.429,batt,1
7957308798833,3821.429,batt,1
7957358834134,3585.796,batt,1
7957408829229,3585.796,batt,1
7957458794272,3585.796,batt,1
7957508757700,3585.796,batt,1
7957558842219,3585.796,batt,1
7957608844344,3683.439,batt,1
7957658751993,3683.439,batt,1
7957708779482,3683.439,batt,1
7957758795200,3683.439,batt,1
7957808816700,3683.439,batt,1
7957858780233,3869.089,batt,1
7957908833711,3869.089,batt,1
7957958789639,3869.089,batt,1
7958008800150,3869.089,batt,1
7958058826858,3869.089,batt,1
7958108855128,3267.252,batt,1
7958158799442,3267.252,batt,1
7958208850212,3267.252,batt,1
7958258791558,3267.252,batt,1
7958308794152,3267.252,batt,1
7958358768934,3447.322,batt,1
7958408809704,3447.322,batt,1
7958458781465,3447.322,batt,1
7958508790622,3447.322,batt,1
7958558907119,3447.322,batt,1
7958608815028,3771.862,batt,1
7958658822986,3771.862,batt,1
7958708836570,3771.862,batt,1
7958758826299,3771.862,batt,1
7958808798165,3390.102,batt,1
7958858807217,3386.190,batt,1
7958908855331,3386.190,batt,1
7958958799489,3386.190,batt,1
7959008841353,3386.190,batt,1
7959058780302,3510.503,batt,1
7959108857269,3510.503,batt,1
7959158758772,3510.503,batt,1
7959208784022,3510.503,batt,1
7959258853125,3510.503,batt,1
7959308828740,3973.915,batt,1
7959358748055,3973.915,batt,1
7959408761847,3973.915,batt,1
7959458966518,3973.915,batt,1
7959508747348,3973.915,batt,1
7959558843325,3377.458,batt,1
7959608792222,3377.458,batt,1
7959658756901,3377.458,batt,1
7959708852096,3377.458,batt,1
7959758810629,3377.458,batt,1
7959808799577,4070.584,batt,1
7959858787172,4070.584,batt,1
7959908874503,4070.584,batt,1
7959958781787,4070.584,batt,1
7960008938595,4070.584,batt,1
7960058729372,4092.295,batt,1
7960108810818,4092.295,batt,1
7960158770289,4092.295,batt,1
7960208770435,4092.295,batt,1
7960258790320,4092.295,batt,1
7960308840933,3651.326,batt,1
7960358841600,3651.326,batt,1
7960408851746,3651.326,batt,1
7960458770228,3651.326,batt,1
7960508786832,3651.326,batt,1
7960558767551,3662.959,batt,1
7960608769260,3662.959,batt,1
7960658818519,3662.959,batt,1
7960708802312,3662.959,batt,1
7960758832978,3662.959,batt,1
7960808755782,4354.999,batt,1
7960858807542,4354.999,batt,1
7960908802844,4354.999,batt,1
7960958801115,4354.999,batt,1
7961008802355,4354.999,batt,1
7961058784637,2913.823,batt,1
7961108808220,2913.823,batt,1
7961158875604,2913.823,batt,1
7961208770545,2913.823,batt,1
7961258815221,2913.823,batt,1
7961308803701,3603.121,batt,1
7961358769629,3603.121,batt,1
7961408805972,3603.121,batt,1
7961458765442,3603.121,batt,1
7961508786005,3603.121,batt,1
7961558775786,3961.531,batt,1
7961608772808,3961.531,batt,1
7961658833525,3961.531,batt,1
7961708762996,3961.531,batt,1
7961759084748,3961.531,batt,1
7961808748966,3393.739,batt,1
7961858778017,3393.739,batt,1
7961908795611,3393.739,batt,1
7961958769976,3393.739,batt,1
7962008784237,3393.739,batt,1
7962058768498,3607.350,batt,1
7962108792758,3607.350,batt,1
7962158801966,3607.350,batt,1
7962208774717,3607.350,batt,1
7962258766270,3607.350,batt,1
7962308827300,3783.045,batt,1
7962358779947,3783.045,batt,1
7962408739574,3783.045,batt,1
7962458846956,3783.045,batt,1
7962508797625,3783.045,batt,1
7962558819281,4069.287,batt,1
7962608821406,4069.287,batt,1
7962658786189,4069.287,batt,1
7962708812167,4069.287,batt,1
7962758752628,4069.287,batt,1
7962808789804,3673.726,batt,1
7962858844792,3673.726,batt,1
7962908825824,3673.726,batt,1
7962958767743,3673.726,batt,1
7963008880282,3673.726,batt,1
7963058771525,3780.690,batt,1
7963108779691,3780.690,batt,1
7963158773848,3780.690,batt,1
7963208733058,3780.690,batt,1
7963258806744,3780.690,batt,1
7963308825066,3495.066,batt,1
7963358763079,3495.066,batt,1
7963408755361,3495.066,batt,1
7963458821286,3495.066,batt,1
7963508818932,3495.066,batt,1
7963558810641,3440.897,batt,1
7963608898858,3440.897,batt,1
7963658795830,3440.897,batt,1
7963708779101,3440.897,batt,1
7963758960336,3440.897,batt,1
7963808789081,3812.360,batt,1
7963858785269,3812.360,batt,1
7963908771665,3812.360,batt,1
7963958826654,3812.360,batt,1
7964008778884,3812.360,batt,1
7964058806478,3302.874,batt,1
7964108789072,3302.874,batt,1
7964158819426,3302.874,batt,1
7964208782906,3302.874,batt,1
7964258816333,3302.874,batt,1
7964308776376,3682.564,batt,1
7964358834906,3682.564,batt,1
7964408825573,3682.564,batt,1
7964458780825,3682.564,batt,1
7964508854198,3682.564,batt,1
7964558794814,3965.644,batt,1
7964608902405,3965.644,batt,1
7964658803856,3965.644,batt,1
7964708964519,3965.644,batt,1
7964758774410,3965.644,batt,1
7964808747526,4164.398,batt,1
7964858843398,4164.398,batt,1
7964908784067,4164.398,batt,1
7964958743120,4164.398,batt,1
7965008756547,4164.398,batt,1
7965058775495,3694.395,batt,1
7965108866628,3694.395,batt,1
7965158760475,3694.395,batt,1
7965208784735,3694.395,batt,1
7965258778996,3588.811,batt,1
7965308836641,3588.811,batt,1
7965358881733,3588.811,batt,1
7965408821777,3588.811,batt,1
7965458789997,3588.811,batt,1
7965508807538,4083.392,batt,1
7965558865443,4083.392,batt,1
7965608747572,4083.392,batt,1
7965658829174,4083.392,batt,1
7965708827862,4083.392,batt,1
7965758802332,3621.814,batt,1
7965808916068,3621.814,batt,1
7965858760021,3621.814,batt,1
7965908750272,3621.814,batt,1
7965958760522,3621.814,batt,1
7966008833582,4077.351,batt,1
7966058791334,4077.351,batt,1
7966108826531,4077.351,batt,1
7966158767512,4077.351,batt,1
7966208765211,4077.351,batt,1
7966258836396,3680.087,batt,1
7966308765659,3680.087,batt,1
7966358748983,3680.087,batt,1
7966408851991,3680.087,batt,1
7966458823127,3680.087,batt,1
7966508811711,3438.285,batt,1
7966558751026,3438.285,batt,1
7966608782525,3438.285,batt,1
7966658775275,3438.285,batt,1
7966708968802,3438.285,batt,1
7966758753798,3592.494,batt,1
7966808859930,3592.494,batt,1
7966858778829,3592.494,batt,1
7966908806318,3592.494,batt,1
7966958770475,3592.494,batt,1
7967008796662,3528.275,batt,1
7967058799986,3528.275,batt,1
7967108766643,3528.275,batt,1
7967158867932,3528.275,batt,1
7967208796101,3528.275,batt,1
7967258777185,3663.306,batt,1
7967308783685,3663.306,batt,1
7967358778519,3663.306,batt,1
7967408817518,3663.306,batt,1
7967458823133,3663.306,batt,1
7967508797655,3332.488,batt,1
7967558822175,3332.488,batt,1
7967608761490,3332.488,batt,1
7967658849394,3332.488,batt,1
7967708823499,3332.488,batt,1
7967758789688,4251.221,batt,1
7967808791709,4251.221,batt,1
7967858823313,4251.221,batt,1
7967908799501,4251.221,batt,1
7967958797356,4251.221,batt,1
7968008814376,3637.521,batt,1
7968058781815,3637.521,batt,1
7968108770139,3637.521,batt,1
7968158794034,3637.521,batt,1
7968208826210,3637.521,batt,1
7968258777035,3477.319,batt,1
7968308769733,3477.319,batt,1
7968358743787,3477.319,batt,1
7968408810962,3477.319,batt,1
7968458804963,3477.319,batt,1
7968508805317,3902.335,batt,1
7968558826921,3902.335,batt,1
7968608822953,3902.335,batt,1
7968658763725,3902.335,batt,1
7968708835901,3902.335,batt,1
7968758825370,3557.196,batt,1
7968808805881,3557.196,batt,1
7968858777903,3557.196,batt,1
7968908848516,3557.196,batt,1
7968958780695,3557.196,batt,1
7969008927973,3708.688,batt,1
7969058747499,3708.688,batt,1
7969108862538,3708.688,batt,1
7969158748885,3708.688,batt,1
7969208803509,3708.688,batt,1
7969258789280,4072.411,batt,1
7969308776354,4072.411,batt,1
7969358801031,4072.411,batt,1
7969408805135,4072.411,batt,1
7969458826999,4072.411,batt,1
7969508797875,3789.963,batt,1
7969558784168,3789.963,batt,1
7969608768637,3789.963,batt,1
7969658785502,3789.963,batt,1
7969708826688,3789.963,batt,1
7969758817980,3340.212,batt,1
7969808737764,3340.212,batt,1
7969858834678,3340.212,batt,1
7969908791440,3340.212,batt,1
7969958770181,3340.212,batt,1
7970008882616,3872.743,batt,1
7970058793962,3872.743,batt,1
7970108826399,3872.743,batt,1
7970158826337,3872.743,batt,1
7970208773776,3872.743,batt,1
7970258866159,3583.354,batt,1
7970308826098,3583.354,batt,1
7970358773694,3583.354,batt,1
7970408864671,3583.354,batt,1
7970458813881,3583.354,batt,1
7970508779601,3591.510,batt,1
7970558813183,3591.510,batt,1
7970608768227,3591.510,batt,1
7970658818580,3591.510,batt,1
7970708926691,3591.510,batt,1
7970758760644,4163.735,batt,1
7970808827455,4163.735,batt,1
7970858787759,4163.735,batt,1
7970908795405,4163.735,batt,1
7970958765916,4163.735,batt,1
7971008809030,3391.199,batt,1
7971058809176,3391.199,batt,1
7971108868331,3391.199,batt,1
7971158803948,3391.199,batt,1
7971208808781,3391.199,batt,1
7971258828562,3457.366,batt,1
7971308811730,3457.366,batt,1
7971358842812,3457.366,batt,1
7971408817959,3457.366,batt,1
7971458845396,4220.112,batt,1
7971508797783,4220.112,batt,1
7971558838762,4220.112,batt,1
7971608730317,4220.112,batt,1
7971658763743,4220.112,batt,1
7971708808732,3562.762,batt,1
7971758794556,3562.762,batt,1
7971808776473,3562.762,batt,1
7971858784744,3562.762,batt,1
7971908763328,3562.762,batt,1
7971958819306,3664.018,batt,1
7972008775756,3664.018,batt,1
7972058818088,3664.018,batt,1
7972108817818,3664.018,batt,1
7972158784735,3664.018,batt,1
7972208767851,4685.759,batt,1
7972258780965,4685.759,batt,1
7972308778299,4685.759,batt,1
7972358778081,4685.759,batt,1
7972408817601,4685.759,batt,1
7972458769311,3967.353,batt,1
7972508792112,3967.353,batt,1
7972558795644,3967.353,batt,1
7972608853184,3967.353,batt,1
7972658809061,3967.353,batt,1
7972708813842,3549.264,batt,1
7972758755396,3549.264,batt,1
7972808796322,3549.264,batt,1
7972858815478,3549.264,batt,1
7972908807500,3549.264,batt,1
7972958814833,4408.616,batt,1
7973008775032,4408.616,batt,1
7973058883509,4408.616,batt,1
7973108875634,4408.616,batt,1
7973158804689,4408.616,batt,1
7973208740618,3457.055,batt,1
7973258757274,3457.055,batt,1
7973308755649,3457.055,batt,1
7973358761941,3457.055,batt,1
7973408875365,3457.055,batt,1
7973458781139,3578.755,batt,1
7973508745765,3578.755,batt,1
7973558771536,3578.755,batt,1
7973608800796,3578.755,batt,1
7973658790109,3578.755,batt,1
7973708832077,4419.107,batt,1
7973758733059,4419.107,batt,1
7973808719976,4419.107,batt,1
7973858790068,4419.107,batt,1
7973908776569,4419.107,batt,1
7973958959575,3671.611,batt,1
7974008748060,3671.611,batt,1
7974058761018,3671.611,batt,1
7974108791684,3671.611,batt,1
7974158775425,3671.611,batt,1
7974208766509,3397.298,batt,1
7974258755926,3397.298,batt,1
7974308884037,3397.298,batt,1
7974358760854,3397.298,batt,1
7974408775270,3397.298,batt,1
7974458805155,3740.180,batt,1
7974508753480,3740.180,batt,1
7974558789562,3740.180,batt,1
7974608818249,3740.180,batt,1
7974658767616,3740.180,batt,1
7974708795938,3522.419,batt,1
7974758821969,3522.419,batt,1
7974808812948,3522.419,batt,1
7974858822313,3522.419,batt,1
7974908838188,3522.419,batt,1
7974958778805,3598.473,batt,1
7975008779628,3598.473,batt,1
7975058770035,3598.473,batt,1
7975108776743,3598.473,batt,1
7975158827148,3598.473,batt,1
7975208860731,3969.450,batt,1
7975258731141,3969.450,batt,1
7975308831857,3969.450,batt,1
7975358804608,3969.450,batt,1
7975408730746,3969.450,batt,1
7975458768443,3773.821,batt,1
7975508793849,3773.821,batt,1
7975558835609,3773.821,batt,1
7975608870441,3773.821,batt,1
7975658836474,3773.821,batt,1
7975708801465,3608.606,batt,1
7975758847026,3608.606,batt,1
7975808826392,3608.606,batt,1
7975858761644,3608.606,batt,1
7975908874339,3608.606,batt,1
7975958817455,4236.624,batt,1
7976008819789,4236.624,batt,1
7976058806029,4236.624,batt,1
7976108751281,4236.624,batt,1
7976158819029,4236.624,batt,1
7976208781000,3473.616,batt,1
7976258921610,3473.616,batt,1
7976308757751,3473.616,batt,1
7976358815291,3473.616,batt,1
7976408778980,3473.616,batt,1
7976458759179,3523.074,batt,1
7976508815521,3523.074,batt,1
7976558798064,3523.074,batt,1
7976608770086,3523.074,batt,1
7976658829345,3523.074,batt,1
7976708795117,3932.112,batt,1
7976758780472,3932.112,batt,1
7976808747129,3932.112,batt,1
7976858814565,3932.112,batt,1
7976908782420,3932.112,batt,1
7976958762307,3515.546,batt,1
7977008848075,3515.546,batt,1
7977058764734,3515.546,batt,1
7977108716600,3515.546,batt,1
7977158788828,3515.546,batt,1
7977208767204,3836.984,batt,1
7977258830369,3836.984,batt,1
7977308808745,3836.984,batt,1
7977358772278,3836.984,batt,1
7977408792267,3836.984,batt,1
7977458805902,3575.658,batt,1
7977508746467,3575.658,batt,1
7977558758748,3575.658,batt,1
7977608782643,3575.658,batt,1
7977658769769,3550.845,batt,1
7977708838194,3550.845,batt,1
7977758816987,3550.845,batt,1
7977808799998,3550.845,batt,1
7977858931547,3550.845,batt,1
7977908748677,3816.555,batt,1
7977958814967,3816.555,batt,1
7978008819332,3816.555,batt,1
7978058777917,3816.555,batt,1
7978108890195,3816.555,batt,1
7978158863780,3830.796,batt,1
7978208791115,3830.796,batt,1
7978258762929,3830.796,batt,1
7978308787033,3830.796,batt,1
7978358770513,3830.796,batt,1
7978408801335,3610.667,batt,1
7978458842053,3610.667,batt,1
7978508820950,3610.667,batt,1
7978558821981,3610.667,batt,1
7978608774108,3610.667,batt,1
7978658822586,3823.515,batt,1
7978708853252,3823.515,batt,1
7978758779077,3823.515,batt,1
7978808793911,3823.515,batt,1
7978858793953,3823.515,batt,1
7978908769777,3873.728,batt,1
7978958783412,3873.728,batt,1
7979008779391,3873.728,batt,1
7979058794798,3873.728,batt,1
7979108791350,3873.728,batt,1
7979158776653,3477.617,batt,1
7979208812840,3477.617,batt,1
7979258815798,3477.617,batt,1
7979308829590,3477.617,batt,1
7979358852860,3477.617,batt,1
7979408791654,4106.368,batt,1
7979458821383,4106.368,batt,1
7979508765749,4106.368,batt,1
7979558832143,4106.368,batt,1
7979608802915,4106.368,batt,1
7979658778531,3188.296,batt,1
7979708841071,3188.296,batt,1
7979758728824,3188.296,batt,1
7979808789177,3188.296,batt,1
7979858841249,3188.296,batt,1
7979908763272,3602.233,batt,1
7979958819563,3602.233,batt,1
7980008741951,3602.233,batt,1
7980058827198,3602.233,batt,1
7980108774169,3602.233,batt,1
7980158844261,3469.073,batt,1
7980208758941,3469.073,batt,1
7980258731484,3469.073,batt,1
7980308794232,3469.073,batt,1
7980358762556,3469.073,batt,1
7980408790566,3985.742,batt,1
7980458743422,3985.742,batt,1
7980508909397,3985.742,batt,1
7980558720069,3985.742,batt,1
7980608854326,3985.742,batt,1
7980658761662,3516.798,batt,1
7980708788735,3516.798,batt,1
7980758763882,3516.798,batt,1
7980808769548,3516.798,batt,1
7980858908545,3516.798,batt,1
7980908797027,3609.084,batt,1
7980958845610,3609.084,batt,1
7981008772789,3609.084,batt,1
7981058739030,3609.084,batt,1
7981108800893,3609.084,batt,1
7981158820049,4002.454,batt,1
7981208762853,4002.454,batt,1
7981258787582,4002.454,batt,1
7981308829133,4002.454,batt,1
7981358804540,4002.454,batt,1
7981408807863,3522.807,batt,1
7981458800978,3522.807,batt,1
7981508856956,3522.807,batt,1
7981558794448,3522.807,batt,1
7981608842926,3522.807,batt,1
7981658793490,3501.741,batt,1
7981708807646,3501.741,batt,1
7981758771648,3501.741,batt,1
7981808790127,3501.741,batt,1
7981858764284,3501.741,batt,1
7981908817866,3715.070,batt,1
7981958755306,3715.070,batt,1
7982008841543,3715.070,batt,1
7982058831117,3715.070,batt,1
7982108778087,3715.070,batt,1
7982158870262,3532.782,batt,1
7982208819316,3532.782,batt,1
7982258799358,3532.782,batt,1
7982308801952,3532.782,batt,1
7982358756735,3532.782,batt,1
7982408834275,3517.287,batt,1
7982458813536,3517.287,batt,1
7982508844775,3517.287,batt,1
7982558785600,3517.287,batt,1
7982608792309,3517.287,batt,1
7982658820058,3661.890,batt,1
7982708774581,3661.890,batt,1
7982758853058,3661.890,batt,1
7982808752425,3661.890,batt,1
7982858765644,3661.890,batt,1
7982908798602,3343.644,batt,1
7982958810831,3343.644,batt,1
7983008836341,3343.644,batt,1
7983058761177,3343.644,batt,1
7983108748459,3343.644,batt,1
7983158751365,3524.212,batt,1
7983208855883,3524.212,batt,1
7983258796760,3524.212,batt,1
7983308736439,3524.212,batt,1
7983358788042,3524.212,batt,1
7983408789855,3956.422,batt,1
7983458746461,3956.422,batt,1
7983508806032,3956.422,batt,1
7983558859875,3956.422,batt,1
7983608821793,3956.422,batt,1
7983658819075,3643.197,batt,1
7983708790003,3643.197,batt,1
7983758808742,3643.197,batt,1
7983808776806,3643.197,batt,1
7983858810441,3893.530,batt,1
7983908802097,3893.530,batt,1
7983958807295,3893.530,batt,1
7984008823639,3893.530,batt,1
7984058825660,3893.530,batt,1
7984108810338,3536.147,batt,1
7984158797568,3536.147,batt,1
7984208756673,3536.147,batt,1
7984258755101,3536.147,batt,1
7984308766497,3536.147,batt,1
7984358844193,3863.168,batt,1
7984408831839,3863.168,batt,1
7984458813757,3863.168,batt,1
7984508849318,3863.168,batt,1
7984558759103,3863.168,batt,1
7984608813101,4009.102,batt,1
7984658755228,4009.102,batt,1
7984708776103,4009.102,batt,1
7984758835779,4009.102,batt,1
7984808782489,4009.102,batt,1
7984858810967,3429.471,batt,1
7984908768302,3429.471,batt,1
7984958838290,3429.471,batt,1
7985008780209,3429.471,batt,1
7985058788636,3429.471,batt,1
7985108857582,3980.653,batt,1
7985158833198,3980.653,batt,1
7985208841000,3980.653,batt,1
7985258779117,3980.653,batt,1
7985308838011,3980.653,batt,1
7985358837011,3635.224,batt,1
7985408803669,3635.224,batt,1
7985458781211,3635.224,batt,1
7985508787607,3635.224,batt,1
7985558725776,3635.224,batt,1
7985608821857,3132.085,batt,1
7985658800285,3132.085,batt,1
7985708854909,3132.085,batt,1
7985758808181,3132.085,batt,1
7985808860253,3132.085,batt,1
7985858932741,3707.440,batt,1
7985908789922,3707.440,batt,1
7985958814599,3707.440,batt,1
7986008802298,3707.440,batt,1
7986058797496,3707.440,batt,1
7986108756029,3394.415,batt,1
7986158815340,3394.415,batt,1
7986208781633,3394.415,batt,1
7986258863235,3394.415,batt,1
7986308743384,3394.415,batt,1
7986358828424,3246.728,batt,1
7986408819195,3246.728,batt,1
7986458799550,3246.728,batt,1
7986508739334,3246.728,batt,1
7986558828488,3246.728,batt,1
7986608809103,3897.953,batt,1
7986658850342,3897.953,batt,1
7986708849290,3897.953,batt,1
7986758747252,3897.953,batt,1
7986808831979,3897.953,batt,1
7986858814156,3693.149,batt,1
7986908802428,3693.149,batt,1
7986958771898,3693.149,batt,1
7987008735170,3693.149,batt,1
7987058787450,3693.149,batt,1
7987108790409,3844.440,batt,1
7987158744879,3844.440,batt,1
7987208764243,3844.440,batt,1
7987258766889,3844.440,batt,1
7987308807764,3844.440,batt,1
7987358799420,3674.085,batt,1
7987408766130,3674.085,batt,1
7987458735027,3674.085,batt,1
7987508785901,3674.085,batt,1
7987558830577,3674.085,batt,1
7987608827338,3517.914,batt,1
7987658749621,3517.914,batt,1
7987708838515,3517.914,batt,1
7987758816943,3517.914,batt,1
7987808804069,3517.914,batt,1
7987858865515,3182.443,batt,1
7987908797330,3182.443,batt,1
7987958799559,3182.443,batt,1
7988008833715,3182.443,batt,1
7988058776259,3182.443,batt,1
7988108878641,3806.316,batt,1
7988158795821,3806.316,batt,1
7988208799300,3806.316,batt,1
7988258787103,3806.316,batt,1
7988308783083,3806.316,batt,1
7988358854894,3404.779,batt,1
7988408744991,3404.779,batt,1
7988458778573,3404.779,batt,1
7988508803094,3404.779,batt,1
7988558801573,3404.779,batt,1
7988608803490,3382.233,batt,1
7988658787231,3382.233,batt,1
7988708777012,3382.233,batt,1
7988758779086,3382.233,batt,1
7988808851261,3382.233,batt,1
7988858845209,4010.257,batt,1
7988908775826,4010.257,batt,1
7988958787170,4010.257,batt,1
7989008797316,4010.257,batt,1
7989058791785,4010.257,batt,1
7989108840263,2498.189,batt,1
7989158801921,2498.189,batt,1
7989208819983,2498.189,batt,1
7989258828306,2498.189,batt,1
7989308766735,2498.189,batt,1
7989358800005,3843.574,batt,1
7989408827807,3843.574,batt,1
7989458780090,3843.574,batt,1
7989508783830,3843.574,batt,1
7989558826735,3843.574,batt,1
7989608833600,3708.483,batt,1
7989658829162,3708.483,batt,1
7989708846183,3708.483,batt,1
7989758744561,3708.483,batt,1
7989808788040,3708.483,batt,1
7989858841205,3488.833,batt,1
7989908845622,3488.833,batt,1
7989958772228,3488.833,batt,1
7990008845445,3488.833,batt,1
7990058746844,3582.493,batt,1
7990108799958,3582.493,batt,1
7990158868331,3582.493,batt,1
7990208733898,3582.493,batt,1
7990258858832,3582.493,batt,1
7990308737836,4055.683,batt,1
7990358866780,4055.683,batt,1
7990408785522,4055.683,batt,1
7990458769784,4055.683,batt,1
7990508796439,4055.683,batt,1
7990558766378,4128.923,batt,1
7990608846991,4128.923,batt,1
7990658816408,4128.923,batt,1
7990708836814,4128.923,batt,1
7990758732953,4128.923,batt,1
7990808803253,4029.388,batt,1
7990858795796,4029.388,batt,1
7990908834170,4029.388,batt,1
7990958890200,4029.388,batt,1
7991008761964,4029.388,batt,1
7991058776902,4117.345,batt,1
7991108840535,4117.345,batt,1
7991158820578,4117.345,batt,1
7991208754789,4117.345,batt,1
7991258756133,4117.345,batt,1
7991308820339,3642.838,batt,1
7991358761060,3642.838,batt,1
7991408891150,3642.838,batt,1
7991458772498,3642.838,batt,1
7991508780717,3642.838,batt,1
7991558748207,3323.255,batt,1
7991608795175,3323.255,batt,1
7991658791728,3323.255,batt,1
7991708845883,3323.255,batt,1
7991758838529,3323.255,batt,1
7991808815238,4208.183,batt,1
7991858804812,4208.183,batt,1
7991908755324,4208.183,batt,1
7991958810729,4208.183,batt,1
7992008806396,4208.183,batt,1
7992058845083,3434.241,batt,1
7992108840281,3434.241,batt,1
7992158808970,3434.241,batt,1
7992208793387,3434.241,batt,1
7992258792544,3434.241,batt,1
7992308808783,3671.786,batt,1
7992358912156,3671.786,batt,1
7992408811471,3671.786,batt,1
7992458806930,3671.786,batt,1
7992508788743,3671.786,batt,1
7992558762276,3846.473,batt,1
7992608882158,3846.473,batt,1
7992658761526,3846.473,batt,1
7992708785474,3846.473,batt,1
7992758771245,3846.473,batt,1
7992808800089,3334.582,batt,1
7992858750392,3334.582,batt,1
7992908822620,3334.582,batt,1
7992958886827,3334.582,batt,1
7993008819943,3334.582,batt,1
7993058798476,3784.944,batt,1
7993108839818,3784.944,batt,1
7993158787726,3784.944,batt,1
7993208771050,3784.944,batt,1
7993258863017,3784.944,batt,1
7993308805716,4340.574,batt,1
7993358724459,4340.574,batt,1
7993408771895,4340.574,batt,1
7993458770583,4340.574,batt,1
7993508801457,4340.574,batt,1
7993558794989,3630.531,batt,1
7993608834353,3630.531,batt,1
7993658789969,3630.531,batt,1
7993708790896,3630.531,batt,1
7993758777032,3630.531,batt,1
7993808801709,3686.268,batt,1
7993858838781,3686.268,batt,1
7993908785700,3686.268,batt,1
7993958796366,3686.268,batt,1
7994008803491,3686.268,batt,1
7994058729577,3751.704,batt,1
7994108799617,3751.704,batt,1
7994158797055,3751.704,batt,1
7994208846783,3751.704,batt,1
7994258778858,3751.704,batt,1
7994308755776,3451.709,batt,1
7994358785869,3451.709,batt,1
7994408829243,3451.709,batt,1
7994458745277,3451.709,batt,1
7994508841618,3451.709,batt,1
7994558792756,3502.363,batt,1
7994608795662,3502.363,batt,1
7994658808412,3502.363,batt,1
7994708874390,3502.363,batt,1
7994758818912,3502.363,batt,1
7994808788122,4393.328,batt,1
7994858772123,4393.328,batt,1
7994908802007,4393.328,batt,1
7994958815643,4393.328,batt,1
7995008798810,4393.328,batt,1
7995058777551,3621.814,batt,1
7995108807904,3621.814,batt,1
7995158809248,3621.814,batt,1
7995208815384,3621.814,batt,1
7995258829332,3621.814,batt,1
7995308774011,3576.936,batt,1
7995358887851,3576.936,batt,1
7995408784146,3576.936,batt,1
7995458816583,3576.936,batt,1
7995508825739,3576.936,batt,1
7995558779377,3610.422,batt,1
7995608948424,3610.422,batt,1
7995658778731,3610.422,batt,1
7995708928352,3610.422,batt,1
7995758790273,3610.422,batt,1
7995808795940,3841.084,batt,1
7995858784107,3841.084,batt,1
7995908780243,3841.084,batt,1
7995958821951,3841.084,batt,1
7996008788712,3841.084,batt,1
7996058749953,3689.275,batt,1
7996108785463,3689.275,batt,1
7996158715351,3689.275,batt,1
7996208827525,3689.275,batt,1
7996258811057,4438.033,batt,1
7996308828234,4438.033,batt,1
7996358790881,4438.033,batt,1
7996408793579,4438.033,batt,1
7996458775445,4438.033,batt,1
7996508799028,3591.113,batt,1
7996558897244,3591.113,batt,1
7996608804788,3591.113,batt,1
7996658833632,3591.113,batt,1
7996708826174,3591.113,batt,1
7996758760801,3462.497,batt,1
7996808740218,3462.497,batt,1
7996858765781,3462.497,batt,1
7996908796082,3462.497,batt,1
7996958787687,3462.497,batt,1
7997008774031,4541.990,batt,1
7997058892924,4541.990,batt,1
7997108763178,4541.990,batt,1
7997158867644,4541.990,batt,1
7997209366630,4541.990,batt,1
7997258752783,3954.994,batt,1
7997308766627,3954.994,batt,1
7997358795001,3954.994,batt,1
7997408800408,3954.994,batt,1
7997458816387,3954.994,batt,1
7997508813877,3569.210,batt,1
7997558787409,3569.210,batt,1
7997608790159,3569.210,batt,1
7997658763379,3569.210,batt,1
7997708846804,3569.210,batt,1
7997758790233,3246.695,batt,1
7997808793869,3246.695,batt,1
7997858801254,3246.695,batt,1
7997908824994,3246.695,batt,1
7997958763162,3246.695,batt,1
7998008846900,3458.031,batt,1
7998058782048,3458.031,batt,1
7998108861515,3458.031,batt,1
7998158760309,3458.031,batt,1
7998208816339,3458.031,batt,1
7998269347906,4195.369,batt,1
7998308811944,4195.369,batt,1
7998358803861,4195.369,batt,1
7998408797966,4195.369,batt,1
7998458761499,4195.369,batt,1
7998508849924,3886.785,batt,1
7998558787311,3886.785,batt,1
7998608790582,3886.785,batt,1
7998658943641,3886.785,batt,1
7998708753219,3886.785,batt,1
7998758754407,3956.707,batt,1
7998808828613,3956.707,batt,1
7998858793761,3956.707,batt,1
7998908857030,3956.707,batt,1
7998958772387,3956.707,batt,1
7999008762794,3520.164,batt,1
7999058737732,3520.164,batt,1
7999108804439,3520.164,batt,1
7999158797085,3520.164,batt,1
7999208813741,3520.164,batt,1
7999258746858,4171.618,batt,1
7999308760754,4171.618,batt,1
7999358773295,4171.618,batt,1
7999408823492,4171.618,batt,1
7999458796712,4171.618,batt,1
7999508813785,3682.032,batt,1
7999558725496,3682.032,batt,1
7999608911418,3682.032,batt,1
7999658806359,3682.032,batt,1
7999708745986,3682.032,batt,1
7999758772069,3691.036,batt,1
7999808809662,3691.036,batt,1
7999858741476,3691.036,batt,1
7999908875160,3691.036,batt,1
7999958795882,3691.036,batt,1
8000008800924,4016.202,batt,1
8000058802945,4016.202,batt,1
8000108762363,4016.202,batt,1
8000158785477,4016.202,batt,1
8000208849007,4016.202,batt,1
8000258749572,3690.675,batt,1
8000308753312,3690.675,batt,1
8000358835904,3690.675,batt,1
8000408792614,3690.675,batt,1
8000458850154,3690.675,batt,1
8000508750876,3876.177,batt,1
8000558772948,3876.177,batt,1
8000608835020,3876.177,batt,1
8000658778814,3876.177,batt,1
8000708857291,3876.177,batt,1
8000758776866,3920.890,batt,1
8000808780346,3920.890,batt,1
8000858782888,3920.890,batt,1
8000908778034,3920.890,batt,1
8000958797815,3920.890,batt,1
8001008792024,3722.104,batt,1
8001058802690,3722.104,batt,1
8001108768619,3722.104,batt,1
8001158793035,3722.104,batt,1
8001208850367,3722.104,batt,1
8001258843586,3653.258,batt,1
8001308792275,3653.258,batt,1
8001358784609,3653.258,batt,1
8001408758350,3653.258,batt,1
8001458853077,3653.258,batt,1
8001508787860,3809.429,batt,1
8001558821703,3809.429,batt,1
8001608755445,3809.429,batt,1
8001658760383,3809.429,batt,1
8001708851047,3809.429,batt,1
8001758773539,3303.594,batt,1
8001808765040,3303.594,batt,1
8001858835600,3303.594,batt,1
8001908784498,3303.594,batt,1
8001958813706,3303.594,batt,1
8002008801509,3344.556,batt,1
8002058818737,3344.556,batt,1
8002108823519,3344.556,batt,1
8002158806426,3344.556,batt,1
8002208747199,3644.456,batt,1
8002258816301,3649.367,batt,1
8002308778740,3649.367,batt,1
8002358909351,3649.367,batt,1
8002408759710,3649.367,batt,1
8002458762460,3960.414,batt,1
8002508809532,3960.414,batt,1
8002558775773,3960.414,batt,1
8002608776857,3960.414,batt,1
8002658812418,3960.414,batt,1
8002708795377,3692.632,batt,1
8002758775628,3692.632,batt,1
8002808780254,3692.632,batt,1
8002858771754,3692.632,batt,1
8002908815961,3692.632,batt,1
8002958836732,4042.498,batt,1
8003008884221,4042.498,batt,1
8003058797077,4042.498,batt,1
8003108805088,4042.498,batt,1
8003158804036,4042.498,batt,1
8003208804130,3572.714,batt,1
8003258766777,3572.714,batt,1
8003308810985,3572.714,batt,1
8003358822016,3572.714,batt,1
8003408819454,3572.714,batt,1
8003458816111,3518.641,batt,1
8003508740894,3518.641,batt,1
8003558760467,3518.641,batt,1
8003608858319,3518.641,batt,1
8003658787269,3518.641,batt,1
8003708791113,3760.560,batt,1
8003758741677,3760.560,batt,1
8003808827289,3760.560,batt,1
8003858814051,3760.560,batt,1
8003908847529,3760.560,batt,1
8003958817624,3469.007,batt,1
8004008840999,3469.007,batt,1
8004058791354,3469.007,batt,1
8004108802646,3469.007,batt,1
8004158922737,3469.007,batt,1
8004208813146,3456.058,batt,1
8004258780793,3456.058,batt,1
8004308875364,3456.058,batt,1
8004358794523,3456.058,batt,1
8004408779930,3456.058,batt,1
8004458775857,3528.086,batt,1
8004508794076,3528.086,batt,1
8004558814326,3528.086,batt,1
8004608818795,3528.086,batt,1
8004658758734,3528.086,batt,1
8004708743620,3273.709,batt,1
8004758787828,3273.709,batt,1
8004808815629,3273.709,batt,1
8004858788953,3273.709,batt,1
8004908781391,3273.709,batt,1
8004958807526,3419.839,batt,1
8005008778038,3419.839,batt,1
8005058775528,3419.839,batt,1
8005108784319,3419.839,batt,1
8005158978783,3419.839,batt,1
8005208671646,3257.047,batt,1
8005258790383,3257.047,batt,1
8005308814070,3257.047,batt,1
8005358777863,3257.047,batt,1
8005408812487,3257.047,batt,1
8005458798467,4053.931,batt,1
8005508833716,4053.931,batt,1
8005558773343,4053.931,batt,1
8005608766667,4053.931,batt,1
8005658818947,4053.931,batt,1
8005708872216,3595.164,batt,1
8005758786479,3595.164,batt,1
8005808763866,3595.164,batt,1
8005858812292,3595.164,batt,1
8005908873165,3595.164,batt,1
8005958744826,3896.045,batt,1
8006008797731,3896.045,batt,1
8006058837667,3896.045,batt,1
8006108785732,3896.045,batt,1
8006158808325,3896.045,batt,1
8006208805502,4186.027,batt,1
8006258798253,4186.027,batt,1
8006308828242,4186.027,batt,1
8006358793597,4186.027,batt,1
8006408858742,4186.027,batt,1
8006458782953,3694.039,batt,1
8006508744714,3694.039,batt,1
8006558797984,3694.039,batt,1
8006608783755,3694.039,batt,1
8006658767600,3694.039,batt,1
8006708816963,3647.081,batt,1
8006758830234,3647.081,batt,1
8006808878556,3647.081,batt,1
8006858811621,3647.081,batt,1
8006908789215,3647.081,batt,1
8006958802486,4211.260,batt,1
8007008788726,4211.260,batt,1
8007058733718,4211.260,batt,1
8007108820737,4211.260,batt,1
8007158763436,4211.260,batt,1
8007208956806,3874.846,batt,1
8007258780343,3874.846,batt,1
8007308780541,3874.846,batt,1
8007358792249,3874.846,batt,1
8007408825520,3874.846,batt,1
8007458794573,4088.925,batt,1
8007508788677,4088.925,batt,1
8007558756272,4088.925,batt,1
8007608780220,4088.925,batt,1
8007658793178,4088.925,batt,1
8007708738013,3835.586,batt,1
8007758885395,3835.586,batt,1
8007808869500,3835.586,batt,1
8007858750899,3835.586,batt,1
8007908767295,3835.586,batt,1
8007958772962,3727.599,batt,1
8008008800868,3727.599,batt,1
8008058790493,3727.599,batt,1
8008108732568,3727.599,batt,1
8008158779640,3727.599,batt,1
8008208770672,3409.882,batt,1
8008258753475,3409.882,batt,1
8008308854660,3409.882,batt,1
8008358780902,3409.882,batt,1
8008408786672,3747.896,batt,1
8008458778486,3747.896,batt,1
8008508784309,3747.896,batt,1
8008558740654,3747.896,batt,1
8008608794340,3747.896,batt,1
8008658874328,3454.370,batt,1
8008708843433,3454.370,batt,1
8008758833996,3454.370,batt,1
8008808803674,3454.370,batt,1
8008858810800,3454.370,batt,1
8008908833966,3874.473,batt,1
8008958773020,3874.473,batt,1
8009008839414,3874.473,batt,1
8009058770760,3874.473,batt,1
8009108791843,3874.473,batt,1
8009158808291,3632.639,batt,1
8009208809062,3632.639,batt,1
8009258784313,3632.639,batt,1
8009308763574,3632.639,batt,1
8009358819656,3632.639,batt,1
8009408846312,3517.001,batt,1
8009458781721,3517.001,batt,1
8009508799262,3517.001,batt,1
8009558770555,3517.001,batt,1
8009608809450,3517.001,batt,1
8009658859230,3782.507,batt,1
8009708788597,3782.507,batt,1
8009758788899,3782.507,batt,1
8009813446622,3782.507,batt,1
8009858864450,3782.507,batt,1
8009908810066,3803.607,batt,1
8009958723079,3803.607,batt,1
8010008808848,3803.607,batt,1
8010058756548,3803.607,batt,1
8010108861691,3803.607,batt,1
8010158814391,3607.501,batt,1
8010208855942,3607.501,batt,1
8010258762028,3607.501,batt,1
8010308750039,3607.501,batt,1
8010358845912,3607.501,batt,1
8010408787830,3876.640,batt,1
8010458806830,3876.640,batt,1
8010508796924,3876.640,batt,1
8010558806758,3876.640,batt,1
8010608765395,3876.640,batt,1
8010658861163,3762.277,batt,1
8010708774853,3762.277,batt,1
8010758905465,3762.277,batt,1
8010808817488,3762.277,batt,1
8010858756178,3762.277,batt,1
8010908806687,3601.389,batt,1
8010958840686,3601.389,batt,1
8011008797344,3601.389,batt,1
8011058829573,3601.389,batt,1
8011108769200,3601.389,batt,1
8011158820178,3745.450,batt,1
8011208866833,3745.450,batt,1
8011258770419,3745.450,batt,1
8011308908791,3745.450,batt,1
8011358791753,3745.450,batt,1
8011408762160,3787.635,batt,1
8011458787566,3787.635,batt,1
8011508754015,3787.635,batt,1
8011558767598,3787.635,batt,1
8011608826753,3787.635,batt,1
8011658795286,3574.670,batt,1
8011708862565,3574.670,batt,1
8011758813129,3574.670,batt,1
8011808813640,3574.670,batt,1
8011858732695,3574.670,batt,1
8011908793464,3746.407,batt,1
8011958894649,3746.407,batt,1
8012008791361,3746.407,batt,1
8012058788174,3746.407,batt,1
8012108778737,3746.407,batt,1
8012158777581,3656.610,batt,1
8012208793299,3656.610,batt,1
8012258786987,3656.610,batt,1
8012308816664,3656.610,batt,1
8012358837330,3656.610,batt,1
8012408814821,3785.594,batt,1
8012458822102,3785.594,batt,1
8012508798759,3785.594,batt,1
8012558804010,3785.594,batt,1
8012608930246,3785.594,batt,1
8012658783834,3505.338,batt,1
8012708793302,3505.338,batt,1
8012758759960,3505.338,batt,1
8012808781720,3505.338,batt,1
8012858811240,3505.338,batt,1
8012908773731,4132.570,batt,1
8012958815959,4132.570,batt,1
8013008825532,4132.570,batt,1
8013058837345,4132.570,batt,1
8013108829575,4132.570,batt,1
8013158812690,3628.867,batt,1
8013208781847,3628.867,batt,1
8013258819805,3628.867,batt,1
8013308813285,3628.867,batt,1
8013358843326,3628.867,batt,1
8013408769099,4228.780,batt,1
8013458823983,4228.780,batt,1
8013508770120,4228.780,batt,1
8013558928960,4228.780,batt,1
8013608777027,4228.780,batt,1
8013658884878,3623.953,batt,1
8013708759299,3623.953,batt,1
8013758787830,3623.953,batt,1
8013808824694,3623.953,batt,1
8013858817027,3623.953,batt,1
8013908803788,3328.080,batt,1
8013958860287,3328.080,batt,1
8014008826945,3328.080,batt,1
8014058837768,3328.080,batt,1
8014108797759,3328.080,batt,1
8014158813581,3439.991,batt,1
8014208802686,3439.991,batt,1
8014258779500,3439.991,batt,1
8014308810166,3439.991,batt,1
8014358823489,3439.991,batt,1
8014408794625,3509.606,batt,1
8014458754199,3509.606,batt,1
8014508795074,3509.606,batt,1
8014558807928,3509.606,batt,1
8014608756200,3865.949,batt,1
8014658798637,3865.949,batt,1
8014708794356,3865.949,batt,1
8014758823251,3865.949,batt,1
8014808767722,3865.949,batt,1
8014858801878,3929.710,batt,1
8014908798638,3929.710,batt,1
8014958772587,3929.710,batt,1
8015008773671,3929.710,batt,1
8015058794650,3929.710,batt,1
8015108832659,4139.659,batt,1
8015158862284,4139.659,batt,1
8015208773214,4139.659,batt,1
8015258793568,4139.659,batt,1
8015308853920,4139.659,batt,1
8015358786360,4054.709,batt,1
8015408754788,4054.709,batt,1
8015458761393,4054.709,batt,1
8015508747737,4054.709,batt,1
8015558806475,4054.709,batt,1
8015608878755,3878.062,batt,1
8015658758644,3878.062,batt,1
8015708770040,3878.062,batt,1
8015758760655,3878.062,batt,1
8015808818091,3878.062,batt,1
8015858812352,3666.312,batt,1
8015908783176,3666.312,batt,1
8015958864049,3666.312,batt,1
8016008848623,3666.312,batt,1
8016058809864,3666.312,batt,1
8016108788083,3741.199,batt,1
8016158838593,3741.199,batt,1
8016208789365,3741.199,batt,1
8016258874665,3741.199,batt,1
8016308775335,3741.199,batt,1
8016358804595,3563.030,batt,1
8016408799012,3563.030,batt,1
8016458812283,3563.030,batt,1
8016508756128,3563.030,batt,1
8016558851011,3563.030,batt,1
8016608815325,3769.847,batt,1
8016658803961,3769.847,batt,1
8016708764629,3769.847,batt,1
8016758783577,3769.847,batt,1
8016808791483,3769.847,batt,1
8016858719965,3557.918,batt,1
8016908783234,3557.918,batt,1
8016958782547,3557.918,batt,1
8017008738632,3557.918,batt,1
8017058778048,3557.918,batt,1
8017108987563,3720.149,batt,1
8017158781309,3720.149,batt,1
8017208803017,3720.149,batt,1
8017258768580,3720.149,batt,1
8017308807371,3720.149,batt,1
8017358824340,3698.986,batt,1
8017408783810,3698.986,batt,1
8017458801143,3698.986,batt,1
8017508807904,3698.986,batt,1
8017558730500,3698.986,batt,1
8017608791478,3977.153,batt,1
8017658825842,3977.153,batt,1
8017708804478,3977.153,batt,1
8017758746032,3977.153,batt,1
8017808797166,3977.153,batt,1
8017858853353,3386.260,batt,1
8017908781730,3386.260,batt,1
8017958844218,3386.260,batt,1
8018008743898,3386.260,batt,1
8018058794616,3386.260,batt,1
8018108819605,3603.121,batt,1
8018158768971,3603.121,batt,1
8018208786096,3603.121,batt,1
8018258823481,3603.121,batt,1
8018308801596,3603.121,batt,1
8018358812940,3799.318,batt,1
8018408805534,3799.318,batt,1
8018458821461,3799.318,batt,1
8018508800410,3799.318,batt,1
8018558817222,3799.318,batt,1
8018608808775,3859.458,batt,1
8018658772776,3859.458,batt,1
8018708751413,3859.458,batt,1
8018758946084,3859.458,batt,1
8018808771027,3859.458,batt,1
8018858737997,3954.042,batt,1
8018908824703,3954.042,batt,1
8018958786361,3954.042,batt,1
8019008809527,3954.042,batt,1
8019058838631,3954.042,batt,1
8019108801643,3447.654,batt,1
8019158778717,3447.654,batt,1
8019208843705,3447.654,batt,1
8019258815206,3447.654,batt,1
8019308890246,3447.654,batt,1
8019359190383,3696.293,batt,1
8019409236830,3696.293,batt,1
8019459042138,3696.293,batt,1
8019508873070,3696.293,batt,1
8019558796291,3696.293,batt,1
8019608790865,3566.397,batt,1
8019658770022,3566.397,batt,1
8019708786782,3566.397,batt,1
8019758763439,3566.397,batt,1
8019808777596,3566.397,batt,1
8019858760242,3485.191,batt,1
8019908679141,3485.191,batt,1
8019958811314,3485.191,batt,1
8020008808596,3485.191,batt,1
8020058756869,3485.191,batt,1
8020109143827,4086.475,batt,1
8020159324749,4086.475,batt,1
8020208853398,4086.475,batt,1
8020258826618,4086.475,batt,1
8020308766974,4086.475,batt,1
8020358714413,3610.861,batt,1
8020408778776,3610.861,batt,1
8020458819182,3610.861,batt,1
8020508714331,3610.861,batt,1
8020558713071,3610.861,batt,1
8020608722123,1733.345,batt,1
8020658786121,1733.345,batt,1
