t_mono_ns,power_mW,src,valid
9266159770992,1380.901,batt,1
9266209788463,1380.901,batt,1
9266259775623,1380.901,batt,1
9266309814291,1611.692,batt,1
9266359831189,1611.692,batt,1
9266409856889,1611.692,batt,1
9266459886287,1611.692,batt,1
9266509838083,1611.692,batt,1
9266559828368,1941.070,batt,1
9266609800528,1941.070,batt,1
9266659796333,1941.070,batt,1
9266709793127,1941.070,batt,1
9266759868305,1941.070,batt,1
9266809805883,1216.320,batt,1
9266859787470,1216.320,batt,1
9266909786972,1216.320,batt,1
9266959790590,1216.320,batt,1
9267009812436,1216.320,batt,1
9267059786627,1225.046,batt,1
9267109785661,1225.046,batt,1
9267159800841,1225.046,batt,1
9267210047316,1225.046,batt,1
9267259792347,1225.046,batt,1
9267309783881,1235.740,batt,1
9267359785467,1235.740,batt,1
9267409786585,1235.740,batt,1
9267459816035,1235.740,batt,1
9267509794965,1235.740,batt,1
9267560118365,1227.428,batt,1
9267609798919,1227.428,batt,1
9267659791599,1227.428,batt,1
9267709794123,1227.428,batt,1
9267759789199,1227.428,batt,1
9267809784587,1267.917,batt,1
9267859785548,1267.917,batt,1
9267910086240,1267.917,batt,1
9267959797991,1267.917,batt,1
9268009813483,1267.917,batt,1
9268059802986,1204.283,batt,1
9268109802125,1204.283,batt,1
9268159900166,1204.283,batt,1
9268210406426,1204.283,batt,1
9268259763082,1204.283,batt,1
9268309813209,1058.064,batt,1
9268359787504,1058.064,batt,1
9268409790965,1058.064,batt,1
9268459792864,1058.064,batt,1
9268509815491,1058.064,batt,1
9268559786245,677.240,batt,1
9268609829965,677.240,batt,1
9268659794886,677.240,batt,1
9268709789597,677.240,batt,1
9268759795506,677.240,batt,1
9268809790634,720.011,batt,1
9268859807532,720.011,batt,1
9268909806202,720.011,batt,1
9268959791799,720.011,batt,1
9269009848384,720.011,batt,1
9269059791951,620.994,batt,1
9269109793693,620.994,batt,1
9269159790696,620.994,batt,1
9269209792230,620.994,batt,1
9269259793504,620.994,batt,1
9269309835245,653.967,batt,1
9269359790739,653.967,batt,1
9269409828053,653.967,batt,1
9269459796203,653.967,batt,1
9269509819142,653.967,batt,1
9269559789479,677.273,batt,1
9269609777108,677.273,batt,1
9269659794006,677.273,batt,1
9269709793040,677.273,batt,1
9269759791345,677.273,batt,1
9269809793817,676.019,batt,1
9269859792590,676.019,batt,1
9269909793343,676.019,batt,1
9269959794096,676.019,batt,1
9270009832817,676.019,batt,1
9270059790706,673.551,batt,1
9270109792657,673.551,batt,1
9270159768775,673.551,batt,1
9270209791559,673.551,batt,1
9270259793718,673.551,batt,1
9270309788325,614.966,batt,1
9270359774495,614.966,batt,1
9270409847850,614.966,batt,1
9270459985161,614.966,batt,1
9270509804409,1920.811,batt,1
9270559844275,1920.811,batt,1
9270609823102,1920.811,batt,1
9270659804063,1920.811,batt,1
9270709839138,1920.811,batt,1
9270759818642,2646.800,batt,1
9270809812676,2646.800,batt,1
9270859866292,2646.800,batt,1
9270909785328,2646.800,batt,1
9270959800091,2646.800,batt,1
9271009823187,3078.360,batt,1
9271059878261,3078.360,batt,1
9271109852348,3078.360,batt,1
9271160098875,3078.360,batt,1
9271209922081,3078.360,batt,1
9271265331846,5636.680,batt,1
9271309866297,5636.680,batt,1
9271359874914,5636.680,batt,1
9271409940978,5636.680,batt,1
9271459806162,5636.680,batt,1
9271510062376,4730.837,batt,1
9271559967038,4730.837,batt,1
9271609865710,4730.837,batt,1
9271659818860,4730.837,batt,1
9271709903309,4730.837,batt,1
9271759836928,6494.660,batt,1
9271809851743,6494.660,batt,1
9271860082802,6494.660,batt,1
9271909956319,6494.660,batt,1
9271959837908,6494.660,batt,1
9272009845640,6827.591,batt,1
9272059820144,6827.591,batt,1
9272109838604,6827.591,batt,1
9272159826545,6827.591,batt,1
9272210117133,6827.591,batt,1
9272259893726,6356.858,batt,1
9272316385959,6356.858,batt,1
9272359818932,6356.858,batt,1
9272409992440,6356.858,batt,1
9272460135429,6356.858,batt,1
9272509814055,5281.492,batt,1
9272559853453,5281.492,batt,1
9272609831758,5281.492,batt,1
9272659856052,5281.492,batt,1
9272709891335,5281.492,batt,1
9272759991773,6034.286,batt,1
9272809837478,6034.286,batt,1
9272859802451,6034.286,batt,1
9272909798985,6034.286,batt,1
9272959983743,6034.286,batt,1
9273009860802,6426.234,batt,1
9273059872908,6426.234,batt,1
9273109863661,6426.234,batt,1
9273160084773,6426.234,batt,1
9273209854803,6426.234,batt,1
9273259821234,4948.761,batt,1
9273309809018,4948.761,batt,1
9273359852687,4948.761,batt,1
9273409861564,4948.761,batt,1
9273459852057,4948.761,batt,1
9273509825206,4929.776,batt,1
9273559819605,4929.776,batt,1
9273609943480,4929.776,batt,1
9273659910588,4929.776,batt,1
9273709822385,4929.776,batt,1
9273759853553,4813.279,batt,1
9273809992115,4813.279,batt,1
9273859735271,4813.279,batt,1
9273909799876,4813.279,batt,1
9273959848909,4813.279,batt,1
9274010022990,4802.709,batt,1
9274059892913,4802.709,batt,1
9274109842730,4802.709,batt,1
9274159845566,4802.709,batt,1
9274210057303,4802.709,batt,1
9274259853947,6454.267,batt,1
9274309818503,6454.267,batt,1
9274359853213,6454.267,batt,1
9274409801728,6454.267,batt,1
9274459809876,6454.267,batt,1
9274509847399,5008.921,batt,1
9274559832267,5008.921,batt,1
9274609833697,5008.921,batt,1
9274659910177,5008.921,batt,1
9274709902805,5008.921,batt,1
9274759819341,4752.639,batt,1
9274809815615,4752.639,batt,1
9274860067142,4752.639,batt,1
9274909914462,4752.639,batt,1
9274959813082,4752.639,batt,1
9275009827897,5006.778,batt,1
9275060148120,5006.778,batt,1
9275109864975,5006.778,batt,1
9275159860988,5006.778,batt,1
9275209837158,5006.778,batt,1
9275259883222,5000.904,batt,1
9275309892360,5000.904,batt,1
9275359955820,5000.904,batt,1
9275417259228,5000.904,batt,1
9275459863214,5000.904,batt,1
9275510036149,5460.707,batt,1
9275559823627,5460.707,batt,1
9275609862139,5460.707,batt,1
9275659812008,5460.707,batt,1
9275710106502,5460.707,batt,1
9275759939135,4949.866,batt,1
9275809881817,4949.866,batt,1
9275859841998,4949.866,batt,1
9275909845146,4949.866,batt,1
9275959827306,4949.866,batt,1
9276009904046,5982.481,batt,1
9276059808917,5982.481,batt,1
9276109838523,5982.481,batt,1
9276160129684,5982.481,batt,1
9276209841018,5982.481,batt,1
9276259835104,4947.570,batt,1
9276309821691,4947.570,batt,1
9276359860307,4947.570,batt,1
9276409807937,4947.570,batt,1
9276464687143,5314.944,batt,1
9276509910794,5314.944,batt,1
9276560080240,5314.944,batt,1
9276609981777,5314.944,batt,1
9276659894459,5314.944,batt,1
9276709947190,4888.072,batt,1
9276760045648,4890.190,batt,1
9276809844740,4890.190,batt,1
9276859811588,4890.190,batt,1
9276909869631,4890.190,batt,1
9276959825958,3128.361,batt,1
9277009929155,3128.361,batt,1
9277059880587,3128.361,batt,1
9277109840560,3128.361,batt,1
9277159844125,3128.361,batt,1
9277209907897,4090.187,batt,1
9277259921826,4090.187,batt,1
9277309834925,4090.187,batt,1
9277359865000,4090.187,batt,1
9277409844712,4090.187,batt,1
9277459856923,3643.878,batt,1
9277509876113,3643.878,batt,1
9277559785827,3643.878,batt,1
9277609908659,3643.878,batt,1
9277659828790,3643.878,batt,1
9277709792408,3459.861,batt,1
9277759837795,3459.861,batt,1
9277809855370,3459.861,batt,1
9277859807166,3459.861,batt,1
9277909964269,3459.861,batt,1
9277959822265,4005.780,batt,1
9278009986816,4005.780,batt,1
9278059849812,4005.780,batt,1
9278110016029,4005.780,batt,1
9278159906056,4005.780,batt,1
9278209866601,3338.385,batt,1
9278259824908,3338.385,batt,1
9278309792953,3338.385,batt,1
9278359824174,3338.385,batt,1
9278409878623,3338.385,batt,1
9278459934947,3707.070,batt,1
9278509866223,3707.070,batt,1
9278559908277,3707.070,batt,1
9278609839292,3707.070,batt,1
9278659785567,3707.070,batt,1
9278709840329,3823.166,batt,1
9278759855144,3823.166,batt,1
9278809863449,3823.166,batt,1
9278860077841,3823.166,batt,1
9278909825164,3823.166,batt,1
9278959819719,3538.529,batt,1
9279009922709,3538.529,batt,1
9279059918462,3538.529,batt,1
9279109884320,3538.529,batt,1
9279159824710,3538.529,batt,1
9279209894158,3656.782,batt,1
9279259828455,3656.782,batt,1
9279309914570,3656.782,batt,1
9279359813971,3656.782,batt,1
9279409852223,3656.782,batt,1
9279459824071,3860.074,batt,1
9279509927060,3860.074,batt,1
9279559832920,3860.074,batt,1
9279609853620,3860.074,batt,1
9279659854008,3860.074,batt,1
9279709894396,3421.073,batt,1
9279759791870,3421.073,batt,1
9279809975743,3421.073,batt,1
9279859901550,3421.073,batt,1
9279909802878,3421.073,batt,1
9279959881494,3831.268,batt,1
9280009842873,3831.268,batt,1
9280059804252,3831.268,batt,1
9280110042862,3831.268,batt,1
9280160467041,3831.268,batt,1
9280210353370,2905.421,batt,1
9280260353445,2905.421,batt,1
9280310440810,2905.421,batt,1
9280360473437,2905.421,batt,1
9280409934206,2905.421,batt,1
9280460159587,4013.855,batt,1
9280509894827,4013.855,batt,1
9280559895945,4013.855,batt,1
9280609865032,4013.855,batt,1
9280659822973,4013.855,batt,1
9280709926431,3314.894,batt,1
9280759908904,3314.894,batt,1
9280809907521,3314.894,batt,1
9280859888639,3314.894,batt,1
9280909877674,3314.894,batt,1
9280959885822,3576.797,batt,1
9281009912772,3576.797,batt,1
9281059856391,3576.797,batt,1
9281109867717,3576.797,batt,1
9281159872428,3576.797,batt,1
9281209786204,3593.557,batt,1
9281259936848,3593.557,batt,1
9281309926039,3593.557,batt,1
9281359899189,3593.557,batt,1
9281409858224,3593.557,batt,1
9281459866424,3963.837,batt,1
9281509859469,3963.837,batt,1
9281559785068,3963.837,batt,1
9281609862121,3963.837,batt,1
9281659856936,3963.837,batt,1
9281709909406,4045.271,batt,1
9281759820631,4045.271,batt,1
9281809836227,4045.271,batt,1
9281859996975,4045.271,batt,1
9281909824087,4045.271,batt,1
9281959817861,3564.476,batt,1
9282009873091,3564.476,batt,1
9282059900250,3564.476,batt,1
9282109871576,3564.476,batt,1
9282159822904,3564.476,batt,1
9282209815636,3579.818,batt,1
9282259844252,3579.818,batt,1
9282309823964,3579.818,batt,1
9282359857737,3579.818,batt,1
9282409864948,3579.818,batt,1
9282459788880,3258.437,batt,1
9282509828538,3258.437,batt,1
9282559844603,3258.437,batt,1
9282609999987,3258.437,batt,1
9282659831005,3258.437,batt,1
9282709860559,3804.807,batt,1
9282759874489,3804.807,batt,1
9282809848055,3804.807,batt,1
9282859850422,3804.807,batt,1
9282909869143,3804.807,batt,1
9282959910676,3556.550,batt,1
9283009861118,3556.550,batt,1
9283059836195,3556.550,batt,1
9283109921268,3556.550,batt,1
9283159806660,3674.788,batt,1
9283209823402,3674.788,batt,1
9283259878997,3674.788,batt,1
9283309824699,3674.788,batt,1
9283359780818,3674.788,batt,1
9283410537747,3385.904,batt,1
9283460264549,3385.904,batt,1
9283509838231,3385.904,batt,1
9283560425165,3385.904,batt,1
9283610062074,3385.904,batt,1
9283659878457,3592.171,batt,1
9283710144880,3592.171,batt,1
9283759963815,3592.171,batt,1
9283809849415,3592.171,batt,1
9283859786367,3592.171,batt,1
9283909929564,3660.307,batt,1
9283959837299,3660.307,batt,1
9284010005807,3660.307,batt,1
9284059865679,3660.307,batt,1
9284109800288,3660.307,batt,1
9284159804686,3766.589,batt,1
9284209851323,3766.589,batt,1
9284259856659,3766.589,batt,1
9284309876526,3766.589,batt,1
9284359863009,3766.589,batt,1
9284409808503,3457.887,batt,1
9284459891180,3457.887,batt,1
9284509845528,3457.887,batt,1
9284559886644,3457.887,batt,1
9284609831045,3457.887,batt,1
9284659825808,3478.888,batt,1
9284709905465,3478.888,batt,1
9284759863042,3478.888,batt,1
9284809855983,3478.888,batt,1
9284859815070,3478.888,batt,1
9284909836708,3045.247,batt,1
9284959841367,3045.247,batt,1
9285009804985,3045.247,batt,1
9285059862976,3045.247,batt,1
9285109884145,3045.247,batt,1
9285159836930,3967.452,batt,1
9285209961899,3967.452,batt,1
9285259949839,3967.452,batt,1
9285309800805,3967.452,batt,1
9285359929314,3967.452,batt,1
9285409829289,3664.908,batt,1
9285459957434,3664.908,batt,1
9285509914542,3664.908,batt,1
9285559806132,3664.908,batt,1
9285609813915,3664.908,batt,1
9285659884823,3627.501,batt,1
9285709864534,3627.501,batt,1
9285759896849,3627.501,batt,1
9285809884269,3627.501,batt,1
9285859860647,3627.501,batt,1
9285909857129,3102.998,batt,1
9285959810852,3102.998,batt,1
9286009842542,3102.998,batt,1
9286059931105,3102.998,batt,1
9286109824152,3102.998,batt,1
9286159840113,3413.584,batt,1
9286209858678,3413.584,batt,1
9286259843285,3413.584,batt,1
9286309874194,3413.584,batt,1
9286359824010,3413.584,batt,1
9286409833201,3333.019,batt,1
9286459828485,3333.019,batt,1
9286509895538,3333.019,batt,1
9286559894989,3333.019,batt,1
9286609806109,3333.019,batt,1
9286660809437,2747.148,batt,1
9286710344110,2747.148,batt,1
9286760275958,2747.148,batt,1
9286810454466,2747.148,batt,1
9286860546050,2747.148,batt,1
9286909930102,2963.460,batt,1
9286959848826,2963.460,batt,1
9287009868484,2963.460,batt,1
9287059801791,2963.460,batt,1
9287109795825,2963.460,batt,1
9287159798922,3483.936,batt,1
9287209834778,3483.936,batt,1
9287259943861,3483.936,batt,1
9287309929041,3483.936,batt,1
9287359810423,3483.936,batt,1
9287409827217,3322.136,batt,1
9287459863125,3322.136,batt,1
9287509860961,3322.136,batt,1
9287559820101,3322.136,batt,1
9287609909132,3322.136,batt,1
9287659828637,3645.312,batt,1
9287709813453,3645.312,batt,1
9287759911912,3645.312,batt,1
9287809872718,3645.312,batt,1
9287859882116,3645.312,batt,1
9287909893233,3330.548,batt,1
9287959852477,3330.548,batt,1
9288009841095,3330.548,batt,1
9288059816432,3330.548,batt,1
9288109828851,3330.548,batt,1
9288159830385,3214.188,batt,1
9288209831659,3214.188,batt,1
9288259872879,3214.188,batt,1
9288309868320,3214.188,batt,1
9288359838865,3214.188,batt,1
9288409926647,3541.680,batt,1
9288459852923,3541.680,batt,1
9288509861227,3541.680,batt,1
9288559919322,3541.680,batt,1
9288609910440,3541.680,batt,1
9288659849007,3453.590,batt,1
9288709875384,3453.590,batt,1
9288759876606,3453.590,batt,1
9288809894129,3453.590,batt,1
9288859822957,3453.590,batt,1
9288909869177,3818.358,batt,1
9288959836494,3818.358,batt,1
9289009885630,3818.358,batt,1
9289059872009,3818.358,batt,1
9289109777400,3818.358,batt,1
9289159883827,3660.844,batt,1
9289209866351,3660.844,batt,1
9289259863145,3660.844,batt,1
9289309971812,3660.844,batt,1
9289359856631,3395.649,batt,1
9289409885195,3395.649,batt,1
9289459857980,3395.649,batt,1
9289509900971,3395.649,batt,1
9289559900578,3395.649,batt,1
9289609962996,3524.647,batt,1
9289659814951,3524.647,batt,1
9289709860807,3524.647,batt,1
9289759884840,3524.647,batt,1
9289810208449,3524.647,batt,1
9289859800724,3876.894,batt,1
9289910441979,3876.894,batt,1
9289960144719,3876.894,batt,1
9290010703113,3876.894,batt,1
9290060830685,3876.894,batt,1
9290109969483,3187.367,batt,1
9290160489700,3187.367,batt,1
9290209898856,3187.367,batt,1
9290260314284,3187.367,batt,1
9290309894893,3187.367,batt,1
9290359964758,3925.352,batt,1
9290409842910,3925.352,batt,1
9290459908349,3925.352,batt,1
9290509805667,3925.352,batt,1
9290559811368,3925.352,batt,1
9290609885348,3838.946,batt,1
9290659902558,3838.946,batt,1
9290709877427,3838.946,batt,1
9290759856982,3838.946,batt,1
9290809825028,3838.946,batt,1
9290859912861,3833.428,batt,1
9290909854397,3833.428,batt,1
9290959828588,3833.428,batt,1
9291009884444,3833.428,batt,1
9291059867905,3833.428,batt,1
9291109829857,3571.856,batt,1
9291159835298,3571.856,batt,1
9291209897247,3571.856,batt,1
9291259941384,3571.856,batt,1
9291309789016,3571.856,batt,1
9291359813935,3166.584,batt,1
9291409941871,3166.584,batt,1
9291459844502,3166.584,batt,1
9291509818120,3166.584,batt,1
9291559835019,3166.584,batt,1
9291609853115,3557.443,batt,1
9291659816889,3557.443,batt,1
9291709856079,3557.443,batt,1
9291759807718,3557.443,batt,1
9291809858366,3557.443,batt,1
9291859850733,3470.206,batt,1
9291909887787,3470.206,batt,1
9291959907394,3470.206,batt,1
9292009832680,3470.206,batt,1
9292059889317,3470.206,batt,1
9292109842883,3522.977,batt,1
9292159848115,3522.977,batt,1
9292209898658,3522.977,batt,1
9292259811549,3522.977,batt,1
9292309834229,3522.977,batt,1
9292359861231,3814.098,batt,1
9292409864744,3814.098,batt,1
9292459881330,3814.098,batt,1
9292509837448,3814.098,batt,1
9292559895700,3814.098,batt,1
9292609871193,3940.075,batt,1
9292659935694,3940.075,batt,1
9292709852959,3940.075,batt,1
9292759872878,3940.075,batt,1
9292809836289,3940.075,batt,1
9292859927560,3722.461,batt,1
9292909849513,3722.461,batt,1
9292959973908,3722.461,batt,1
9293009856956,3722.461,batt,1
9293060293061,3722.461,batt,1
9293109959344,3292.702,batt,1
9293160188059,3292.702,batt,1
9293210493387,3292.702,batt,1
9293260552679,3292.702,batt,1
9293310278805,3292.702,batt,1
9293360567518,3193.226,batt,1
9293410231354,3193.226,batt,1
9293459804723,3193.226,batt,1
9293510471863,3193.226,batt,1
9293559828624,3193.226,batt,1
9293609886927,3709.057,batt,1
9293659865701,3709.057,batt,1
9293709882131,3709.057,batt,1
9293759873665,3709.057,batt,1
9293809827232,3709.057,batt,1
9293859929961,3413.668,batt,1
9293909814832,3413.668,batt,1
9293959841105,3413.668,batt,1
9294009799463,3413.668,batt,1
9294059891568,3413.668,batt,1
9294109868415,3570.792,batt,1
9294159932083,3570.792,batt,1
9294209841119,3570.792,batt,1
9294259866351,3570.792,batt,1
9294309896009,3570.792,batt,1
9294359820462,3604.853,batt,1
9294409859599,3604.853,batt,1
9294459857279,3604.853,batt,1
9294509843449,3604.853,batt,1
9294559878003,3604.853,batt,1
9294609851673,3193.384,batt,1
9294659893519,3193.384,batt,1
9294709873491,3193.384,batt,1
9294759794402,3193.384,batt,1
9294809845258,3193.384,batt,1
9294859865385,3893.049,batt,1
9294909881086,3893.049,batt,1
9294959840225,3893.049,batt,1
9295009856550,3893.049,batt,1
9295059897458,3893.049,batt,1
9295109869618,3501.970,batt,1
9295159871986,3501.970,batt,1
9295209846646,3501.970,batt,1
9295259837086,3501.970,batt,1
9295309895910,3527.917,batt,1
9295359834946,3529.612,batt,1
9295409875385,3529.612,batt,1
9295459934887,3529.612,batt,1
9295509824757,3529.612,batt,1
9295559904675,3645.999,batt,1
9295609853710,3645.999,batt,1
9295659860713,3645.999,batt,1
9295709894381,3645.999,batt,1
9295759841177,3645.999,batt,1
9295809930105,3555.999,batt,1
9295859815184,3555.999,batt,1
9295909977026,3555.999,batt,1
9295959906270,3555.999,batt,1
9296009840775,3555.999,batt,1
9296059918088,3905.556,batt,1
9296109794001,3905.556,batt,1
9296159831003,3905.556,batt,1
9296210006542,3905.556,batt,1
9296259872143,3905.556,batt,1
9296309833157,3341.980,batt,1
9296359785005,3341.980,batt,1
9296410253245,3341.980,batt,1
9296460300142,3341.980,batt,1
9296510430683,3341.980,batt,1
9296560426592,3215.582,batt,1
9296610332660,3215.582,batt,1
9296660514033,3215.582,batt,1
9296709865013,3215.582,batt,1
9296759817278,3215.582,batt,1
9296809983963,4742.708,batt,1
9296859939457,4742.708,batt,1
9296909936147,4742.708,batt,1
9296959790290,4742.708,batt,1
9297009797657,4742.708,batt,1
9297059909032,3262.181,batt,1
9297109867025,3262.181,batt,1
9297159806270,3262.181,batt,1
9297209881760,3262.181,batt,1
9297259816838,3262.181,batt,1
9297309877849,3598.032,batt,1
9297359857769,3598.032,batt,1
9297409861855,3598.032,batt,1
9297459802245,3598.032,batt,1
9297509848987,3598.032,batt,1
9297559890780,4289.726,batt,1
9297609797890,4289.726,batt,1
9297659818590,4289.726,batt,1
9297709871268,4289.726,batt,1
9297759841814,4289.726,batt,1
9297809809390,3519.268,batt,1
9297859969618,3519.268,batt,1
9297909856520,3519.268,batt,1
9297959946020,3519.268,batt,1
9298009871827,3519.268,batt,1
9298059903152,3747.330,batt,1
9298109785419,3747.330,batt,1
9298160134703,3747.330,batt,1
9298209849735,3747.330,batt,1
9298259826791,3747.330,batt,1
9298309934989,4333.817,batt,1
9298359830119,4333.817,batt,1
9298409832018,4333.817,batt,1
9298459889071,4333.817,batt,1
9298509959822,4333.817,batt,1
9298559895004,3744.370,batt,1
9298609822634,3744.370,batt,1
9298659789586,3744.370,batt,1
9298709807942,3744.370,batt,1
9298759971868,3744.370,batt,1
9298809944340,3638.793,batt,1
9298859800670,3638.793,batt,1
9298909839755,3638.793,batt,1
9298959956859,3638.793,batt,1
9299009922404,3638.793,batt,1
9299059855659,3482.385,batt,1
9299109803809,3482.385,batt,1
9299159821176,3482.385,batt,1
9299209945780,3482.385,batt,1
9299259892472,3482.385,batt,1
9299309828591,3917.221,batt,1
9299359839083,3917.221,batt,1
9299409855981,3917.221,batt,1
9299459895796,3917.221,batt,1
9299509862747,3917.221,batt,1
9299559770743,3950.135,batt,1
9299609786599,3950.135,batt,1
9299659885318,3950.135,batt,1
9299710031327,3950.135,batt,1
9299759819951,3950.135,batt,1
9299809833620,3671.084,batt,1
9299859849268,3671.084,batt,1
9299909885228,3671.084,batt,1
9299959903845,3671.084,batt,1
9300009842621,3671.084,batt,1
9300059846759,3854.822,batt,1
9300109917145,3854.822,batt,1
9300159866024,3854.822,batt,1
9300209882714,3854.822,batt,1
9300259829771,3854.822,batt,1
9300309845940,2014.592,batt,1
9300359810808,2014.592,batt,1
9300409838435,2014.592,batt,1
9300459841792,2014.592,batt,1
9300509917335,2014.592,batt,1
9300559894807,3771.989,batt,1
9300609845249,3771.989,batt,1
9300659821419,3771.989,batt,1
9300709862431,3771.989,batt,1
9300759948911,3771.989,batt,1
9300809830188,3844.759,batt,1
9300859804223,3844.759,batt,1
9300909945545,3844.759,batt,1
9300959996400,3844.759,batt,1
9301009950019,3844.759,batt,1
9301059885774,2892.811,batt,1
9301109886474,2892.811,batt,1
9301159874624,2892.811,batt,1
9301210020581,2892.811,batt,1
9301259867536,2892.811,batt,1
9301309807197,2748.608,batt,1
9301359947321,2748.608,batt,1
9301409870315,2748.608,batt,1
9301459832840,2748.608,batt,1
9301509820156,2748.608,batt,1
9301559891323,2500.746,batt,1
9301609970668,2500.746,batt,1
9301659897412,2500.746,batt,1
9301709814782,2500.746,batt,1
9301759890845,2620.323,batt,1
9301809921545,2620.323,batt,1
9301859857821,2620.323,batt,1
9301909932790,2620.323,batt,1
9301959794172,2620.323,batt,1
9302009930494,3920.426,batt,1
9302059918643,3920.426,batt,1
9302110041163,3920.426,batt,1
9302159837807,3920.426,batt,1
9302209850279,3920.426,batt,1
9302259793481,3263.528,batt,1
9302309853243,3263.528,batt,1
9302359821601,3263.528,batt,1
9302409791261,3263.528,batt,1
9302459941540,3263.528,batt,1
9302510048853,3937.980,batt,1
9302559867163,3937.980,batt,1
9302609856145,3937.980,batt,1
9302659946166,3937.980,batt,1
9302709939107,3937.980,batt,1
9302760172093,3697.742,batt,1
9302809861448,3697.742,batt,1
9302859832775,3697.742,batt,1
9302909791706,3697.742,batt,1
9302959888029,3697.742,batt,1
9303009803003,3802.932,batt,1
9303059807141,3802.932,batt,1
9303109905756,3802.932,batt,1
9303160075462,3802.932,batt,1
9303209848409,3802.932,batt,1
9303259727864,3851.040,batt,1
9303309821635,3851.040,batt,1
9303359960717,3851.040,batt,1
9303409937252,3851.040,batt,1
9303459813893,3851.040,batt,1
9303509860895,3885.316,batt,1
9303559806337,3885.316,batt,1
9303609832037,3885.316,batt,1
9303660177988,3885.316,batt,1
9303709871562,3885.316,batt,1
9303759833358,3365.865,batt,1
9303809757603,3365.865,batt,1
9303859935434,3365.865,batt,1
9303909883897,3365.865,batt,1
9303959839703,3365.865,batt,1
9304009959983,2951.483,batt,1
9304060042557,2951.483,batt,1
9304109866909,2951.483,batt,1
9304160107550,2951.483,batt,1
9304209823624,2951.483,batt,1
9304259834429,3197.693,batt,1
9304309877784,3197.693,batt,1
9304359857652,3197.693,batt,1
9304409784241,3197.693,batt,1
9304459870564,3197.693,batt,1
9304509905483,3021.842,batt,1
9304559976338,3021.842,batt,1
9304610048286,3021.842,batt,1
9304659994458,3021.842,batt,1
9304709819799,3021.842,batt,1
9304759875238,2732.611,batt,1
9304810110307,2732.611,batt,1
9304859810808,2732.611,batt,1
9304909904839,2732.611,batt,1
9304959781533,2732.611,batt,1
9305009989103,3123.236,batt,1
9305060141883,3123.236,batt,1
9305109895820,3123.236,batt,1
9305159920895,3123.236,batt,1
9305209806286,3123.236,batt,1
9305259981670,3622.068,batt,1
9305309882425,3622.068,batt,1
9305359897969,3622.068,batt,1
9305409849192,3622.068,batt,1
9305459805780,3622.068,batt,1
9305510076056,2789.457,batt,1
9305559976760,2789.457,batt,1
9305609863974,2789.457,batt,1
9305659826395,2789.457,batt,1
9305709878449,2789.457,batt,1
9305759870712,3127.155,batt,1
9305809930422,3127.155,batt,1
9305859902061,3127.155,batt,1
9305909897762,3127.155,batt,1
9305959820965,3127.155,batt,1
9306010019733,2864.539,batt,1
9306059887468,2864.539,batt,1
9306109861660,2864.539,batt,1
9306159791529,2864.539,batt,1
9306209810979,2864.539,batt,1
9306259960374,2989.157,batt,1
9306310038520,2989.157,batt,1
9306359795634,2989.157,batt,1
9306409899613,2989.157,batt,1
9306459861982,2989.157,batt,1
9306509854089,3576.261,batt,1
9306559887706,3576.261,batt,1
9306609905593,3576.261,batt,1
9306659846921,3576.261,batt,1
9306709945900,3576.261,batt,1
9306759940091,3589.758,batt,1
9306809832670,3589.758,batt,1
9306859795090,3589.758,batt,1
9306909826728,3589.758,batt,1
9306959915238,3551.475,batt,1
9307009969167,3547.376,batt,1
9307059809351,3547.376,batt,1
9307109721617,3547.376,batt,1
9307159891688,3547.376,batt,1
9307209837651,3547.376,batt,1
9307259890642,3796.043,batt,1
9307309846969,3796.043,batt,1
9307359877981,3796.043,batt,1
9307409799101,3796.043,batt,1
9307459817197,3796.043,batt,1
9307510077265,3335.705,batt,1
9307559911356,3335.705,batt,1
9307609871485,3335.705,batt,1
9307659862968,3335.705,batt,1
9307709970801,2910.559,batt,1
9307760034989,2910.559,batt,1
9307809791635,2910.559,batt,1
9307859891656,2910.559,batt,1
9307909838347,2910.559,batt,1
9307959930712,2853.728,batt,1
9308009837093,2853.728,batt,1
9308059779879,2853.728,batt,1
9308109836932,2853.728,batt,1
9308159962317,2853.728,batt,1
9308209759117,3528.400,batt,1
9308259972260,3528.400,batt,1
9308309972648,3528.400,batt,1
9308359946527,3528.400,batt,1
9308409909416,3528.400,batt,1
9308459916731,3652.364,batt,1
9308510015346,3652.364,batt,1
9308559969850,3652.364,batt,1
9308609970134,3652.364,batt,1
9308659961564,3652.364,batt,1
9308709814040,3797.382,batt,1
9308759946977,3797.382,batt,1
9308810062674,3797.382,batt,1
9308860045511,3797.382,batt,1
9308910016369,3797.382,batt,1
9308959816919,3678.315,batt,1
9309009830797,3678.315,batt,1
9309059817904,3678.315,batt,1
9309109882822,3678.315,batt,1
9309159861440,3678.315,batt,1
9309209803913,3620.387,batt,1
9309259925756,3620.387,batt,1
9309309821304,3620.387,batt,1
9309359864555,3620.387,batt,1
9309409832913,3620.387,batt,1
9309459891060,3739.806,batt,1
9309509885772,3739.806,batt,1
9309559884233,3739.806,batt,1
9309609851862,3739.806,batt,1
9309659859698,3739.806,batt,1
9309709954198,3446.255,batt,1
9309759799435,3446.255,batt,1
9309809792323,3446.255,batt,1
9309859888334,3446.255,batt,1
9309909856535,3446.255,batt,1
9309959782967,3878.942,batt,1
9310009854864,3878.942,batt,1
9310060085975,3878.942,batt,1
9310110025115,3878.942,batt,1
9310159838581,3878.942,batt,1
9310209898760,3951.760,batt,1
9310259942636,3951.760,batt,1
9310309826986,3951.760,batt,1
9310359831281,3951.760,batt,1
9310409816357,3951.760,batt,1
9310460059811,2549.657,batt,1
9310509831873,2549.657,batt,1
9310559788148,2549.657,batt,1
9310609928740,2549.657,batt,1
9310659734759,2549.657,batt,1
9310709830561,2775.916,batt,1
9310759913447,2775.916,batt,1
9310810103570,2775.916,batt,1
9310859900422,2775.916,batt,1
9310909732326,2775.916,batt,1
9310959845888,4162.357,batt,1
9311009831224,4162.357,batt,1
9311059898538,4162.357,batt,1
9311109842313,4162.357,batt,1
9311159791088,4162.357,batt,1
9311209835278,2536.014,batt,1
9311259818427,2536.014,batt,1
9311309839023,2536.014,batt,1
9311359913107,2536.014,batt,1
9311409849903,2536.014,batt,1
9311459833365,3914.744,batt,1
9311510047497,3914.744,batt,1
9311559877265,3914.744,batt,1
9311609740418,3914.744,batt,1
9311660124702,3914.744,batt,1
9311710005822,3872.984,batt,1
9311759869704,3872.984,batt,1
9311809729888,3872.984,batt,1
9311859787306,3872.984,batt,1
9311909994824,3872.984,batt,1
9311959737772,3758.843,batt,1
9312009857948,3758.843,batt,1
9312059791932,3758.843,batt,1
9312110139290,3758.843,batt,1
9312159917080,3758.843,batt,1
9312210062152,3328.465,batt,1
9312259884472,3328.465,batt,1
9312309980222,3328.465,batt,1
9312359842750,3328.465,batt,1
9312409948239,3328.465,batt,1
9312459992376,3088.366,batt,1
9312509833603,3088.366,batt,1
9312559898520,3088.366,batt,1
9312609948074,3088.366,batt,1
9312659835549,3088.366,batt,1
9312709961975,2983.815,batt,1
9312759928198,2983.815,batt,1
9312809880462,2983.815,batt,1
9312859976629,2983.815,batt,1
9312909829678,2983.815,batt,1
9312959834493,2767.893,batt,1
9313009852173,2767.893,batt,1
9313059875060,2767.893,batt,1
9313109801961,2767.893,batt,1
9313159831203,2767.893,batt,1
9313209843987,3346.382,batt,1
9313259847552,3346.382,batt,1
9313309903720,3346.382,batt,1
9313359847495,3346.382,batt,1
9313409915850,3346.382,batt,1
9313459844105,3191.536,batt,1
9313509785901,3191.536,batt,1
9313559884724,3191.536,batt,1
9313609892925,3191.536,batt,1
9313659785243,3191.536,batt,1
9313710056249,2452.862,batt,1
9313759850810,2452.862,batt,1
9313809974476,2452.862,batt,1
9313860151421,2452.862,batt,1
9313909883432,3404.132,batt,1
9313959833718,3404.132,batt,1
9314009962019,3404.132,batt,1
9314059970376,3404.132,batt,1
9314109735302,3404.132,batt,1
9314159858864,3485.526,batt,1
9314209835399,3485.526,batt,1
9314259897348,3485.526,batt,1
9314309893049,3485.526,batt,1
9314359731410,3485.526,batt,1
9314410209806,2342.865,batt,1
9314459941504,2342.865,batt,1
9314509881998,2342.865,batt,1
9314559826034,2342.865,batt,1
9314609835015,2342.865,batt,1
9314659915297,4133.185,batt,1
9314709849542,4133.185,batt,1
9314759979301,4133.185,batt,1
9314809892088,4133.185,batt,1
9314859914246,4133.185,batt,1
9314909923436,3997.339,batt,1
9314959843619,3997.339,batt,1
9315009862392,3997.339,batt,1
9315059835333,3997.339,batt,1
9315109889314,3997.339,batt,1
9315159879442,3665.085,batt,1
9315209906808,3665.085,batt,1
9315259809491,3665.085,batt,1
9315309934616,3665.085,batt,1
9315359915786,3665.085,batt,1
9315409794354,3634.002,batt,1
9315459896511,3634.002,batt,1
9315509924919,3634.002,batt,1
9315559787082,3634.002,batt,1
9315609875593,3634.002,batt,1
9315659921969,3977.243,batt,1
9315709835277,3977.243,batt,1
9315760068054,3977.243,batt,1
9315809944800,3977.243,batt,1
9315859872066,3977.243,batt,1
9315909788290,3692.794,batt,1
9315959933153,3692.794,batt,1
9316009855731,3692.794,batt,1
9316059856484,3692.794,batt,1
9316109835519,3692.794,batt,1
9316159915280,3457.199,batt,1
9316209903220,3457.199,batt,1
9316259804132,3457.199,batt,1
9316310017015,3457.199,batt,1
9316359951780,3457.199,batt,1
9316409909148,3839.130,batt,1
9316459810060,3839.130,batt,1
9316510028776,3839.130,batt,1
9316559803650,3839.130,batt,1
9316609818152,3839.130,batt,1
9316659905309,2949.490,batt,1
9316710007830,2949.490,batt,1
9316759861295,2949.490,batt,1
9316810018450,2949.490,batt,1
9316859827333,2949.490,batt,1
9316909965165,2771.716,batt,1
9316959847432,2771.716,batt,1
9317009834279,2771.716,batt,1
9317059989611,2771.716,batt,1
9317110028071,2771.716,batt,1
9317159849402,3545.214,batt,1
9317209836405,3545.214,batt,1
9317259796742,3545.214,batt,1
9317309796506,3545.214,batt,1
9317359852049,3545.214,batt,1
9317410006964,3704.119,batt,1
9317459897720,3704.119,batt,1
9317509794309,3704.119,batt,1
9317559900215,3704.119,batt,1
9317609786232,3704.119,batt,1
9317659941251,3887.533,batt,1
9317709755811,3887.533,batt,1
9317759801771,3887.533,batt,1
9317810055798,3887.533,batt,1
9317859955200,3887.533,batt,1
9317909993399,3779.455,batt,1
9317960116180,3779.455,batt,1
9318009993082,3779.455,batt,1
9318059825715,3779.455,batt,1
9318109845478,3779.455,batt,1
9318159849095,2838.698,batt,1
9318209875524,2838.698,batt,1
9318259788884,2838.698,batt,1
9318309961194,2838.698,batt,1
9318359881897,2838.698,batt,1
9318410021813,3340.641,batt,1
9318459892986,3340.641,batt,1
9318510042328,3340.641,batt,1
9318559936782,3340.641,batt,1
9318610029251,3340.641,batt,1
9318659733450,3833.897,batt,1
9318709836127,3833.897,batt,1
9318759801152,3833.897,batt,1
9318809909974,3833.897,batt,1
9318859786148,3833.897,batt,1
9318910106006,2576.810,batt,1
9318959993949,2576.810,batt,1
9319009832363,2576.810,batt,1
9319059933113,2576.810,batt,1
9319109855327,2576.810,batt,1
9319159836601,3885.292,batt,1
9319209906779,3885.292,batt,1
9319260065965,3885.292,batt,1
9319309787767,3885.292,batt,1
9319359879299,3885.292,batt,1
9319409837761,3860.757,batt,1
9319459961219,3860.757,batt,1
9319509873328,3860.757,batt,1
9319559898716,3860.757,batt,1
9319610045715,3860.757,batt,1
9319659771527,3998.143,batt,1
9319710139405,3998.143,batt,1
9319759863812,3998.143,batt,1
9319809979509,3998.143,batt,1
9319859886359,3998.143,batt,1
9319909844248,3738.728,batt,1
9319959971664,3738.728,batt,1
9320009928043,3738.728,batt,1
9320059993482,3738.728,batt,1
9320109944601,3739.941,batt,1
9320159889313,3739.941,batt,1
9320209821527,3739.941,batt,1
9320259914152,3739.941,batt,1
9320309796054,3739.941,batt,1
9320359855972,3830.851,batt,1
9320410147810,3830.851,batt,1
9320460041378,3830.851,batt,1
9320509918385,3830.851,batt,1
9320559935387,3830.851,batt,1
9320609900360,3702.524,batt,1
9320659908196,3702.524,batt,1
9320709852075,3702.524,batt,1
9320759836162,3702.524,batt,1
9320809914933,3702.524,batt,1
9320859932769,3737.111,batt,1
9320909841441,3737.111,batt,1
9320959821101,3737.111,batt,1
9321009819614,3737.111,batt,1
9321059833284,3737.111,batt,1
9321109839401,4138.666,batt,1
9321159802290,4138.666,batt,1
9321209994548,4138.666,batt,1
9321259864575,4138.666,batt,1
9321309823923,4138.666,batt,1
9321359952745,3984.084,batt,1
9321409903396,3984.084,batt,1
9321459929408,3984.084,batt,1
9321509858965,3984.084,batt,1
9321559898623,3984.084,batt,1
9321609834326,3554.589,batt,1
9321659818621,3554.589,batt,1
9321709875674,3554.589,batt,1
9321759877469,3554.589,batt,1
9321809835671,3554.589,batt,1
9321859814289,3722.998,batt,1
9321909898633,3722.998,batt,1
9321959815690,3722.998,batt,1
9322009812172,3722.998,batt,1
9322059874226,3722.998,batt,1
9322110082785,3952.612,batt,1
9322159940209,3952.612,batt,1
9322210119029,3952.612,batt,1
9322260102856,3952.612,batt,1
9322309830231,3952.612,batt,1
9322359812443,3581.225,batt,1
9322409884391,3581.225,batt,1
9322459986808,3581.225,batt,1
9322510037663,3581.225,batt,1
9322559857067,3581.225,batt,1
9322609914746,3879.008,batt,1
9322659917634,3879.008,batt,1
9322709830941,3879.008,batt,1
9322759839507,3879.008,batt,1
9322809830468,3879.008,batt,1
9322859895542,4002.838,batt,1
9322909829370,4002.838,batt,1
9322960067251,4002.838,batt,1
9323009952539,4002.838,batt,1
9323059843190,4002.838,batt,1
9323109903681,3724.017,batt,1
9323159888028,3724.017,batt,1
9323209868052,3724.017,batt,1
9323259776100,3724.017,batt,1
9323309845601,3724.017,batt,1
9323359976662,2945.418,batt,1
9323409907834,2945.418,batt,1
9323459963898,2945.418,batt,1
9323510001316,2945.418,batt,1
9323559840771,2945.418,batt,1
9323609880638,4239.668,batt,1
9323659858214,4239.668,batt,1
9323709985838,4239.668,batt,1
9323760065495,4239.668,batt,1
9323809808131,4239.668,batt,1
9323859789301,3771.445,batt,1
9323909834479,3771.445,batt,1
9323959891376,3771.445,batt,1
9324009839422,3771.445,batt,1
9324059830488,3771.445,batt,1
9324109906447,3925.500,batt,1
9324159805328,3925.500,batt,1
9324209834517,3925.500,batt,1
9324260120002,3925.500,batt,1
9324309895136,3925.500,batt,1
9324359859744,4051.912,batt,1
9324409903569,4051.912,batt,1
9324459874270,4051.912,batt,1
9324509819921,4051.912,batt,1
9324559884734,4051.912,batt,1
9324609809291,3859.264,batt,1
9324659868167,3859.264,batt,1
9324709980063,3859.264,batt,1
9324759791238,3859.264,batt,1
9324809868343,3859.264,batt,1
9324859917167,3769.365,batt,1
9324909905525,3769.365,batt,1
9324959861070,3769.365,batt,1
9325009846042,3769.365,batt,1
9325059977208,3769.365,batt,1
9325109882860,3683.251,batt,1
9325159802521,3683.251,batt,1
9325209871762,3683.251,batt,1
9325259821058,3683.251,batt,1
9325309866080,3683.251,batt,1
9325359796783,3906.447,batt,1
9325409803317,3906.447,batt,1
9325459820788,3906.447,batt,1
9325509977786,3906.447,batt,1
9325560074213,3906.447,batt,1
9325609927835,3772.077,batt,1
9325659845309,3772.077,batt,1
9325709807001,3772.077,batt,1
9325759799525,3772.077,batt,1
9325809800434,3772.077,batt,1
9325859887538,3583.955,batt,1
9325909931363,3583.955,batt,1
9325959833473,3583.955,batt,1
9326009852194,3583.955,batt,1
9326059830916,3583.955,batt,1
9326109921770,3343.690,batt,1
9326159857733,3343.690,batt,1
9326209955046,3343.690,batt,1
9326259865906,3343.690,batt,1
9326309972489,3759.621,batt,1
9326359851943,3759.621,batt,1
9326409851498,3759.621,batt,1
9326459854699,3759.621,batt,1
9326509787433,3759.621,batt,1
9326559896099,3058.598,batt,1
9326609958309,3058.598,batt,1
9326659938229,3058.598,batt,1
9326709791486,3058.598,batt,1
9326759935412,3058.598,batt,1
9326809854344,3911.655,batt,1
9326859921866,3911.655,batt,1
9326909789081,3911.655,batt,1
9326959897018,3911.655,batt,1
9327009836731,3911.655,batt,1
9327059804099,4215.978,batt,1
9327109823758,4215.978,batt,1
9327159820396,4215.978,batt,1
9327209892345,4215.978,batt,1
9327259848881,4215.978,batt,1
9327309845571,4359.103,batt,1
9327360177512,4359.103,batt,1
9327409926554,4359.103,batt,1
9327459794498,4359.103,batt,1
9327509802698,4359.103,batt,1
9327559860585,3928.576,batt,1
9327610095758,3928.576,batt,1
9327659938807,3928.576,batt,1
9327709720764,3928.576,batt,1
9327759838597,3928.576,batt,1
9327809864714,3056.092,batt,1
9327859834478,3056.092,batt,1
9327909811377,3056.092,batt,1
9327959874785,3056.092,batt,1
9328009850590,3056.092,batt,1
9328059791970,3462.094,batt,1
9328109964489,3462.094,batt,1
9328159760560,3462.094,batt,1
9328209872299,3462.094,batt,1
9328259914457,3462.094,batt,1
9328309795109,3510.166,batt,1
9328359918411,3510.166,batt,1
9328409976974,3510.166,batt,1
9328459952624,3510.166,batt,1
9328510023687,3510.166,batt,1
9328559833352,3667.377,batt,1
9328609830876,3667.377,batt,1
9328659792203,3667.377,batt,1
9328709864047,3667.377,batt,1
9328760093491,3667.377,batt,1
9328809930707,4148.158,batt,1
9328860043384,4148.158,batt,1
9328909841278,4148.158,batt,1
9328960105148,4148.158,batt,1
9329009926844,4148.158,batt,1
9329059811194,3860.074,batt,1
9329109894861,3860.074,batt,1
9329160063942,3860.074,batt,1
9329209803349,3860.074,batt,1
9329259938681,3860.074,batt,1
9329309941257,3653.082,batt,1
9329359961853,3653.082,batt,1
9329409960835,3653.082,batt,1
9329460082886,3653.082,batt,1
9329509976715,3653.082,batt,1
9329559831899,4187.350,batt,1
9329610002230,4187.350,batt,1
9329659907101,4187.350,batt,1
9329709863219,4187.350,batt,1
9329759840744,4187.350,batt,1
9329809876027,2779.075,batt,1
9329859802251,2779.075,batt,1
9329909842586,2779.075,batt,1
9329959900264,2779.075,batt,1
9330009847216,2779.075,batt,1
9330059859063,3783.052,batt,1
9330109981427,3783.052,batt,1
9330159910202,3783.052,batt,1
9330209885018,3783.052,batt,1
9330259832231,3783.052,batt,1
9330309849859,3803.102,batt,1
9330359824623,3803.102,batt,1
9330410009381,3803.102,batt,1
9330459915449,3803.102,batt,1
9330510039844,3803.102,batt,1
9330559827842,3777.747,batt,1
9330609824845,3777.747,batt,1
9330659834660,3777.747,batt,1
9330709993794,3777.747,batt,1
9330759953038,3777.747,batt,1
9330809842023,3839.315,batt,1
9330859810433,3839.315,batt,1
9330909819363,3839.315,batt,1
9330959797564,3839.315,batt,1
9331010024144,3839.315,batt,1
9331059872453,3584.473,batt,1
9331109860863,3584.473,batt,1
9331159906302,3584.473,batt,1
9331210037051,3584.473,batt,1
9331260052960,3584.473,batt,1
9331309734815,4001.274,batt,1
9331359878585,4001.274,batt,1
9331410024594,4001.274,batt,1
9331459851498,4001.274,batt,1
9331509870375,4001.274,batt,1
9331559897169,3594.472,batt,1
9331609830163,3594.472,batt,1
9331659920549,3594.472,batt,1
9331709940208,3594.472,batt,1
9331759999084,3594.472,batt,1
9331809860830,3819.860,batt,1
9331860132877,3819.860,batt,1
9331909858169,3819.860,batt,1
9331959886109,3819.860,batt,1
9332009879414,3819.860,batt,1
9332059765379,3480.754,batt,1
9332109981594,3480.754,batt,1
9332159874590,3480.754,batt,1
9332209957371,3480.754,batt,1
9332259888960,3696.833,batt,1
9332309717999,3702.879,batt,1
9332359927183,3702.879,batt,1
9332409844501,3702.879,batt,1
9332460106861,3702.879,batt,1
9332509810435,4142.698,batt,1
9332559922070,4142.698,batt,1
9332609972196,4142.698,batt,1
9332659793735,4142.698,batt,1
9332709883652,4142.698,batt,1
9332759778002,3859.765,batt,1
9332809800577,3859.765,batt,1
9332859893150,3859.765,batt,1
9332909833853,3859.765,batt,1
9332960108452,3859.765,batt,1
9333010114517,3664.022,batt,1
9333059811112,3664.022,batt,1
9333109943424,3664.022,batt,1
9333159838450,3664.022,batt,1
9333209845661,3664.022,batt,1
9333259816988,3689.983,batt,1
9333309878364,3689.983,batt,1
9333359993958,3689.983,batt,1
9333409910546,3689.983,batt,1
9333459768178,3689.983,batt,1
9333509805024,3673.909,batt,1
9333559824422,3673.909,batt,1
9333609877986,3673.909,batt,1
9333659873999,3673.909,batt,1
9333709794233,3673.909,batt,1
9333759789986,3803.709,batt,1
9333809833811,3803.709,batt,1
9333859869719,3803.709,batt,1
9333909826880,3803.709,batt,1
9333960114239,3803.709,batt,1
9334009985047,3857.783,batt,1
9334059833357,3857.783,batt,1
9334109842495,3857.783,batt,1
9334159840956,3857.783,batt,1
9334209891239,3857.783,batt,1
9334259817306,2956.929,batt,1
9334310006908,2956.929,batt,1
9334359881102,2956.929,batt,1
9334409831804,2956.929,batt,1
9334459882555,2956.929,batt,1
9334509921641,3671.258,batt,1
9334559835833,3671.258,batt,1
9334609928563,3671.258,batt,1
9334659756404,3671.258,batt,1
9334709911215,3671.258,batt,1
9334759829887,3644.414,batt,1
9334809867097,3644.414,batt,1
9334859884256,3644.414,batt,1
9334909909227,3644.414,batt,1
9334959810034,3644.414,batt,1
9335009982657,3377.372,batt,1
9335059954765,3377.372,batt,1
9335109884010,3377.372,batt,1
9335159846430,3377.372,batt,1
9335209787237,3377.372,batt,1
9335260163083,3163.805,batt,1
9335309884000,3163.805,batt,1
9335359851629,3163.805,batt,1
9335409822331,3163.805,batt,1
9335459920685,3163.805,batt,1
9335509891803,3762.246,batt,1
9335559804486,3762.246,batt,1
9335610003775,3762.246,batt,1
9335659925519,3762.246,batt,1
9335710056946,3762.246,batt,1
9335760112228,4117.298,batt,1
9335809912778,4117.298,batt,1
9335859887126,4117.298,batt,1
9335909802464,4117.298,batt,1
9335960107011,4117.298,batt,1
9336010050786,3817.157,batt,1
9336059828212,3817.157,batt,1
9336109876620,3817.157,batt,1
9336159883935,3817.157,batt,1
9336209947342,3817.157,batt,1
9336259825651,2732.040,batt,1
9336309848903,2732.040,batt,1
9336359923091,2732.040,batt,1
9336409848950,2732.040,batt,1
9336459742831,2732.040,batt,1
9336509835977,2793.724,batt,1
9336559870531,2793.724,batt,1
9336609795401,2793.724,batt,1
9336659818497,2793.724,batt,1
9336710075232,2793.724,batt,1
9336760175253,3258.885,batt,1
9336810168714,3258.885,batt,1
9336859865205,3258.885,batt,1
9336909895072,3258.885,batt,1
9336959826035,3258.885,batt,1
9337010006001,3451.543,batt,1
9337059861133,3451.543,batt,1
9337109920478,3451.543,batt,1
9337159793891,3451.543,batt,1
9337209869746,3451.543,batt,1
9337259862113,3949.095,batt,1
9337309790316,3949.095,batt,1
9337359966741,3949.095,batt,1
9337409946297,3949.095,batt,1
9337459914238,3949.095,batt,1
9337509829316,4300.856,batt,1
9337559839340,4300.856,batt,1
9337609835874,4300.856,batt,1
9337659807513,4300.856,batt,1
9337709846911,4300.856,batt,1
9337759953286,3135.756,batt,1
9337809954507,3135.756,batt,1
9337859756880,3135.756,batt,1
9337909851120,3135.756,batt,1
9337959974161,3135.756,batt,1
9338009752993,3817.443,batt,1
9338059836973,3817.443,batt,1
9338109725594,3817.443,batt,1
9338159801084,3817.443,batt,1
9338209923760,3817.443,batt,1
9338259850349,3267.649,batt,1
9338309864539,3267.649,batt,1
9338359875604,3267.649,batt,1
9338409790109,3267.649,batt,1
9338459811538,3267.649,batt,1
9338510058274,3693.868,batt,1
9338559997987,3693.868,batt,1
9338609879941,3693.868,batt,1
9338659822102,3693.868,batt,1
9338709833115,3767.642,batt,1
9338759842513,3767.642,batt,1
9338809961023,3767.642,batt,1
9338859822509,3767.642,batt,1
9338909875135,3767.642,batt,1
9338959806099,4060.890,batt,1
9339010099135,4060.890,batt,1
9339059917393,4060.890,batt,1
9339109847783,4060.890,batt,1
9339159914107,4060.890,batt,1
9339209898715,3814.831,batt,1
9339260163783,3814.831,batt,1
9339309928605,3814.831,batt,1
9339359847693,3814.831,batt,1
9339409798031,3814.831,batt,1
9339459859511,3223.438,batt,1
9339509887034,3223.438,batt,1
9339559814820,3223.438,batt,1
9339609876874,3223.438,batt,1
9339659807212,3223.438,batt,1
9339709960877,3258.971,batt,1
9339759958088,3258.971,batt,1
9339809802075,3258.971,batt,1
9339859820171,3258.971,batt,1
9339909808268,3258.971,batt,1
9339959827927,3170.597,batt,1
9340009796180,3170.597,batt,1
9340059852348,3170.597,batt,1
9340109841695,3170.597,batt,1
9340159795522,3170.597,batt,1
9340209925907,3190.305,batt,1
9340259829735,3190.305,batt,1
9340309896268,3190.305,batt,1
9340359916812,3190.305,batt,1
9340409880743,3190.305,batt,1
9340459811810,3428.316,batt,1
9340509841989,3428.316,batt,1
9340559976436,3428.316,batt,1
9340609918649,3428.316,batt,1
9340660196946,3428.316,batt,1
9340709911822,3992.157,batt,1
9340759850337,3992.157,batt,1
9340809827549,3992.157,batt,1
9340860125637,3992.157,batt,1
9340909888584,3992.157,batt,1
9340959864754,3704.812,batt,1
9341009912224,3704.812,batt,1
9341059888030,3704.812,batt,1
9341109862794,3704.812,batt,1
9341159789695,3704.812,batt,1
9341209839040,3747.562,batt,1
9341259842814,3747.562,batt,1
9341310004343,3747.562,batt,1
9341359963587,3747.562,batt,1
9341409829864,3747.562,batt,1
9341459826971,2499.397,batt,1
9341509826058,2499.397,batt,1
9341559788218,2499.397,batt,1
9341609958289,2499.397,batt,1
9341659982739,2499.397,batt,1
9341709999637,4034.646,batt,1
9341759793729,4034.646,batt,1
9341809916666,4034.646,batt,1
9341859993771,4034.646,batt,1
9341909965358,4034.646,batt,1
9341959897102,3914.901,batt,1
9342009789421,3914.901,batt,1
9342059904910,3914.901,batt,1
9342109848217,3914.901,batt,1
9342159890427,3914.901,batt,1
9342209803526,3923.000,batt,1
9342259810997,3923.000,batt,1
9342309816437,3923.000,batt,1
9342359803857,3923.000,batt,1
9342409924659,3923.000,batt,1
9342459743073,3699.866,batt,1
9342509999808,3699.866,batt,1
9342559813431,3699.866,batt,1
9342609854443,3699.866,batt,1
9342660055972,3699.866,batt,1
9342709810221,3928.727,batt,1
9342759963938,3928.727,batt,1
9342809870944,3928.727,batt,1
9342859779147,3928.727,batt,1
9342909830940,3928.727,batt,1
9342959871432,3961.460,batt,1
9343010046711,3961.460,batt,1
9343060097410,3961.460,batt,1
9343109968896,3961.460,batt,1
9343159877568,3961.460,batt,1
9343209809833,3760.078,batt,1
9343259872303,3760.078,batt,1
9343309789673,3760.078,batt,1
9343359914329,3760.078,batt,1
9343409856229,3760.078,batt,1
9343459789692,3815.101,batt,1
9343509915754,3815.101,batt,1
9343559952443,3815.101,batt,1
9343609939707,3815.101,batt,1
9343659811505,3815.101,batt,1
9343709887725,3854.265,batt,1
9343760056546,3854.265,batt,1
9343809979280,3854.265,batt,1
9343859933680,3854.265,batt,1
9343909915006,3854.265,batt,1
9343959824460,3730.626,batt,1
9344009828546,3730.626,batt,1
9344059849558,3730.626,batt,1
9344109748647,3730.626,batt,1
9344159860335,3730.626,batt,1
9344209799058,3551.226,batt,1
9344259907516,3551.226,batt,1
9344309993319,3551.226,batt,1
9344359785692,3551.226,batt,1
9344409864828,3551.226,batt,1
9344459856987,3517.914,batt,1
9344509921489,3517.914,batt,1
9344559968959,3517.914,batt,1
9344609802112,3517.914,batt,1
9344659947809,3517.914,batt,1
9344709799764,3355.341,batt,1
9344759934315,3355.341,batt,1
9344809816269,3355.341,batt,1
9344859857177,3355.341,batt,1
9344909871159,3680.442,batt,1
9344959873474,3680.442,batt,1
9345009894122,3680.442,batt,1
9345059972321,3680.442,batt,1
9345109819120,3680.442,batt,1
9345159819716,3970.877,batt,1
9345209954997,3970.877,batt,1
9345259827837,3970.877,batt,1
9345309822131,3970.877,batt,1
9345359860748,3970.877,batt,1
9345409868532,4292.199,batt,1
9345459869805,4292.199,batt,1
9345510068000,4292.199,batt,1
9345559931257,4292.199,batt,1
9345610025914,4292.199,batt,1
9345659802402,3771.989,batt,1
9345709877007,3771.989,batt,1
9345759896145,3771.989,batt,1
9345809815494,3771.989,batt,1
9345859810882,3771.989,batt,1
9345909833145,3843.744,batt,1
9345959847960,3843.744,batt,1
9346009770954,3843.744,batt,1
9346059725198,3843.744,batt,1
9346109868968,3843.744,batt,1
9346159798577,3239.951,batt,1
9346209791517,3239.951,batt,1
9346260076064,3239.951,batt,1
9346309759691,3239.951,batt,1
9346360062050,3239.951,batt,1
9346409875464,2962.138,batt,1
9346459847936,2962.138,batt,1
9346509874626,2962.138,batt,1
9346559840849,2962.138,batt,1
9346609848424,2962.138,batt,1
9346659939695,2201.282,batt,1
9346709973051,2201.282,batt,1
9346759858079,2201.282,batt,1
9346809920757,2201.282,batt,1
9346859969425,2201.282,batt,1
9346910042832,3233.915,batt,1
9346959842393,3233.915,batt,1
9347009995954,3233.915,batt,1
9347059831347,3233.915,batt,1
9347109791424,3233.915,batt,1
9347159848425,2801.240,batt,1
9347209885479,2801.240,batt,1
9347259982687,2801.240,batt,1
9347310090781,2801.240,batt,1
9347359735502,2801.240,batt,1
9347409820732,2799.443,batt,1
9347459845286,2799.443,batt,1
9347510108948,2799.443,batt,1
9347559943247,2799.443,batt,1
9347609812077,2799.443,batt,1
9347659906837,2664.555,batt,1
9347710012066,2664.555,batt,1
9347759790899,2664.555,batt,1
9347809877482,2664.555,batt,1
9347859951358,2664.555,batt,1
9347909906435,3424.440,batt,1
9347959982915,3424.440,batt,1
9348009849453,3424.440,batt,1
9348059988691,3424.440,batt,1
9348109791273,3424.440,batt,1
9348159915147,3170.298,batt,1
9348210104801,3170.298,batt,1
9348259887904,3170.298,batt,1
9348309840898,3170.298,batt,1
9348359819984,3170.298,batt,1
9348409736990,3912.518,batt,1
9348459766127,3912.518,batt,1
9348509888231,3912.518,batt,1
9348559902056,3912.518,batt,1
9348609896247,3912.518,batt,1
9348659949863,3664.194,batt,1
9348709804734,3664.194,batt,1
9348759829705,3664.194,batt,1
9348809926237,3664.194,batt,1
9348860089120,3664.194,batt,1
9348909895504,3706.423,batt,1
9348959822040,3706.423,batt,1
9349009798366,3706.423,batt,1
9349059879846,3706.423,batt,1
9349109995127,3706.423,batt,1
9349159845572,2779.252,batt,1
9349209838460,2779.252,batt,1
9349259882805,2779.252,batt,1
9349309893766,2779.252,batt,1
9349359822125,2779.252,batt,1
9349409913501,3001.479,batt,1
9349459819517,3001.479,batt,1
9349509899903,3001.479,batt,1
9349560116743,3001.479,batt,1
9349609966667,3001.479,batt,1
9349660103249,3927.386,batt,1
9349709854270,3927.386,batt,1
9349759828773,3927.386,batt,1
9349809750778,3927.386,batt,1
9349859802884,3927.386,batt,1
9349909799418,2594.513,batt,1
9349959972302,2594.513,batt,1
9350010029615,2594.513,batt,1
9350059965266,2594.513,batt,1
9350109890500,2594.513,batt,1
9350159802141,3833.662,batt,1
9350210153144,3833.662,batt,1
9350259978069,3833.662,batt,1
9350309812472,3833.662,batt,1
9350359837287,3833.662,batt,1
9350409840435,3595.484,batt,1
9350459874729,3595.484,batt,1
9350510150057,3595.484,batt,1
9350559824830,3595.484,batt,1
9350609891675,3595.484,batt,1
9350659896125,3856.799,batt,1
9350709909482,3856.799,batt,1
9350760248142,3856.799,batt,1
9350810058171,3856.799,batt,1
9350859902522,4147.205,batt,1
9350909890775,4147.403,batt,1
9350959803510,4147.403,batt,1
9351009809263,4147.403,batt,1
9351059805797,4147.403,batt,1
9351109969045,4066.295,batt,1
9351159913966,4066.295,batt,1
9351210030393,4066.295,batt,1
9351259722457,4066.295,batt,1
9351310042888,4066.295,batt,1
9351359968903,3996.354,batt,1
9351409831900,3996.354,batt,1
9351459871037,3996.354,batt,1
9351509867571,3996.354,batt,1
9351559822700,3996.354,batt,1
9351609833453,3930.637,batt,1
9351659799519,3930.637,batt,1
9351709847042,3930.637,batt,1
9351759890658,3930.637,batt,1
9351809824902,3930.637,batt,1
9351859907267,3472.574,batt,1
9351909832554,3472.574,batt,1
9351959970490,3472.574,batt,1
9352009977180,3472.574,batt,1
9352059868145,3472.574,batt,1
9352109916708,4179.471,batt,1
9352159972929,4179.471,batt,1
9352209864466,4179.471,batt,1
9352260132919,4179.471,batt,1
9352309979145,4179.471,batt,1
9352359997294,3646.363,batt,1
9352410062784,3646.363,batt,1
9352459925624,3646.363,batt,1
9352510043613,3646.363,batt,1
9352559877756,3646.363,batt,1
9352609959497,3917.328,batt,1
9352659876450,3917.328,batt,1
9352709832621,3917.328,batt,1
9352759741553,3917.328,batt,1
9352809966206,3917.328,batt,1
9352859990500,3601.666,batt,1
9352909880422,3601.666,batt,1
9352960308611,3601.666,batt,1
9353009968644,3601.666,batt,1
9353059938721,3601.666,batt,1
9353110078272,4209.801,batt,1
9353159895436,4209.801,batt,1
9353209835045,4209.801,batt,1
9353259813872,4209.801,batt,1
9353310055086,4209.801,batt,1
9353360072193,4161.198,batt,1
9353409958678,4161.198,batt,1
9353460072553,4161.198,batt,1
9353509961069,4161.198,batt,1
9353559896668,4161.198,batt,1
9353609952627,4056.987,batt,1
9353660078950,4056.987,batt,1
9353710006996,4056.987,batt,1
9353759779110,4056.987,batt,1
9353809878506,4056.987,batt,1
9353859931809,3134.141,batt,1
9353909934697,3134.141,batt,1
9353959850140,3134.141,batt,1
9354009926828,3134.141,batt,1
9354059865448,3134.141,batt,1
9354109986926,2807.807,batt,1
9354159877265,2807.807,batt,1
9354209873175,2807.807,batt,1
9354259864501,2807.807,batt,1
9354309739997,2807.807,batt,1
9354359828768,2927.370,batt,1
9354409853426,2927.370,batt,1
9354459798972,2927.370,batt,1
9354509897795,2927.370,batt,1
9354559912402,2927.370,batt,1
9354609890812,3134.676,batt,1
9354660084424,3134.676,batt,1
9354709922213,3134.676,batt,1
9354759802396,3134.676,batt,1
9354810033715,3134.676,batt,1
9354859827807,2962.281,batt,1
9354910039544,2962.281,batt,1
9354960068160,2962.281,batt,1
9355010000530,2962.281,batt,1
9355059857224,2962.281,batt,1
9355109865477,3594.225,batt,1
9355159906176,3594.225,batt,1
9355210006093,3594.225,batt,1
9355259840184,3594.225,batt,1
9355309797553,3594.225,batt,1
9355359912000,2799.862,batt,1
9355410144778,2799.862,batt,1
9355459847570,2799.862,batt,1
9355509872437,2799.862,batt,1
9355559962979,2799.862,batt,1
9355609974148,3363.716,batt,1
9355660136095,3363.716,batt,1
9355709785920,3363.716,batt,1
9355759839223,3363.716,batt,1
9355809831279,3363.716,batt,1
9355859917654,3585.652,batt,1
9355909795025,3585.652,batt,1
9355959852235,3585.652,batt,1
9356009896320,3585.652,batt,1
9356059951550,3585.652,batt,1
9356109852358,3852.033,batt,1
9356159912380,3852.033,batt,1
9356209852718,3852.033,batt,1
9356259931385,3852.033,batt,1
9356309919951,3852.033,batt,1
9356359855862,3666.495,batt,1
9356409855521,3666.495,batt,1
9356459910699,3666.495,batt,1
9356509814267,3666.495,batt,1
9356559844394,3666.495,batt,1
9356610039465,3964.219,batt,1
9356659802151,3964.219,batt,1
9356709820143,3964.219,batt,1
9356759882822,3964.219,batt,1
9356810037164,3964.219,batt,1
9356859942763,4008.796,batt,1
9356910027472,4008.796,batt,1
9356959857396,4008.796,batt,1
9357009825702,4008.796,batt,1
9357059841975,4008.796,batt,1
9357109848353,3680.088,batt,1
9357159866241,3680.088,batt,1
9357209830797,3680.088,batt,1
9357259956598,3680.088,batt,1
9357309811835,4143.016,batt,1
9357359896543,4143.016,batt,1
9357409825163,4143.016,batt,1
9357460076221,4143.016,batt,1
9357509950363,4143.016,batt,1
9357559859139,3842.139,batt,1
9357609955306,3842.139,batt,1
9357659921320,3842.139,batt,1
9357709766505,3842.139,batt,1
9357759916837,3842.139,batt,1
9357810005608,3911.467,batt,1
9357859969330,3911.467,batt,1
9357909867326,3911.467,batt,1
9357959849694,3911.467,batt,1
9358010025285,3911.467,batt,1
9358059840002,3154.415,batt,1
9358109923513,3154.415,batt,1
9358160149676,3154.415,batt,1
9358209980173,3154.415,batt,1
9358259788223,3154.415,batt,1
9358309955534,2728.527,batt,1
9358359842019,2728.527,batt,1
9358409814127,2728.527,batt,1
9358459997062,2728.527,batt,1
9358509989430,2728.527,batt,1
9358560156480,3132.432,batt,1
9358609954374,3132.432,batt,1
9358659836433,3132.432,batt,1
9358709872966,3132.432,batt,1
9358759779086,3132.432,batt,1
9358809935511,3445.901,batt,1
9358860168132,3445.901,batt,1
9358909803010,3445.901,batt,1
9358959870688,3445.901,batt,1
9359009969147,3445.901,batt,1
9359059896933,3802.285,batt,1
9359109905863,3802.285,batt,1
9359159800629,3802.285,batt,1
9359209791643,3802.285,batt,1
9359259862758,3802.285,batt,1
9359309875177,4369.194,batt,1
9359359899054,4369.194,batt,1
9359409904547,4369.194,batt,1
9359460062326,4369.194,batt,1
9359509794493,4369.194,batt,1
9359559820454,4036.640,batt,1
9359609875736,4036.640,batt,1
9359659919300,4036.640,batt,1
9359709844378,4036.640,batt,1
9359759785810,4036.640,batt,1
9359809930413,2975.543,batt,1
9359859835908,2975.543,batt,1
9359909943012,2975.543,batt,1
9359959834810,2975.543,batt,1
9360009849364,2975.543,batt,1
9360059844909,3506.115,batt,1
9360109832433,3506.115,batt,1
9360159839957,3506.115,batt,1
9360209813418,3506.115,batt,1
9360259787037,3506.115,batt,1
9360309864298,2713.946,batt,1
9360359926611,2713.946,batt,1
9360409851533,2713.946,batt,1
9360459802027,2713.946,batt,1
9360509800749,2713.946,batt,1
9360559972799,2726.459,batt,1
9360610033862,2726.459,batt,1
9360659834100,2726.459,batt,1
9360709945475,2726.459,batt,1
9360759808002,2726.459,batt,1
9360809830213,3867.310,batt,1
9360859796852,3867.310,batt,1
9360909928643,3867.310,batt,1
9360959884293,3867.310,batt,1
9361009882077,3867.310,batt,1
9361059842623,2461.697,batt,1
9361109810148,2461.697,batt,1
9361159866107,2461.697,batt,1
9361209898526,2461.697,batt,1
9361259876415,2461.697,batt,1
9361309867012,3964.695,batt,1
9361359997084,3964.695,batt,1
9361409762166,3964.695,batt,1
9361459853385,3964.695,batt,1
9361509830858,3964.695,batt,1
9361559846610,3898.740,batt,1
9361609782261,3898.740,batt,1
9361659834991,3898.740,batt,1
9361709897148,3898.740,batt,1
9361760119978,3898.740,batt,1
9361809902665,3520.944,batt,1
9361859827222,3520.944,batt,1
9361909799017,3520.944,batt,1
9361959820603,3520.944,batt,1
9362009758128,3520.944,batt,1
9362059795859,3690.143,batt,1
9362109931191,3690.143,batt,1
9362159884394,3690.143,batt,1
9362209901448,3690.143,batt,1
9362259786111,3690.143,batt,1
9362309788582,3780.036,batt,1
9362359849437,3780.036,batt,1
9362409865919,3780.036,batt,1
9362459914848,3780.036,batt,1
9362510010077,3780.036,batt,1
9362559842449,3804.520,batt,1
9362609782318,3804.520,batt,1
9362659909838,3804.520,batt,1
9362709872259,3804.520,batt,1
9362759805774,3804.520,batt,1
9362809885379,3586.169,batt,1
9362859889257,3586.169,batt,1
9362910140211,3586.169,batt,1
9362960092788,3586.169,batt,1
9363009807091,3586.169,batt,1
9363059982891,3678.146,batt,1
9363110014007,3678.146,batt,1
9363159817787,3678.146,batt,1
9363209888225,3678.146,batt,1
9363259888301,3678.146,batt,1
9363309951291,3600.651,batt,1
9363359856422,3600.651,batt,1
9363409911132,3600.651,batt,1
9363459915114,3600.651,batt,1
9363509939720,3385.120,batt,1
9363559822247,3385.120,batt,1
9363609834302,3385.120,batt,1
9363659787243,3385.120,batt,1
9363709817683,3385.120,batt,1
9363759852133,3781.272,batt,1
9363809893249,3781.272,batt,1
9363859915616,3781.272,batt,1
9363910007720,3781.272,batt,1
9363959746449,3781.272,batt,1
9364009879386,3516.899,batt,1
9364059783058,3516.899,batt,1
9364109794384,3516.899,batt,1
9364159878259,3516.899,batt,1
9364209882814,3516.899,batt,1
9364259800236,4049.584,batt,1
9364309799010,4049.584,batt,1
9364359917051,4049.584,batt,1
9364410022749,4049.584,batt,1
9364459845017,4049.584,batt,1
9364509975402,4172.384,batt,1
9364559816419,4172.384,batt,1
9364610069092,4172.384,batt,1
9364660092553,4172.384,batt,1
9364710030130,4172.384,batt,1
9364759800421,3946.146,batt,1
9364809841121,3946.146,batt,1
9364859876195,3946.146,batt,1
9364909866011,3946.146,batt,1
9364959919315,3946.146,batt,1
9365009893870,3831.268,batt,1
9365059906446,3831.268,batt,1
9365110043861,3831.268,batt,1
9365159859619,3831.268,batt,1
9365209979588,3831.268,batt,1
9365259812637,3822.028,batt,1
9365309853441,3822.028,batt,1
9365360109238,3822.028,batt,1
9365410046972,3822.028,batt,1
9365459880386,3822.028,batt,1
9365509856088,3867.434,batt,1
9365559864236,3867.434,batt,1
9365609911550,3867.434,batt,1
9365659909387,3867.434,batt,1
9365709941753,3867.434,batt,1
9365759840946,4141.581,batt,1
9365809845189,4141.581,batt,1
9365859867087,4141.581,batt,1
9365909888516,4141.581,batt,1
9365959792449,4141.581,batt,1
9366010045747,3153.198,batt,1
9366059925097,3153.198,batt,1
9366109840071,3153.198,batt,1
9366159799002,3153.198,batt,1
9366209730121,3153.198,batt,1
9366259873318,2884.128,batt,1
9366309857301,2884.128,batt,1
9366359966175,2884.128,batt,1
9366409851306,2884.128,batt,1
9366459808675,2884.128,batt,1
9366509872968,3251.076,batt,1
9366559824764,3251.076,batt,1
9366609879265,3251.076,batt,1
9366660221779,3251.076,batt,1
9366709863428,3251.076,batt,1
9366759984021,3306.914,batt,1
9366809811549,3306.914,batt,1
9366859930372,3306.914,batt,1
9366910130286,3306.914,batt,1
9366959888129,3306.914,batt,1
9367009932891,2813.264,batt,1
9367059770575,2813.264,batt,1
9367109801640,2813.264,batt,1
9367159803122,2813.264,batt,1
9367209865071,2813.264,batt,1
9367259929832,2672.850,batt,1
9367309972511,2672.850,batt,1
9367359842591,2672.850,batt,1
9367409860791,2672.850,batt,1
9367459882533,2672.850,batt,1
9367509850422,3444.708,batt,1
9367560117834,3444.708,batt,1
9367609867917,3444.708,batt,1
9367659829348,3444.708,batt,1
9367709804216,3444.708,batt,1
9367759839239,3724.441,batt,1
9367809785670,3724.441,batt,1
9367859852880,3724.441,batt,1
9367909832852,3724.441,batt,1
9367959976778,3724.441,batt,1
9368009872534,3754.105,batt,1
9368059914587,3754.105,batt,1
9368109853102,3754.105,batt,1
9368159796409,3754.105,batt,1
9368210086581,3754.105,batt,1
9368259919057,4101.283,batt,1
9368309875801,4101.283,batt,1
9368359831451,4101.283,batt,1
9368409871942,4101.283,batt,1
9368459931912,4101.283,batt,1
9368509973862,3378.136,batt,1
9368559963990,3378.136,batt,1
9368609863600,3378.136,batt,1
9368659811906,3378.136,batt,1
9368709829742,3378.136,batt,1
9368760050488,2128.776,batt,1
9368809846560,2128.776,batt,1
9368859854760,2128.776,batt,1
9368909950094,2128.776,batt,1
9368959789705,2128.776,batt,1
9369009788896,2273.679,batt,1
9369059869178,2273.679,batt,1
9369109824515,2273.679,batt,1
9369159995576,2273.679,batt,1
9369210006797,2273.679,batt,1
9369259774744,3828.444,batt,1
9369309744300,3828.444,batt,1
9369359879320,3828.444,batt,1
9369409835126,3828.444,batt,1
9369459838952,3828.444,batt,1
9369509916838,3279.877,batt,1
9369559874206,3279.877,batt,1
9369609795274,3279.877,batt,1
9369659934825,3279.877,batt,1
9369709836414,3864.770,batt,1
9369760105440,3864.770,batt,1
9369809865159,3864.770,batt,1
9369859823829,3864.770,batt,1
9369909915725,3864.770,batt,1
9369959805856,3833.060,batt,1
9370009788849,3833.060,batt,1
9370059924442,3833.060,batt,1
9370109957329,3833.060,batt,1
9370159831471,3833.060,batt,1
9370209830349,4137.515,batt,1
9370259807197,4137.515,batt,1
9370309916384,4137.515,batt,1
9370359830993,4137.515,batt,1
9370409845652,4137.515,batt,1
9370459821093,3875.776,batt,1
9370509870751,3875.776,batt,1
9370559965147,3875.776,batt,1
9370609797155,3875.776,batt,1
9370659848948,3875.776,batt,1
9370709884908,3846.161,batt,1
9370759813736,3846.161,batt,1
9370809866622,3846.161,batt,1
9370859743629,3846.161,batt,1
9370909843598,3846.161,batt,1
9370959871277,3818.309,batt,1
9371009824010,3818.309,batt,1
9371059903980,3818.309,batt,1
9371109957023,3818.309,batt,1
9371159907933,3818.309,batt,1
9371210172480,4193.555,batt,1
9371259951313,4193.555,batt,1
9371310065083,4193.555,batt,1
9371359722408,4193.555,batt,1
9371409843314,4193.555,batt,1
9371459831984,4060.245,batt,1
9371509774145,4060.245,batt,1
9371559822604,4060.245,batt,1
9371609983040,4060.245,batt,1
9371659851974,4060.245,batt,1
9371709960588,3991.389,batt,1
9371760082119,3991.389,batt,1
9371809957615,3991.389,batt,1
9371859979044,3991.389,batt,1
9371909796365,3991.389,batt,1
9371959850606,3674.262,batt,1
9372009914117,3674.262,batt,1
9372059922214,3674.262,batt,1
9372109956559,3674.262,batt,1
9372159822525,3674.262,batt,1
9372209846298,3738.749,batt,1
9372259809864,3738.749,batt,1
9372309988216,3738.749,batt,1
9372359915325,3738.749,batt,1
9372409857173,3738.749,batt,1
9372459947663,3789.160,batt,1
9372509842950,3789.160,batt,1
9372559888337,3789.160,batt,1
9372609953724,3789.160,batt,1
9372659816512,3789.160,batt,1
9372709881482,3791.952,batt,1
9372759857339,3791.952,batt,1
9372809813354,3791.952,batt,1
9372860140504,3791.952,batt,1
9372909995167,3791.952,batt,1
9372960056335,3944.531,batt,1
9373009832302,3944.531,batt,1
9373059722902,3944.531,batt,1
9373109848964,3944.531,batt,1
9373159871800,3944.531,batt,1
9373210090255,3892.668,batt,1
9373259930595,3892.668,batt,1
9373309773176,3892.668,batt,1
9373359850593,3892.668,batt,1
9373409914469,3892.668,batt,1
9373460123653,3757.996,batt,1
9373509888267,3757.996,batt,1
9373559940842,3757.996,batt,1
9373609912949,3757.996,batt,1
9373659835684,3757.996,batt,1
9373709857998,3925.642,batt,1
9373759787399,3925.642,batt,1
9373809814141,3925.642,batt,1
9373859838591,3925.642,batt,1
9373909850385,3925.642,batt,1
9373959880720,3884.359,batt,1
9374009894963,3884.359,batt,1
9374059833946,3884.359,batt,1
9374109861261,3884.359,batt,1
9374159912064,3884.359,batt,1
9374210066667,3724.966,batt,1
9374259963517,3724.966,batt,1
9374309941301,3724.966,batt,1
9374359837995,3724.966,batt,1
9374409862184,3724.966,batt,1
9374459796741,3834.533,batt,1
9374510014571,3834.533,batt,1
9374559790122,3834.533,batt,1
9374609893268,3834.533,batt,1
9374659826627,3834.533,batt,1
9374709889774,3887.393,batt,1
9374759879642,3887.393,batt,1
9374809890498,3887.393,batt,1
9374859935990,3887.393,batt,1
9374910105800,3887.393,batt,1
9374959878070,4223.618,batt,1
9375009972570,4223.618,batt,1
9375059908012,4223.618,batt,1
9375109877152,4223.618,batt,1
9375159807646,4223.618,batt,1
9375210063392,3803.017,batt,1
9375259863786,3803.017,batt,1
9375309805530,3803.017,batt,1
9375359823209,3803.017,batt,1
9375409923855,3803.017,batt,1
9375459929243,3726.864,batt,1
9375509917913,3726.864,batt,1
9375559996841,3726.864,batt,1
9375609856139,3726.864,batt,1
9375659890797,4129.703,batt,1
9375709785824,4130.696,batt,1
9375759812149,4130.696,batt,1
9375810135497,4130.696,batt,1
9375859885892,4130.696,batt,1
9375909802533,3819.777,batt,1
9375959826462,3819.777,batt,1
9376009952889,3819.777,batt,1
9376059833645,3819.777,batt,1
9376109858460,3819.777,batt,1
9376159951033,3635.773,batt,1
9376209800019,3635.773,batt,1
9376259791502,3635.773,batt,1
9376309916053,3635.773,batt,1
9376359932847,3635.773,batt,1
9376409929902,3735.987,batt,1
9376459846178,3735.987,batt,1
9376509837504,3735.987,batt,1
9376559855653,3735.987,batt,1
9376609923591,3735.987,batt,1
9376659782473,3706.236,batt,1
9376709960356,3706.236,batt,1
9376760089803,3706.236,batt,1
9376809947904,3706.236,batt,1
9376859814702,3706.236,batt,1
9376909991648,3791.457,batt,1
9376959768136,3791.457,batt,1
9377009929822,3791.457,batt,1
9377059874743,3791.457,batt,1
9377110019711,3791.457,batt,1
9377159812293,3893.301,batt,1
9377209898824,3893.301,batt,1
9377259953742,3893.301,batt,1
9377310200894,3893.301,batt,1
9377359816450,3893.301,batt,1
9377409915012,4245.633,batt,1
9377459735979,4245.633,batt,1
9377509797303,4245.633,batt,1
9377559952322,4245.633,batt,1
9377609890733,4245.633,batt,1
9377659980650,4035.257,batt,1
9377709936560,4035.257,batt,1
9377759937938,4035.257,batt,1
9377810017647,4035.257,batt,1
9377859922049,4035.257,batt,1
9377909988945,3997.615,batt,1
9377959807256,3997.615,batt,1
9378009992795,3997.615,batt,1
9378059981204,3997.615,batt,1
9378109843471,3997.615,batt,1
9378159886515,3916.951,batt,1
9378209850654,3916.951,batt,1
9378260046558,3916.951,batt,1
9378309887940,3916.951,batt,1
9378359863225,3916.951,batt,1
9378409981006,3695.812,batt,1
9378459794941,3695.812,batt,1
9378509865796,3695.812,batt,1
9378559802853,3695.812,batt,1
9378609964799,3695.812,batt,1
9378659793942,3659.951,batt,1
9378709877036,3659.951,batt,1
9378759833884,3659.951,batt,1
9378809834325,3659.951,batt,1
9378860075279,3659.951,batt,1
9378909881975,3577.869,batt,1
9378959852677,3577.869,batt,1
9379009904626,3577.869,batt,1
9379059885483,3577.869,batt,1
9379109857695,3577.869,batt,1
9379159796888,3881.631,batt,1
9379209830817,3881.631,batt,1
9379259889589,3881.631,batt,1
9379309898414,3881.631,batt,1
9379359815419,3881.631,batt,1
9379409919555,3176.892,batt,1
9379459972025,3176.892,batt,1
9379509898457,3176.892,batt,1
9379560196962,3176.892,batt,1
9379609930118,3176.892,batt,1
9379660050659,2728.263,batt,1
9379710031517,2728.263,batt,1
9379759933054,2728.263,batt,1
9379809803133,2728.263,batt,1
9379859900238,2728.263,batt,1
9379910036351,2727.121,batt,1
9379959902212,2727.121,batt,1
9380009953172,2727.121,batt,1
9380059801481,2727.121,batt,1
9380109729788,2727.121,batt,1
9380159993606,3614.474,batt,1
9380209952433,3614.474,batt,1
9380259867720,3614.474,batt,1
9380309806808,3614.474,batt,1
9380359820217,3614.474,batt,1
9380410000600,2306.141,batt,1
9380459837034,2306.141,batt,1
9380509873932,2306.141,batt,1
9380559832342,2306.141,batt,1
9380609853355,2306.141,batt,1
9380659857389,2258.518,batt,1
9380709804602,2258.518,batt,1
9380760139147,2258.518,batt,1
9380809981467,2258.518,batt,1
9380859868629,2258.518,batt,1
9380909943182,4104.975,batt,1
9380959762013,4104.975,batt,1
9381010002551,4104.975,batt,1
9381059940337,4104.975,batt,1
9381109865154,4104.975,batt,1
9381159802680,2656.479,batt,1
9381209858223,2656.479,batt,1
9381259988295,2656.479,batt,1
9381309824157,2656.479,batt,1
9381359815952,2656.479,batt,1
9381409821079,4225.056,batt,1
9381459871206,4225.056,batt,1
9381509867740,4225.056,batt,1
9381559809119,4225.056,batt,1
9381609846590,4225.056,batt,1
9381659841770,3952.712,batt,1
9381709906063,3952.712,batt,1
9381759933534,3952.712,batt,1
9381809969129,3952.712,batt,1
9381859877541,2881.104,batt,1
9381909838556,2869.751,batt,1
9381959870089,2869.751,batt,1
9382009925580,2869.751,batt,1
9382059962998,2869.751,batt,1
9382109822609,4015.056,batt,1
9382159820654,4015.056,batt,1
9382210050775,4015.056,batt,1
9382260211888,4015.056,batt,1
9382309920826,4015.056,batt,1
9382359905382,3647.438,batt,1
9382409860250,3647.438,batt,1
9382459973500,3647.438,batt,1
9382510014460,3647.438,batt,1
9382559835843,3647.438,batt,1
9382609885761,3898.663,batt,1
9382659806048,3898.663,batt,1
9382709907527,3898.663,batt,1
9382760086243,3898.663,batt,1
9382809871273,3898.663,batt,1
9382859902598,2821.056,batt,1
9382909975016,2821.056,batt,1
9382959965092,2821.056,batt,1
9383009884128,2821.056,batt,1
9383059829935,2821.056,batt,1
9383110024849,2100.059,batt,1
9383160096797,2100.059,batt,1
9383209848339,2100.059,batt,1
9383259842217,2100.059,batt,1
9383309806096,2100.059,batt,1
9383359826535,3229.149,batt,1
9383410025512,3229.149,batt,1
9383459912414,3229.149,batt,1
9383509871970,3229.149,batt,1
9383559878764,3229.149,batt,1
9383609829831,3169.200,batt,1
9383659941258,3169.200,batt,1
9383709927324,3169.200,batt,1
9383759865057,3169.200,batt,1
9383810094554,3169.200,batt,1
9383859894635,2481.711,batt,1
9383909844035,2481.711,batt,1
9383959838747,2481.711,batt,1
9384009950851,2481.711,batt,1
9384060069933,2481.711,batt,1
9384109799809,4097.434,batt,1
9384159800718,4097.434,batt,1
9384209827564,4097.434,batt,1
9384259919199,4097.434,batt,1
9384309927816,4097.434,batt,1
9384359845447,4134.207,batt,1
9384409773650,4134.207,batt,1
9384459846275,4134.207,batt,1
9384509914787,4134.207,batt,1
9384559839292,4134.207,batt,1
9384609920980,3217.434,batt,1
9384660139487,3217.434,batt,1
9384709949985,3217.434,batt,1
9384759858240,3217.434,batt,1
9384809849410,3217.434,batt,1
9384859829434,4011.718,batt,1
9384910090857,4011.718,batt,1
9384959908802,4011.718,batt,1
9385009879504,4011.718,batt,1
9385059924683,4011.718,batt,1
9385109963247,3344.771,batt,1
9385160140662,3344.771,batt,1
9385209742884,3344.771,batt,1
9385259786917,3344.771,batt,1
9385310172138,3344.771,batt,1
9385360070238,3946.729,batt,1
9385410000524,3946.729,batt,1
9385459779460,3946.729,batt,1
9385509912397,3946.729,batt,1
9385559862786,3946.729,batt,1
9385609895205,3536.573,batt,1
9385659800023,3536.573,batt,1
9385709994833,3536.573,batt,1
9385760064907,3536.573,batt,1
9385809801448,3536.573,batt,1
9385859808555,4008.059,batt,1
9385909812485,4008.059,batt,1
9385959810530,4008.059,batt,1
9386009976017,4008.059,batt,1
9386059813806,4008.059,batt,1
9386109850600,3376.090,batt,1
9386159859634,3376.090,batt,1
9386210064078,3376.090,batt,1
9386259938637,3376.090,batt,1
9386309871267,3376.090,batt,1
9386359839260,3878.831,batt,1
9386409889074,3878.831,batt,1
9386459848891,3878.831,batt,1
9386509835738,3878.831,batt,1
9386559906176,3878.831,batt,1
9386609863232,3436.719,batt,1
9386659867683,3436.719,batt,1
9386710070982,3436.719,batt,1
9386760190273,3436.719,batt,1
9386809848432,3436.719,batt,1
9386859909131,3452.593,batt,1
9386910019724,3452.593,batt,1
9386959815223,3452.593,batt,1
9387009827850,3452.593,batt,1
9387059818551,3452.593,batt,1
9387109836335,2875.213,batt,1
9387159952032,2875.213,batt,1
9387209856903,2875.213,batt,1
9387260153584,2875.213,batt,1
9387309907730,2875.213,batt,1
9387360102487,2935.286,batt,1
9387410015014,2935.286,batt,1
9387459975768,2935.286,batt,1
9387509911262,2935.286,batt,1
9387559803320,2935.286,batt,1
9387610037712,3485.359,batt,1
9387659920031,3485.359,batt,1
9387709962814,3485.359,batt,1
9387759928099,3485.359,batt,1
9387809956351,3485.359,batt,1
9387859890960,3597.536,batt,1
9387909856818,3597.536,batt,1
9387959870643,3597.536,batt,1
9388009843532,3597.536,batt,1
9388059968865,3820.880,batt,1
9388109895297,3820.880,batt,1
9388159841885,3820.880,batt,1
9388209874564,3820.880,batt,1
9388260043697,3820.880,batt,1
9388309836123,2505.088,batt,1
9388359887656,2505.088,batt,1
9388409782734,2505.088,batt,1
9388459997648,2505.088,batt,1
9388509909601,2505.088,batt,1
9388559822596,4094.035,batt,1
9388609868764,4094.035,batt,1
9388659999930,4094.035,batt,1
9388709878291,4094.035,batt,1
9388759837482,4094.035,batt,1
9388809896827,4093.839,batt,1
9388859858831,4093.839,batt,1
9388909822970,4093.839,batt,1
9388959980490,4093.839,batt,1
9389010050251,4093.839,batt,1
9389059758825,3893.574,batt,1
9389109971394,3893.574,batt,1
9389159895743,3893.574,batt,1
9389210086386,3893.574,batt,1
9389260055890,3893.574,batt,1
9389310038102,3652.912,batt,1
9389359961878,3652.912,batt,1
9389409852113,3652.912,batt,1
9389460145774,3652.912,batt,1
9389509996427,3652.912,batt,1
9389559801456,3596.719,batt,1
9389609826375,3596.719,batt,1
9389659790306,3596.719,batt,1
9389709978814,3596.719,batt,1
9389759951287,3596.719,batt,1
9389809934280,2711.746,batt,1
9389859977844,2711.746,batt,1
9389909785842,2711.746,batt,1
9389959973152,2711.746,batt,1
9390009976300,2711.746,batt,1
9390059941846,3211.261,batt,1
9390109884371,3211.261,batt,1
9390159786377,3211.261,batt,1
9390210055351,3211.261,batt,1
9390259952045,3211.261,batt,1
9390309973578,2344.412,batt,1
9390359740327,2344.412,batt,1
9390409824255,2344.412,batt,1
9390459814018,2344.412,batt,1
9390509856020,2344.412,batt,1
9390559796098,3651.497,batt,1
9390609906379,3651.497,batt,1
9390660103011,3651.497,batt,1
9390709758670,3651.497,batt,1
9390759991135,3651.497,batt,1
9390809813403,3878.113,batt,1
9390859821552,3878.113,batt,1
9390909979175,3878.113,batt,1
9390959787433,3878.113,batt,1
9391009908079,3878.113,batt,1
9391059935133,3686.095,batt,1
9391109945260,3686.095,batt,1
9391159792945,3686.095,batt,1
9391209999577,3686.095,batt,1
9391259827054,3686.095,batt,1
9391309763590,3498.039,batt,1
9391359814133,3498.039,batt,1
9391409794053,3498.039,batt,1
9391459852513,3498.039,batt,1
9391509897483,3498.039,batt,1
9391559722876,3626.266,batt,1
9391609830657,3626.266,batt,1
9391659856201,3626.266,batt,1
9391709791487,3626.266,batt,1
9391759934996,3626.266,batt,1
9391809951478,3580.626,batt,1
9391859889003,3580.626,batt,1
9391910037408,3580.626,batt,1
9391960057744,3580.626,batt,1
9392009882668,3580.626,batt,1
9392059921858,3730.593,batt,1
9392109829644,3730.593,batt,1
9392159847897,3730.593,batt,1
9392209853597,3730.593,batt,1
9392259838517,3730.593,batt,1
9392309797761,3403.719,batt,1
9392359800597,3403.719,batt,1
9392409921086,3403.719,batt,1
9392459852570,3403.719,batt,1
9392509864885,3403.719,batt,1
9392559907460,3912.236,batt,1
9392609952066,3912.236,batt,1
9392659863081,3912.236,batt,1
9392709827742,3912.236,batt,1
9392759801933,3912.236,batt,1
9392809806383,2906.122,batt,1
9392859953070,2906.122,batt,1
9392909801223,2906.122,batt,1
9392959822912,2906.122,batt,1
9393009899028,2906.122,batt,1
9393059875510,3955.757,batt,1
9393109845639,3955.757,batt,1
9393159829049,3955.757,batt,1
9393209829645,3955.757,batt,1
9393259807847,3955.757,batt,1
9393309789538,4074.353,batt,1
9393359832217,4074.353,batt,1
9393409856927,4074.353,batt,1
9393459784192,4074.353,batt,1
9393510115821,4074.353,batt,1
9393559822155,3874.485,batt,1
9393609903843,3874.485,batt,1
9393659820276,3874.485,batt,1
9393709889725,3874.485,batt,1
9393759937872,3874.485,batt,1
9393809919459,3526.730,batt,1
9393860085519,3526.730,batt,1
9393909883466,3526.730,batt,1
9393959834584,3526.730,batt,1
9394009878774,3526.730,batt,1
9394059959420,3926.736,batt,1
9394109965537,3926.736,batt,1
9394159918219,3926.736,batt,1
9394209802881,3926.736,batt,1
9394259866445,3778.257,batt,1
9394309968861,3778.257,batt,1
9394360037008,3778.257,batt,1
9394409830163,3778.257,batt,1
9394459992109,3778.257,batt,1
9394510034735,3821.778,batt,1
9394559882316,3821.778,batt,1
9394609875881,3821.778,batt,1
9394659754606,3821.778,batt,1
9394709873012,3821.778,batt,1
9394759971939,4025.483,batt,1
9394809874101,4025.483,batt,1
9394859810637,4025.483,batt,1
9394909820244,4025.483,batt,1
9394959876412,4025.483,batt,1
9395010105491,4042.939,batt,1
9395059804430,4042.939,batt,1
9395109989188,4042.939,batt,1
9395160091605,4042.939,batt,1
9395209794137,4042.939,batt,1
9395259813223,4473.817,batt,1
9395309826944,4473.817,batt,1
9395359858842,4473.817,batt,1
9395409832564,4473.817,batt,1
9395459976959,4473.817,batt,1
9395510022346,3858.401,batt,1
9395559924507,3858.401,batt,1
9395609926979,3858.401,batt,1
9395659877369,3858.401,batt,1
9395709802759,3858.401,batt,1
9395759784919,4158.287,batt,1
9395809785932,4158.287,batt,1
9395859892255,4158.287,batt,1
9395909897018,4158.287,batt,1
9395960233178,4158.287,batt,1
9396010067529,3802.607,batt,1
9396059902506,3802.607,batt,1
9396109799928,3802.607,batt,1
9396159855992,3802.607,batt,1
9396209864401,3802.607,batt,1
9396259785208,4118.929,batt,1
9396310058922,4118.929,batt,1
9396360077539,4118.929,batt,1
9396410026002,4118.929,batt,1
9396459796501,4118.929,batt,1
9396510004800,4412.327,batt,1
9396559907118,4412.327,batt,1
9396609788655,4412.327,batt,1
9396659886228,4412.327,batt,1
9396709854170,4412.327,batt,1
9396759835496,3491.015,batt,1
9396809810572,3491.015,batt,1
9396859804763,3491.015,batt,1
9396909818745,3491.015,batt,1
9396959829601,3491.015,batt,1
9397009769575,1784.760,batt,1
9397059787983,1784.760,batt,1
9397109774258,1784.760,batt,1
9397159859123,1784.760,batt,1
