t_mono_ns,power_mW,src,valid
8405944238795,1070.213,batt,1
8405994260277,1695.482,batt,1
8406044255822,1695.482,batt,1
8406094317823,1695.482,batt,1
8406144283472,1695.482,batt,1
8406194315214,1695.482,batt,1
8406244225501,1747.868,batt,1
8406294230003,1747.868,batt,1
8406344225548,1747.868,batt,1
8406394232603,1747.868,batt,1
8406444343040,1747.868,batt,1
8406494270201,1331.696,batt,1
8406544264600,1331.696,batt,1
8406594267072,1331.696,batt,1
8406644256887,1331.696,batt,1
8406694859238,1331.696,batt,1
8406744250841,1331.632,batt,1
8406795085997,1331.632,batt,1
8406844259899,1331.632,batt,1
8406894256589,1331.632,batt,1
8406944280206,1331.632,batt,1
8406994261897,1037.167,batt,1
8407044279629,1037.167,batt,1
8407094260955,1037.167,batt,1
8407144260822,1037.167,batt,1
8407194259804,1037.167,batt,1
8407244273734,836.115,batt,1
8407294261675,836.115,batt,1
8407344256699,836.115,batt,1
8407394255681,836.115,batt,1
8407444275183,836.115,batt,1
8407494293644,638.074,batt,1
8407544301167,638.074,batt,1
8407594258901,638.074,batt,1
8407644287569,638.074,batt,1
8407694261083,638.074,batt,1
8407744278763,694.325,batt,1
8407794257068,694.325,batt,1
8407844274279,694.325,batt,1
8407894256543,694.325,batt,1
8407944318700,694.325,batt,1
8407994293308,724.921,batt,1
8408044255989,724.921,batt,1
8408094276793,724.921,batt,1
8408144266297,724.921,batt,1
8408194278872,724.921,batt,1
8408244258167,674.702,batt,1
8408294268816,674.702,batt,1
8408344292328,674.702,batt,1
8408394257145,674.702,batt,1
8408444281855,674.702,batt,1
8408494296253,612.352,batt,1
8408544267841,612.352,batt,1
8408594257292,612.352,batt,1
8408644277471,612.352,batt,1
8408694293276,612.352,batt,1
8408744261946,644.226,batt,1
8408794259209,644.226,batt,1
8408844274597,644.226,batt,1
8408894260559,644.226,batt,1
8408944281780,644.226,batt,1
8408994291907,1642.363,batt,1
8409044328909,1642.363,batt,1
8409094261122,1642.363,batt,1
8409144269375,1642.363,batt,1
8409194273357,1642.363,batt,1
8409244290620,2393.397,batt,1
8409294290123,2393.397,batt,1
8409344284522,2393.397,batt,1
8409394296264,2393.397,batt,1
8409444302225,2393.397,batt,1
8409494364955,3085.964,batt,1
8409544306178,3085.964,batt,1
8409594270057,3085.964,batt,1
8409644405390,3085.964,batt,1
8409694373748,3085.964,batt,1
8409744324137,5193.071,batt,1
8409794496083,5193.071,batt,1
8409844320487,5193.071,batt,1
8409894373947,5193.071,batt,1
8409944323347,6351.918,batt,1
8409994555395,6351.918,batt,1
8410044573179,6351.918,batt,1
8410094364875,6351.918,batt,1
8410144399898,6351.918,batt,1
8410194594551,6828.744,batt,1
8410244322604,6828.744,batt,1
8410294312732,6828.744,batt,1
8410344446814,6828.744,batt,1
8410394361893,6828.744,batt,1
8410444274315,6739.392,batt,1
8410494468291,6739.392,batt,1
8410544318788,6739.392,batt,1
8410594281000,6739.392,batt,1
8410644361647,6739.392,batt,1
8410694429272,4589.469,batt,1
8410744502992,4589.469,batt,1
8410794407550,4589.469,batt,1
8410844311899,4589.469,batt,1
8410894358119,4589.469,batt,1
8410944397829,5567.479,batt,1
8410994331501,5567.479,batt,1
8411044331056,5567.479,batt,1
8411094321809,5567.479,batt,1
8411144436986,5567.479,batt,1
8411194535132,5462.733,batt,1
8411244369587,5462.733,batt,1
8411294345185,5462.733,batt,1
8411344457757,5462.733,batt,1
8411394433667,5462.733,batt,1
8411444359839,4969.544,batt,1
8411494305072,4969.544,batt,1
8411544436498,4969.544,batt,1
8411594525009,4969.544,batt,1
8411644338215,4969.544,batt,1
8411694292459,5170.100,batt,1
8411744436385,5170.100,batt,1
8411794390785,5170.100,batt,1
8411844321852,5170.100,batt,1
8411894285471,5170.100,batt,1
8411944360076,5386.822,batt,1
8411994216354,5386.822,batt,1
8412044351582,5386.822,batt,1
8412094334523,5386.822,batt,1
8412144356317,5386.822,batt,1
8412194579563,4505.443,batt,1
8412244344229,4505.443,batt,1
8412294335347,4505.443,batt,1
8412344347193,4505.443,batt,1
8412394343831,4505.443,batt,1
8412444341563,5269.145,batt,1
8412494308463,5269.145,batt,1
8412544497388,5269.145,batt,1
8412594264606,5269.145,batt,1
8412644341867,5269.145,batt,1
8412694333453,4734.154,batt,1
8412744358737,4734.154,batt,1
8412794365479,4734.154,batt,1
8412844361805,4734.154,batt,1
8412894371516,4734.154,batt,1
8412944361123,6045.320,batt,1
8412994326564,6045.320,batt,1
8413044319245,6045.320,batt,1
8413094286196,6045.320,batt,1
8413144482829,6045.320,batt,1
8413194324264,5526.979,batt,1
8413244346318,5526.979,batt,1
8413294402955,5526.979,batt,1
8413344338293,5526.979,batt,1
8413394291859,5526.979,batt,1
8413444316309,5376.434,batt,1
8413494303886,5376.434,batt,1
8413544342762,5376.434,batt,1
8413594514292,5376.434,batt,1
8413644435359,5376.434,batt,1
8413694350125,4789.566,batt,1
8413744320462,4789.566,batt,1
8413794319965,4789.566,batt,1
8413844478942,4789.566,batt,1
8413894390271,4789.566,batt,1
8413944331390,5628.045,batt,1
8413994357819,5628.045,batt,1
8414044517995,5628.045,batt,1
8414094293389,5628.045,batt,1
8414144371536,5628.045,batt,1
8414194474109,5533.341,batt,1
8414244295075,5533.341,batt,1
8414294380877,5533.341,batt,1
8414344331007,5533.341,batt,1
8414394435194,5533.341,batt,1
8414444345741,5194.152,batt,1
8414494354306,5194.152,batt,1
8414544336206,5194.152,batt,1
8414594447164,5194.152,batt,1
8414644354794,5194.152,batt,1
8414694320965,5698.912,batt,1
8414744355935,5698.912,batt,1
8414794494757,5698.912,batt,1
8414844265777,5698.912,batt,1
8414894357934,5698.912,batt,1
8414944291605,5166.397,batt,1
8414994371939,5166.397,batt,1
8415044369150,5166.397,batt,1
8415094341414,5166.397,batt,1
8415144482007,5166.397,batt,1
8415194383596,4875.205,batt,1
8415244339558,4875.205,batt,1
8415294494161,4875.205,batt,1
8415344269295,4875.205,batt,1
8415394331765,4875.205,batt,1
8415444356111,4375.132,batt,1
8415494394988,4375.132,batt,1
8415544443448,4375.132,batt,1
8415594260977,4375.132,batt,1
8415644348967,4375.132,batt,1
8415694312950,3982.146,batt,1
8415744334119,3982.146,batt,1
8415794263988,3982.146,batt,1
8415844355624,3982.146,batt,1
8415894327888,3982.146,batt,1
8415944327547,4172.888,batt,1
8415994296999,4172.888,batt,1
8416044292387,4172.888,batt,1
8416094302931,4172.888,batt,1
8416144313059,3262.891,batt,1
8416194329489,3254.739,batt,1
8416244352845,3254.739,batt,1
8416294321724,3254.739,batt,1
8416344302738,3254.739,batt,1
8416394317605,3593.460,batt,1
8416444395126,3593.460,batt,1
8416494331089,3593.460,batt,1
8416544312728,3593.460,batt,1
8416594454466,3593.460,batt,1
8416644306942,3669.494,batt,1
8416701343275,3669.494,batt,1
8416744363707,3669.494,batt,1
8416794342689,3669.494,batt,1
8416844290475,3669.494,batt,1
8416894338414,3600.109,batt,1
8416944347188,3600.109,batt,1
8416994368304,3600.109,batt,1
8417044346506,3600.109,batt,1
8417094327363,3600.109,batt,1
8417144292857,3767.737,batt,1
8417194378399,3767.737,batt,1
8417244306029,3767.737,batt,1
8417294338448,3767.737,batt,1
8417344370554,3767.737,batt,1
8417394323756,3612.835,batt,1
8417444346591,3612.835,batt,1
8417494313908,3612.835,batt,1
8417544307942,3612.835,batt,1
8417594359579,3612.835,batt,1
8417644332312,3736.774,batt,1
8417694298170,3736.774,batt,1
8417744350692,3736.774,batt,1
8417794344049,3736.774,batt,1
8417844426883,3736.774,batt,1
8417894273890,3417.947,batt,1
8417944312507,3417.947,batt,1
8417994336436,3417.947,batt,1
8418044292659,3417.947,batt,1
8418094307526,3417.947,batt,1
8418144293540,3806.820,batt,1
8418194281116,3806.820,batt,1
8418244448739,3806.820,batt,1
8418294286736,3806.820,batt,1
8418344373424,3806.820,batt,1
8418394311001,3649.543,batt,1
8418444287120,3649.543,batt,1
8418494372714,3649.543,batt,1
8418544466693,3649.543,batt,1
8418594308701,3649.543,batt,1
8418644317214,3562.516,batt,1
8418694365153,3562.516,batt,1
8418744332886,3562.516,batt,1
8418794297858,3562.516,batt,1
8418844351266,3562.516,batt,1
8418894310457,3713.067,batt,1
8418944334595,3713.067,batt,1
8418994354306,3713.067,batt,1
8419044338392,3713.067,batt,1
8419094349614,3713.067,batt,1
8419144354637,3603.074,batt,1
8419194334662,3603.074,batt,1
8419244330206,3603.074,batt,1
8419294290960,3603.074,batt,1
8419344358013,3603.074,batt,1
8419394370589,3627.835,batt,1
8419444337020,3627.835,batt,1
8419494298190,3627.835,batt,1
8419544346546,3627.835,batt,1
8419594288811,3627.835,batt,1
8419644335760,3507.413,batt,1
8419694300577,3507.413,batt,1
8419744323204,3507.413,batt,1
8419794294583,3507.413,batt,1
8419844310960,3507.413,batt,1
8419894320359,3574.670,batt,1
8419944351631,3574.670,batt,1
8419994316396,3574.670,batt,1
8420044324753,3574.670,batt,1
8420094324724,3574.670,batt,1
8420144371778,3616.365,batt,1
8420194318782,3616.365,batt,1
8420244330941,3616.365,batt,1
8420294324663,3616.365,batt,1
8420344500359,3616.365,batt,1
8420394287524,3216.349,batt,1
8420444312547,3216.349,batt,1
8420494380485,3216.349,batt,1
8420544355041,3216.349,batt,1
8420594283817,3216.349,batt,1
8420644332277,4171.983,batt,1
8420694340425,4171.983,batt,1
8420744329824,4171.983,batt,1
8420794341097,4171.983,batt,1
8420844332476,4171.983,batt,1
8420894365207,3734.698,batt,1
8420944272212,3734.698,batt,1
8420994334995,3734.698,batt,1
8421044393402,3734.698,batt,1
8421094297699,3734.698,batt,1
8421144427511,3473.448,batt,1
8421194303684,3473.448,batt,1
8421244306937,3473.448,batt,1
8421294324304,3473.448,batt,1
8421344322140,3473.448,batt,1
8421394296123,3970.872,batt,1
8421444305261,3970.872,batt,1
8421494312524,3970.872,batt,1
8421544309423,3970.872,batt,1
8421594351477,3970.872,batt,1
8421644356084,3647.073,batt,1
8421694319910,3647.073,batt,1
8421744363006,3647.073,batt,1
8421794300479,3647.073,batt,1
8421844340762,3647.073,batt,1
8421894273027,3461.454,batt,1
8421944311852,3461.454,batt,1
8421994361510,3461.454,batt,1
8422044401064,3461.454,batt,1
8422094280258,3461.454,batt,1
8422144343873,3750.705,batt,1
8422194369209,3750.705,batt,1
8422244325327,3750.705,batt,1
8422294307591,3750.705,batt,1
8422344331520,3750.705,batt,1
8422394318524,3491.747,batt,1
8422444322818,3491.747,batt,1
8422494387684,3491.747,batt,1
8422544331199,3491.747,batt,1
8422594358670,3820.054,batt,1
8422644368953,3820.054,batt,1
8422694306791,3820.054,batt,1
8422744302596,3820.054,batt,1
8422794293037,3820.054,batt,1
8422844354934,3859.329,batt,1
8422894354020,3859.329,batt,1
8422944296389,3859.329,batt,1
8422994337193,3859.329,batt,1
8423044345290,3859.329,batt,1
8423094277294,3506.910,batt,1
8423144328046,3506.910,batt,1
8423194381454,3506.910,batt,1
8423244315229,3506.910,batt,1
8423294401084,3506.910,batt,1
8423344316787,3543.259,batt,1
8423394300040,3543.259,batt,1
8423444273554,3543.259,batt,1
8423494332639,3543.259,batt,1
8423544297455,3543.259,batt,1
8423594281125,3265.548,batt,1
8423644357605,3265.548,batt,1
8423694345494,3265.548,batt,1
8423744342705,3265.548,batt,1
8423794332677,3265.548,batt,1
8423844388585,3736.595,batt,1
8423894348141,3736.595,batt,1
8423944288635,3736.595,batt,1
8423994483393,3736.595,batt,1
8424044266652,3736.595,batt,1
8424094298654,3429.636,batt,1
8424144325916,3429.636,batt,1
8424194312138,3429.636,batt,1
8424244285600,3429.636,batt,1
8424294354424,3429.636,batt,1
8424344280908,3018.426,batt,1
8424394286505,3018.426,batt,1
8424444308299,3018.426,batt,1
8424494369414,3018.426,batt,1
8424544313346,3018.426,batt,1
8424594487896,3453.684,batt,1
8424644275009,3453.684,batt,1
8424694308105,3453.684,batt,1
8424744339690,3453.684,batt,1
8424794332422,3453.684,batt,1
8424844277812,3746.455,batt,1
8424894315074,3746.455,batt,1
8424944325723,3746.455,batt,1
8424994337882,3746.455,batt,1
8425044347332,3746.455,batt,1
8425094355949,3739.446,batt,1
8425144370035,3739.446,batt,1
8425194369434,3739.446,batt,1
8425244357739,3739.446,batt,1
8425294262349,3739.446,batt,1
8425344270497,4145.287,batt,1
8425394321822,4145.287,batt,1
8425444320648,4145.287,batt,1
8425494449938,4145.287,batt,1
8425544310852,4145.287,batt,1
8425594320458,3484.334,batt,1
8425644341263,3484.334,batt,1
8425694316287,3484.334,batt,1
8425744361101,3484.334,batt,1
8425794284825,3484.334,batt,1
8425844337139,3421.485,batt,1
8425894334038,3421.485,batt,1
8425944371977,3421.485,batt,1
8425994340283,3421.485,batt,1
8426044315932,3421.485,batt,1
8426094285228,3719.580,batt,1
8426144318584,3719.580,batt,1
8426194273140,3719.580,batt,1
8426244329985,3719.580,batt,1
8426294331884,3719.580,batt,1
8426344350292,3566.225,batt,1
8426394339223,3566.225,batt,1
8426444307841,3566.225,batt,1
8426494329843,3566.225,batt,1
8426544270754,3566.225,batt,1
8426594323016,2255.738,batt,1
8426644326529,2255.738,batt,1
8426694260253,2255.738,batt,1
8426744323920,2255.738,batt,1
8426794336131,2255.738,batt,1
8426844399278,4065.571,batt,1
8426894293107,4065.571,batt,1
8426944326724,4065.571,batt,1
8426994314196,4065.571,batt,1
8427044351145,4065.571,batt,1
8427094329972,3487.204,batt,1
8427144283799,3487.204,batt,1
8427194313040,3487.204,batt,1
8427244311033,3487.204,batt,1
8427294371784,3487.204,batt,1
8427344349465,3609.604,batt,1
8427394369488,3609.604,batt,1
8427444333471,3609.604,batt,1
8427494327297,3609.604,batt,1
8427544365497,3609.604,batt,1
8427594294845,3357.425,batt,1
8427644378512,3357.425,batt,1
8427694300257,3357.425,batt,1
8427744306635,3357.425,batt,1
8427794328845,3357.425,batt,1
8427844328140,4034.216,batt,1
8427894315247,4034.216,batt,1
8427944326052,4034.216,batt,1
8427994315712,4034.216,batt,1
8428044287767,4034.216,batt,1
8428094387163,3841.416,batt,1
8428144369531,3841.416,batt,1
8428194369399,3841.416,batt,1
8428244312080,3841.416,batt,1
8428294318198,3841.416,batt,1
8428344354991,3899.865,batt,1
8428394282621,3899.865,batt,1
8428444281082,3899.865,batt,1
8428494375374,3899.865,batt,1
8428544313993,3899.865,batt,1
8428594336881,4080.218,batt,1
8428644342738,4080.218,batt,1
8428694289690,4080.218,batt,1
8428744308203,4080.218,batt,1
8428794345257,3399.677,batt,1
8428844315802,3399.677,batt,1
8428894368377,3399.677,batt,1
8428944355744,3399.677,batt,1
8428994350872,3399.677,batt,1
8429044322407,3656.259,batt,1
8429094308994,3656.259,batt,1
8429144304539,3656.259,batt,1
8429194329510,3656.259,batt,1
8429244440363,3656.259,batt,1
8429294238726,4089.148,batt,1
8429344283801,4089.148,batt,1
8429394352260,4089.148,batt,1
8429444351607,4089.148,batt,1
8429494267206,4089.148,batt,1
8429544278740,3605.373,batt,1
8429594293867,3605.373,batt,1
8429644351441,3605.373,batt,1
8429694355892,3605.373,batt,1
8429744329666,3605.373,batt,1
8429794349012,3590.564,batt,1
8429844318464,3590.564,batt,1
8429894292707,3590.564,batt,1
8429944347157,3590.564,batt,1
8429994351086,3590.564,batt,1
8430044333923,3672.670,batt,1
8430094346082,3672.670,batt,1
8430144322669,3672.670,batt,1
8430194288891,3672.670,batt,1
8430244379798,3672.670,batt,1
8430294330136,3533.586,batt,1
8430344311306,3533.586,batt,1
8430394334870,3533.586,batt,1
8430444326509,3533.586,batt,1
8430494274711,3533.586,batt,1
8430544352701,3489.612,batt,1
8430594322049,3489.612,batt,1
8430644341135,3489.612,batt,1
8430694325950,3489.612,batt,1
8430744339932,3489.612,batt,1
8430794320894,4129.857,batt,1
8430844287481,4129.857,batt,1
8430894324900,4129.857,batt,1
8430944295237,4129.857,batt,1
8430994326041,4129.857,batt,1
8431044330596,3918.481,batt,1
8431094294683,3918.481,batt,1
8431144376840,3918.481,batt,1
8431194339416,3918.481,batt,1
8431244384022,3918.481,batt,1
8431294310090,3784.801,batt,1
8431344261990,3784.801,batt,1
8431394373104,3784.801,batt,1
8431444296463,3784.801,batt,1
8431494332267,3784.801,batt,1
8431544373540,3951.668,batt,1
8431594303409,3951.668,batt,1
8431644325620,3951.668,batt,1
8431694357049,3951.668,batt,1
8431744297699,3951.668,batt,1
8431794305587,3748.411,batt,1
8431844337589,3748.411,batt,1
8431894415371,3748.411,batt,1
8431944295138,3748.411,batt,1
8431994353650,3748.411,batt,1
8432044388829,3639.468,batt,1
8432094284012,3639.468,batt,1
8432144326534,3639.468,batt,1
8432194298173,3639.468,batt,1
8432244307884,3639.468,batt,1
8432294493736,3464.336,batt,1
8432344332566,3464.336,batt,1
8432394282227,3464.336,batt,1
8432444318083,3464.336,batt,1
8432494314982,3464.336,batt,1
8432544356671,3790.252,batt,1
8432594304873,3790.252,batt,1
8432644345156,3790.252,batt,1
8432694336274,3790.252,batt,1
8432744357443,3790.252,batt,1
8432794350748,3607.675,batt,1
8432844347438,3607.675,batt,1
8432894275329,3607.675,batt,1
8432944402589,3607.675,batt,1
8432994377717,3607.675,batt,1
8433044330815,3913.159,batt,1
8433094298704,3913.159,batt,1
8433144336748,3913.159,batt,1
8433194402082,3913.159,batt,1
8433244370596,3913.159,batt,1
8433294335152,3512.635,batt,1
8433344303094,3512.635,batt,1
8433394325669,3512.635,batt,1
8433444336890,3512.635,batt,1
8433494316706,3512.635,batt,1
8433544262981,3600.800,batt,1
8433594361544,3600.800,batt,1
8433644341152,3600.800,batt,1
8433694305603,3600.800,batt,1
8433744331251,3600.800,batt,1
8433794335858,3690.515,batt,1
8433844316143,3690.515,batt,1
8433894331531,3690.515,batt,1
8433944301035,3690.515,batt,1
8433994293923,3690.515,batt,1
8434044392486,3837.634,batt,1
8434094311314,3837.634,batt,1
8434144321910,3837.634,batt,1
8434194369641,3837.634,batt,1
8434244346019,3837.634,batt,1
8434294277764,3746.816,batt,1
8434344288204,3746.816,batt,1
8434394389631,3746.816,batt,1
8434444317000,3746.816,batt,1
8434494265932,3746.816,batt,1
8434544281580,3331.300,batt,1
8434594343894,3331.300,batt,1
8434644364490,3331.300,batt,1
8434694294672,3331.300,batt,1
8434744334174,3331.300,batt,1
8434794340082,3782.652,batt,1
8434844319586,3782.652,batt,1
8434894354140,3782.652,batt,1
8434944378798,3782.652,batt,1
8434994286221,3395.861,batt,1
8435044327389,3393.250,batt,1
8435094320798,3393.250,batt,1
8435144325405,3393.250,batt,1
8435194441832,3393.250,batt,1
8435244322588,3528.647,batt,1
8435294287092,3528.647,batt,1
8435344267377,3528.647,batt,1
8435394341982,3528.647,batt,1
8435444400910,3528.647,batt,1
8435494293333,3629.101,batt,1
8435544258201,3629.101,batt,1
8435594311557,3629.101,batt,1
8435644390432,3629.101,batt,1
8435694380665,3629.101,batt,1
8435744366626,3510.841,batt,1
8435794294360,3510.841,batt,1
8435844348289,3510.841,batt,1
8435894295866,3510.841,batt,1
8435944320681,3510.841,batt,1
8435994408410,3466.271,batt,1
8436044323124,3466.271,batt,1
8436094289919,3466.271,batt,1
8436144323953,3466.271,batt,1
8436194306321,3466.271,batt,1
8436244310094,3610.960,batt,1
8436294287410,3610.960,batt,1
8436344310871,3610.960,batt,1
8436394285322,3610.960,batt,1
8436444299825,3610.960,batt,1
8436494346722,3316.885,batt,1
8436544336642,3316.885,batt,1
8436594369790,3316.885,batt,1
8436644339866,3316.885,batt,1
8436694354213,3316.885,batt,1
8436744316060,3785.710,batt,1
8436794514672,3785.710,batt,1
8436844302462,3785.710,batt,1
8436894370505,3785.710,batt,1
8436944319280,3785.710,batt,1
8436994371542,3539.123,batt,1
8437044333754,3539.123,batt,1
8437094309352,3539.123,batt,1
8437144362915,3539.123,batt,1
8437194353044,3539.123,batt,1
8437244356869,3534.945,batt,1
8437294380174,3534.945,batt,1
8437344330980,3534.945,batt,1
8437394302932,3534.945,batt,1
8437444368422,3534.945,batt,1
8437494319906,3326.046,batt,1
8437544354564,3326.046,batt,1
8437594342400,3326.046,batt,1
8437644321747,3326.046,batt,1
8437694325365,3326.046,batt,1
8437744270338,3661.908,batt,1
8437794403118,3661.908,batt,1
8437844277000,3661.908,batt,1
8437894333324,3661.908,batt,1
8437944367982,3661.908,batt,1
8437994253947,3847.964,batt,1
8438044511619,3847.964,batt,1
8438094289306,3847.964,batt,1
8438144310891,3847.964,batt,1
8438194313675,3847.964,batt,1
8438244335157,3259.064,batt,1
8438294325962,3259.064,batt,1
8438344350204,3259.064,batt,1
8438394341999,3259.064,batt,1
8438444358584,3259.064,batt,1
8438494318401,3940.075,batt,1
8438544319414,3940.075,batt,1
8438594308084,3940.075,batt,1
8438644323628,3940.075,batt,1
8438694330058,3940.075,batt,1
8438744375966,3709.045,batt,1
8438794367031,3709.045,batt,1
8438844317942,3709.045,batt,1
8438894325934,3709.045,batt,1
8438944282365,3709.045,batt,1
8438994325252,3426.098,batt,1
8439044340224,3426.098,batt,1
8439094365715,3426.098,batt,1
8439144332980,3426.098,batt,1
8439194316389,3426.098,batt,1
8439244306674,3433.999,batt,1
8439294322739,3433.999,batt,1
8439344309429,3433.999,batt,1
8439394319974,3433.999,batt,1
8439444336038,3433.999,batt,1
8439494384134,3905.665,batt,1
8439544346346,3905.665,batt,1
8439594325797,3905.665,batt,1
8439644334206,3905.665,batt,1
8439694314022,3905.665,batt,1
8439744467479,3473.212,batt,1
8439794341465,3473.212,batt,1
8439844255606,3473.212,batt,1
8439894390834,3473.212,batt,1
8439944297110,3473.212,batt,1
8439994371038,3496.243,batt,1
8440044329084,3496.243,batt,1
8440094359107,3496.243,batt,1
8440144333871,3496.243,batt,1
8440194322957,3496.243,batt,1
8440244358553,3840.873,batt,1
8440294332744,3840.873,batt,1
8440344345007,3840.873,batt,1
8440394342010,3840.873,batt,1
8440444305420,3840.873,batt,1
8440494321693,3384.254,batt,1
8440544458484,3384.254,batt,1
8440594305022,3384.254,batt,1
8440644348326,3384.254,batt,1
8440694376474,3384.254,batt,1
8440744293583,3605.373,batt,1
8440794363605,3605.373,batt,1
8440844366181,3605.373,batt,1
8440905469376,3605.373,batt,1
8440944189567,3605.373,batt,1
8440994345784,3927.784,batt,1
8441044302267,3927.784,batt,1
8441094419579,3927.784,batt,1
8441144297679,3927.784,batt,1
8441194306765,3927.784,batt,1
8441244311216,3379.274,batt,1
8441294392331,3379.274,batt,1
8441344284650,3379.274,batt,1
8441394320818,3379.274,batt,1
8441444334227,3584.182,batt,1
8441494334303,3584.182,batt,1
8441544331358,3584.182,batt,1
8441594436430,3584.182,batt,1
8441644309791,3584.182,batt,1
8441694316013,3631.033,batt,1
8441744302964,3631.033,batt,1
8441794291790,3631.033,batt,1
8441844313480,3631.033,batt,1
8441894388293,3631.033,batt,1
8441944309204,3664.725,batt,1
8441994487035,3664.725,batt,1
8442044242743,3664.725,batt,1
8442094354483,3664.725,batt,1
8442144293310,3664.725,batt,1
8442194327916,3609.299,batt,1
8442244370439,3609.299,batt,1
8442294375150,3609.299,batt,1
8442344328456,3609.299,batt,1
8442394332230,3609.299,batt,1
8442444344128,3546.624,batt,1
8442494310507,3546.624,batt,1
8442544349175,3546.624,batt,1
8442594367011,3546.624,batt,1
8442644300266,3546.624,batt,1
8442694293727,3692.619,batt,1
8442744326771,3692.619,batt,1
8442794338148,3692.619,batt,1
8442844279320,3692.619,batt,1
8442894305645,3692.619,batt,1
8442944397385,3578.036,batt,1
8442994305171,3578.036,batt,1
8443044355454,3578.036,batt,1
8443094410164,3578.036,batt,1
8443144296441,3578.036,batt,1
8443194352348,3252.740,batt,1
8443244383986,3252.740,batt,1
8443294337865,3252.740,batt,1
8443344327108,3252.740,batt,1
8443394427858,3252.740,batt,1
8443444327051,4052.373,batt,1
8443494450561,4052.373,batt,1
8443544321109,4052.373,batt,1
8443594374673,4052.373,batt,1
8443644377405,4052.373,batt,1
8443694372012,4118.779,batt,1
8443744343599,4118.779,batt,1
8443794369611,4118.779,batt,1
8443844329949,4118.779,batt,1
8443894359347,4118.779,batt,1
8443944300466,4001.602,batt,1
8443994302365,4001.602,batt,1
8444057603048,4001.602,batt,1
8444094289339,4001.602,batt,1
8444144328633,4001.602,batt,1
8444194346208,3363.555,batt,1
8444244342274,3363.555,batt,1
8444294298132,3363.555,batt,1
8444344314405,3363.555,batt,1
8444394333543,3363.555,batt,1
8444444358618,3582.257,batt,1
8444494311456,3582.257,batt,1
8444544302052,3582.257,batt,1
8444594309055,3582.257,batt,1
8444644287413,3582.257,batt,1
8444694349206,2707.405,batt,1
8444744331574,2707.405,batt,1
8444794311598,2707.405,batt,1
8444844358912,2707.405,batt,1
8444894338311,2707.405,batt,1
8444944269431,3534.489,batt,1
8444994335130,3534.489,batt,1
8445044478326,3534.489,batt,1
8445105444025,3534.489,batt,1
8445144336815,3534.489,batt,1
8445194385223,3494.556,batt,1
8445244372278,3494.556,batt,1
8445294299648,3494.556,batt,1
8445344280714,3494.556,batt,1
8445394278498,3494.556,batt,1
8445444347426,3847.594,batt,1
8445494333179,3847.594,batt,1
8445544338672,3847.594,batt,1
8445594369111,3847.594,batt,1
8445644316688,3847.594,batt,1
8445694377492,3909.796,batt,1
8445744351422,3909.796,batt,1
8445794379102,3909.796,batt,1
8445844346418,3909.796,batt,1
8445894316807,3909.796,batt,1
8445944396308,3427.574,batt,1
8445994283418,3427.574,batt,1
8446044325940,3427.574,batt,1
8446094308100,3427.574,batt,1
8446144381663,3427.574,batt,1
8446194305856,3540.875,batt,1
8446244291349,3540.875,batt,1
8446294307049,3540.875,batt,1
8446344325614,3540.875,batt,1
8446394308086,3540.875,batt,1
8446444302173,3871.122,batt,1
8446494317925,3871.122,batt,1
8446544290241,3871.122,batt,1
8446594406616,3871.122,batt,1
8446644366276,3871.122,batt,1
8446694350467,3566.875,batt,1
8446744370386,3566.875,batt,1
8446794318484,3566.875,batt,1
8446844341476,3566.875,batt,1
8446894350353,3566.875,batt,1
8446944347304,3543.855,batt,1
8446994291809,3543.855,batt,1
8447044332456,3543.855,batt,1
8447094294773,3543.855,batt,1
8447144368909,3543.855,batt,1
8447194421952,3911.013,batt,1
8447244354061,3911.013,batt,1
8447294301586,3911.013,batt,1
8447344336296,3911.013,batt,1
8447394331997,3911.013,batt,1
8447444300407,3927.531,batt,1
8447494335743,3927.531,batt,1
8447544344308,3927.531,batt,1
8447594314853,3927.531,batt,1
8447644377740,3478.991,batt,1
8447694330473,3478.991,batt,1
8447744346434,3478.991,batt,1
8447794323646,3478.991,batt,1
8447844307316,3478.991,batt,1
8447894364161,3985.385,batt,1
8447944335071,3985.385,batt,1
8447994317803,3985.385,batt,1
8448044349597,3985.385,batt,1
8448094324205,3985.385,batt,1
8448144342613,3699.519,batt,1
8448194344408,3699.519,batt,1
8448244300474,3699.519,batt,1
8448294284301,3699.519,batt,1
8448344338385,3699.519,batt,1
8448394324868,3471.675,batt,1
8448444373276,3471.675,batt,1
8448494311009,3471.675,batt,1
8448544333585,3471.675,batt,1
8448594424960,3471.675,batt,1
8448644294831,3742.255,batt,1
8448694324802,3742.255,batt,1
8448744517841,3742.255,batt,1
8448794313600,3742.255,batt,1
8448844291020,3742.255,batt,1
8448894351302,3556.088,batt,1
8448944316119,3556.088,batt,1
8448994259165,3556.088,batt,1
8449044318458,3556.088,batt,1
8449094334679,3556.088,batt,1
8449144288662,3960.034,batt,1
8449194310508,3960.034,batt,1
8449244318761,3960.034,batt,1
8449294368627,3960.034,batt,1
8449344301205,3960.034,batt,1
8449394320499,3645.327,batt,1
8449444336095,3645.327,batt,1
8449494326848,3645.327,batt,1
8449544370568,3645.327,batt,1
8449594353197,3645.327,batt,1
8449644355043,3344.610,batt,1
8449694342099,3344.610,batt,1
8449744293947,3344.610,batt,1
8449794331105,3344.610,batt,1
8449844339670,3344.610,batt,1
8449894352506,3443.152,batt,1
8449944264928,3443.152,batt,1
8449994326668,3443.152,batt,1
8450044332786,3443.152,batt,1
8450094323122,3443.152,batt,1
8450144306584,3559.362,batt,1
8450194309003,3559.362,batt,1
8450244335224,3559.362,batt,1
8450294321290,3559.362,batt,1
8450344328761,3559.362,batt,1
8450397410259,4114.876,batt,1
8450444404275,4114.876,batt,1
8450494348572,4114.876,batt,1
8450544298701,4114.876,batt,1
8450594290912,4114.876,batt,1
8450644341560,3677.264,batt,1
8450694287262,3677.264,batt,1
8450744329837,3677.264,batt,1
8450794331423,3677.264,batt,1
8450844339571,3677.264,batt,1
8450894298815,3425.356,batt,1
8450944342223,3425.356,batt,1
8450994303914,3425.356,batt,1
8451044310813,3425.356,batt,1
8451094321513,3425.356,batt,1
8451144315964,3859.644,batt,1
8451194329008,3859.644,batt,1
8451244311533,3859.644,batt,1
8451294388377,3859.644,batt,1
8451344348767,3859.644,batt,1
8451394279313,3553.787,batt,1
8451444340637,3553.787,batt,1
8451494312120,3553.787,batt,1
8451544306154,3553.787,batt,1
8451594361281,3553.787,batt,1
8451644351409,3556.854,batt,1
8451694318048,3556.854,batt,1
8451744353279,3556.854,batt,1
8451794304606,3556.854,batt,1
8451844309109,3556.854,batt,1
8451894275436,3403.305,batt,1
8451944305407,3403.305,batt,1
8451994309857,3403.305,batt,1
8452044329151,3403.305,batt,1
8452094320321,3403.305,batt,1
8452144328522,3407.660,batt,1
8452194310108,3407.660,batt,1
8452244348568,3407.660,batt,1
8452294324791,3407.660,batt,1
8452344317575,3407.660,batt,1
8452394349629,3494.615,batt,1
8452444388402,3494.615,batt,1
8452505457587,3494.615,batt,1
8452544306733,3494.615,batt,1
8452594311444,3494.615,batt,1
8452644319384,4018.954,batt,1
8452694369875,4018.954,batt,1
8452744331202,4018.954,batt,1
8452794274613,4018.954,batt,1
8452844350363,4018.954,batt,1
8452894285702,3809.649,batt,1
8452944390201,3809.649,batt,1
8452994310644,3809.649,batt,1
8453044356969,3809.649,batt,1
8453094301056,3809.649,batt,1
8453144373474,3433.511,batt,1
8453194350269,3433.511,batt,1
8453244289565,3433.511,batt,1
8453294409534,3433.511,batt,1
8453344299769,3433.511,batt,1
8453394316823,3939.783,batt,1
8453444485228,3939.783,batt,1
8453494280205,3939.783,batt,1
8453544281479,3939.783,batt,1
8453594324157,3939.783,batt,1
8453644336108,3814.145,batt,1
8453694382641,3814.145,batt,1
8453744335739,3814.145,batt,1
8453794331544,3814.145,batt,1
8453844320266,3716.474,batt,1
8453894319769,3713.975,batt,1
8453944274794,3713.975,batt,1
8453994315597,3713.975,batt,1
8454044342027,3713.975,batt,1
8454094308614,3783.085,batt,1
8454144319575,3783.085,batt,1
8454194322150,3783.085,batt,1
8454244299154,3783.085,batt,1
8454294321833,3783.085,batt,1
8454344319305,3769.323,batt,1
8454394315735,3769.323,batt,1
8454444358622,3769.323,batt,1
8454494313335,3769.323,batt,1
8454544362836,3769.323,batt,1
8454594328434,3543.259,batt,1
8454644191274,3543.259,batt,1
8454694296607,3543.259,batt,1
8454744392305,3543.259,batt,1
8454794340872,3543.259,batt,1
8454844294022,4145.766,batt,1
8454894292483,4145.766,batt,1
8454944289955,4145.766,batt,1
8454994307218,4145.766,batt,1
8455044360105,4145.766,batt,1
8455094347993,3533.370,batt,1
8455144333955,3533.370,batt,1
8455194343249,3533.370,batt,1
8455244319732,3533.370,batt,1
8455294337776,3533.370,batt,1
8455344284833,3429.473,batt,1
8455394316782,3429.473,batt,1
8455444310921,3429.473,batt,1
8455494313080,3429.473,batt,1
8455544329301,3429.473,batt,1
8455594334689,3759.867,batt,1
8455644314297,3759.867,batt,1
8455694337914,3759.867,batt,1
8455744469496,3759.867,batt,1
8455794290723,3759.867,batt,1
8455844289653,3608.412,batt,1
8455894274573,3608.412,batt,1
8455944344438,3608.412,batt,1
8455994338525,3608.412,batt,1
8456044352402,3608.412,batt,1
8456094325604,3802.384,batt,1
8456144317659,3802.384,batt,1
8456194342005,3802.384,batt,1
8456244401558,3802.384,batt,1
8456294332157,3802.384,batt,1
8456344304265,3657.309,batt,1
8456394373036,3657.309,batt,1
8456444342853,3657.309,batt,1
8456494383656,3657.309,batt,1
8456544274465,3657.309,batt,1
8456594346882,3959.463,batt,1
8456644406644,3959.463,batt,1
8456694289119,3959.463,batt,1
8456744528615,3959.463,batt,1
8456794274219,3959.463,batt,1
8456844349032,3661.374,batt,1
8456894318796,3661.374,batt,1
8456944350694,3661.374,batt,1
8456994322125,3661.374,batt,1
8457044305586,3661.374,batt,1
8457094315974,3999.707,batt,1
8457144327039,3999.707,batt,1
8457194376645,3999.707,batt,1
8457244281776,3999.707,batt,1
8457294303309,3999.707,batt,1
8457344374216,3470.074,batt,1
8457394350491,3470.074,batt,1
8457444366035,3470.074,batt,1
8457494383089,3470.074,batt,1
8457544295928,3470.074,batt,1
8457594344700,3533.832,batt,1
8457644367223,3533.832,batt,1
8457694282249,3533.832,batt,1
8457744300866,3533.832,batt,1
8457794312921,3533.832,batt,1
8457844338048,3396.302,batt,1
8457894276876,3396.302,batt,1
8457944330179,3396.302,batt,1
8457994351140,3396.302,batt,1
8458044257416,3396.302,batt,1
8458094297283,3700.739,batt,1
8458144339805,3700.739,batt,1
8458194322642,3700.739,batt,1
8458244336415,3700.739,batt,1
8458294330449,3700.739,batt,1
8458344395419,3815.700,batt,1
8458394355496,3815.700,batt,1
8458444329062,3815.700,batt,1
8458494374085,3815.700,batt,1
8458544338484,3815.700,batt,1
8458594372465,3717.367,batt,1
8458644385562,3717.367,batt,1
8458694377773,3717.367,batt,1
8458744341288,3717.367,batt,1
8458794284073,3717.367,batt,1
8458844350814,4099.126,batt,1
8458894362608,4099.126,batt,1
8458944318779,4099.126,batt,1
8458994337083,4099.126,batt,1
8459044327993,4099.126,batt,1
8459094256716,3693.140,batt,1
8459144316061,3693.140,batt,1
8459194361136,3693.140,batt,1
8459244321109,3693.140,batt,1
8459294388578,3693.140,batt,1
8459344382456,3698.071,batt,1
8459394301805,3698.071,batt,1
8459444349432,3698.071,batt,1
8459494265812,3698.071,batt,1
8459544321720,3698.071,batt,1
8459594320650,3990.704,batt,1
8459644356558,3990.704,batt,1
8459694346426,3990.704,batt,1
8459744312127,3990.704,batt,1
8459794395013,3990.704,batt,1
8459844290457,3834.795,batt,1
8459894390477,3834.795,batt,1
8459944323836,3834.795,batt,1
8459994306100,3834.795,batt,1
8460044355914,3834.795,batt,1
8460094370833,3429.473,batt,1
8460144362576,3429.473,batt,1
8460194315934,3429.473,batt,1
8460244307313,3429.473,batt,1
8460294315461,3962.504,batt,1
8460344311787,3962.504,batt,1
8460394327539,3962.504,batt,1
8460444335480,3962.504,batt,1
8460494427688,3962.504,batt,1
8460544327142,4047.552,batt,1
8460594325916,4047.552,batt,1
8460644365001,4047.552,batt,1
8460694306484,4047.552,batt,1
8460744274061,4047.552,batt,1
8460794342468,3578.380,batt,1
8460844311035,3578.380,batt,1
8460894337516,3578.380,batt,1
8460944320040,3578.380,batt,1
8460994316991,3578.380,batt,1
8461044374253,4102.175,batt,1
8461094278810,4102.175,batt,1
8461144332426,4102.175,batt,1
8461194367970,4102.175,batt,1
8461244362890,4102.175,batt,1
8461294323800,3447.765,batt,1
8461344343719,3447.765,batt,1
8461394333170,3447.765,batt,1
8461444337204,3447.765,batt,1
8461494309989,3447.765,batt,1
8461544331783,3902.412,batt,1
8461594449876,3902.412,batt,1
8461644342559,3902.412,batt,1
8461694293782,3902.412,batt,1
8461744428646,3902.412,batt,1
8461794350963,4022.082,batt,1
8461844482285,4022.082,batt,1
8461894339657,4022.082,batt,1
8461944358274,4022.082,batt,1
8461994322778,4022.082,batt,1
8462044375769,3886.598,batt,1
8462094362980,3886.598,batt,1
8462144320922,3886.598,batt,1
8462194329643,3886.598,batt,1
8462244340865,3886.598,batt,1
8462294345628,3598.499,batt,1
8462344302007,3598.499,batt,1
8462394338957,3598.499,batt,1
8462444345647,3598.499,batt,1
8462494311505,3598.499,batt,1
8462544350954,3773.640,batt,1
8462594301553,3773.640,batt,1
8462644314961,3773.640,batt,1
8462694390712,3773.640,batt,1
8462744365632,3773.640,batt,1
8462794281804,3643.878,batt,1
8462844375315,3643.878,batt,1
8462894284143,3643.878,batt,1
8462944265470,3643.878,batt,1
8462994335856,3643.878,batt,1
8463044337755,3386.260,batt,1
8463094350017,3386.260,batt,1
8463144339937,3386.260,batt,1
8463194343190,3386.260,batt,1
8463244343839,3386.260,batt,1
8463294347248,3703.221,batt,1
8463344351751,3703.221,batt,1
8463394345212,3703.221,batt,1
8463444303310,3703.221,batt,1
8463494350363,3703.221,batt,1
8463544279295,4091.366,batt,1
8463594277757,4091.366,batt,1
8463644331373,4091.366,batt,1
8463694296866,4091.366,batt,1
8463744290223,4091.366,batt,1
8463794290247,3782.144,batt,1
8463844335738,3782.144,batt,1
8463894306440,3782.144,batt,1
8463944351514,3782.144,batt,1
8463994295602,3782.144,batt,1
8464044318854,3597.686,batt,1
8464094449656,3597.686,batt,1
8464144319058,3597.686,batt,1
8464194392621,3597.686,batt,1
8464244356240,3597.686,batt,1
8464294268193,3414.570,batt,1
8464344337017,3414.570,batt,1
8464394363030,3414.570,batt,1
8464444349043,3414.570,batt,1
8464494344536,3414.570,batt,1
8464544371173,3620.909,batt,1
8464594426664,3620.909,batt,1
8464644312160,3620.909,batt,1
8464694330933,3620.909,batt,1
8464744365904,3620.909,batt,1
8464794382385,3895.929,batt,1
8464844307620,3895.929,batt,1
8464894370142,3895.929,batt,1
8464944332458,3895.929,batt,1
8464994200871,3895.929,batt,1
8465044339745,3505.336,batt,1
8465094340966,3505.336,batt,1
8465144377135,3505.336,batt,1
8465194293776,3505.336,batt,1
8465244354266,3505.336,batt,1
8465294318145,3460.665,batt,1
8465344339158,3460.665,batt,1
8465394351213,3460.665,batt,1
8465444328112,3460.665,batt,1
8465494403863,3460.665,batt,1
8465544327014,3402.711,batt,1
8465594367193,3402.711,batt,1
8465644313416,3402.711,batt,1
8465694365886,3402.711,batt,1
8465744337629,3402.711,batt,1
8465794374371,3675.494,batt,1
8465844328250,3675.494,batt,1
8465894352700,3675.494,batt,1
8465944314756,3675.494,batt,1
8465994270614,3675.494,batt,1
8466044373135,2343.525,batt,1
8466094349253,2343.525,batt,1
8466144315840,2343.525,batt,1
8466194313572,2343.525,batt,1
8466244305107,2343.525,batt,1
8466294322370,3698.468,batt,1
8466344353799,3698.468,batt,1
8466394352156,3698.468,batt,1
8466444411553,3698.468,batt,1
8466494342516,3348.412,batt,1
8466544401236,3338.122,batt,1
8466594324647,3338.122,batt,1
8466644327952,3338.122,batt,1
8466694296935,3338.122,batt,1
8466744320344,3846.914,batt,1
8466794506768,3846.914,batt,1
8466844291173,3846.914,batt,1
8466894341560,3846.914,batt,1
8466944357937,3846.914,batt,1
8466994312442,3547.899,batt,1
8467044362203,3547.899,batt,1
8467094334363,3547.899,batt,1
8467144346314,3547.899,batt,1
8467194393576,3547.899,batt,1
8467244347663,3559.153,batt,1
8467294256700,3559.153,batt,1
8467344285837,3559.153,batt,1
8467394386692,3559.153,batt,1
8467444346717,3559.153,batt,1
8467494354657,3404.288,batt,1
8467544348326,3404.288,batt,1
8467594283040,3404.288,batt,1
8467644404153,3404.288,batt,1
8467694302409,3404.288,batt,1
8467744313422,3639.482,batt,1
8467794449432,3639.482,batt,1
8467844291439,3639.482,batt,1
8467894348805,3639.482,batt,1
8467944366276,3639.482,batt,1
8467994326718,3876.640,batt,1
8468044287263,3876.640,batt,1
8468094330515,3876.640,batt,1
8468144332309,3876.640,batt,1
8468194288845,3876.640,batt,1
8468244354856,3846.914,batt,1
8468294295559,3846.914,batt,1
8468344440787,3846.914,batt,1
8468394293419,3846.914,batt,1
8468444305577,3846.914,batt,1
8468494303830,3451.194,batt,1
8468544345572,3451.194,batt,1
8468594306899,3451.194,batt,1
8468644314891,3451.194,batt,1
8468694399079,3451.194,batt,1
8468744299782,3960.225,batt,1
8468794361992,3960.225,batt,1
8468844313059,3960.225,batt,1
8468894296781,3960.225,batt,1
8468944366386,3960.225,batt,1
8468994305734,3616.328,batt,1
8469044320445,3616.328,batt,1
8469094333750,3616.328,batt,1
8469144330076,3616.328,batt,1
8469194360359,3616.328,batt,1
8469244324446,3597.065,batt,1
8469294383687,3597.065,batt,1
8469344325639,3597.065,batt,1
8469394295091,3597.065,batt,1
8469444321104,3597.065,batt,1
8469494270816,4229.744,batt,1
8469544389482,4229.744,batt,1
8469594316696,4229.744,batt,1
8469644316615,4229.744,batt,1
8469694287161,4229.744,batt,1
8469744299476,3487.264,batt,1
8469794295697,3487.264,batt,1
8469844345251,3487.264,batt,1
8469894292880,3487.264,batt,1
8469944443264,3487.264,batt,1
8469994287407,3842.396,batt,1
8470044351700,3842.396,batt,1
8470094333078,3842.396,batt,1
8470144300603,3842.396,batt,1
8470194269221,3842.396,batt,1
8470244355024,3791.563,batt,1
8470294580406,3791.563,batt,1
8470344286948,3791.563,batt,1
8470394268222,3791.563,batt,1
8470444313193,3791.563,batt,1
8470494354205,3919.930,batt,1
8470544358708,3919.930,batt,1
8470594327534,3919.930,batt,1
8470644296517,3919.930,batt,1
8470694303624,3919.930,batt,1
8470744349376,3567.254,batt,1
8470794412835,3567.254,batt,1
8470844321872,3567.254,batt,1
8470894336530,3567.254,batt,1
8470944377855,3567.254,batt,1
8470994379025,4375.160,batt,1
8471044326081,4375.160,batt,1
8471094278971,4375.160,batt,1
8471144308004,4375.160,batt,1
8471194305632,4375.160,batt,1
8471244352425,4010.421,batt,1
8471294346772,4010.421,batt,1
8471344336067,4010.421,batt,1
8471394343174,4010.421,batt,1
8471444348458,4010.421,batt,1
8471494274369,3587.803,batt,1
8471544303715,3587.803,batt,1
8471594337696,3587.803,batt,1
8471644341053,3587.803,batt,1
8471694281130,3587.803,batt,1
8471744385214,4167.844,batt,1
8471794321593,4167.844,batt,1
8471844339794,4167.844,batt,1
8471894320964,4167.844,batt,1
8471944329998,4167.844,batt,1
8471994280127,3650.258,batt,1
8472044415876,3650.258,batt,1
8472094295434,3650.258,batt,1
8472144300770,3650.258,batt,1
8472194309492,3650.258,batt,1
8472244363212,4031.768,batt,1
8472294339434,4031.768,batt,1
8472344264408,4031.768,batt,1
8472394323597,4031.768,batt,1
8472444355911,4031.768,batt,1
8472494300520,3843.830,batt,1
8472549174726,3843.830,batt,1
8472594346764,3843.830,batt,1
8472644309445,3843.830,batt,1
8472694356238,3843.830,batt,1
8472744322148,3587.548,batt,1
8472794316078,3587.548,batt,1
8472844335008,3587.548,batt,1
8472894360395,3587.548,batt,1
8472944343753,3713.643,batt,1
8472994368099,3713.643,batt,1
8473044355102,3713.643,batt,1
8473094359240,3713.643,batt,1
8473144316088,3713.643,batt,1
8473194450483,4365.091,batt,1
8473244387696,4365.091,batt,1
8473294257307,4365.091,batt,1
8473344280507,4365.091,batt,1
8473394317717,4365.091,batt,1
8473444420706,4020.112,batt,1
8473494372763,4020.112,batt,1
8473544359297,4020.112,batt,1
8473594287084,4020.112,batt,1
8473644325804,4020.112,batt,1
8473694298277,3694.917,batt,1
8473744309602,3694.917,batt,1
8473794424987,3694.917,batt,1
8473844378710,3694.917,batt,1
8473894305455,3694.917,batt,1
8473944330165,4475.913,batt,1
8473994259201,4475.913,batt,1
8474044333858,4475.913,batt,1
8474094347423,4475.913,batt,1
8474144359374,4475.913,batt,1
8474194328200,3664.196,batt,1
8474244273851,3664.196,batt,1
8474294261843,3664.196,batt,1
8474344378114,3664.196,batt,1
8474394347826,3664.196,batt,1
8474444438785,3793.873,batt,1
8474494223294,3793.873,batt,1
8474544336543,3793.873,batt,1
8474594334223,3793.873,batt,1
8474644356746,3793.873,batt,1
8474694380884,3946.540,batt,1
8474744277629,3946.540,batt,1
8474794444836,3946.540,batt,1
8474844287260,3946.540,batt,1
8474894375041,3946.540,batt,1
8474944249235,3955.371,batt,1
8474994338892,3955.371,batt,1
8475044312667,3955.371,batt,1
8475094323679,3955.371,batt,1
8475144354275,3955.371,batt,1
8475194350757,3517.745,batt,1
8475244376093,3517.745,batt,1
8475294342055,3517.745,batt,1
8475344292861,3517.745,batt,1
8475394387518,3517.745,batt,1
8475444355563,3736.681,batt,1
8475494351941,3736.681,batt,1
8475544333580,3736.681,batt,1
8475594325375,3736.681,batt,1
8475644390293,3736.681,batt,1
8475694292923,3751.787,batt,1
8475744282270,3751.787,batt,1
8475794349375,3751.787,batt,1
8475844319452,3751.787,batt,1
8475894372912,3751.787,batt,1
8475944320281,3377.361,batt,1
8475994298430,3377.361,batt,1
8476044332463,3377.361,batt,1
8476094301082,3377.361,batt,1
8476144322615,3377.361,batt,1
8476194364252,3898.965,batt,1
8476244279330,3898.965,batt,1
8476294316228,3898.965,batt,1
8476344324741,3898.965,batt,1
8476394349868,3898.965,batt,1
8476444338017,3611.035,batt,1
8476494292105,3611.035,batt,1
8476544342231,3611.035,batt,1
8476594328089,3611.035,batt,1
8476644243011,3611.035,batt,1
8476694248711,1785.020,batt,1
8476744230767,1785.020,batt,1
