Tracing USDT probes and IO intervals... Ctrl-C to stop.

===== Phase Report (start–stop) =====

-- Summary by Phase --
Phase                       Count     Avg(ms)     Min(ms)     Max(ms)     Total(ms)
Allocate_KV_Cache_Memory        1     129.890     129.890     129.890       129.890
Apply_Delegate                  1      63.457      63.457      63.457        63.457
Build_Interpreter               1     372.941     372.941     372.941       372.941
Decode_0                        1     675.999     675.999     675.999       675.999
Load_Model                      1       3.734       3.734       3.734         3.734
Load_Tokenizer                  1      71.022      71.022      71.022        71.022
Prefill                         1     655.936     655.936     655.936       655.936
Prepare_Input_Tensor            1       0.014       0.014       0.014         0.014
Prepare_Prompt                  1       0.074       0.074       0.074         0.074
Prepare_Signature_Runners       1       7.719       7.719       7.719         7.719

-- Top-7 Phases by Avg(ms) --
Phase                               Avg(ms)     Ratio(%)       Cum(%)
Decode_0                            675.999         34.1         34.1
Prefill                             655.936         33.1         67.2
Build_Interpreter                   372.941         18.8         86.1
Allocate_KV_Cache_Memory            129.890          6.6         92.6
Load_Tokenizer                       71.022          3.6         96.2
Apply_Delegate                       63.457          3.2         99.4
Prepare_Signature_Runners             7.719          0.4         99.8
=====================================



===== Phase Breakdown (per occurrence) =====

-------------------------------------------
[INFO] Phase Load_Model Report 

-- Elapsed Time Stats (single thread only, if multi-threaded, it shows the first thread's stats) --
 Wall Clock Time                            : 3 (ms)
    - Non IO Handling Time (Estimated)      : 2 (ms)
    - IO Handling Time                      : 1 (ms)
        - Read Syscall                      : 0 (ms)
        - Write Syscall                     : 0 (ms)
        - PageFault                         : 1 (ms)
            - Major PageFault               : 1 (ms)
            - Minor PageFault (NOPAGE)      : 0 (ms)
            - Minor PageFault (RETRY)       : 0 (ms)

-- IO Handling Stats --
- Syscall
 Total Read Syscall Handling Time           : 0 (ms)
 Total Read Syscall Count                   : 0 (count)
 Avg Read Syscall Handling Time             : 0 (us/count)

 Total Write Syscall Handling Time          : 0 (ms)
 Total Write Syscall Count                  : 0 (count)
 Avg Write Syscall Handling Time            : 0 (us/count)

- PageFault
 Total PageFault Time                       : 1 (ms)
    - Total Major PageFault Time            : 1 (ms)
    - Total Minor PageFault Time (NOPAGE)   : 0 (ms)
    - Total Minor PageFault Time (RETRY)    : 0 (ms)
 Total PageFault Count                      : 11 (count)
    - Major Fault Count                     : 3 (count)
    - Minor Fault Count (NOPAGE)            : 4 (count)
    - Minor Fault Count (RETRY)             : 4 (count)
 Avg PageFault Time                         : 507 (us/count)
    - Avg Major Fault Handling Time         : 502 (us/count)
    - Avg Minor Fault Handling Time (NOPAGE): 4 (us/count)
    - Avg Minor Fault Handling Time (RETRY) : 1 (us/count)
 Total ReadAhead Count                      : 0 (count)

-- CPU Stats --
 Total CPU Runtime                          : 856 (us)

-- IO Stats --
 Total Block IO Time                        : 4774 (us)
 Total Block IO Count                       : 15 (count)
 Total Block IO Read Bytes                  : 409600 (bytes)
 Total Block IO Write Bytes                 : 0 (bytes)
 Avg Block IO Time                          : 318 (us/block)
 Avg Block IO Read Bytes                    : 27306 (bytes/block)
 Avg Block IO Write Bytes                   : 0 (bytes/block)

-- Derived Metrics --
 Total CPU Runtime                          : 0 (ms)
 Total Block IO Time                        : 4 (ms)

 Wall Clock Time                            : 3 (ms)
 Wall Block IO Time                         : 1 (ms)

 CPU Parallelism Factor                     : 0.000 (CPU cores equivalent) (Total CPU / Wall Clock Time)
 IO Concurrency Factor                      : 4.000 (Concurrent IO operations) (Total Block IO / Wall Block IO Time)
 IO Time Ratio                              : 33.333 (%) (Wall IO Time / Wall Clock Time)


-------------------------------------------
[INFO] Phase Build_Interpreter Report 

-- Elapsed Time Stats (single thread only, if multi-threaded, it shows the first thread's stats) --
 Wall Clock Time                            : 372 (ms)
    - Non IO Handling Time (Estimated)      : 31 (ms)
    - IO Handling Time                      : 341 (ms)
        - Read Syscall                      : 0 (ms)
        - Write Syscall                     : 0 (ms)
        - PageFault                         : 341 (ms)
            - Major PageFault               : 299 (ms)
            - Minor PageFault (NOPAGE)      : 13 (ms)
            - Minor PageFault (RETRY)       : 29 (ms)

-- IO Handling Stats --
- Syscall
 Total Read Syscall Handling Time           : 0 (ms)
 Total Read Syscall Count                   : 43 (count)
 Avg Read Syscall Handling Time             : 5 (us/count)

 Total Write Syscall Handling Time          : 0 (ms)
 Total Write Syscall Count                  : 0 (count)
 Avg Write Syscall Handling Time            : 0 (us/count)

- PageFault
 Total PageFault Time                       : 341 (ms)
    - Total Major PageFault Time            : 299 (ms)
    - Total Minor PageFault Time (NOPAGE)   : 13 (ms)
    - Total Minor PageFault Time (RETRY)    : 29 (ms)
 Total PageFault Count                      : 11153 (count)
    - Major Fault Count                     : 757 (count)
    - Minor Fault Count (NOPAGE)            : 9102 (count)
    - Minor Fault Count (RETRY)             : 1294 (count)
 Avg PageFault Time                         : 418 (us/count)
    - Avg Major Fault Handling Time         : 395 (us/count)
    - Avg Minor Fault Handling Time (NOPAGE): 1 (us/count)
    - Avg Minor Fault Handling Time (RETRY) : 22 (us/count)
 Total ReadAhead Count                      : 264 (count)

-- CPU Stats --
 Total CPU Runtime                          : 75945 (us)

-- IO Stats --
 Total Block IO Time                        : 307082 (us)
 Total Block IO Count                       : 831 (count)
 Total Block IO Read Bytes                  : 71553024 (bytes)
 Total Block IO Write Bytes                 : 0 (bytes)
 Avg Block IO Time                          : 369 (us/block)
 Avg Block IO Read Bytes                    : 86104 (bytes/block)
 Avg Block IO Write Bytes                   : 0 (bytes/block)

-- Derived Metrics --
 Total CPU Runtime                          : 75 (ms)
 Total Block IO Time                        : 307 (ms)

 Wall Clock Time                            : 372 (ms)
 Wall Block IO Time                         : 280 (ms)

 CPU Parallelism Factor                     : 0.202 (CPU cores equivalent) (Total CPU / Wall Clock Time)
 IO Concurrency Factor                      : 1.096 (Concurrent IO operations) (Total Block IO / Wall Block IO Time)
 IO Time Ratio                              : 75.269 (%) (Wall IO Time / Wall Clock Time)


-------------------------------------------
[INFO] Phase Apply_Delegate Report 

-- Elapsed Time Stats (single thread only, if multi-threaded, it shows the first thread's stats) --
 Wall Clock Time                            : 63 (ms)
    - Non IO Handling Time (Estimated)      : 48 (ms)
    - IO Handling Time                      : 15 (ms)
        - Read Syscall                      : 0 (ms)
        - Write Syscall                     : 0 (ms)
        - PageFault                         : 15 (ms)
            - Major PageFault               : 3 (ms)
            - Minor PageFault (NOPAGE)      : 12 (ms)
            - Minor PageFault (RETRY)       : 0 (ms)

-- IO Handling Stats --
- Syscall
 Total Read Syscall Handling Time           : 0 (ms)
 Total Read Syscall Count                   : 0 (count)
 Avg Read Syscall Handling Time             : 0 (us/count)

 Total Write Syscall Handling Time          : 0 (ms)
 Total Write Syscall Count                  : 12 (count)
 Avg Write Syscall Handling Time            : 4 (us/count)

- PageFault
 Total PageFault Time                       : 15 (ms)
    - Total Major PageFault Time            : 3 (ms)
    - Total Minor PageFault Time (NOPAGE)   : 12 (ms)
    - Total Minor PageFault Time (RETRY)    : 0 (ms)
 Total PageFault Count                      : 6422 (count)
    - Major Fault Count                     : 7 (count)
    - Minor Fault Count (NOPAGE)            : 6402 (count)
    - Minor Fault Count (RETRY)             : 13 (count)
 Avg PageFault Time                         : 557 (us/count)
    - Avg Major Fault Handling Time         : 545 (us/count)
    - Avg Minor Fault Handling Time (NOPAGE): 2 (us/count)
    - Avg Minor Fault Handling Time (RETRY) : 10 (us/count)
 Total ReadAhead Count                      : 3 (count)

-- CPU Stats --
 Total CPU Runtime                          : 58748 (us)

-- IO Stats --
 Total Block IO Time                        : 4160 (us)
 Total Block IO Count                       : 11 (count)
 Total Block IO Read Bytes                  : 1036288 (bytes)
 Total Block IO Write Bytes                 : 0 (bytes)
 Avg Block IO Time                          : 378 (us/block)
 Avg Block IO Read Bytes                    : 94208 (bytes/block)
 Avg Block IO Write Bytes                   : 0 (bytes/block)

-- Derived Metrics --
 Total CPU Runtime                          : 58 (ms)
 Total Block IO Time                        : 4 (ms)

 Wall Clock Time                            : 63 (ms)
 Wall Block IO Time                         : 3 (ms)

 CPU Parallelism Factor                     : 0.921 (CPU cores equivalent) (Total CPU / Wall Clock Time)
 IO Concurrency Factor                      : 1.333 (Concurrent IO operations) (Total Block IO / Wall Block IO Time)
 IO Time Ratio                              : 4.762 (%) (Wall IO Time / Wall Clock Time)


-------------------------------------------
[INFO] Phase Load_Tokenizer Report 

-- Elapsed Time Stats (single thread only, if multi-threaded, it shows the first thread's stats) --
 Wall Clock Time                            : 71 (ms)
    - Non IO Handling Time (Estimated)      : 55 (ms)
    - IO Handling Time                      : 16 (ms)
        - Read Syscall                      : 0 (ms)
        - Write Syscall                     : 0 (ms)
        - PageFault                         : 16 (ms)
            - Major PageFault               : 0 (ms)
            - Minor PageFault (NOPAGE)      : 16 (ms)
            - Minor PageFault (RETRY)       : 0 (ms)

-- IO Handling Stats --
- Syscall
 Total Read Syscall Handling Time           : 2 (ms)
 Total Read Syscall Count                   : 278 (count)
 Avg Read Syscall Handling Time             : 8 (us/count)

 Total Write Syscall Handling Time          : 0 (ms)
 Total Write Syscall Count                  : 9 (count)
 Avg Write Syscall Handling Time            : 3 (us/count)

- PageFault
 Total PageFault Time                       : 16 (ms)
    - Total Major PageFault Time            : 0 (ms)
    - Total Minor PageFault Time (NOPAGE)   : 16 (ms)
    - Total Minor PageFault Time (RETRY)    : 0 (ms)
 Total PageFault Count                      : 8930 (count)
    - Major Fault Count                     : 0 (count)
    - Minor Fault Count (NOPAGE)            : 8930 (count)
    - Minor Fault Count (RETRY)             : 0 (count)
 Avg PageFault Time                         : 1 (us/count)
    - Avg Major Fault Handling Time         : 0 (us/count)
    - Avg Minor Fault Handling Time (NOPAGE): 1 (us/count)
    - Avg Minor Fault Handling Time (RETRY) : 0 (us/count)
 Total ReadAhead Count                      : 20 (count)

-- CPU Stats --
 Total CPU Runtime                          : 68794 (us)

-- IO Stats --
 Total Block IO Time                        : 6183 (us)
 Total Block IO Count                       : 23 (count)
 Total Block IO Read Bytes                  : 2277376 (bytes)
 Total Block IO Write Bytes                 : 0 (bytes)
 Avg Block IO Time                          : 268 (us/block)
 Avg Block IO Read Bytes                    : 99016 (bytes/block)
 Avg Block IO Write Bytes                   : 0 (bytes/block)

-- Derived Metrics --
 Total CPU Runtime                          : 68 (ms)
 Total Block IO Time                        : 6 (ms)

 Wall Clock Time                            : 71 (ms)
 Wall Block IO Time                         : 4 (ms)

 CPU Parallelism Factor                     : 0.958 (CPU cores equivalent) (Total CPU / Wall Clock Time)
 IO Concurrency Factor                      : 1.500 (Concurrent IO operations) (Total Block IO / Wall Block IO Time)
 IO Time Ratio                              : 5.634 (%) (Wall IO Time / Wall Clock Time)


-------------------------------------------
[INFO] Phase Allocate_KV_Cache_Memory Report 

-- Elapsed Time Stats (single thread only, if multi-threaded, it shows the first thread's stats) --
 Wall Clock Time                            : 129 (ms)
    - Non IO Handling Time (Estimated)      : 62 (ms)
    - IO Handling Time                      : 67 (ms)
        - Read Syscall                      : 0 (ms)
        - Write Syscall                     : 0 (ms)
        - PageFault                         : 67 (ms)
            - Major PageFault               : 0 (ms)
            - Minor PageFault (NOPAGE)      : 67 (ms)
            - Minor PageFault (RETRY)       : 0 (ms)

-- IO Handling Stats --
- Syscall
 Total Read Syscall Handling Time           : 0 (ms)
 Total Read Syscall Count                   : 0 (count)
 Avg Read Syscall Handling Time             : 0 (us/count)

 Total Write Syscall Handling Time          : 0 (ms)
 Total Write Syscall Count                  : 0 (count)
 Avg Write Syscall Handling Time            : 0 (us/count)

- PageFault
 Total PageFault Time                       : 67 (ms)
    - Total Major PageFault Time            : 0 (ms)
    - Total Minor PageFault Time (NOPAGE)   : 67 (ms)
    - Total Minor PageFault Time (RETRY)    : 0 (ms)
 Total PageFault Count                      : 57324 (count)
    - Major Fault Count                     : 0 (count)
    - Minor Fault Count (NOPAGE)            : 57324 (count)
    - Minor Fault Count (RETRY)             : 0 (count)
 Avg PageFault Time                         : 1 (us/count)
    - Avg Major Fault Handling Time         : 0 (us/count)
    - Avg Minor Fault Handling Time (NOPAGE): 1 (us/count)
    - Avg Minor Fault Handling Time (RETRY) : 0 (us/count)
 Total ReadAhead Count                      : 0 (count)

-- CPU Stats --
 Total CPU Runtime                          : 107692 (us)

-- IO Stats --
 Total Block IO Time                        : 0 (us)
 Total Block IO Count                       : 0 (count)
 Total Block IO Read Bytes                  : 0 (bytes)
 Total Block IO Write Bytes                 : 0 (bytes)
 Avg Block IO Time                          : 0 (us/block)
 Avg Block IO Read Bytes                    : 0 (bytes/block)
 Avg Block IO Write Bytes                   : 0 (bytes/block)

-- Derived Metrics --
 Total CPU Runtime                          : 107 (ms)
 Total Block IO Time                        : 0 (ms)

 Wall Clock Time                            : 129 (ms)
 Wall Block IO Time                         : 0 (ms)

 CPU Parallelism Factor                     : 0.829 (CPU cores equivalent) (Total CPU / Wall Clock Time)
 IO Concurrency Factor                      : 0.000 (Concurrent IO operations) (Total Block IO / Wall Block IO Time)
 IO Time Ratio                              : 0.000 (%) (Wall IO Time / Wall Clock Time)


-------------------------------------------
[INFO] Phase Prepare_Prompt Report 

-- Elapsed Time Stats (single thread only, if multi-threaded, it shows the first thread's stats) --
 Wall Clock Time                            : 0 (ms)
    - Non IO Handling Time (Estimated)      : 0 (ms)
    - IO Handling Time                      : 0 (ms)
        - Read Syscall                      : 0 (ms)
        - Write Syscall                     : 0 (ms)
        - PageFault                         : 0 (ms)
            - Major PageFault               : 0 (ms)
            - Minor PageFault (NOPAGE)      : 0 (ms)
            - Minor PageFault (RETRY)       : 0 (ms)

-- IO Handling Stats --
- Syscall
 Total Read Syscall Handling Time           : 0 (ms)
 Total Read Syscall Count                   : 0 (count)
 Avg Read Syscall Handling Time             : 0 (us/count)

 Total Write Syscall Handling Time          : 0 (ms)
 Total Write Syscall Count                  : 0 (count)
 Avg Write Syscall Handling Time            : 0 (us/count)

- PageFault
 Total PageFault Time                       : 0 (ms)
    - Total Major PageFault Time            : 0 (ms)
    - Total Minor PageFault Time (NOPAGE)   : 0 (ms)
    - Total Minor PageFault Time (RETRY)    : 0 (ms)
 Total PageFault Count                      : 0 (count)
    - Major Fault Count                     : 0 (count)
    - Minor Fault Count (NOPAGE)            : 0 (count)
    - Minor Fault Count (RETRY)             : 0 (count)
 Avg PageFault Time                         : 0 (us/count)
    - Avg Major Fault Handling Time         : 0 (us/count)
    - Avg Minor Fault Handling Time (NOPAGE): 0 (us/count)
    - Avg Minor Fault Handling Time (RETRY) : 0 (us/count)
 Total ReadAhead Count                      : 0 (count)

-- CPU Stats --
 Total CPU Runtime                          : 0 (us)

-- IO Stats --
 Total Block IO Time                        : 0 (us)
 Total Block IO Count                       : 0 (count)
 Total Block IO Read Bytes                  : 0 (bytes)
 Total Block IO Write Bytes                 : 0 (bytes)
 Avg Block IO Time                          : 0 (us/block)
 Avg Block IO Read Bytes                    : 0 (bytes/block)
 Avg Block IO Write Bytes                   : 0 (bytes/block)

-- Derived Metrics --
 Total CPU Runtime                          : 0 (ms)
 Total Block IO Time                        : 0 (ms)

 Wall Clock Time                            : 0 (ms)
 Wall Block IO Time                         : 0 (ms)

 CPU Parallelism Factor                     : 0.000 (CPU cores equivalent) (Total CPU / Wall Clock Time)
 IO Concurrency Factor                      : 0.000 (Concurrent IO operations) (Total Block IO / Wall Block IO Time)
 IO Time Ratio                              : 0.000 (%) (Wall IO Time / Wall Clock Time)


-------------------------------------------
[INFO] Phase Prepare_Signature_Runners Report 

-- Elapsed Time Stats (single thread only, if multi-threaded, it shows the first thread's stats) --
 Wall Clock Time                            : 7 (ms)
    - Non IO Handling Time (Estimated)      : 5 (ms)
    - IO Handling Time                      : 2 (ms)
        - Read Syscall                      : 0 (ms)
        - Write Syscall                     : 0 (ms)
        - PageFault                         : 2 (ms)
            - Major PageFault               : 0 (ms)
            - Minor PageFault (NOPAGE)      : 2 (ms)
            - Minor PageFault (RETRY)       : 0 (ms)

-- IO Handling Stats --
- Syscall
 Total Read Syscall Handling Time           : 0 (ms)
 Total Read Syscall Count                   : 0 (count)
 Avg Read Syscall Handling Time             : 0 (us/count)

 Total Write Syscall Handling Time          : 0 (ms)
 Total Write Syscall Count                  : 0 (count)
 Avg Write Syscall Handling Time            : 0 (us/count)

- PageFault
 Total PageFault Time                       : 2 (ms)
    - Total Major PageFault Time            : 0 (ms)
    - Total Minor PageFault Time (NOPAGE)   : 2 (ms)
    - Total Minor PageFault Time (RETRY)    : 0 (ms)
 Total PageFault Count                      : 2275 (count)
    - Major Fault Count                     : 0 (count)
    - Minor Fault Count (NOPAGE)            : 2274 (count)
    - Minor Fault Count (RETRY)             : 1 (count)
 Avg PageFault Time                         : 3 (us/count)
    - Avg Major Fault Handling Time         : 0 (us/count)
    - Avg Minor Fault Handling Time (NOPAGE): 1 (us/count)
    - Avg Minor Fault Handling Time (RETRY) : 2 (us/count)
 Total ReadAhead Count                      : 0 (count)

-- CPU Stats --
 Total CPU Runtime                          : 10435 (us)

-- IO Stats --
 Total Block IO Time                        : 0 (us)
 Total Block IO Count                       : 0 (count)
 Total Block IO Read Bytes                  : 0 (bytes)
 Total Block IO Write Bytes                 : 0 (bytes)
 Avg Block IO Time                          : 0 (us/block)
 Avg Block IO Read Bytes                    : 0 (bytes/block)
 Avg Block IO Write Bytes                   : 0 (bytes/block)

-- Derived Metrics --
 Total CPU Runtime                          : 10 (ms)
 Total Block IO Time                        : 0 (ms)

 Wall Clock Time                            : 7 (ms)
 Wall Block IO Time                         : 0 (ms)

 CPU Parallelism Factor                     : 1.429 (CPU cores equivalent) (Total CPU / Wall Clock Time)
 IO Concurrency Factor                      : 0.000 (Concurrent IO operations) (Total Block IO / Wall Block IO Time)
 IO Time Ratio                              : 0.000 (%) (Wall IO Time / Wall Clock Time)


-------------------------------------------
[INFO] Phase Prepare_Input_Tensor Report 

-- Elapsed Time Stats (single thread only, if multi-threaded, it shows the first thread's stats) --
 Wall Clock Time                            : 0 (ms)
    - Non IO Handling Time (Estimated)      : 0 (ms)
    - IO Handling Time                      : 0 (ms)
        - Read Syscall                      : 0 (ms)
        - Write Syscall                     : 0 (ms)
        - PageFault                         : 0 (ms)
            - Major PageFault               : 0 (ms)
            - Minor PageFault (NOPAGE)      : 0 (ms)
            - Minor PageFault (RETRY)       : 0 (ms)

-- IO Handling Stats --
- Syscall
 Total Read Syscall Handling Time           : 0 (ms)
 Total Read Syscall Count                   : 0 (count)
 Avg Read Syscall Handling Time             : 0 (us/count)

 Total Write Syscall Handling Time          : 0 (ms)
 Total Write Syscall Count                  : 0 (count)
 Avg Write Syscall Handling Time            : 0 (us/count)

- PageFault
 Total PageFault Time                       : 0 (ms)
    - Total Major PageFault Time            : 0 (ms)
    - Total Minor PageFault Time (NOPAGE)   : 0 (ms)
    - Total Minor PageFault Time (RETRY)    : 0 (ms)
 Total PageFault Count                      : 2 (count)
    - Major Fault Count                     : 0 (count)
    - Minor Fault Count (NOPAGE)            : 1 (count)
    - Minor Fault Count (RETRY)             : 1 (count)
 Avg PageFault Time                         : 6 (us/count)
    - Avg Major Fault Handling Time         : 0 (us/count)
    - Avg Minor Fault Handling Time (NOPAGE): 5 (us/count)
    - Avg Minor Fault Handling Time (RETRY) : 1 (us/count)
 Total ReadAhead Count                      : 0 (count)

-- CPU Stats --
 Total CPU Runtime                          : 60 (us)

-- IO Stats --
 Total Block IO Time                        : 266 (us)
 Total Block IO Count                       : 1 (count)
 Total Block IO Read Bytes                  : 131072 (bytes)
 Total Block IO Write Bytes                 : 0 (bytes)
 Avg Block IO Time                          : 266 (us/block)
 Avg Block IO Read Bytes                    : 131072 (bytes/block)
 Avg Block IO Write Bytes                   : 0 (bytes/block)

-- Derived Metrics --
 Total CPU Runtime                          : 0 (ms)
 Total Block IO Time                        : 0 (ms)

 Wall Clock Time                            : 0 (ms)
 Wall Block IO Time                         : 0 (ms)

 CPU Parallelism Factor                     : 0.000 (CPU cores equivalent) (Total CPU / Wall Clock Time)
 IO Concurrency Factor                      : 0.000 (Concurrent IO operations) (Total Block IO / Wall Block IO Time)
 IO Time Ratio                              : 0.000 (%) (Wall IO Time / Wall Clock Time)


-------------------------------------------
[INFO] Phase Prefill Report 

-- Elapsed Time Stats (single thread only, if multi-threaded, it shows the first thread's stats) --
 Wall Clock Time                            : 655 (ms)
    - Non IO Handling Time (Estimated)      : 638 (ms)
    - IO Handling Time                      : 17 (ms)
        - Read Syscall                      : 0 (ms)
        - Write Syscall                     : 0 (ms)
        - PageFault                         : 17 (ms)
            - Major PageFault               : 13 (ms)
            - Minor PageFault (NOPAGE)      : 0 (ms)
            - Minor PageFault (RETRY)       : 4 (ms)

-- IO Handling Stats --
- Syscall
 Total Read Syscall Handling Time           : 0 (ms)
 Total Read Syscall Count                   : 0 (count)
 Avg Read Syscall Handling Time             : 0 (us/count)

 Total Write Syscall Handling Time          : 0 (ms)
 Total Write Syscall Count                  : 0 (count)
 Avg Write Syscall Handling Time            : 0 (us/count)

- PageFault
 Total PageFault Time                       : 68 (ms)
    - Total Major PageFault Time            : 50 (ms)
    - Total Minor PageFault Time (NOPAGE)   : 0 (ms)
    - Total Minor PageFault Time (RETRY)    : 18 (ms)
 Total PageFault Count                      : 284 (count)
    - Major Fault Count                     : 46 (count)
    - Minor Fault Count (NOPAGE)            : 131 (count)
    - Minor Fault Count (RETRY)             : 107 (count)
 Avg PageFault Time                         : 1269 (us/count)
    - Avg Major Fault Handling Time         : 1095 (us/count)
    - Avg Minor Fault Handling Time (NOPAGE): 4 (us/count)
    - Avg Minor Fault Handling Time (RETRY) : 170 (us/count)
 Total ReadAhead Count                      : 2 (count)

-- CPU Stats --
 Total CPU Runtime                          : 816256 (us)

-- IO Stats --
 Total Block IO Time                        : 7689814 (us)
 Total Block IO Count                       : 2518 (count)
 Total Block IO Read Bytes                  : 2753036288 (bytes)
 Total Block IO Write Bytes                 : 0 (bytes)
 Avg Block IO Time                          : 3053 (us/block)
 Avg Block IO Read Bytes                    : 1093342 (bytes/block)
 Avg Block IO Write Bytes                   : 0 (bytes/block)

-- Derived Metrics --
 Total CPU Runtime                          : 816 (ms)
 Total Block IO Time                        : 7689 (ms)

 Wall Clock Time                            : 655 (ms)
 Wall Block IO Time                         : 563 (ms)

 CPU Parallelism Factor                     : 1.246 (CPU cores equivalent) (Total CPU / Wall Clock Time)
 IO Concurrency Factor                      : 13.657 (Concurrent IO operations) (Total Block IO / Wall Block IO Time)
 IO Time Ratio                              : 85.954 (%) (Wall IO Time / Wall Clock Time)


-------------------------------------------
[INFO] Phase Decode_0 Report 

-- Elapsed Time Stats (single thread only, if multi-threaded, it shows the first thread's stats) --
 Wall Clock Time                            : 675 (ms)
    - Non IO Handling Time (Estimated)      : 674 (ms)
    - IO Handling Time                      : 1 (ms)
        - Read Syscall                      : 0 (ms)
        - Write Syscall                     : 0 (ms)
        - PageFault                         : 1 (ms)
            - Major PageFault               : 1 (ms)
            - Minor PageFault (NOPAGE)      : 0 (ms)
            - Minor PageFault (RETRY)       : 0 (ms)

-- IO Handling Stats --
- Syscall
 Total Read Syscall Handling Time           : 0 (ms)
 Total Read Syscall Count                   : 0 (count)
 Avg Read Syscall Handling Time             : 0 (us/count)

 Total Write Syscall Handling Time          : 0 (ms)
 Total Write Syscall Count                  : 0 (count)
 Avg Write Syscall Handling Time            : 0 (us/count)

- PageFault
 Total PageFault Time                       : 1 (ms)
    - Total Major PageFault Time            : 1 (ms)
    - Total Minor PageFault Time (NOPAGE)   : 0 (ms)
    - Total Minor PageFault Time (RETRY)    : 0 (ms)
 Total PageFault Count                      : 80 (count)
    - Major Fault Count                     : 1 (count)
    - Minor Fault Count (NOPAGE)            : 76 (count)
    - Minor Fault Count (RETRY)             : 3 (count)
 Avg PageFault Time                         : 1605 (us/count)
    - Avg Major Fault Handling Time         : 1584 (us/count)
    - Avg Minor Fault Handling Time (NOPAGE): 2 (us/count)
    - Avg Minor Fault Handling Time (RETRY) : 19 (us/count)
 Total ReadAhead Count                      : 1 (count)

-- CPU Stats --
 Total CPU Runtime                          : 656480 (us)

-- IO Stats --
 Total Block IO Time                        : 16956533 (us)
 Total Block IO Count                       : 2837 (count)
 Total Block IO Read Bytes                  : 3226615808 (bytes)
 Total Block IO Write Bytes                 : 0 (bytes)
 Avg Block IO Time                          : 5976 (us/block)
 Avg Block IO Read Bytes                    : 1137333 (bytes/block)
 Avg Block IO Write Bytes                   : 0 (bytes/block)

-- Derived Metrics --
 Total CPU Runtime                          : 656 (ms)
 Total Block IO Time                        : 16956 (ms)

 Wall Clock Time                            : 675 (ms)
 Wall Block IO Time                         : 608 (ms)

 CPU Parallelism Factor                     : 0.972 (CPU cores equivalent) (Total CPU / Wall Clock Time)
 IO Concurrency Factor                      : 27.888 (Concurrent IO operations) (Total Block IO / Wall Block IO Time)
 IO Time Ratio                              : 90.074 (%) (Wall IO Time / Wall Clock Time)

